# nnet-get-egs --left-context=4 --right-context=4 "ark,s,cs:utils/filter_scp.pl --exclude exp_dys_comb_vad/DNN/valid_uttlist data_dys_comb_vad/train_dys_pow_no_sil/split11/7/feats.scp | apply-cmvn  --utt2spk=ark:data_dys_comb_vad/train_dys_pow_no_sil/split11/7/utt2spk scp:data_dys_comb_vad/train_dys_pow_no_sil/split11/7/cmvn.scp scp:- ark:- | splice-feats --left-context=3 --right-context=3 ark:- ark:- | transform-feats exp_dys_comb_vad/DNN/final.mat ark:- ark:- | transform-feats --utt2spk=ark:data_dys_comb_vad/train_dys_pow_no_sil/split11/7/utt2spk ark:exp_dys_comb_vad/tri3_ali/trans.7 ark:- ark:- |" "ark,s,cs:gunzip -c exp_dys_comb_vad/tri3_ali/ali.7.gz | ali-to-pdf exp_dys_comb_vad/tri3_ali/final.mdl ark:- ark:- | ali-to-post ark:- ark:- |" ark:- | nnet-copy-egs ark:- ark:exp_dys_comb_vad/DNN/egs/egs_orig.1.7.ark ark:exp_dys_comb_vad/DNN/egs/egs_orig.2.7.ark ark:exp_dys_comb_vad/DNN/egs/egs_orig.3.7.ark ark:exp_dys_comb_vad/DNN/egs/egs_orig.4.7.ark ark:exp_dys_comb_vad/DNN/egs/egs_orig.5.7.ark ark:exp_dys_comb_vad/DNN/egs/egs_orig.6.7.ark ark:exp_dys_comb_vad/DNN/egs/egs_orig.7.7.ark ark:exp_dys_comb_vad/DNN/egs/egs_orig.8.7.ark ark:exp_dys_comb_vad/DNN/egs/egs_orig.9.7.ark ark:exp_dys_comb_vad/DNN/egs/egs_orig.10.7.ark ark:exp_dys_comb_vad/DNN/egs/egs_orig.11.7.ark 
# Started at Fri Mar 17 00:20:24 IST 2023
#
nnet-get-egs --left-context=4 --right-context=4 'ark,s,cs:utils/filter_scp.pl --exclude exp_dys_comb_vad/DNN/valid_uttlist data_dys_comb_vad/train_dys_pow_no_sil/split11/7/feats.scp | apply-cmvn  --utt2spk=ark:data_dys_comb_vad/train_dys_pow_no_sil/split11/7/utt2spk scp:data_dys_comb_vad/train_dys_pow_no_sil/split11/7/cmvn.scp scp:- ark:- | splice-feats --left-context=3 --right-context=3 ark:- ark:- | transform-feats exp_dys_comb_vad/DNN/final.mat ark:- ark:- | transform-feats --utt2spk=ark:data_dys_comb_vad/train_dys_pow_no_sil/split11/7/utt2spk ark:exp_dys_comb_vad/tri3_ali/trans.7 ark:- ark:- |' 'ark,s,cs:gunzip -c exp_dys_comb_vad/tri3_ali/ali.7.gz | ali-to-pdf exp_dys_comb_vad/tri3_ali/final.mdl ark:- ark:- | ali-to-post ark:- ark:- |' ark:- 
nnet-copy-egs ark:- ark:exp_dys_comb_vad/DNN/egs/egs_orig.1.7.ark ark:exp_dys_comb_vad/DNN/egs/egs_orig.2.7.ark ark:exp_dys_comb_vad/DNN/egs/egs_orig.3.7.ark ark:exp_dys_comb_vad/DNN/egs/egs_orig.4.7.ark ark:exp_dys_comb_vad/DNN/egs/egs_orig.5.7.ark ark:exp_dys_comb_vad/DNN/egs/egs_orig.6.7.ark ark:exp_dys_comb_vad/DNN/egs/egs_orig.7.7.ark ark:exp_dys_comb_vad/DNN/egs/egs_orig.8.7.ark ark:exp_dys_comb_vad/DNN/egs/egs_orig.9.7.ark ark:exp_dys_comb_vad/DNN/egs/egs_orig.10.7.ark ark:exp_dys_comb_vad/DNN/egs/egs_orig.11.7.ark 
apply-cmvn --utt2spk=ark:data_dys_comb_vad/train_dys_pow_no_sil/split11/7/utt2spk scp:data_dys_comb_vad/train_dys_pow_no_sil/split11/7/cmvn.scp scp:- ark:- 
transform-feats --utt2spk=ark:data_dys_comb_vad/train_dys_pow_no_sil/split11/7/utt2spk ark:exp_dys_comb_vad/tri3_ali/trans.7 ark:- ark:- 
transform-feats exp_dys_comb_vad/DNN/final.mat ark:- ark:- 
splice-feats --left-context=3 --right-context=3 ark:- ark:- 
ali-to-post ark:- ark:- 
ali-to-pdf exp_dys_comb_vad/tri3_ali/final.mdl ark:- ark:- 
WARNING (nnet-get-egs[5.5]:main():nnet-get-egs.cc:156) No pdf-level posterior for key F04_B1_UW80_M6
LOG (ali-to-pdf[5.5]:main():ali-to-pdf.cc:68) Converted 6828 alignments to pdf sequences.
LOG (ali-to-post[5.5]:main():ali-to-post.cc:73) Converted 6828 alignments.
LOG (apply-cmvn[5.5]:main():apply-cmvn.cc:162) Applied cepstral mean normalization to 6796 utterances, errors on 0
LOG (transform-feats[5.5]:main():transform-feats.cc:158) Overall average [pseudo-]logdet is -89.3309 over 1.19237e+06 frames.
LOG (transform-feats[5.5]:main():transform-feats.cc:161) Applied transform to 6796 utterances; 0 had errors.
LOG (transform-feats[5.5]:main():transform-feats.cc:158) Overall average logdet is 0.0672845 over 1.19237e+06 frames.
LOG (transform-feats[5.5]:main():transform-feats.cc:161) Applied transform to 6796 utterances; 0 had errors.
LOG (nnet-get-egs[5.5]:main():nnet-get-egs.cc:174) Finished generating examples, successfully processed 6795 feature files, wrote 1192297 examples,  with 1192297 egs in total; 1 files had errors.
LOG (nnet-copy-egs[5.5]:main():nnet-copy-egs.cc:170) Read 1192297 neural-network training examples, wrote 1192297
# Accounting: time=26 threads=1
# Ended (code 0) at Fri Mar 17 00:20:50 IST 2023, elapsed time 26 seconds
