# nnet-subset-egs --n=2000 --randomize-order=true --srand=35 ark:exp_dys_comb_vad/DNN/egs/train_diagnostic.egs ark:- | nnet-combine-fast --use-gpu=no --num-threads=16 --verbose=3 --minibatch-size=125 exp_dys_comb_vad/DNN/36.mdl ark:- exp_dys_comb_vad/DNN/36.mdl 
# Started at Fri Mar 17 02:18:43 IST 2023
#
nnet-subset-egs --n=2000 --randomize-order=true --srand=35 ark:exp_dys_comb_vad/DNN/egs/train_diagnostic.egs ark:- 
nnet-combine-fast --use-gpu=no --num-threads=16 --verbose=3 --minibatch-size=125 exp_dys_comb_vad/DNN/36.mdl ark:- exp_dys_comb_vad/DNN/36.mdl 
LOG (nnet-subset-egs[5.5]:main():nnet-subset-egs.cc:93) Selected a subset of 2000 out of 4000 neural-network training examples 
LOG (nnet-combine-fast[5.5]:main():nnet-combine-fast.cc:108) Read 2000 examples from the validation set.
VLOG[3] (nnet-combine-fast[5.5]:Propagate():nnet-update.cc:114) Stddev of data for component 0 for this minibatch is 1.19334
VLOG[3] (nnet-combine-fast[5.5]:Propagate():nnet-update.cc:114) Stddev of data for component 0 for this minibatch is 1.3004
VLOG[3] (nnet-combine-fast[5.5]:Propagate():nnet-update.cc:114) Stddev of data for component 0 for this minibatch is 1.33209
VLOG[3] (nnet-combine-fast[5.5]:Propagate():nnet-update.cc:114) Stddev of data for component 0 for this minibatch is 1.2808
VLOG[3] (nnet-combine-fast[5.5]:Propagate():nnet-update.cc:114) Stddev of data for component 0 for this minibatch is 1.27758
VLOG[3] (nnet-combine-fast[5.5]:Propagate():nnet-update.cc:114) Stddev of data for component 0 for this minibatch is 1.27834
VLOG[3] (nnet-combine-fast[5.5]:Propagate():nnet-update.cc:114) Stddev of data for component 0 for this minibatch is 1.32685
VLOG[3] (nnet-combine-fast[5.5]:Propagate():nnet-update.cc:114) Stddev of data for component 0 for this minibatch is 1.2512
VLOG[3] (nnet-combine-fast[5.5]:Propagate():nnet-update.cc:114) Stddev of data for component 0 for this minibatch is 1.20027
VLOG[3] (nnet-combine-fast[5.5]:Propagate():nnet-update.cc:114) Stddev of data for component 0 for this minibatch is 1.34001
VLOG[3] (nnet-combine-fast[5.5]:Propagate():nnet-update.cc:114) Stddev of data for component 0 for this minibatch is 1.25486
VLOG[3] (nnet-combine-fast[5.5]:Propagate():nnet-update.cc:114) Stddev of data for component 0 for this minibatch is 1.2316
VLOG[3] (nnet-combine-fast[5.5]:Propagate():nnet-update.cc:114) Stddev of data for component 0 for this minibatch is 1.28126
VLOG[3] (nnet-combine-fast[5.5]:Propagate():nnet-update.cc:114) Stddev of data for component 0 for this minibatch is 1.2999
VLOG[3] (nnet-combine-fast[5.5]:Propagate():nnet-update.cc:114) Stddev of data for component 0 for this minibatch is 1.27255
VLOG[3] (nnet-combine-fast[5.5]:Propagate():nnet-update.cc:114) Stddev of data for component 0 for this minibatch is 1.30642
VLOG[3] (nnet-combine-fast[5.5]:Propagate():nnet-update.cc:114) Stddev of data for component 1 for this minibatch is 1.3004
VLOG[3] (nnet-combine-fast[5.5]:Propagate():nnet-update.cc:114) Stddev of data for component 1 for this minibatch is 1.27834
VLOG[3] (nnet-combine-fast[5.5]:Propagate():nnet-update.cc:114) Stddev of data for component 1 for this minibatch is 1.20027
VLOG[3] (nnet-combine-fast[5.5]:Propagate():nnet-update.cc:114) Stddev of data for component 1 for this minibatch is 1.2512
VLOG[3] (nnet-combine-fast[5.5]:Propagate():nnet-update.cc:114) Stddev of data for component 1 for this minibatch is 1.2808
VLOG[3] (nnet-combine-fast[5.5]:Propagate():nnet-update.cc:114) Stddev of data for component 1 for this minibatch is 1.33209
VLOG[3] (nnet-combine-fast[5.5]:Propagate():nnet-update.cc:114) Stddev of data for component 1 for this minibatch is 1.19334
VLOG[3] (nnet-combine-fast[5.5]:Propagate():nnet-update.cc:114) Stddev of data for component 1 for this minibatch is 1.27758
VLOG[3] (nnet-combine-fast[5.5]:Propagate():nnet-update.cc:114) Stddev of data for component 1 for this minibatch is 1.32685
VLOG[3] (nnet-combine-fast[5.5]:Propagate():nnet-update.cc:114) Stddev of data for component 1 for this minibatch is 1.25486
VLOG[3] (nnet-combine-fast[5.5]:Propagate():nnet-update.cc:114) Stddev of data for component 1 for this minibatch is 1.34001
VLOG[3] (nnet-combine-fast[5.5]:Propagate():nnet-update.cc:114) Stddev of data for component 1 for this minibatch is 1.2999
VLOG[3] (nnet-combine-fast[5.5]:Propagate():nnet-update.cc:114) Stddev of data for component 1 for this minibatch is 1.30642
VLOG[3] (nnet-combine-fast[5.5]:Propagate():nnet-update.cc:114) Stddev of data for component 1 for this minibatch is 1.2316
VLOG[3] (nnet-combine-fast[5.5]:Propagate():nnet-update.cc:114) Stddev of data for component 1 for this minibatch is 1.27255
VLOG[3] (nnet-combine-fast[5.5]:Propagate():nnet-update.cc:114) Stddev of data for component 1 for this minibatch is 1.28126
VLOG[3] (nnet-combine-fast[5.5]:Propagate():nnet-update.cc:114) Stddev of data for component 2 for this minibatch is 0.0675918
VLOG[3] (nnet-combine-fast[5.5]:Propagate():nnet-update.cc:114) Stddev of data for component 2 for this minibatch is 0.0743854
VLOG[3] (nnet-combine-fast[5.5]:Propagate():nnet-update.cc:114) Stddev of data for component 2 for this minibatch is 0.0635752
VLOG[3] (nnet-combine-fast[5.5]:Propagate():nnet-update.cc:114) Stddev of data for component 2 for this minibatch is 0.0664084
VLOG[3] (nnet-combine-fast[5.5]:Propagate():nnet-update.cc:114) Stddev of data for component 2 for this minibatch is 0.0660882
VLOG[3] (nnet-combine-fast[5.5]:Propagate():nnet-update.cc:114) Stddev of data for component 2 for this minibatch is 0.0651025
VLOG[3] (nnet-combine-fast[5.5]:Propagate():nnet-update.cc:114) Stddev of data for component 2 for this minibatch is 0.066172
VLOG[3] (nnet-combine-fast[5.5]:Propagate():nnet-update.cc:114) Stddev of data for component 2 for this minibatch is 0.0635705
VLOG[3] (nnet-combine-fast[5.5]:Propagate():nnet-update.cc:114) Stddev of data for component 2 for this minibatch is 0.0622416
VLOG[3] (nnet-combine-fast[5.5]:Propagate():nnet-update.cc:114) Stddev of data for component 2 for this minibatch is 0.0679291
VLOG[3] (nnet-combine-fast[5.5]:Propagate():nnet-update.cc:114) Stddev of data for component 2 for this minibatch is 0.0664653
VLOG[3] (nnet-combine-fast[5.5]:Propagate():nnet-update.cc:114) Stddev of data for component 2 for this minibatch is 0.07096
VLOG[3] (nnet-combine-fast[5.5]:Propagate():nnet-update.cc:114) Stddev of data for component 2 for this minibatch is 0.0649623
VLOG[3] (nnet-combine-fast[5.5]:Propagate():nnet-update.cc:114) Stddev of data for component 2 for this minibatch is 0.073224
VLOG[3] (nnet-combine-fast[5.5]:Propagate():nnet-update.cc:114) Stddev of data for component 2 for this minibatch is 0.0632876
VLOG[3] (nnet-combine-fast[5.5]:Propagate():nnet-update.cc:114) Stddev of data for component 2 for this minibatch is 0.0705522
VLOG[3] (nnet-combine-fast[5.5]:Propagate():nnet-update.cc:114) Stddev of data for component 3 for this minibatch is 2.67926
VLOG[3] (nnet-combine-fast[5.5]:Propagate():nnet-update.cc:114) Stddev of data for component 3 for this minibatch is 2.69731
VLOG[3] (nnet-combine-fast[5.5]:Propagate():nnet-update.cc:114) Stddev of data for component 3 for this minibatch is 2.80557
VLOG[3] (nnet-combine-fast[5.5]:Propagate():nnet-update.cc:114) Stddev of data for component 3 for this minibatch is 2.67908
VLOG[3] (nnet-combine-fast[5.5]:Propagate():nnet-update.cc:114) Stddev of data for component 3 for this minibatch is 2.58592
VLOG[3] (nnet-combine-fast[5.5]:Propagate():nnet-update.cc:114) Stddev of data for component 3 for this minibatch is 2.68778
VLOG[3] (nnet-combine-fast[5.5]:Propagate():nnet-update.cc:114) Stddev of data for component 3 for this minibatch is 2.70207
VLOG[3] (nnet-combine-fast[5.5]:Propagate():nnet-update.cc:114) Stddev of data for component 3 for this minibatch is 2.6447
VLOG[3] (nnet-combine-fast[5.5]:Propagate():nnet-update.cc:114) Stddev of data for component 3 for this minibatch is 2.71139
VLOG[3] (nnet-combine-fast[5.5]:Propagate():nnet-update.cc:114) Stddev of data for component 3 for this minibatch is 2.63844
VLOG[3] (nnet-combine-fast[5.5]:Propagate():nnet-update.cc:114) Stddev of data for component 3 for this minibatch is 2.65031
VLOG[3] (nnet-combine-fast[5.5]:Propagate():nnet-update.cc:114) Stddev of data for component 3 for this minibatch is 2.60092
VLOG[3] (nnet-combine-fast[5.5]:Propagate():nnet-update.cc:114) Stddev of data for component 3 for this minibatch is 2.61558
VLOG[3] (nnet-combine-fast[5.5]:Propagate():nnet-update.cc:114) Stddev of data for component 3 for this minibatch is 2.81125
VLOG[3] (nnet-combine-fast[5.5]:Propagate():nnet-update.cc:114) Stddev of data for component 3 for this minibatch is 2.79734
VLOG[3] (nnet-combine-fast[5.5]:Propagate():nnet-update.cc:114) Stddev of data for component 3 for this minibatch is 2.85087
VLOG[3] (nnet-combine-fast[5.5]:Propagate():nnet-update.cc:114) Stddev of data for component 4 for this minibatch is 0.592688
VLOG[3] (nnet-combine-fast[5.5]:Propagate():nnet-update.cc:114) Stddev of data for component 4 for this minibatch is 0.585961
VLOG[3] (nnet-combine-fast[5.5]:Propagate():nnet-update.cc:114) Stddev of data for component 4 for this minibatch is 0.586807
VLOG[3] (nnet-combine-fast[5.5]:Propagate():nnet-update.cc:114) Stddev of data for component 4 for this minibatch is 0.595186
VLOG[3] (nnet-combine-fast[5.5]:Propagate():nnet-update.cc:114) Stddev of data for component 4 for this minibatch is 0.590326
VLOG[3] (nnet-combine-fast[5.5]:Propagate():nnet-update.cc:114) Stddev of data for component 4 for this minibatch is 0.589646
VLOG[3] (nnet-combine-fast[5.5]:Propagate():nnet-update.cc:114) Stddev of data for component 4 for this minibatch is 0.584446
VLOG[3] (nnet-combine-fast[5.5]:Propagate():nnet-update.cc:114) Stddev of data for component 4 for this minibatch is 0.590507
VLOG[3] (nnet-combine-fast[5.5]:Propagate():nnet-update.cc:114) Stddev of data for component 4 for this minibatch is 0.592873
VLOG[3] (nnet-combine-fast[5.5]:Propagate():nnet-update.cc:114) Stddev of data for component 4 for this minibatch is 0.593049
VLOG[3] (nnet-combine-fast[5.5]:Propagate():nnet-update.cc:114) Stddev of data for component 4 for this minibatch is 0.587643
VLOG[3] (nnet-combine-fast[5.5]:Propagate():nnet-update.cc:114) Stddev of data for component 4 for this minibatch is 0.589888
VLOG[3] (nnet-combine-fast[5.5]:Propagate():nnet-update.cc:114) Stddev of data for component 4 for this minibatch is 0.593227
VLOG[3] (nnet-combine-fast[5.5]:Propagate():nnet-update.cc:114) Stddev of data for component 4 for this minibatch is 0.594193
VLOG[3] (nnet-combine-fast[5.5]:Propagate():nnet-update.cc:114) Stddev of data for component 4 for this minibatch is 0.588357
VLOG[3] (nnet-combine-fast[5.5]:Propagate():nnet-update.cc:114) Stddev of data for component 5 for this minibatch is 3.02365
VLOG[3] (nnet-combine-fast[5.5]:Propagate():nnet-update.cc:114) Stddev of data for component 5 for this minibatch is 2.98
VLOG[3] (nnet-combine-fast[5.5]:Propagate():nnet-update.cc:114) Stddev of data for component 5 for this minibatch is 2.92624
VLOG[3] (nnet-combine-fast[5.5]:Propagate():nnet-update.cc:114) Stddev of data for component 5 for this minibatch is 2.99118
VLOG[3] (nnet-combine-fast[5.5]:Propagate():nnet-update.cc:114) Stddev of data for component 5 for this minibatch is 2.94807
VLOG[3] (nnet-combine-fast[5.5]:Propagate():nnet-update.cc:114) Stddev of data for component 5 for this minibatch is 2.99701
VLOG[3] (nnet-combine-fast[5.5]:Propagate():nnet-update.cc:114) Stddev of data for component 5 for this minibatch is 2.98378
VLOG[3] (nnet-combine-fast[5.5]:Propagate():nnet-update.cc:114) Stddev of data for component 5 for this minibatch is 3.01869
VLOG[3] (nnet-combine-fast[5.5]:Propagate():nnet-update.cc:114) Stddev of data for component 5 for this minibatch is 2.93684
VLOG[3] (nnet-combine-fast[5.5]:Propagate():nnet-update.cc:114) Stddev of data for component 5 for this minibatch is 3.00187
VLOG[3] (nnet-combine-fast[5.5]:Propagate():nnet-update.cc:114) Stddev of data for component 5 for this minibatch is 3.0459
VLOG[3] (nnet-combine-fast[5.5]:Propagate():nnet-update.cc:114) Stddev of data for component 5 for this minibatch is 3.02013
VLOG[3] (nnet-combine-fast[5.5]:Propagate():nnet-update.cc:114) Stddev of data for component 5 for this minibatch is 2.97135
VLOG[3] (nnet-combine-fast[5.5]:Propagate():nnet-update.cc:114) Stddev of data for component 5 for this minibatch is 2.99781
VLOG[3] (nnet-combine-fast[5.5]:Propagate():nnet-update.cc:114) Stddev of data for component 5 for this minibatch is 2.9758
VLOG[3] (nnet-combine-fast[5.5]:Propagate():nnet-update.cc:114) Stddev of data for component 4 for this minibatch is 0.590685
VLOG[3] (nnet-combine-fast[5.5]:Propagate():nnet-update.cc:114) Stddev of data for component 5 for this minibatch is 3.00609
VLOG[3] (nnet-combine-fast[5.5]:Propagate():nnet-update.cc:114) Stddev of data for component 6 for this minibatch is 0.623324
VLOG[3] (nnet-combine-fast[5.5]:Propagate():nnet-update.cc:114) Stddev of data for component 6 for this minibatch is 0.622878
VLOG[3] (nnet-combine-fast[5.5]:Propagate():nnet-update.cc:114) Stddev of data for component 6 for this minibatch is 0.62135
VLOG[3] (nnet-combine-fast[5.5]:Propagate():nnet-update.cc:114) Stddev of data for component 6 for this minibatch is 0.621159
VLOG[3] (nnet-combine-fast[5.5]:Propagate():nnet-update.cc:114) Stddev of data for component 6 for this minibatch is 0.623423
VLOG[3] (nnet-combine-fast[5.5]:Propagate():nnet-update.cc:114) Stddev of data for component 6 for this minibatch is 0.622813
VLOG[3] (nnet-combine-fast[5.5]:Propagate():nnet-update.cc:114) Stddev of data for component 6 for this minibatch is 0.621246
VLOG[3] (nnet-combine-fast[5.5]:Propagate():nnet-update.cc:114) Stddev of data for component 6 for this minibatch is 0.621998
VLOG[3] (nnet-combine-fast[5.5]:Propagate():nnet-update.cc:114) Stddev of data for component 6 for this minibatch is 0.624308
VLOG[2] (nnet-combine-fast[5.5]:DoBackpropParallel():nnet-update-parallel.cc:264) Did backprop on 2000 examples, average log-prob per frame is -1.00354
LOG (nnet-combine-fast[5.5]:GetInitialModel():combine-nnet-fast.cc:403) Objective functions for the source neural nets are  [ -1.00354 ]

LOG (nnet-combine-fast[5.5]:GetInitialParams():combine-nnet-fast.cc:282) Initializing with neural net with index 0
VLOG[2] (nnet-combine-fast[5.5]:DoBackpropParallel():nnet-update-parallel.cc:264) Did backprop on 2000 examples, average log-prob per frame is -1.00354
VLOG[2] (nnet-combine-fast[5.5]:ComputeObjfAndGradient():combine-nnet-fast.cc:347) Objf is -1.00354, raw gradient is  [ 0.0282555 -0.00885346 0.00593461 -0.000360798 -0.000160115 0.0903969 ]

VLOG[2] (nnet-combine-fast[5.5]:DoBackpropParallel():nnet-update-parallel.cc:264) Did backprop on 2000 examples, average log-prob per frame is -1.00977
VLOG[2] (nnet-combine-fast[5.5]:ComputeObjfAndGradient():combine-nnet-fast.cc:347) Objf is -1.00977, raw gradient is  [ 0.0224361 0.0350654 0.00184404 0.00431858 0.0729506 0.0275728 ]

VLOG[3] (nnet-combine-fast[5.5]:StepSizeIteration():optimization.cc:240) In step size iteration, function value changed -1.00354 to -1.00977
VLOG[3] (nnet-combine-fast[5.5]:StepSizeIteration():optimization.cc:323) d = 2, iter = 0, action = decrease
VLOG[2] (nnet-combine-fast[5.5]:DoBackpropParallel():nnet-update-parallel.cc:264) Did backprop on 2000 examples, average log-prob per frame is -1.00142
VLOG[2] (nnet-combine-fast[5.5]:ComputeObjfAndGradient():combine-nnet-fast.cc:347) Objf is -1.00142, raw gradient is  [ 0.0253593 0.00821956 0.00272709 0.000114799 0.0128672 0.0475325 ]

VLOG[3] (nnet-combine-fast[5.5]:StepSizeIteration():optimization.cc:240) In step size iteration, function value changed -1.00354 to -1.00142
VLOG[3] (nnet-combine-fast[5.5]:StepSizeIteration():optimization.cc:323) d = 2, iter = 0, action = accept
VLOG[3] (nnet-combine-fast[5.5]:AcceptStep():optimization.cc:194) Accepted step; length was 0.0721519, prod was -0.0064427
VLOG[2] (nnet-combine-fast[5.5]:DoBackpropParallel():nnet-update-parallel.cc:264) Did backprop on 2000 examples, average log-prob per frame is -0.999987
VLOG[2] (nnet-combine-fast[5.5]:ComputeObjfAndGradient():combine-nnet-fast.cc:347) Objf is -0.999987, raw gradient is  [ 0.0223757 0.00547548 0.000281527 0.000307039 0.00194021 0.0269814 ]

VLOG[3] (nnet-combine-fast[5.5]:StepSizeIteration():optimization.cc:240) In step size iteration, function value changed -1.00142 to -0.999987
VLOG[3] (nnet-combine-fast[5.5]:StepSizeIteration():optimization.cc:323) d = 2, iter = 1, action = accept
VLOG[3] (nnet-combine-fast[5.5]:AcceptStep():optimization.cc:194) Accepted step; length was 0.031949, prod was -0.0019731
VLOG[2] (nnet-combine-fast[5.5]:DoBackpropParallel():nnet-update-parallel.cc:264) Did backprop on 2000 examples, average log-prob per frame is -0.999709
VLOG[2] (nnet-combine-fast[5.5]:ComputeObjfAndGradient():combine-nnet-fast.cc:347) Objf is -0.999709, raw gradient is  [ 0.0175068 0.00584379 -0.00097195 0.000946088 0.000614766 0.0107684 ]

VLOG[3] (nnet-combine-fast[5.5]:StepSizeIteration():optimization.cc:240) In step size iteration, function value changed -0.999987 to -0.999709
VLOG[3] (nnet-combine-fast[5.5]:StepSizeIteration():optimization.cc:323) d = 2, iter = 2, action = accept
VLOG[3] (nnet-combine-fast[5.5]:AcceptStep():optimization.cc:194) Accepted step; length was 0.024774, prod was -0.000288518
VLOG[2] (nnet-combine-fast[5.5]:DoBackpropParallel():nnet-update-parallel.cc:264) Did backprop on 2000 examples, average log-prob per frame is -0.999575
VLOG[2] (nnet-combine-fast[5.5]:ComputeObjfAndGradient():combine-nnet-fast.cc:347) Objf is -0.999575, raw gradient is  [ 0.0013584 -0.00509237 -0.000366457 0.00111277 -0.000187974 -0.000991092 ]

VLOG[3] (nnet-combine-fast[5.5]:StepSizeIteration():optimization.cc:240) In step size iteration, function value changed -0.999709 to -0.999575
VLOG[3] (nnet-combine-fast[5.5]:StepSizeIteration():optimization.cc:323) d = 2, iter = 3, action = accept
VLOG[3] (nnet-combine-fast[5.5]:AcceptStep():optimization.cc:194) Accepted step; length was 0.0279702, prod was -0.000575535
VLOG[2] (nnet-combine-fast[5.5]:DoBackpropParallel():nnet-update-parallel.cc:264) Did backprop on 2000 examples, average log-prob per frame is -0.999524
VLOG[2] (nnet-combine-fast[5.5]:ComputeObjfAndGradient():combine-nnet-fast.cc:347) Objf is -0.999524, raw gradient is  [ 0.0025433 -0.000457302 -9.8238e-06 0.000261881 -0.000129236 -0.00130953 ]

VLOG[3] (nnet-combine-fast[5.5]:StepSizeIteration():optimization.cc:240) In step size iteration, function value changed -0.999575 to -0.999524
VLOG[3] (nnet-combine-fast[5.5]:StepSizeIteration():optimization.cc:323) d = 2, iter = 4, action = accept
VLOG[3] (nnet-combine-fast[5.5]:AcceptStep():optimization.cc:194) Accepted step; length was 0.00777353, prod was -7.93919e-05
VLOG[2] (nnet-combine-fast[5.5]:DoBackpropParallel():nnet-update-parallel.cc:264) Did backprop on 2000 examples, average log-prob per frame is -0.99952
VLOG[2] (nnet-combine-fast[5.5]:ComputeObjfAndGradient():combine-nnet-fast.cc:347) Objf is -0.99952, raw gradient is  [ 0.0014751 0.000161095 6.34899e-05 0.000113571 -3.16143e-05 -0.000597071 ]

VLOG[3] (nnet-combine-fast[5.5]:StepSizeIteration():optimization.cc:240) In step size iteration, function value changed -0.999524 to -0.99952
VLOG[3] (nnet-combine-fast[5.5]:StepSizeIteration():optimization.cc:323) d = 2, iter = 5, action = accept
VLOG[3] (nnet-combine-fast[5.5]:AcceptStep():optimization.cc:194) Accepted step; length was 0.00212044, prod was -3.40631e-06
VLOG[2] (nnet-combine-fast[5.5]:DoBackpropParallel():nnet-update-parallel.cc:264) Did backprop on 2000 examples, average log-prob per frame is -0.999519
VLOG[2] (nnet-combine-fast[5.5]:ComputeObjfAndGradient():combine-nnet-fast.cc:347) Objf is -0.999519, raw gradient is  [ 0.000182961 0.000133898 4.56715e-05 4.4363e-05 2.43282e-05 -4.81868e-05 ]

VLOG[3] (nnet-combine-fast[5.5]:StepSizeIteration():optimization.cc:240) In step size iteration, function value changed -0.99952 to -0.999519
VLOG[3] (nnet-combine-fast[5.5]:StepSizeIteration():optimization.cc:323) d = 2, iter = 6, action = accept
VLOG[3] (nnet-combine-fast[5.5]:AcceptStep():optimization.cc:194) Accepted step; length was 0.00178008, prod was -1.72735e-06
VLOG[2] (nnet-combine-fast[5.5]:DoBackpropParallel():nnet-update-parallel.cc:264) Did backprop on 2000 examples, average log-prob per frame is -0.999519
VLOG[2] (nnet-combine-fast[5.5]:ComputeObjfAndGradient():combine-nnet-fast.cc:347) Objf is -0.999519, raw gradient is  [ -1.9455e-06 1.09997e-05 5.08022e-06 6.07872e-06 6.00386e-06 -5.96523e-06 ]

VLOG[3] (nnet-combine-fast[5.5]:StepSizeIteration():optimization.cc:240) In step size iteration, function value changed -0.999519 to -0.999519
VLOG[3] (nnet-combine-fast[5.5]:StepSizeIteration():optimization.cc:323) d = 2, iter = 7, action = accept
VLOG[3] (nnet-combine-fast[5.5]:AcceptStep():optimization.cc:194) Accepted step; length was 0.000379023, prod was -9.14738e-08
LOG (nnet-combine-fast[5.5]:ComputeCurrentNnet():combine-nnet-fast.cc:373) Scale parameters are  [
  1.02312 0.936641 1.1031 1.0026 0.926805 1.07099 ]

LOG (nnet-combine-fast[5.5]:FastNnetCombiner():combine-nnet-fast.cc:152) Combining nnets, objf per frame changed from -1.00354 to -0.999519
LOG (nnet-combine-fast[5.5]:main():nnet-combine-fast.cc:124) Finished combining neural nets, wrote model to exp_dys_comb_vad/DNN/36.mdl
# Accounting: time=5 threads=1
# Ended (code 0) at Fri Mar 17 02:18:48 IST 2023, elapsed time 5 seconds
