# nnet-subset-egs --n=2000 --randomize-order=true --srand=15 ark:exp_dys_comb_vad/DNN/egs/train_diagnostic.egs ark:- | nnet-combine-fast --use-gpu=no --num-threads=16 --verbose=3 --minibatch-size=125 exp_dys_comb_vad/DNN/16.mdl ark:- exp_dys_comb_vad/DNN/16.mdl 
# Started at Fri Mar 17 01:08:33 IST 2023
#
nnet-subset-egs --n=2000 --randomize-order=true --srand=15 ark:exp_dys_comb_vad/DNN/egs/train_diagnostic.egs ark:- 
nnet-combine-fast --use-gpu=no --num-threads=16 --verbose=3 --minibatch-size=125 exp_dys_comb_vad/DNN/16.mdl ark:- exp_dys_comb_vad/DNN/16.mdl 
LOG (nnet-subset-egs[5.5]:main():nnet-subset-egs.cc:93) Selected a subset of 2000 out of 4000 neural-network training examples 
LOG (nnet-combine-fast[5.5]:main():nnet-combine-fast.cc:108) Read 2000 examples from the validation set.
VLOG[3] (nnet-combine-fast[5.5]:Propagate():nnet-update.cc:114) Stddev of data for component 0 for this minibatch is 1.32368
VLOG[3] (nnet-combine-fast[5.5]:Propagate():nnet-update.cc:114) Stddev of data for component 0 for this minibatch is 1.31119
VLOG[3] (nnet-combine-fast[5.5]:Propagate():nnet-update.cc:114) Stddev of data for component 0 for this minibatch is 1.16268
VLOG[3] (nnet-combine-fast[5.5]:Propagate():nnet-update.cc:114) Stddev of data for component 0 for this minibatch is 1.30811
VLOG[3] (nnet-combine-fast[5.5]:Propagate():nnet-update.cc:114) Stddev of data for component 0 for this minibatch is 1.28239
VLOG[3] (nnet-combine-fast[5.5]:Propagate():nnet-update.cc:114) Stddev of data for component 0 for this minibatch is 1.38892
VLOG[3] (nnet-combine-fast[5.5]:Propagate():nnet-update.cc:114) Stddev of data for component 0 for this minibatch is 1.20054
VLOG[3] (nnet-combine-fast[5.5]:Propagate():nnet-update.cc:114) Stddev of data for component 0 for this minibatch is 1.28134
VLOG[3] (nnet-combine-fast[5.5]:Propagate():nnet-update.cc:114) Stddev of data for component 0 for this minibatch is 1.30281
VLOG[3] (nnet-combine-fast[5.5]:Propagate():nnet-update.cc:114) Stddev of data for component 0 for this minibatch is 1.28863
VLOG[3] (nnet-combine-fast[5.5]:Propagate():nnet-update.cc:114) Stddev of data for component 0 for this minibatch is 1.2911
VLOG[3] (nnet-combine-fast[5.5]:Propagate():nnet-update.cc:114) Stddev of data for component 0 for this minibatch is 1.3196
VLOG[3] (nnet-combine-fast[5.5]:Propagate():nnet-update.cc:114) Stddev of data for component 0 for this minibatch is 1.19406
VLOG[3] (nnet-combine-fast[5.5]:Propagate():nnet-update.cc:114) Stddev of data for component 0 for this minibatch is 1.23252
VLOG[3] (nnet-combine-fast[5.5]:Propagate():nnet-update.cc:114) Stddev of data for component 0 for this minibatch is 1.27173
VLOG[3] (nnet-combine-fast[5.5]:Propagate():nnet-update.cc:114) Stddev of data for component 0 for this minibatch is 1.26818
VLOG[3] (nnet-combine-fast[5.5]:Propagate():nnet-update.cc:114) Stddev of data for component 1 for this minibatch is 1.32368
VLOG[3] (nnet-combine-fast[5.5]:Propagate():nnet-update.cc:114) Stddev of data for component 1 for this minibatch is 1.16268
VLOG[3] (nnet-combine-fast[5.5]:Propagate():nnet-update.cc:114) Stddev of data for component 1 for this minibatch is 1.28238
VLOG[3] (nnet-combine-fast[5.5]:Propagate():nnet-update.cc:114) Stddev of data for component 1 for this minibatch is 1.30811
VLOG[3] (nnet-combine-fast[5.5]:Propagate():nnet-update.cc:114) Stddev of data for component 1 for this minibatch is 1.31119
VLOG[3] (nnet-combine-fast[5.5]:Propagate():nnet-update.cc:114) Stddev of data for component 1 for this minibatch is 1.38892
VLOG[3] (nnet-combine-fast[5.5]:Propagate():nnet-update.cc:114) Stddev of data for component 1 for this minibatch is 1.30281
VLOG[3] (nnet-combine-fast[5.5]:Propagate():nnet-update.cc:114) Stddev of data for component 1 for this minibatch is 1.28134
VLOG[3] (nnet-combine-fast[5.5]:Propagate():nnet-update.cc:114) Stddev of data for component 1 for this minibatch is 1.20054
VLOG[3] (nnet-combine-fast[5.5]:Propagate():nnet-update.cc:114) Stddev of data for component 1 for this minibatch is 1.28863
VLOG[3] (nnet-combine-fast[5.5]:Propagate():nnet-update.cc:114) Stddev of data for component 1 for this minibatch is 1.26818
VLOG[3] (nnet-combine-fast[5.5]:Propagate():nnet-update.cc:114) Stddev of data for component 1 for this minibatch is 1.3196
VLOG[3] (nnet-combine-fast[5.5]:Propagate():nnet-update.cc:114) Stddev of data for component 1 for this minibatch is 1.2911
VLOG[3] (nnet-combine-fast[5.5]:Propagate():nnet-update.cc:114) Stddev of data for component 1 for this minibatch is 1.19406
VLOG[3] (nnet-combine-fast[5.5]:Propagate():nnet-update.cc:114) Stddev of data for component 1 for this minibatch is 1.27173
VLOG[3] (nnet-combine-fast[5.5]:Propagate():nnet-update.cc:114) Stddev of data for component 1 for this minibatch is 1.23252
VLOG[3] (nnet-combine-fast[5.5]:Propagate():nnet-update.cc:114) Stddev of data for component 2 for this minibatch is 0.0678217
VLOG[3] (nnet-combine-fast[5.5]:Propagate():nnet-update.cc:114) Stddev of data for component 2 for this minibatch is 0.0665758
VLOG[3] (nnet-combine-fast[5.5]:Propagate():nnet-update.cc:114) Stddev of data for component 2 for this minibatch is 0.0668745
VLOG[3] (nnet-combine-fast[5.5]:Propagate():nnet-update.cc:114) Stddev of data for component 2 for this minibatch is 0.0670583
VLOG[3] (nnet-combine-fast[5.5]:Propagate():nnet-update.cc:114) Stddev of data for component 2 for this minibatch is 0.0684315
VLOG[3] (nnet-combine-fast[5.5]:Propagate():nnet-update.cc:114) Stddev of data for component 2 for this minibatch is 0.0667086
VLOG[3] (nnet-combine-fast[5.5]:Propagate():nnet-update.cc:114) Stddev of data for component 2 for this minibatch is 0.0687653
VLOG[3] (nnet-combine-fast[5.5]:Propagate():nnet-update.cc:114) Stddev of data for component 2 for this minibatch is 0.0638714
VLOG[3] (nnet-combine-fast[5.5]:Propagate():nnet-update.cc:114) Stddev of data for component 2 for this minibatch is 0.0730414
VLOG[3] (nnet-combine-fast[5.5]:Propagate():nnet-update.cc:114) Stddev of data for component 2 for this minibatch is 0.0693976
VLOG[3] (nnet-combine-fast[5.5]:Propagate():nnet-update.cc:114) Stddev of data for component 2 for this minibatch is 0.0680897
VLOG[3] (nnet-combine-fast[5.5]:Propagate():nnet-update.cc:114) Stddev of data for component 2 for this minibatch is 0.0672998
VLOG[3] (nnet-combine-fast[5.5]:Propagate():nnet-update.cc:114) Stddev of data for component 2 for this minibatch is 0.0674666
VLOG[3] (nnet-combine-fast[5.5]:Propagate():nnet-update.cc:114) Stddev of data for component 2 for this minibatch is 0.0610051
VLOG[3] (nnet-combine-fast[5.5]:Propagate():nnet-update.cc:114) Stddev of data for component 2 for this minibatch is 0.0653009
VLOG[3] (nnet-combine-fast[5.5]:Propagate():nnet-update.cc:114) Stddev of data for component 2 for this minibatch is 0.0648079
VLOG[3] (nnet-combine-fast[5.5]:Propagate():nnet-update.cc:114) Stddev of data for component 3 for this minibatch is 2.06734
VLOG[3] (nnet-combine-fast[5.5]:Propagate():nnet-update.cc:114) Stddev of data for component 3 for this minibatch is 2.07084
VLOG[3] (nnet-combine-fast[5.5]:Propagate():nnet-update.cc:114) Stddev of data for component 3 for this minibatch is 2.04323
VLOG[3] (nnet-combine-fast[5.5]:Propagate():nnet-update.cc:114) Stddev of data for component 3 for this minibatch is 2.03406
VLOG[3] (nnet-combine-fast[5.5]:Propagate():nnet-update.cc:114) Stddev of data for component 3 for this minibatch is 2.03839
VLOG[3] (nnet-combine-fast[5.5]:Propagate():nnet-update.cc:114) Stddev of data for component 3 for this minibatch is 2.08632
VLOG[3] (nnet-combine-fast[5.5]:Propagate():nnet-update.cc:114) Stddev of data for component 3 for this minibatch is 1.99104
VLOG[3] (nnet-combine-fast[5.5]:Propagate():nnet-update.cc:114) Stddev of data for component 3 for this minibatch is 2.04953
VLOG[3] (nnet-combine-fast[5.5]:Propagate():nnet-update.cc:114) Stddev of data for component 3 for this minibatch is 1.92306
VLOG[3] (nnet-combine-fast[5.5]:Propagate():nnet-update.cc:114) Stddev of data for component 3 for this minibatch is 2.0615
VLOG[3] (nnet-combine-fast[5.5]:Propagate():nnet-update.cc:114) Stddev of data for component 3 for this minibatch is 2.19305
VLOG[3] (nnet-combine-fast[5.5]:Propagate():nnet-update.cc:114) Stddev of data for component 3 for this minibatch is 2.09355
VLOG[3] (nnet-combine-fast[5.5]:Propagate():nnet-update.cc:114) Stddev of data for component 3 for this minibatch is 2.04108
VLOG[3] (nnet-combine-fast[5.5]:Propagate():nnet-update.cc:114) Stddev of data for component 3 for this minibatch is 2.02081
VLOG[3] (nnet-combine-fast[5.5]:Propagate():nnet-update.cc:114) Stddev of data for component 3 for this minibatch is 2.07346
VLOG[3] (nnet-combine-fast[5.5]:Propagate():nnet-update.cc:114) Stddev of data for component 3 for this minibatch is 2.03217
VLOG[3] (nnet-combine-fast[5.5]:Propagate():nnet-update.cc:114) Stddev of data for component 4 for this minibatch is 0.541109
VLOG[3] (nnet-combine-fast[5.5]:Propagate():nnet-update.cc:114) Stddev of data for component 4 for this minibatch is 0.537949
VLOG[3] (nnet-combine-fast[5.5]:Propagate():nnet-update.cc:114) Stddev of data for component 4 for this minibatch is 0.541292
VLOG[3] (nnet-combine-fast[5.5]:Propagate():nnet-update.cc:114) Stddev of data for component 4 for this minibatch is 0.543126
VLOG[3] (nnet-combine-fast[5.5]:Propagate():nnet-update.cc:114) Stddev of data for component 4 for this minibatch is 0.54164
VLOG[3] (nnet-combine-fast[5.5]:Propagate():nnet-update.cc:114) Stddev of data for component 4 for this minibatch is 0.539024
VLOG[3] (nnet-combine-fast[5.5]:Propagate():nnet-update.cc:114) Stddev of data for component 4 for this minibatch is 0.543422
VLOG[3] (nnet-combine-fast[5.5]:Propagate():nnet-update.cc:114) Stddev of data for component 4 for this minibatch is 0.536947
VLOG[3] (nnet-combine-fast[5.5]:Propagate():nnet-update.cc:114) Stddev of data for component 5 for this minibatch is 3.23866
VLOG[3] (nnet-combine-fast[5.5]:Propagate():nnet-update.cc:114) Stddev of data for component 5 for this minibatch is 3.29074
VLOG[3] (nnet-combine-fast[5.5]:Propagate():nnet-update.cc:114) Stddev of data for component 5 for this minibatch is 3.33244
VLOG[3] (nnet-combine-fast[5.5]:Propagate():nnet-update.cc:114) Stddev of data for component 5 for this minibatch is 3.39888
VLOG[3] (nnet-combine-fast[5.5]:Propagate():nnet-update.cc:114) Stddev of data for component 4 for this minibatch is 0.531579
VLOG[3] (nnet-combine-fast[5.5]:Propagate():nnet-update.cc:114) Stddev of data for component 4 for this minibatch is 0.541373
VLOG[3] (nnet-combine-fast[5.5]:Propagate():nnet-update.cc:114) Stddev of data for component 4 for this minibatch is 0.540307
VLOG[3] (nnet-combine-fast[5.5]:Propagate():nnet-update.cc:114) Stddev of data for component 4 for this minibatch is 0.549601
VLOG[3] (nnet-combine-fast[5.5]:Propagate():nnet-update.cc:114) Stddev of data for component 4 for this minibatch is 0.53921
VLOG[3] (nnet-combine-fast[5.5]:Propagate():nnet-update.cc:114) Stddev of data for component 4 for this minibatch is 0.54166
VLOG[3] (nnet-combine-fast[5.5]:Propagate():nnet-update.cc:114) Stddev of data for component 4 for this minibatch is 0.541575
VLOG[3] (nnet-combine-fast[5.5]:Propagate():nnet-update.cc:114) Stddev of data for component 4 for this minibatch is 0.539143
VLOG[3] (nnet-combine-fast[5.5]:Propagate():nnet-update.cc:114) Stddev of data for component 5 for this minibatch is 3.35475
VLOG[3] (nnet-combine-fast[5.5]:Propagate():nnet-update.cc:114) Stddev of data for component 5 for this minibatch is 3.38688
VLOG[3] (nnet-combine-fast[5.5]:Propagate():nnet-update.cc:114) Stddev of data for component 5 for this minibatch is 3.32204
VLOG[3] (nnet-combine-fast[5.5]:Propagate():nnet-update.cc:114) Stddev of data for component 5 for this minibatch is 3.35597
VLOG[3] (nnet-combine-fast[5.5]:Propagate():nnet-update.cc:114) Stddev of data for component 5 for this minibatch is 3.383
VLOG[3] (nnet-combine-fast[5.5]:Propagate():nnet-update.cc:114) Stddev of data for component 5 for this minibatch is 3.23385
VLOG[3] (nnet-combine-fast[5.5]:Propagate():nnet-update.cc:114) Stddev of data for component 5 for this minibatch is 3.27333
VLOG[3] (nnet-combine-fast[5.5]:Propagate():nnet-update.cc:114) Stddev of data for component 5 for this minibatch is 3.36273
VLOG[3] (nnet-combine-fast[5.5]:Propagate():nnet-update.cc:114) Stddev of data for component 5 for this minibatch is 3.36549
VLOG[3] (nnet-combine-fast[5.5]:Propagate():nnet-update.cc:114) Stddev of data for component 5 for this minibatch is 3.33592
VLOG[3] (nnet-combine-fast[5.5]:Propagate():nnet-update.cc:114) Stddev of data for component 5 for this minibatch is 3.23368
VLOG[3] (nnet-combine-fast[5.5]:Propagate():nnet-update.cc:114) Stddev of data for component 5 for this minibatch is 3.29407
VLOG[3] (nnet-combine-fast[5.5]:Propagate():nnet-update.cc:114) Stddev of data for component 6 for this minibatch is 0.643217
VLOG[3] (nnet-combine-fast[5.5]:Propagate():nnet-update.cc:114) Stddev of data for component 6 for this minibatch is 0.639829
VLOG[3] (nnet-combine-fast[5.5]:Propagate():nnet-update.cc:114) Stddev of data for component 6 for this minibatch is 0.640696
VLOG[3] (nnet-combine-fast[5.5]:Propagate():nnet-update.cc:114) Stddev of data for component 6 for this minibatch is 0.641273
VLOG[2] (nnet-combine-fast[5.5]:DoBackpropParallel():nnet-update-parallel.cc:264) Did backprop on 2000 examples, average log-prob per frame is -1.30968
LOG (nnet-combine-fast[5.5]:GetInitialModel():combine-nnet-fast.cc:403) Objective functions for the source neural nets are  [ -1.30968 ]

LOG (nnet-combine-fast[5.5]:GetInitialParams():combine-nnet-fast.cc:282) Initializing with neural net with index 0
VLOG[2] (nnet-combine-fast[5.5]:DoBackpropParallel():nnet-update-parallel.cc:264) Did backprop on 2000 examples, average log-prob per frame is -1.30968
VLOG[2] (nnet-combine-fast[5.5]:ComputeObjfAndGradient():combine-nnet-fast.cc:347) Objf is -1.30968, raw gradient is  [ 0.0441377 -0.0127059 0.00355126 0.00170904 0.0184603 0.120029 ]

VLOG[2] (nnet-combine-fast[5.5]:DoBackpropParallel():nnet-update-parallel.cc:264) Did backprop on 2000 examples, average log-prob per frame is -1.30343
VLOG[2] (nnet-combine-fast[5.5]:ComputeObjfAndGradient():combine-nnet-fast.cc:347) Objf is -1.30343, raw gradient is  [ 0.0167348 -0.000650705 0.00293442 0.000768492 0.0059306 0.0951287 ]

VLOG[3] (nnet-combine-fast[5.5]:StepSizeIteration():optimization.cc:240) In step size iteration, function value changed -1.30968 to -1.30343
VLOG[3] (nnet-combine-fast[5.5]:StepSizeIteration():optimization.cc:323) d = 2, iter = 0, action = accept
VLOG[3] (nnet-combine-fast[5.5]:AcceptStep():optimization.cc:194) Accepted step; length was 0.113858, prod was -0.00689142
VLOG[2] (nnet-combine-fast[5.5]:DoBackpropParallel():nnet-update-parallel.cc:264) Did backprop on 2000 examples, average log-prob per frame is -1.30258
VLOG[2] (nnet-combine-fast[5.5]:ComputeObjfAndGradient():combine-nnet-fast.cc:347) Objf is -1.30258, raw gradient is  [ -0.0101461 0.010973 0.00199641 -0.00290902 0.00238624 -0.0438143 ]

VLOG[3] (nnet-combine-fast[5.5]:StepSizeIteration():optimization.cc:240) In step size iteration, function value changed -1.30343 to -1.30258
VLOG[3] (nnet-combine-fast[5.5]:StepSizeIteration():optimization.cc:323) d = 2, iter = 1, action = accept
VLOG[3] (nnet-combine-fast[5.5]:AcceptStep():optimization.cc:194) Accepted step; length was 0.147385, prod was -0.0130368
VLOG[2] (nnet-combine-fast[5.5]:DoBackpropParallel():nnet-update-parallel.cc:264) Did backprop on 2000 examples, average log-prob per frame is -1.30091
VLOG[2] (nnet-combine-fast[5.5]:ComputeObjfAndGradient():combine-nnet-fast.cc:347) Objf is -1.30091, raw gradient is  [ -0.000559135 -0.0015242 0.000524886 -0.00138961 0.00241996 -0.000667809 ]

VLOG[3] (nnet-combine-fast[5.5]:StepSizeIteration():optimization.cc:240) In step size iteration, function value changed -1.30258 to -1.30091
VLOG[3] (nnet-combine-fast[5.5]:StepSizeIteration():optimization.cc:323) d = 2, iter = 2, action = accept
VLOG[3] (nnet-combine-fast[5.5]:AcceptStep():optimization.cc:194) Accepted step; length was 0.0496191, prod was -0.00238239
VLOG[2] (nnet-combine-fast[5.5]:DoBackpropParallel():nnet-update-parallel.cc:264) Did backprop on 2000 examples, average log-prob per frame is -1.30073
VLOG[2] (nnet-combine-fast[5.5]:ComputeObjfAndGradient():combine-nnet-fast.cc:347) Objf is -1.30073, raw gradient is  [ -0.000902573 0.00396174 0.000576603 0.00205791 0.00212983 0.0167627 ]

VLOG[3] (nnet-combine-fast[5.5]:StepSizeIteration():optimization.cc:240) In step size iteration, function value changed -1.30091 to -1.30073
VLOG[3] (nnet-combine-fast[5.5]:StepSizeIteration():optimization.cc:323) d = 2, iter = 3, action = accept
VLOG[3] (nnet-combine-fast[5.5]:AcceptStep():optimization.cc:194) Accepted step; length was 0.0216638, prod was -0.000663018
VLOG[2] (nnet-combine-fast[5.5]:DoBackpropParallel():nnet-update-parallel.cc:264) Did backprop on 2000 examples, average log-prob per frame is -1.3006
VLOG[2] (nnet-combine-fast[5.5]:ComputeObjfAndGradient():combine-nnet-fast.cc:347) Objf is -1.3006, raw gradient is  [ -0.00136629 0.00108189 0.000279335 0.000608492 0.0016371 0.00942808 ]

VLOG[3] (nnet-combine-fast[5.5]:StepSizeIteration():optimization.cc:240) In step size iteration, function value changed -1.30073 to -1.3006
VLOG[3] (nnet-combine-fast[5.5]:StepSizeIteration():optimization.cc:323) d = 2, iter = 4, action = accept
VLOG[3] (nnet-combine-fast[5.5]:AcceptStep():optimization.cc:194) Accepted step; length was 0.0108389, prod was -8.96017e-05
VLOG[2] (nnet-combine-fast[5.5]:DoBackpropParallel():nnet-update-parallel.cc:264) Did backprop on 2000 examples, average log-prob per frame is -1.30048
VLOG[2] (nnet-combine-fast[5.5]:ComputeObjfAndGradient():combine-nnet-fast.cc:347) Objf is -1.30048, raw gradient is  [ -0.00239952 -0.00119252 -0.000171198 -0.00026494 0.000781283 0.00210758 ]

VLOG[3] (nnet-combine-fast[5.5]:StepSizeIteration():optimization.cc:240) In step size iteration, function value changed -1.3006 to -1.30048
VLOG[3] (nnet-combine-fast[5.5]:StepSizeIteration():optimization.cc:323) d = 2, iter = 5, action = accept
VLOG[3] (nnet-combine-fast[5.5]:AcceptStep():optimization.cc:194) Accepted step; length was 0.026819, prod was -0.000114575
VLOG[2] (nnet-combine-fast[5.5]:DoBackpropParallel():nnet-update-parallel.cc:264) Did backprop on 2000 examples, average log-prob per frame is -1.30042
VLOG[2] (nnet-combine-fast[5.5]:ComputeObjfAndGradient():combine-nnet-fast.cc:347) Objf is -1.30042, raw gradient is  [ -0.00117366 -0.00113517 -0.000309724 -0.000308538 0.000296341 0.000958953 ]

VLOG[3] (nnet-combine-fast[5.5]:StepSizeIteration():optimization.cc:240) In step size iteration, function value changed -1.30048 to -1.30042
VLOG[3] (nnet-combine-fast[5.5]:StepSizeIteration():optimization.cc:323) d = 2, iter = 6, action = accept
VLOG[3] (nnet-combine-fast[5.5]:AcceptStep():optimization.cc:194) Accepted step; length was 0.0238346, prod was -5.20613e-05
VLOG[2] (nnet-combine-fast[5.5]:DoBackpropParallel():nnet-update-parallel.cc:264) Did backprop on 2000 examples, average log-prob per frame is -1.3004
VLOG[2] (nnet-combine-fast[5.5]:ComputeObjfAndGradient():combine-nnet-fast.cc:347) Objf is -1.3004, raw gradient is  [ 0.00107482 0.000679403 0.000280586 3.5738e-05 7.03205e-05 -0.00169016 ]

VLOG[3] (nnet-combine-fast[5.5]:StepSizeIteration():optimization.cc:240) In step size iteration, function value changed -1.30042 to -1.3004
VLOG[3] (nnet-combine-fast[5.5]:StepSizeIteration():optimization.cc:323) d = 2, iter = 7, action = accept
VLOG[3] (nnet-combine-fast[5.5]:AcceptStep():optimization.cc:194) Accepted step; length was 0.0182217, prod was -4.37756e-05
VLOG[2] (nnet-combine-fast[5.5]:DoBackpropParallel():nnet-update-parallel.cc:264) Did backprop on 2000 examples, average log-prob per frame is -1.3004
VLOG[2] (nnet-combine-fast[5.5]:ComputeObjfAndGradient():combine-nnet-fast.cc:347) Objf is -1.3004, raw gradient is  [ -7.34863e-05 -5.25684e-05 8.41513e-05 8.47092e-05 2.51957e-05 0.000650723 ]

VLOG[3] (nnet-combine-fast[5.5]:StepSizeIteration():optimization.cc:240) In step size iteration, function value changed -1.3004 to -1.3004
VLOG[3] (nnet-combine-fast[5.5]:StepSizeIteration():optimization.cc:323) d = 2, iter = 8, action = accept
VLOG[3] (nnet-combine-fast[5.5]:AcceptStep():optimization.cc:194) Accepted step; length was 0.00436618, prod was -8.53011e-06
LOG (nnet-combine-fast[5.5]:ComputeCurrentNnet():combine-nnet-fast.cc:373) Scale parameters are  [
  1.05609 0.817821 1.2197 0.960614 1.81542 1.0369 ]

LOG (nnet-combine-fast[5.5]:FastNnetCombiner():combine-nnet-fast.cc:152) Combining nnets, objf per frame changed from -1.30968 to -1.3004
LOG (nnet-combine-fast[5.5]:main():nnet-combine-fast.cc:124) Finished combining neural nets, wrote model to exp_dys_comb_vad/DNN/16.mdl
# Accounting: time=3 threads=1
# Ended (code 0) at Fri Mar 17 01:08:36 IST 2023, elapsed time 3 seconds
