# ali-to-post "ark:gunzip -c exp_dys_comb_vad/tri3_ali/pre_ali.5.gz|" ark:- | weight-silence-post 0.0 1:2:3:4:5:6:7:8:9:10 exp_dys_comb_vad/tri3/final.alimdl ark:- ark:- | gmm-post-to-gpost exp_dys_comb_vad/tri3/final.alimdl "ark,s,cs:apply-cmvn  --utt2spk=ark:data_dys_comb_vad/train_dys_pow_no_sil/split11/5/utt2spk scp:data_dys_comb_vad/train_dys_pow_no_sil/split11/5/cmvn.scp scp:data_dys_comb_vad/train_dys_pow_no_sil/split11/5/feats.scp ark:- | splice-feats --left-context=3 --right-context=3 ark:- ark:- | transform-feats exp_dys_comb_vad/tri3/final.mat ark:- ark:- |" ark:- ark:- | gmm-est-fmllr-gpost --fmllr-update-type=full --spk2utt=ark:data_dys_comb_vad/train_dys_pow_no_sil/split11/5/spk2utt exp_dys_comb_vad/tri3/final.mdl "ark,s,cs:apply-cmvn  --utt2spk=ark:data_dys_comb_vad/train_dys_pow_no_sil/split11/5/utt2spk scp:data_dys_comb_vad/train_dys_pow_no_sil/split11/5/cmvn.scp scp:data_dys_comb_vad/train_dys_pow_no_sil/split11/5/feats.scp ark:- | splice-feats --left-context=3 --right-context=3 ark:- ark:- | transform-feats exp_dys_comb_vad/tri3/final.mat ark:- ark:- |" ark,s,cs:- ark:exp_dys_comb_vad/tri3_ali/trans.5 
# Started at Fri Mar 17 00:10:42 IST 2023
#
ali-to-post 'ark:gunzip -c exp_dys_comb_vad/tri3_ali/pre_ali.5.gz|' ark:- 
weight-silence-post 0.0 1:2:3:4:5:6:7:8:9:10 exp_dys_comb_vad/tri3/final.alimdl ark:- ark:- 
gmm-est-fmllr-gpost --fmllr-update-type=full --spk2utt=ark:data_dys_comb_vad/train_dys_pow_no_sil/split11/5/spk2utt exp_dys_comb_vad/tri3/final.mdl 'ark,s,cs:apply-cmvn  --utt2spk=ark:data_dys_comb_vad/train_dys_pow_no_sil/split11/5/utt2spk scp:data_dys_comb_vad/train_dys_pow_no_sil/split11/5/cmvn.scp scp:data_dys_comb_vad/train_dys_pow_no_sil/split11/5/feats.scp ark:- | splice-feats --left-context=3 --right-context=3 ark:- ark:- | transform-feats exp_dys_comb_vad/tri3/final.mat ark:- ark:- |' ark,s,cs:- ark:exp_dys_comb_vad/tri3_ali/trans.5 
gmm-post-to-gpost exp_dys_comb_vad/tri3/final.alimdl 'ark,s,cs:apply-cmvn  --utt2spk=ark:data_dys_comb_vad/train_dys_pow_no_sil/split11/5/utt2spk scp:data_dys_comb_vad/train_dys_pow_no_sil/split11/5/cmvn.scp scp:data_dys_comb_vad/train_dys_pow_no_sil/split11/5/feats.scp ark:- | splice-feats --left-context=3 --right-context=3 ark:- ark:- | transform-feats exp_dys_comb_vad/tri3/final.mat ark:- ark:- |' ark:- ark:- 
transform-feats exp_dys_comb_vad/tri3/final.mat ark:- ark:- 
splice-feats --left-context=3 --right-context=3 ark:- ark:- 
apply-cmvn --utt2spk=ark:data_dys_comb_vad/train_dys_pow_no_sil/split11/5/utt2spk scp:data_dys_comb_vad/train_dys_pow_no_sil/split11/5/cmvn.scp scp:data_dys_comb_vad/train_dys_pow_no_sil/split11/5/feats.scp ark:- 
apply-cmvn --utt2spk=ark:data_dys_comb_vad/train_dys_pow_no_sil/split11/5/utt2spk scp:data_dys_comb_vad/train_dys_pow_no_sil/split11/5/cmvn.scp scp:data_dys_comb_vad/train_dys_pow_no_sil/split11/5/feats.scp ark:- 
transform-feats exp_dys_comb_vad/tri3/final.mat ark:- ark:- 
splice-feats --left-context=3 --right-context=3 ark:- ark:- 
LOG (gmm-est-fmllr-gpost[5.5]:ComputeFmllrMatrixDiagGmmFull():fmllr-diag-gmm.cc:262) fMLLR objf improvement is 4.0089 per frame over 281603 frames.
LOG (gmm-est-fmllr-gpost[5.5]:main():gmm-est-fmllr-gpost.cc:141) For speaker CM12, auxf-impr from fMLLR is 4.0089, over 281603 frames.

LOG (ali-to-post[5.5]:main():ali-to-post.cc:73) Converted 7647 alignments.
LOG (weight-silence-post[5.5]:main():weight-silence-post.cc:95) Done 7647 posteriors.
LOG (apply-cmvn[5.5]:main():apply-cmvn.cc:162) Applied cepstral mean normalization to 7647 utterances, errors on 0
LOG (apply-cmvn[5.5]:main():apply-cmvn.cc:162) Applied cepstral mean normalization to 7647 utterances, errors on 0
LOG (transform-feats[5.5]:main():transform-feats.cc:158) Overall average [pseudo-]logdet is -89.3309 over 977805 frames.
LOG (transform-feats[5.5]:main():transform-feats.cc:161) Applied transform to 7647 utterances; 0 had errors.
LOG (gmm-post-to-gpost[5.5]:main():gmm-post-to-gpost.cc:124) Done 7647 files, 0 with no posteriors, 0 with other errors.
LOG (gmm-post-to-gpost[5.5]:main():gmm-post-to-gpost.cc:128) Overall avg like per frame (Gaussian only) = -47.5765 over 543279 frames.
LOG (gmm-post-to-gpost[5.5]:main():gmm-post-to-gpost.cc:131) Done converting post to gpost
LOG (transform-feats[5.5]:main():transform-feats.cc:158) Overall average [pseudo-]logdet is -89.3309 over 977805 frames.
LOG (transform-feats[5.5]:main():transform-feats.cc:161) Applied transform to 7647 utterances; 0 had errors.
LOG (gmm-est-fmllr-gpost[5.5]:ComputeFmllrMatrixDiagGmmFull():fmllr-diag-gmm.cc:262) fMLLR objf improvement is 3.09426 per frame over 261676 frames.
LOG (gmm-est-fmllr-gpost[5.5]:main():gmm-est-fmllr-gpost.cc:141) For speaker CM13, auxf-impr from fMLLR is 3.09426, over 261676 frames.

LOG (gmm-est-fmllr-gpost[5.5]:main():gmm-est-fmllr-gpost.cc:186) Done 7647 files, 0 with no gposts, 0 with other errors.
LOG (gmm-est-fmllr-gpost[5.5]:main():gmm-est-fmllr-gpost.cc:188) Overall fMLLR auxf impr per frame is 3.56835 over 543279 frames.
# Accounting: time=13 threads=1
# Ended (code 0) at Fri Mar 17 00:10:55 IST 2023, elapsed time 13 seconds
