# ali-to-post "ark:gunzip -c exp_dys_comb_vad/tri3_ali/pre_ali.4.gz|" ark:- | weight-silence-post 0.0 1:2:3:4:5:6:7:8:9:10 exp_dys_comb_vad/tri3/final.alimdl ark:- ark:- | gmm-post-to-gpost exp_dys_comb_vad/tri3/final.alimdl "ark,s,cs:apply-cmvn  --utt2spk=ark:data_dys_comb_vad/train_dys_pow_no_sil/split11/4/utt2spk scp:data_dys_comb_vad/train_dys_pow_no_sil/split11/4/cmvn.scp scp:data_dys_comb_vad/train_dys_pow_no_sil/split11/4/feats.scp ark:- | splice-feats --left-context=3 --right-context=3 ark:- ark:- | transform-feats exp_dys_comb_vad/tri3/final.mat ark:- ark:- |" ark:- ark:- | gmm-est-fmllr-gpost --fmllr-update-type=full --spk2utt=ark:data_dys_comb_vad/train_dys_pow_no_sil/split11/4/spk2utt exp_dys_comb_vad/tri3/final.mdl "ark,s,cs:apply-cmvn  --utt2spk=ark:data_dys_comb_vad/train_dys_pow_no_sil/split11/4/utt2spk scp:data_dys_comb_vad/train_dys_pow_no_sil/split11/4/cmvn.scp scp:data_dys_comb_vad/train_dys_pow_no_sil/split11/4/feats.scp ark:- | splice-feats --left-context=3 --right-context=3 ark:- ark:- | transform-feats exp_dys_comb_vad/tri3/final.mat ark:- ark:- |" ark,s,cs:- ark:exp_dys_comb_vad/tri3_ali/trans.4 
# Started at Fri Mar 17 00:10:42 IST 2023
#
ali-to-post 'ark:gunzip -c exp_dys_comb_vad/tri3_ali/pre_ali.4.gz|' ark:- 
weight-silence-post 0.0 1:2:3:4:5:6:7:8:9:10 exp_dys_comb_vad/tri3/final.alimdl ark:- ark:- 
gmm-est-fmllr-gpost --fmllr-update-type=full --spk2utt=ark:data_dys_comb_vad/train_dys_pow_no_sil/split11/4/spk2utt exp_dys_comb_vad/tri3/final.mdl 'ark,s,cs:apply-cmvn  --utt2spk=ark:data_dys_comb_vad/train_dys_pow_no_sil/split11/4/utt2spk scp:data_dys_comb_vad/train_dys_pow_no_sil/split11/4/cmvn.scp scp:data_dys_comb_vad/train_dys_pow_no_sil/split11/4/feats.scp ark:- | splice-feats --left-context=3 --right-context=3 ark:- ark:- | transform-feats exp_dys_comb_vad/tri3/final.mat ark:- ark:- |' ark,s,cs:- ark:exp_dys_comb_vad/tri3_ali/trans.4 
gmm-post-to-gpost exp_dys_comb_vad/tri3/final.alimdl 'ark,s,cs:apply-cmvn  --utt2spk=ark:data_dys_comb_vad/train_dys_pow_no_sil/split11/4/utt2spk scp:data_dys_comb_vad/train_dys_pow_no_sil/split11/4/cmvn.scp scp:data_dys_comb_vad/train_dys_pow_no_sil/split11/4/feats.scp ark:- | splice-feats --left-context=3 --right-context=3 ark:- ark:- | transform-feats exp_dys_comb_vad/tri3/final.mat ark:- ark:- |' ark:- ark:- 
transform-feats exp_dys_comb_vad/tri3/final.mat ark:- ark:- 
apply-cmvn --utt2spk=ark:data_dys_comb_vad/train_dys_pow_no_sil/split11/4/utt2spk scp:data_dys_comb_vad/train_dys_pow_no_sil/split11/4/cmvn.scp scp:data_dys_comb_vad/train_dys_pow_no_sil/split11/4/feats.scp ark:- 
splice-feats --left-context=3 --right-context=3 ark:- ark:- 
apply-cmvn --utt2spk=ark:data_dys_comb_vad/train_dys_pow_no_sil/split11/4/utt2spk scp:data_dys_comb_vad/train_dys_pow_no_sil/split11/4/cmvn.scp scp:data_dys_comb_vad/train_dys_pow_no_sil/split11/4/feats.scp ark:- 
transform-feats exp_dys_comb_vad/tri3/final.mat ark:- ark:- 
splice-feats --left-context=3 --right-context=3 ark:- ark:- 
LOG (gmm-est-fmllr-gpost[5.5]:ComputeFmllrMatrixDiagGmmFull():fmllr-diag-gmm.cc:262) fMLLR objf improvement is 4.97778 per frame over 277213 frames.
LOG (gmm-est-fmllr-gpost[5.5]:main():gmm-est-fmllr-gpost.cc:141) For speaker CM09, auxf-impr from fMLLR is 4.97778, over 277213 frames.

LOG (ali-to-post[5.5]:main():ali-to-post.cc:73) Converted 7646 alignments.
LOG (weight-silence-post[5.5]:main():weight-silence-post.cc:95) Done 7646 posteriors.
LOG (apply-cmvn[5.5]:main():apply-cmvn.cc:162) Applied cepstral mean normalization to 7646 utterances, errors on 0
LOG (apply-cmvn[5.5]:main():apply-cmvn.cc:162) Applied cepstral mean normalization to 7646 utterances, errors on 0
LOG (transform-feats[5.5]:main():transform-feats.cc:158) Overall average [pseudo-]logdet is -89.3309 over 1.13961e+06 frames.
LOG (transform-feats[5.5]:main():transform-feats.cc:161) Applied transform to 7646 utterances; 0 had errors.
LOG (gmm-post-to-gpost[5.5]:main():gmm-post-to-gpost.cc:124) Done 7646 files, 0 with no posteriors, 0 with other errors.
LOG (gmm-post-to-gpost[5.5]:main():gmm-post-to-gpost.cc:128) Overall avg like per frame (Gaussian only) = -47.1462 over 579603 frames.
LOG (gmm-post-to-gpost[5.5]:main():gmm-post-to-gpost.cc:131) Done converting post to gpost
LOG (transform-feats[5.5]:main():transform-feats.cc:158) Overall average [pseudo-]logdet is -89.3309 over 1.13961e+06 frames.
LOG (transform-feats[5.5]:main():transform-feats.cc:161) Applied transform to 7646 utterances; 0 had errors.
LOG (gmm-est-fmllr-gpost[5.5]:ComputeFmllrMatrixDiagGmmFull():fmllr-diag-gmm.cc:262) fMLLR objf improvement is 2.80353 per frame over 302390 frames.
LOG (gmm-est-fmllr-gpost[5.5]:main():gmm-est-fmllr-gpost.cc:141) For speaker CM10, auxf-impr from fMLLR is 2.80353, over 302390 frames.

LOG (gmm-est-fmllr-gpost[5.5]:main():gmm-est-fmllr-gpost.cc:186) Done 7646 files, 0 with no gposts, 0 with other errors.
LOG (gmm-est-fmllr-gpost[5.5]:main():gmm-est-fmllr-gpost.cc:188) Overall fMLLR auxf impr per frame is 3.84344 over 579603 frames.
# Accounting: time=12 threads=1
# Ended (code 0) at Fri Mar 17 00:10:54 IST 2023, elapsed time 12 seconds
