# gmm-acc-stats-ali exp_dys_comb_vad/tri2/23.mdl "ark,s,cs:apply-cmvn  --utt2spk=ark:data_dys_comb_vad/train_dys_pow_no_sil/split11/2/utt2spk scp:data_dys_comb_vad/train_dys_pow_no_sil/split11/2/cmvn.scp scp:data_dys_comb_vad/train_dys_pow_no_sil/split11/2/feats.scp ark:- | splice-feats --left-context=3 --right-context=3 ark:- ark:- | transform-feats exp_dys_comb_vad/tri2/12.mat ark:- ark:- |" "ark,s,cs:gunzip -c exp_dys_comb_vad/tri2/ali.2.gz|" exp_dys_comb_vad/tri2/23.2.acc 
# Started at Thu Mar 16 23:59:51 IST 2023
#
gmm-acc-stats-ali exp_dys_comb_vad/tri2/23.mdl 'ark,s,cs:apply-cmvn  --utt2spk=ark:data_dys_comb_vad/train_dys_pow_no_sil/split11/2/utt2spk scp:data_dys_comb_vad/train_dys_pow_no_sil/split11/2/cmvn.scp scp:data_dys_comb_vad/train_dys_pow_no_sil/split11/2/feats.scp ark:- | splice-feats --left-context=3 --right-context=3 ark:- ark:- | transform-feats exp_dys_comb_vad/tri2/12.mat ark:- ark:- |' 'ark,s,cs:gunzip -c exp_dys_comb_vad/tri2/ali.2.gz|' exp_dys_comb_vad/tri2/23.2.acc 
transform-feats exp_dys_comb_vad/tri2/12.mat ark:- ark:- 
splice-feats --left-context=3 --right-context=3 ark:- ark:- 
apply-cmvn --utt2spk=ark:data_dys_comb_vad/train_dys_pow_no_sil/split11/2/utt2spk scp:data_dys_comb_vad/train_dys_pow_no_sil/split11/2/cmvn.scp scp:data_dys_comb_vad/train_dys_pow_no_sil/split11/2/feats.scp ark:- 
LOG (gmm-acc-stats-ali[5.5]:main():gmm-acc-stats-ali.cc:105) Processed 50 utterances; for utterance CF04_B1_C19_M8 avg. like is -56.1131 over 113 frames.
LOG (gmm-acc-stats-ali[5.5]:main():gmm-acc-stats-ali.cc:105) Processed 100 utterances; for utterance CF04_B1_CW100_M8 avg. like is -58.0434 over 110 frames.
LOG (gmm-acc-stats-ali[5.5]:main():gmm-acc-stats-ali.cc:105) Processed 150 utterances; for utterance CF04_B1_CW19_M8 avg. like is -52.8218 over 127 frames.
LOG (gmm-acc-stats-ali[5.5]:main():gmm-acc-stats-ali.cc:105) Processed 200 utterances; for utterance CF04_B1_CW28_M8 avg. like is -57.8224 over 141 frames.
LOG (gmm-acc-stats-ali[5.5]:main():gmm-acc-stats-ali.cc:105) Processed 250 utterances; for utterance CF04_B1_CW37_M8 avg. like is -60.5482 over 133 frames.
LOG (gmm-acc-stats-ali[5.5]:main():gmm-acc-stats-ali.cc:105) Processed 300 utterances; for utterance CF04_B1_CW46_M8 avg. like is -43.2265 over 147 frames.
LOG (gmm-acc-stats-ali[5.5]:main():gmm-acc-stats-ali.cc:105) Processed 350 utterances; for utterance CF04_B1_CW55_M8 avg. like is -45.3939 over 151 frames.
LOG (gmm-acc-stats-ali[5.5]:main():gmm-acc-stats-ali.cc:105) Processed 400 utterances; for utterance CF04_B1_CW64_M8 avg. like is -57.6064 over 134 frames.
LOG (gmm-acc-stats-ali[5.5]:main():gmm-acc-stats-ali.cc:105) Processed 450 utterances; for utterance CF04_B1_CW73_M8 avg. like is -63.6199 over 139 frames.
LOG (gmm-acc-stats-ali[5.5]:main():gmm-acc-stats-ali.cc:105) Processed 500 utterances; for utterance CF04_B1_CW82_M8 avg. like is -45.3524 over 144 frames.
LOG (gmm-acc-stats-ali[5.5]:main():gmm-acc-stats-ali.cc:105) Processed 550 utterances; for utterance CF04_B1_CW91_M8 avg. like is -52.1826 over 135 frames.
LOG (gmm-acc-stats-ali[5.5]:main():gmm-acc-stats-ali.cc:105) Processed 600 utterances; for utterance CF04_B1_D0_M8 avg. like is -50.5579 over 190 frames.
LOG (gmm-acc-stats-ali[5.5]:main():gmm-acc-stats-ali.cc:105) Processed 650 utterances; for utterance CF04_B1_LA_M8 avg. like is -45.1715 over 152 frames.
LOG (gmm-acc-stats-ali[5.5]:main():gmm-acc-stats-ali.cc:105) Processed 700 utterances; for utterance CF04_B1_LK_M8 avg. like is -45.7027 over 151 frames.
LOG (gmm-acc-stats-ali[5.5]:main():gmm-acc-stats-ali.cc:105) Processed 750 utterances; for utterance CF04_B1_LU_M8 avg. like is -44.0126 over 163 frames.
LOG (gmm-acc-stats-ali[5.5]:main():gmm-acc-stats-ali.cc:105) Processed 800 utterances; for utterance CF04_B1_UW13_M8 avg. like is -55.1555 over 166 frames.
LOG (gmm-acc-stats-ali[5.5]:main():gmm-acc-stats-ali.cc:105) Processed 850 utterances; for utterance CF04_B1_UW22_M8 avg. like is -56.8039 over 174 frames.
LOG (gmm-acc-stats-ali[5.5]:main():gmm-acc-stats-ali.cc:105) Processed 900 utterances; for utterance CF04_B1_UW31_M8 avg. like is -55.028 over 151 frames.
LOG (gmm-acc-stats-ali[5.5]:main():gmm-acc-stats-ali.cc:105) Processed 950 utterances; for utterance CF04_B1_UW40_M8 avg. like is -58.9066 over 137 frames.
LOG (gmm-acc-stats-ali[5.5]:main():gmm-acc-stats-ali.cc:105) Processed 1000 utterances; for utterance CF04_B1_UW4_M8 avg. like is -50.0073 over 188 frames.
LOG (gmm-acc-stats-ali[5.5]:main():gmm-acc-stats-ali.cc:105) Processed 1050 utterances; for utterance CF04_B1_UW59_M8 avg. like is -56.5973 over 143 frames.
LOG (gmm-acc-stats-ali[5.5]:main():gmm-acc-stats-ali.cc:105) Processed 1100 utterances; for utterance CF04_B1_UW68_M8 avg. like is -53.2775 over 175 frames.
LOG (gmm-acc-stats-ali[5.5]:main():gmm-acc-stats-ali.cc:105) Processed 1150 utterances; for utterance CF04_B1_UW77_M8 avg. like is -45.1049 over 160 frames.
LOG (gmm-acc-stats-ali[5.5]:main():gmm-acc-stats-ali.cc:105) Processed 1200 utterances; for utterance CF04_B1_UW86_M8 avg. like is -53.8323 over 133 frames.
LOG (gmm-acc-stats-ali[5.5]:main():gmm-acc-stats-ali.cc:105) Processed 1250 utterances; for utterance CF04_B1_UW95_M8 avg. like is -49.6496 over 155 frames.
LOG (gmm-acc-stats-ali[5.5]:main():gmm-acc-stats-ali.cc:105) Processed 1300 utterances; for utterance CF04_B2_C14_M8 avg. like is -54.3264 over 160 frames.
LOG (gmm-acc-stats-ali[5.5]:main():gmm-acc-stats-ali.cc:105) Processed 1350 utterances; for utterance CF04_B2_C5_M8 avg. like is -54.8575 over 170 frames.
LOG (gmm-acc-stats-ali[5.5]:main():gmm-acc-stats-ali.cc:105) Processed 1400 utterances; for utterance CF04_B2_CW14_M8 avg. like is -50.9459 over 139 frames.
LOG (gmm-acc-stats-ali[5.5]:main():gmm-acc-stats-ali.cc:105) Processed 1450 utterances; for utterance CF04_B2_CW23_M8 avg. like is -55.1991 over 146 frames.
LOG (gmm-acc-stats-ali[5.5]:main():gmm-acc-stats-ali.cc:105) Processed 1500 utterances; for utterance CF04_B2_CW32_M8 avg. like is -56.0379 over 122 frames.
LOG (gmm-acc-stats-ali[5.5]:main():gmm-acc-stats-ali.cc:105) Processed 1550 utterances; for utterance CF04_B2_CW41_M8 avg. like is -57.2941 over 151 frames.
LOG (gmm-acc-stats-ali[5.5]:main():gmm-acc-stats-ali.cc:105) Processed 1600 utterances; for utterance CF04_B2_CW50_M8 avg. like is -55.1848 over 149 frames.
LOG (gmm-acc-stats-ali[5.5]:main():gmm-acc-stats-ali.cc:105) Processed 1650 utterances; for utterance CF04_B2_CW5_M8 avg. like is -54.9541 over 134 frames.
LOG (gmm-acc-stats-ali[5.5]:main():gmm-acc-stats-ali.cc:105) Processed 1700 utterances; for utterance CF04_B2_CW6_M3 avg. like is -51.0066 over 141 frames.
LOG (gmm-acc-stats-ali[5.5]:main():gmm-acc-stats-ali.cc:105) Processed 1750 utterances; for utterance CF04_B2_CW79_M3 avg. like is -49.4748 over 146 frames.
LOG (gmm-acc-stats-ali[5.5]:main():gmm-acc-stats-ali.cc:105) Processed 1800 utterances; for utterance CF04_B2_CW88_M3 avg. like is -45.1583 over 153 frames.
LOG (gmm-acc-stats-ali[5.5]:main():gmm-acc-stats-ali.cc:105) Processed 1850 utterances; for utterance CF04_B2_CW97_M3 avg. like is -49.8907 over 136 frames.
LOG (gmm-acc-stats-ali[5.5]:main():gmm-acc-stats-ali.cc:105) Processed 1900 utterances; for utterance CF04_B2_D6_M3 avg. like is -53.7582 over 132 frames.
LOG (gmm-acc-stats-ali[5.5]:main():gmm-acc-stats-ali.cc:105) Processed 1950 utterances; for utterance CF04_B2_LG_M3 avg. like is -51.1074 over 155 frames.
LOG (gmm-acc-stats-ali[5.5]:main():gmm-acc-stats-ali.cc:105) Processed 2000 utterances; for utterance CF04_B2_LQ_M3 avg. like is -48.3622 over 140 frames.
LOG (gmm-acc-stats-ali[5.5]:main():gmm-acc-stats-ali.cc:105) Processed 2050 utterances; for utterance CF04_B2_UW100_M3 avg. like is -50.4759 over 138 frames.
LOG (gmm-acc-stats-ali[5.5]:main():gmm-acc-stats-ali.cc:105) Processed 2100 utterances; for utterance CF04_B2_UW19_M3 avg. like is -49.5686 over 186 frames.
LOG (gmm-acc-stats-ali[5.5]:main():gmm-acc-stats-ali.cc:105) Processed 2150 utterances; for utterance CF04_B2_UW28_M3 avg. like is -47.4586 over 161 frames.
LOG (gmm-acc-stats-ali[5.5]:main():gmm-acc-stats-ali.cc:105) Processed 2200 utterances; for utterance CF04_B2_UW37_M3 avg. like is -45.6356 over 212 frames.
LOG (gmm-acc-stats-ali[5.5]:main():gmm-acc-stats-ali.cc:105) Processed 2250 utterances; for utterance CF04_B2_UW46_M3 avg. like is -45.0257 over 175 frames.
LOG (gmm-acc-stats-ali[5.5]:main():gmm-acc-stats-ali.cc:105) Processed 2300 utterances; for utterance CF04_B2_UW55_M3 avg. like is -53.4495 over 123 frames.
LOG (gmm-acc-stats-ali[5.5]:main():gmm-acc-stats-ali.cc:105) Processed 2350 utterances; for utterance CF04_B2_UW64_M3 avg. like is -52.4676 over 152 frames.
LOG (gmm-acc-stats-ali[5.5]:main():gmm-acc-stats-ali.cc:105) Processed 2400 utterances; for utterance CF04_B2_UW73_M3 avg. like is -54.8927 over 147 frames.
LOG (gmm-acc-stats-ali[5.5]:main():gmm-acc-stats-ali.cc:105) Processed 2450 utterances; for utterance CF04_B2_UW82_M3 avg. like is -48.0919 over 150 frames.
LOG (gmm-acc-stats-ali[5.5]:main():gmm-acc-stats-ali.cc:105) Processed 2500 utterances; for utterance CF04_B2_UW91_M3 avg. like is -49.5198 over 153 frames.
LOG (gmm-acc-stats-ali[5.5]:main():gmm-acc-stats-ali.cc:105) Processed 2550 utterances; for utterance CF04_B3_C10_M3 avg. like is -44.5947 over 145 frames.
LOG (gmm-acc-stats-ali[5.5]:main():gmm-acc-stats-ali.cc:105) Processed 2600 utterances; for utterance CF04_B3_C1_M3 avg. like is -44.8586 over 184 frames.
LOG (gmm-acc-stats-ali[5.5]:main():gmm-acc-stats-ali.cc:105) Processed 2650 utterances; for utterance CF04_B3_CW10_M3 avg. like is -52.4073 over 139 frames.
LOG (gmm-acc-stats-ali[5.5]:main():gmm-acc-stats-ali.cc:105) Processed 2700 utterances; for utterance CF04_B3_CW1_M3 avg. like is -44.6662 over 125 frames.
LOG (gmm-acc-stats-ali[5.5]:main():gmm-acc-stats-ali.cc:105) Processed 2750 utterances; for utterance CF04_B3_CW29_M3 avg. like is -49.3511 over 143 frames.
LOG (gmm-acc-stats-ali[5.5]:main():gmm-acc-stats-ali.cc:105) Processed 2800 utterances; for utterance CF04_B3_CW38_M3 avg. like is -50.3194 over 144 frames.
LOG (gmm-acc-stats-ali[5.5]:main():gmm-acc-stats-ali.cc:105) Processed 2850 utterances; for utterance CF04_B3_CW47_M3 avg. like is -49.9177 over 172 frames.
LOG (gmm-acc-stats-ali[5.5]:main():gmm-acc-stats-ali.cc:105) Processed 2900 utterances; for utterance CF04_B3_CW56_M3 avg. like is -53.6586 over 148 frames.
LOG (gmm-acc-stats-ali[5.5]:main():gmm-acc-stats-ali.cc:105) Processed 2950 utterances; for utterance CF04_B3_CW65_M3 avg. like is -58.7888 over 159 frames.
LOG (gmm-acc-stats-ali[5.5]:main():gmm-acc-stats-ali.cc:105) Processed 3000 utterances; for utterance CF04_B3_CW74_M3 avg. like is -50.373 over 149 frames.
LOG (gmm-acc-stats-ali[5.5]:main():gmm-acc-stats-ali.cc:105) Processed 3050 utterances; for utterance CF04_B3_CW83_M3 avg. like is -50.8782 over 138 frames.
LOG (gmm-acc-stats-ali[5.5]:main():gmm-acc-stats-ali.cc:105) Processed 3100 utterances; for utterance CF04_B3_CW92_M3 avg. like is -53.9191 over 148 frames.
LOG (gmm-acc-stats-ali[5.5]:main():gmm-acc-stats-ali.cc:105) Processed 3150 utterances; for utterance CF04_B3_D1_M3 avg. like is -53.4446 over 125 frames.
LOG (gmm-acc-stats-ali[5.5]:main():gmm-acc-stats-ali.cc:105) Processed 3200 utterances; for utterance CF04_B3_LB_M3 avg. like is -44.6704 over 170 frames.
LOG (gmm-acc-stats-ali[5.5]:main():gmm-acc-stats-ali.cc:105) Processed 3250 utterances; for utterance CF04_B3_LL_M3 avg. like is -41.7351 over 155 frames.
LOG (gmm-acc-stats-ali[5.5]:main():gmm-acc-stats-ali.cc:105) Processed 3300 utterances; for utterance CF04_B3_LV_M3 avg. like is -52.4015 over 166 frames.
LOG (gmm-acc-stats-ali[5.5]:main():gmm-acc-stats-ali.cc:105) Processed 3350 utterances; for utterance CF04_B3_UW14_M3 avg. like is -47.2972 over 182 frames.
LOG (gmm-acc-stats-ali[5.5]:main():gmm-acc-stats-ali.cc:105) Processed 3400 utterances; for utterance CF04_B3_UW23_M5 avg. like is -46.9057 over 184 frames.
LOG (gmm-acc-stats-ali[5.5]:main():gmm-acc-stats-ali.cc:105) Processed 3450 utterances; for utterance CF04_B3_UW32_M5 avg. like is -52.2777 over 199 frames.
LOG (gmm-acc-stats-ali[5.5]:main():gmm-acc-stats-ali.cc:105) Processed 3500 utterances; for utterance CF04_B3_UW41_M5 avg. like is -53.9203 over 215 frames.
LOG (gmm-acc-stats-ali[5.5]:main():gmm-acc-stats-ali.cc:105) Processed 3550 utterances; for utterance CF04_B3_UW50_M5 avg. like is -48.3875 over 169 frames.
LOG (gmm-acc-stats-ali[5.5]:main():gmm-acc-stats-ali.cc:105) Processed 3600 utterances; for utterance CF04_B3_UW5_M5 avg. like is -53.5147 over 137 frames.
LOG (gmm-acc-stats-ali[5.5]:main():gmm-acc-stats-ali.cc:105) Processed 3650 utterances; for utterance CF04_B3_UW69_M5 avg. like is -49.5956 over 195 frames.
LOG (gmm-acc-stats-ali[5.5]:main():gmm-acc-stats-ali.cc:105) Processed 3700 utterances; for utterance CF04_B3_UW78_M5 avg. like is -45.3662 over 172 frames.
LOG (gmm-acc-stats-ali[5.5]:main():gmm-acc-stats-ali.cc:105) Processed 3750 utterances; for utterance CF04_B3_UW87_M5 avg. like is -45.8331 over 184 frames.
LOG (gmm-acc-stats-ali[5.5]:main():gmm-acc-stats-ali.cc:105) Processed 3800 utterances; for utterance CF04_B3_UW96_M5 avg. like is -44.4812 over 181 frames.
LOG (gmm-acc-stats-ali[5.5]:main():gmm-acc-stats-ali.cc:105) Processed 3850 utterances; for utterance CM04_B1_C15_M5 avg. like is -57.2167 over 122 frames.
LOG (gmm-acc-stats-ali[5.5]:main():gmm-acc-stats-ali.cc:105) Processed 3900 utterances; for utterance CM04_B1_C6_M5 avg. like is -43.3249 over 151 frames.
LOG (gmm-acc-stats-ali[5.5]:main():gmm-acc-stats-ali.cc:105) Processed 3950 utterances; for utterance CM04_B1_CW15_M5 avg. like is -54.6341 over 116 frames.
LOG (gmm-acc-stats-ali[5.5]:main():gmm-acc-stats-ali.cc:105) Processed 4000 utterances; for utterance CM04_B1_CW24_M5 avg. like is -54.513 over 161 frames.
LOG (gmm-acc-stats-ali[5.5]:main():gmm-acc-stats-ali.cc:105) Processed 4050 utterances; for utterance CM04_B1_CW33_M5 avg. like is -58.2104 over 127 frames.
LOG (gmm-acc-stats-ali[5.5]:main():gmm-acc-stats-ali.cc:105) Processed 4100 utterances; for utterance CM04_B1_CW42_M5 avg. like is -47.4184 over 143 frames.
LOG (gmm-acc-stats-ali[5.5]:main():gmm-acc-stats-ali.cc:105) Processed 4150 utterances; for utterance CM04_B1_CW51_M5 avg. like is -62.1746 over 126 frames.
LOG (gmm-acc-stats-ali[5.5]:main():gmm-acc-stats-ali.cc:105) Processed 4200 utterances; for utterance CM04_B1_CW60_M5 avg. like is -59.9549 over 137 frames.
LOG (gmm-acc-stats-ali[5.5]:main():gmm-acc-stats-ali.cc:105) Processed 4250 utterances; for utterance CM04_B1_CW6_M5 avg. like is -57.4058 over 126 frames.
LOG (gmm-acc-stats-ali[5.5]:main():gmm-acc-stats-ali.cc:105) Processed 4300 utterances; for utterance CM04_B1_CW79_M5 avg. like is -52.7479 over 138 frames.
LOG (gmm-acc-stats-ali[5.5]:main():gmm-acc-stats-ali.cc:105) Processed 4350 utterances; for utterance CM04_B1_CW88_M5 avg. like is -49.9753 over 115 frames.
LOG (gmm-acc-stats-ali[5.5]:main():gmm-acc-stats-ali.cc:105) Processed 4400 utterances; for utterance CM04_B1_CW97_M5 avg. like is -50.1426 over 122 frames.
LOG (gmm-acc-stats-ali[5.5]:main():gmm-acc-stats-ali.cc:105) Processed 4450 utterances; for utterance CM04_B1_D6_M5 avg. like is -57.6184 over 109 frames.
LOG (gmm-acc-stats-ali[5.5]:main():gmm-acc-stats-ali.cc:105) Processed 4500 utterances; for utterance CM04_B1_LG_M5 avg. like is -44.8074 over 144 frames.
LOG (gmm-acc-stats-ali[5.5]:main():gmm-acc-stats-ali.cc:105) Processed 4550 utterances; for utterance CM04_B1_LQ_M5 avg. like is -45.6468 over 144 frames.
LOG (gmm-acc-stats-ali[5.5]:main():gmm-acc-stats-ali.cc:105) Processed 4600 utterances; for utterance CM04_B1_UW100_M5 avg. like is -46.0607 over 151 frames.
LOG (gmm-acc-stats-ali[5.5]:main():gmm-acc-stats-ali.cc:105) Processed 4650 utterances; for utterance CM04_B1_UW19_M5 avg. like is -45.8472 over 181 frames.
LOG (gmm-acc-stats-ali[5.5]:main():gmm-acc-stats-ali.cc:105) Processed 4700 utterances; for utterance CM04_B1_UW28_M5 avg. like is -66.3472 over 152 frames.
LOG (gmm-acc-stats-ali[5.5]:main():gmm-acc-stats-ali.cc:105) Processed 4750 utterances; for utterance CM04_B1_UW37_M5 avg. like is -50.4927 over 173 frames.
LOG (gmm-acc-stats-ali[5.5]:main():gmm-acc-stats-ali.cc:105) Processed 4800 utterances; for utterance CM04_B1_UW46_M5 avg. like is -48.1991 over 186 frames.
LOG (gmm-acc-stats-ali[5.5]:main():gmm-acc-stats-ali.cc:105) Processed 4850 utterances; for utterance CM04_B1_UW55_M5 avg. like is -46.1766 over 174 frames.
LOG (gmm-acc-stats-ali[5.5]:main():gmm-acc-stats-ali.cc:105) Processed 4900 utterances; for utterance CM04_B1_UW64_M5 avg. like is -45.3453 over 160 frames.
LOG (gmm-acc-stats-ali[5.5]:main():gmm-acc-stats-ali.cc:105) Processed 4950 utterances; for utterance CM04_B1_UW73_M5 avg. like is -63.0757 over 131 frames.
LOG (gmm-acc-stats-ali[5.5]:main():gmm-acc-stats-ali.cc:105) Processed 5000 utterances; for utterance CM04_B1_UW82_M6 avg. like is -56.8841 over 133 frames.
LOG (gmm-acc-stats-ali[5.5]:main():gmm-acc-stats-ali.cc:105) Processed 5050 utterances; for utterance CM04_B1_UW91_M6 avg. like is -47.7772 over 154 frames.
LOG (gmm-acc-stats-ali[5.5]:main():gmm-acc-stats-ali.cc:105) Processed 5100 utterances; for utterance CM04_B2_C10_M6 avg. like is -53.5902 over 165 frames.
LOG (gmm-acc-stats-ali[5.5]:main():gmm-acc-stats-ali.cc:105) Processed 5150 utterances; for utterance CM04_B2_C1_M6 avg. like is -44.7336 over 137 frames.
LOG (gmm-acc-stats-ali[5.5]:main():gmm-acc-stats-ali.cc:105) Processed 5200 utterances; for utterance CM04_B2_CW10_M6 avg. like is -50.7785 over 105 frames.
LOG (gmm-acc-stats-ali[5.5]:main():gmm-acc-stats-ali.cc:105) Processed 5250 utterances; for utterance CM04_B2_CW1_M6 avg. like is -46.4399 over 137 frames.
LOG (gmm-acc-stats-ali[5.5]:main():gmm-acc-stats-ali.cc:105) Processed 5300 utterances; for utterance CM04_B2_CW29_M6 avg. like is -47.3938 over 108 frames.
LOG (gmm-acc-stats-ali[5.5]:main():gmm-acc-stats-ali.cc:105) Processed 5350 utterances; for utterance CM04_B2_CW38_M6 avg. like is -53.3398 over 118 frames.
LOG (gmm-acc-stats-ali[5.5]:main():gmm-acc-stats-ali.cc:105) Processed 5400 utterances; for utterance CM04_B2_CW47_M6 avg. like is -50.7205 over 108 frames.
LOG (gmm-acc-stats-ali[5.5]:main():gmm-acc-stats-ali.cc:105) Processed 5450 utterances; for utterance CM04_B2_CW56_M6 avg. like is -48.4269 over 124 frames.
LOG (gmm-acc-stats-ali[5.5]:main():gmm-acc-stats-ali.cc:105) Processed 5500 utterances; for utterance CM04_B2_CW65_M6 avg. like is -51.5229 over 149 frames.
LOG (gmm-acc-stats-ali[5.5]:main():gmm-acc-stats-ali.cc:105) Processed 5550 utterances; for utterance CM04_B2_CW74_M6 avg. like is -52.2312 over 117 frames.
LOG (gmm-acc-stats-ali[5.5]:main():gmm-acc-stats-ali.cc:105) Processed 5600 utterances; for utterance CM04_B2_CW83_M6 avg. like is -54.1511 over 151 frames.
LOG (gmm-acc-stats-ali[5.5]:main():gmm-acc-stats-ali.cc:105) Processed 5650 utterances; for utterance CM04_B2_CW92_M6 avg. like is -52.7229 over 104 frames.
LOG (gmm-acc-stats-ali[5.5]:main():gmm-acc-stats-ali.cc:105) Processed 5700 utterances; for utterance CM04_B2_D1_M6 avg. like is -48.0512 over 146 frames.
LOG (gmm-acc-stats-ali[5.5]:main():gmm-acc-stats-ali.cc:105) Processed 5750 utterances; for utterance CM04_B2_LB_M6 avg. like is -46.3708 over 137 frames.
LOG (gmm-acc-stats-ali[5.5]:main():gmm-acc-stats-ali.cc:105) Processed 5800 utterances; for utterance CM04_B2_LL_M6 avg. like is -48.8301 over 121 frames.
LOG (gmm-acc-stats-ali[5.5]:main():gmm-acc-stats-ali.cc:105) Processed 5850 utterances; for utterance CM04_B2_LV_M6 avg. like is -46.1801 over 135 frames.
LOG (gmm-acc-stats-ali[5.5]:main():gmm-acc-stats-ali.cc:105) Processed 5900 utterances; for utterance CM04_B2_UW14_M6 avg. like is -45.4224 over 128 frames.
LOG (gmm-acc-stats-ali[5.5]:main():gmm-acc-stats-ali.cc:105) Processed 5950 utterances; for utterance CM04_B2_UW23_M6 avg. like is -52.5636 over 145 frames.
LOG (gmm-acc-stats-ali[5.5]:main():gmm-acc-stats-ali.cc:105) Processed 6000 utterances; for utterance CM04_B2_UW32_M6 avg. like is -46.9354 over 180 frames.
LOG (gmm-acc-stats-ali[5.5]:main():gmm-acc-stats-ali.cc:105) Processed 6050 utterances; for utterance CM04_B2_UW41_M6 avg. like is -45.2986 over 140 frames.
LOG (gmm-acc-stats-ali[5.5]:main():gmm-acc-stats-ali.cc:105) Processed 6100 utterances; for utterance CM04_B2_UW50_M6 avg. like is -43.9656 over 216 frames.
LOG (gmm-acc-stats-ali[5.5]:main():gmm-acc-stats-ali.cc:105) Processed 6150 utterances; for utterance CM04_B2_UW5_M6 avg. like is -47.0935 over 165 frames.
LOG (gmm-acc-stats-ali[5.5]:main():gmm-acc-stats-ali.cc:105) Processed 6200 utterances; for utterance CM04_B2_UW69_M6 avg. like is -44.607 over 155 frames.
LOG (gmm-acc-stats-ali[5.5]:main():gmm-acc-stats-ali.cc:105) Processed 6250 utterances; for utterance CM04_B2_UW78_M6 avg. like is -50.6912 over 168 frames.
LOG (gmm-acc-stats-ali[5.5]:main():gmm-acc-stats-ali.cc:105) Processed 6300 utterances; for utterance CM04_B2_UW87_M6 avg. like is -56.765 over 170 frames.
LOG (gmm-acc-stats-ali[5.5]:main():gmm-acc-stats-ali.cc:105) Processed 6350 utterances; for utterance CM04_B2_UW96_M6 avg. like is -42.0359 over 164 frames.
LOG (gmm-acc-stats-ali[5.5]:main():gmm-acc-stats-ali.cc:105) Processed 6400 utterances; for utterance CM04_B3_C15_M6 avg. like is -56.7986 over 120 frames.
LOG (gmm-acc-stats-ali[5.5]:main():gmm-acc-stats-ali.cc:105) Processed 6450 utterances; for utterance CM04_B3_C6_M6 avg. like is -47.4384 over 117 frames.
LOG (gmm-acc-stats-ali[5.5]:main():gmm-acc-stats-ali.cc:105) Processed 6500 utterances; for utterance CM04_B3_CW15_M6 avg. like is -52.4946 over 158 frames.
LOG (gmm-acc-stats-ali[5.5]:main():gmm-acc-stats-ali.cc:105) Processed 6550 utterances; for utterance CM04_B3_CW24_M6 avg. like is -49.3194 over 117 frames.
LOG (gmm-acc-stats-ali[5.5]:main():gmm-acc-stats-ali.cc:105) Processed 6600 utterances; for utterance CM04_B3_CW33_M6 avg. like is -52.9262 over 143 frames.
LOG (gmm-acc-stats-ali[5.5]:main():gmm-acc-stats-ali.cc:105) Processed 6650 utterances; for utterance CM04_B3_CW42_M6 avg. like is -41.6336 over 145 frames.
LOG (gmm-acc-stats-ali[5.5]:main():gmm-acc-stats-ali.cc:105) Processed 6700 utterances; for utterance CM04_B3_CW51_M6 avg. like is -44.16 over 104 frames.
LOG (gmm-acc-stats-ali[5.5]:main():gmm-acc-stats-ali.cc:105) Processed 6750 utterances; for utterance CM04_B3_CW60_M6 avg. like is -49.5239 over 107 frames.
LOG (gmm-acc-stats-ali[5.5]:main():gmm-acc-stats-ali.cc:105) Processed 6800 utterances; for utterance CM04_B3_CW6_M6 avg. like is -50.8497 over 148 frames.
LOG (gmm-acc-stats-ali[5.5]:main():gmm-acc-stats-ali.cc:105) Processed 6850 utterances; for utterance CM04_B3_CW79_M6 avg. like is -44.7577 over 123 frames.
LOG (gmm-acc-stats-ali[5.5]:main():gmm-acc-stats-ali.cc:105) Processed 6900 utterances; for utterance CM04_B3_CW88_M6 avg. like is -52.3176 over 116 frames.
LOG (gmm-acc-stats-ali[5.5]:main():gmm-acc-stats-ali.cc:105) Processed 6950 utterances; for utterance CM04_B3_CW97_M6 avg. like is -43.2176 over 106 frames.
LOG (gmm-acc-stats-ali[5.5]:main():gmm-acc-stats-ali.cc:105) Processed 7000 utterances; for utterance CM04_B3_D6_M6 avg. like is -58.9929 over 118 frames.
LOG (gmm-acc-stats-ali[5.5]:main():gmm-acc-stats-ali.cc:105) Processed 7050 utterances; for utterance CM04_B3_LG_M6 avg. like is -54.1322 over 117 frames.
LOG (gmm-acc-stats-ali[5.5]:main():gmm-acc-stats-ali.cc:105) Processed 7100 utterances; for utterance CM04_B3_LQ_M6 avg. like is -47.2565 over 153 frames.
LOG (gmm-acc-stats-ali[5.5]:main():gmm-acc-stats-ali.cc:105) Processed 7150 utterances; for utterance CM04_B3_UW100_M6 avg. like is -51.7746 over 138 frames.
LOG (gmm-acc-stats-ali[5.5]:main():gmm-acc-stats-ali.cc:105) Processed 7200 utterances; for utterance CM04_B3_UW19_M6 avg. like is -47.6914 over 136 frames.
LOG (gmm-acc-stats-ali[5.5]:main():gmm-acc-stats-ali.cc:105) Processed 7250 utterances; for utterance CM04_B3_UW28_M6 avg. like is -45.4814 over 135 frames.
LOG (gmm-acc-stats-ali[5.5]:main():gmm-acc-stats-ali.cc:105) Processed 7300 utterances; for utterance CM04_B3_UW37_M6 avg. like is -54.3867 over 113 frames.
LOG (gmm-acc-stats-ali[5.5]:main():gmm-acc-stats-ali.cc:105) Processed 7350 utterances; for utterance CM04_B3_UW46_M6 avg. like is -51.2372 over 193 frames.
LOG (gmm-acc-stats-ali[5.5]:main():gmm-acc-stats-ali.cc:105) Processed 7400 utterances; for utterance CM04_B3_UW55_M6 avg. like is -43.5893 over 164 frames.
LOG (gmm-acc-stats-ali[5.5]:main():gmm-acc-stats-ali.cc:105) Processed 7450 utterances; for utterance CM04_B3_UW64_M6 avg. like is -49.2567 over 139 frames.
LOG (gmm-acc-stats-ali[5.5]:main():gmm-acc-stats-ali.cc:105) Processed 7500 utterances; for utterance CM04_B3_UW73_M6 avg. like is -49.2341 over 155 frames.
LOG (gmm-acc-stats-ali[5.5]:main():gmm-acc-stats-ali.cc:105) Processed 7550 utterances; for utterance CM04_B3_UW82_M6 avg. like is -45.5782 over 183 frames.
LOG (gmm-acc-stats-ali[5.5]:main():gmm-acc-stats-ali.cc:105) Processed 7600 utterances; for utterance CM04_B3_UW91_M6 avg. like is -46.2612 over 131 frames.
LOG (gmm-acc-stats-ali[5.5]:main():gmm-acc-stats-ali.cc:105) Processed 7650 utterances; for utterance CM05_B1_C10_M6 avg. like is -40.2899 over 130 frames.
LOG (gmm-acc-stats-ali[5.5]:main():gmm-acc-stats-ali.cc:105) Processed 7700 utterances; for utterance CM05_B1_C1_M6 avg. like is -43.2829 over 122 frames.
LOG (gmm-acc-stats-ali[5.5]:main():gmm-acc-stats-ali.cc:105) Processed 7750 utterances; for utterance CM05_B1_CW10_M6 avg. like is -52.5739 over 93 frames.
LOG (gmm-acc-stats-ali[5.5]:main():gmm-acc-stats-ali.cc:105) Processed 7800 utterances; for utterance CM05_B1_CW1_M6 avg. like is -48.6052 over 123 frames.
LOG (gmm-acc-stats-ali[5.5]:main():gmm-acc-stats-ali.cc:105) Processed 7850 utterances; for utterance CM05_B1_CW29_M6 avg. like is -56.5468 over 108 frames.
LOG (gmm-acc-stats-ali[5.5]:main():gmm-acc-stats-ali.cc:105) Processed 7900 utterances; for utterance CM05_B1_CW38_M6 avg. like is -42.6127 over 121 frames.
LOG (gmm-acc-stats-ali[5.5]:main():gmm-acc-stats-ali.cc:105) Processed 7950 utterances; for utterance CM05_B1_CW47_M6 avg. like is -50.8458 over 105 frames.
LOG (gmm-acc-stats-ali[5.5]:main():gmm-acc-stats-ali.cc:105) Processed 8000 utterances; for utterance CM05_B1_CW56_M6 avg. like is -45.9016 over 119 frames.
LOG (gmm-acc-stats-ali[5.5]:main():gmm-acc-stats-ali.cc:105) Processed 8050 utterances; for utterance CM05_B1_CW65_M6 avg. like is -41.6768 over 123 frames.
LOG (gmm-acc-stats-ali[5.5]:main():gmm-acc-stats-ali.cc:105) Processed 8100 utterances; for utterance CM05_B1_CW74_M6 avg. like is -45.0897 over 108 frames.
LOG (gmm-acc-stats-ali[5.5]:main():gmm-acc-stats-ali.cc:105) Processed 8150 utterances; for utterance CM05_B1_CW83_M6 avg. like is -40.5492 over 101 frames.
LOG (gmm-acc-stats-ali[5.5]:main():gmm-acc-stats-ali.cc:105) Processed 8200 utterances; for utterance CM05_B1_CW92_M6 avg. like is -40.4721 over 95 frames.
LOG (gmm-acc-stats-ali[5.5]:main():gmm-acc-stats-ali.cc:105) Processed 8250 utterances; for utterance CM05_B1_D1_M6 avg. like is -42.1163 over 131 frames.
LOG (gmm-acc-stats-ali[5.5]:main():gmm-acc-stats-ali.cc:105) Processed 8300 utterances; for utterance CM05_B1_LB_M6 avg. like is -46.3008 over 119 frames.
LOG (gmm-acc-stats-ali[5.5]:main():gmm-acc-stats-ali.cc:105) Processed 8350 utterances; for utterance CM05_B1_LL_M6 avg. like is -59.3434 over 107 frames.
LOG (gmm-acc-stats-ali[5.5]:main():gmm-acc-stats-ali.cc:105) Processed 8400 utterances; for utterance CM05_B1_LV_M6 avg. like is -58.1574 over 105 frames.
LOG (gmm-acc-stats-ali[5.5]:main():gmm-acc-stats-ali.cc:105) Processed 8450 utterances; for utterance CM05_B1_UW14_M6 avg. like is -48.6532 over 119 frames.
LOG (gmm-acc-stats-ali[5.5]:main():gmm-acc-stats-ali.cc:105) Processed 8500 utterances; for utterance CM05_B1_UW23_M6 avg. like is -50.718 over 140 frames.
LOG (gmm-acc-stats-ali[5.5]:main():gmm-acc-stats-ali.cc:105) Processed 8550 utterances; for utterance CM05_B1_UW32_M6 avg. like is -49.7133 over 112 frames.
LOG (gmm-acc-stats-ali[5.5]:main():gmm-acc-stats-ali.cc:105) Processed 8600 utterances; for utterance CM05_B1_UW41_M6 avg. like is -50.6374 over 137 frames.
LOG (gmm-acc-stats-ali[5.5]:main():gmm-acc-stats-ali.cc:105) Processed 8650 utterances; for utterance CM05_B1_UW50_M6 avg. like is -50.8141 over 128 frames.
LOG (gmm-acc-stats-ali[5.5]:main():gmm-acc-stats-ali.cc:105) Processed 8700 utterances; for utterance CM05_B1_UW5_M6 avg. like is -53.3775 over 154 frames.
LOG (gmm-acc-stats-ali[5.5]:main():gmm-acc-stats-ali.cc:105) Processed 8750 utterances; for utterance CM05_B1_UW69_M6 avg. like is -46.3893 over 138 frames.
LOG (gmm-acc-stats-ali[5.5]:main():gmm-acc-stats-ali.cc:105) Processed 8800 utterances; for utterance CM05_B1_UW78_M6 avg. like is -47.7536 over 156 frames.
LOG (gmm-acc-stats-ali[5.5]:main():gmm-acc-stats-ali.cc:105) Processed 8850 utterances; for utterance CM05_B1_UW87_M6 avg. like is -52.2895 over 94 frames.
LOG (gmm-acc-stats-ali[5.5]:main():gmm-acc-stats-ali.cc:105) Processed 8900 utterances; for utterance CM05_B1_UW96_M6 avg. like is -46.2865 over 123 frames.
LOG (gmm-acc-stats-ali[5.5]:main():gmm-acc-stats-ali.cc:105) Processed 8950 utterances; for utterance CM05_B2_C15_M6 avg. like is -51.6323 over 94 frames.
LOG (gmm-acc-stats-ali[5.5]:main():gmm-acc-stats-ali.cc:105) Processed 9000 utterances; for utterance CM05_B2_C6_M6 avg. like is -46.8357 over 117 frames.
LOG (gmm-acc-stats-ali[5.5]:main():gmm-acc-stats-ali.cc:105) Processed 9050 utterances; for utterance CM05_B2_CW15_M6 avg. like is -44.6771 over 85 frames.
LOG (gmm-acc-stats-ali[5.5]:main():gmm-acc-stats-ali.cc:105) Processed 9100 utterances; for utterance CM05_B2_CW24_M6 avg. like is -49.5277 over 108 frames.
LOG (gmm-acc-stats-ali[5.5]:main():gmm-acc-stats-ali.cc:105) Processed 9150 utterances; for utterance CM05_B2_CW33_M6 avg. like is -50.3053 over 116 frames.
LOG (gmm-acc-stats-ali[5.5]:main():gmm-acc-stats-ali.cc:105) Processed 9200 utterances; for utterance CM05_B2_CW42_M6 avg. like is -43.4554 over 100 frames.
LOG (gmm-acc-stats-ali[5.5]:main():gmm-acc-stats-ali.cc:105) Processed 9250 utterances; for utterance CM05_B2_CW51_M6 avg. like is -49.8954 over 82 frames.
LOG (gmm-acc-stats-ali[5.5]:main():gmm-acc-stats-ali.cc:105) Processed 9300 utterances; for utterance CM05_B2_CW60_M6 avg. like is -44.2162 over 95 frames.
LOG (gmm-acc-stats-ali[5.5]:main():gmm-acc-stats-ali.cc:105) Processed 9350 utterances; for utterance CM05_B2_CW6_M6 avg. like is -46.5982 over 81 frames.
LOG (gmm-acc-stats-ali[5.5]:main():gmm-acc-stats-ali.cc:105) Processed 9400 utterances; for utterance CM05_B2_CW79_M6 avg. like is -45.5051 over 118 frames.
LOG (gmm-acc-stats-ali[5.5]:main():gmm-acc-stats-ali.cc:105) Processed 9450 utterances; for utterance CM05_B2_CW88_M6 avg. like is -45.0477 over 89 frames.
LOG (gmm-acc-stats-ali[5.5]:main():gmm-acc-stats-ali.cc:105) Processed 9500 utterances; for utterance CM05_B2_CW97_M6 avg. like is -43.7133 over 103 frames.
LOG (gmm-acc-stats-ali[5.5]:main():gmm-acc-stats-ali.cc:105) Processed 9550 utterances; for utterance CM05_B2_D6_M6 avg. like is -49.3382 over 130 frames.
LOG (gmm-acc-stats-ali[5.5]:main():gmm-acc-stats-ali.cc:105) Processed 9600 utterances; for utterance CM05_B2_LG_M6 avg. like is -44.6187 over 137 frames.
LOG (gmm-acc-stats-ali[5.5]:main():gmm-acc-stats-ali.cc:105) Processed 9650 utterances; for utterance CM05_B2_LQ_M6 avg. like is -54.9505 over 113 frames.
LOG (gmm-acc-stats-ali[5.5]:main():gmm-acc-stats-ali.cc:105) Processed 9700 utterances; for utterance CM05_B2_UW100_M6 avg. like is -44.0127 over 93 frames.
LOG (gmm-acc-stats-ali[5.5]:main():gmm-acc-stats-ali.cc:105) Processed 9750 utterances; for utterance CM05_B2_UW19_M6 avg. like is -46.5598 over 126 frames.
LOG (gmm-acc-stats-ali[5.5]:main():gmm-acc-stats-ali.cc:105) Processed 9800 utterances; for utterance CM05_B2_UW28_M6 avg. like is -50.5395 over 103 frames.
LOG (gmm-acc-stats-ali[5.5]:main():gmm-acc-stats-ali.cc:105) Processed 9850 utterances; for utterance CM05_B2_UW37_M6 avg. like is -46.7593 over 133 frames.
LOG (gmm-acc-stats-ali[5.5]:main():gmm-acc-stats-ali.cc:105) Processed 9900 utterances; for utterance CM05_B2_UW46_M6 avg. like is -52.4879 over 108 frames.
LOG (gmm-acc-stats-ali[5.5]:main():gmm-acc-stats-ali.cc:105) Processed 9950 utterances; for utterance CM05_B2_UW55_M6 avg. like is -41.4889 over 97 frames.
LOG (gmm-acc-stats-ali[5.5]:main():gmm-acc-stats-ali.cc:105) Processed 10000 utterances; for utterance CM05_B2_UW64_M6 avg. like is -44.6508 over 106 frames.
LOG (gmm-acc-stats-ali[5.5]:main():gmm-acc-stats-ali.cc:105) Processed 10050 utterances; for utterance CM05_B2_UW73_M6 avg. like is -48.7713 over 116 frames.
LOG (gmm-acc-stats-ali[5.5]:main():gmm-acc-stats-ali.cc:105) Processed 10100 utterances; for utterance CM05_B2_UW82_M6 avg. like is -44.839 over 127 frames.
LOG (gmm-acc-stats-ali[5.5]:main():gmm-acc-stats-ali.cc:105) Processed 10150 utterances; for utterance CM05_B2_UW91_M6 avg. like is -45.9576 over 103 frames.
LOG (gmm-acc-stats-ali[5.5]:main():gmm-acc-stats-ali.cc:105) Processed 10200 utterances; for utterance CM05_B3_C10_M6 avg. like is -41.4584 over 145 frames.
LOG (gmm-acc-stats-ali[5.5]:main():gmm-acc-stats-ali.cc:105) Processed 10250 utterances; for utterance CM05_B3_C1_M6 avg. like is -43.0462 over 116 frames.
LOG (gmm-acc-stats-ali[5.5]:main():gmm-acc-stats-ali.cc:105) Processed 10300 utterances; for utterance CM05_B3_CW10_M6 avg. like is -40.7667 over 87 frames.
LOG (gmm-acc-stats-ali[5.5]:main():gmm-acc-stats-ali.cc:105) Processed 10350 utterances; for utterance CM05_B3_CW1_M6 avg. like is -39.6634 over 96 frames.
LOG (gmm-acc-stats-ali[5.5]:main():gmm-acc-stats-ali.cc:105) Processed 10400 utterances; for utterance CM05_B3_CW29_M6 avg. like is -42.3879 over 103 frames.
LOG (gmm-acc-stats-ali[5.5]:main():gmm-acc-stats-ali.cc:105) Processed 10450 utterances; for utterance CM05_B3_CW38_M6 avg. like is -42.1332 over 100 frames.
LOG (gmm-acc-stats-ali[5.5]:main():gmm-acc-stats-ali.cc:105) Processed 10500 utterances; for utterance CM05_B3_CW47_M6 avg. like is -44.3449 over 90 frames.
LOG (gmm-acc-stats-ali[5.5]:main():gmm-acc-stats-ali.cc:105) Processed 10550 utterances; for utterance CM05_B3_CW56_M6 avg. like is -44.4064 over 104 frames.
LOG (gmm-acc-stats-ali[5.5]:main():gmm-acc-stats-ali.cc:105) Processed 10600 utterances; for utterance CM05_B3_CW65_M6 avg. like is -50.2045 over 85 frames.
LOG (gmm-acc-stats-ali[5.5]:main():gmm-acc-stats-ali.cc:105) Processed 10650 utterances; for utterance CM05_B3_CW74_M6 avg. like is -44.9487 over 95 frames.
LOG (gmm-acc-stats-ali[5.5]:main():gmm-acc-stats-ali.cc:105) Processed 10700 utterances; for utterance CM05_B3_CW83_M6 avg. like is -40.0658 over 119 frames.
LOG (gmm-acc-stats-ali[5.5]:main():gmm-acc-stats-ali.cc:105) Processed 10750 utterances; for utterance CM05_B3_CW92_M6 avg. like is -40.5629 over 90 frames.
LOG (gmm-acc-stats-ali[5.5]:main():gmm-acc-stats-ali.cc:105) Processed 10800 utterances; for utterance CM05_B3_D1_M6 avg. like is -46.1447 over 119 frames.
LOG (gmm-acc-stats-ali[5.5]:main():gmm-acc-stats-ali.cc:105) Processed 10850 utterances; for utterance CM05_B3_LB_M6 avg. like is -42.3458 over 104 frames.
LOG (gmm-acc-stats-ali[5.5]:main():gmm-acc-stats-ali.cc:105) Processed 10900 utterances; for utterance CM05_B3_LL_M6 avg. like is -45.833 over 115 frames.
LOG (gmm-acc-stats-ali[5.5]:main():gmm-acc-stats-ali.cc:105) Processed 10950 utterances; for utterance CM05_B3_LV_M6 avg. like is -45.9359 over 102 frames.
LOG (gmm-acc-stats-ali[5.5]:main():gmm-acc-stats-ali.cc:105) Processed 11000 utterances; for utterance CM05_B3_UW14_M6 avg. like is -49.7757 over 108 frames.
LOG (gmm-acc-stats-ali[5.5]:main():gmm-acc-stats-ali.cc:105) Processed 11050 utterances; for utterance CM05_B3_UW23_M6 avg. like is -47.4744 over 134 frames.
LOG (gmm-acc-stats-ali[5.5]:main():gmm-acc-stats-ali.cc:105) Processed 11100 utterances; for utterance CM05_B3_UW32_M6 avg. like is -49.9276 over 119 frames.
LOG (gmm-acc-stats-ali[5.5]:main():gmm-acc-stats-ali.cc:105) Processed 11150 utterances; for utterance CM05_B3_UW41_M6 avg. like is -47.8652 over 132 frames.
LOG (gmm-acc-stats-ali[5.5]:main():gmm-acc-stats-ali.cc:105) Processed 11200 utterances; for utterance CM05_B3_UW50_M6 avg. like is -47.1148 over 133 frames.
LOG (gmm-acc-stats-ali[5.5]:main():gmm-acc-stats-ali.cc:105) Processed 11250 utterances; for utterance CM05_B3_UW5_M6 avg. like is -46.3105 over 93 frames.
LOG (gmm-acc-stats-ali[5.5]:main():gmm-acc-stats-ali.cc:105) Processed 11300 utterances; for utterance CM05_B3_UW69_M6 avg. like is -49.0527 over 137 frames.
LOG (gmm-acc-stats-ali[5.5]:main():gmm-acc-stats-ali.cc:105) Processed 11350 utterances; for utterance CM05_B3_UW78_M6 avg. like is -50.4129 over 119 frames.
LOG (gmm-acc-stats-ali[5.5]:main():gmm-acc-stats-ali.cc:105) Processed 11400 utterances; for utterance CM05_B3_UW87_M6 avg. like is -45.57 over 104 frames.
LOG (gmm-acc-stats-ali[5.5]:main():gmm-acc-stats-ali.cc:105) Processed 11450 utterances; for utterance CM05_B3_UW96_M6 avg. like is -44.0335 over 170 frames.
LOG (apply-cmvn[5.5]:main():apply-cmvn.cc:162) Applied cepstral mean normalization to 11472 utterances, errors on 0
LOG (transform-feats[5.5]:main():transform-feats.cc:158) Overall average [pseudo-]logdet is -89.3309 over 1.65272e+06 frames.
LOG (transform-feats[5.5]:main():transform-feats.cc:161) Applied transform to 11472 utterances; 0 had errors.
LOG (gmm-acc-stats-ali[5.5]:main():gmm-acc-stats-ali.cc:112) Done 11472 files, 0 with errors.
LOG (gmm-acc-stats-ali[5.5]:main():gmm-acc-stats-ali.cc:115) Overall avg like per frame (Gaussian only) = -49.1582 over 1652720 frames.
LOG (gmm-acc-stats-ali[5.5]:main():gmm-acc-stats-ali.cc:123) Written accs.
# Accounting: time=4 threads=1
# Ended (code 0) at Thu Mar 16 23:59:55 IST 2023, elapsed time 4 seconds
