# gmm-acc-stats-ali exp_dys_comb_vad/tri2/16.mdl "ark,s,cs:apply-cmvn  --utt2spk=ark:data_dys_comb_vad/train_dys_pow_no_sil/split11/3/utt2spk scp:data_dys_comb_vad/train_dys_pow_no_sil/split11/3/cmvn.scp scp:data_dys_comb_vad/train_dys_pow_no_sil/split11/3/feats.scp ark:- | splice-feats --left-context=3 --right-context=3 ark:- ark:- | transform-feats exp_dys_comb_vad/tri2/12.mat ark:- ark:- |" "ark,s,cs:gunzip -c exp_dys_comb_vad/tri2/ali.3.gz|" exp_dys_comb_vad/tri2/16.3.acc 
# Started at Thu Mar 16 23:59:09 IST 2023
#
gmm-acc-stats-ali exp_dys_comb_vad/tri2/16.mdl 'ark,s,cs:apply-cmvn  --utt2spk=ark:data_dys_comb_vad/train_dys_pow_no_sil/split11/3/utt2spk scp:data_dys_comb_vad/train_dys_pow_no_sil/split11/3/cmvn.scp scp:data_dys_comb_vad/train_dys_pow_no_sil/split11/3/feats.scp ark:- | splice-feats --left-context=3 --right-context=3 ark:- ark:- | transform-feats exp_dys_comb_vad/tri2/12.mat ark:- ark:- |' 'ark,s,cs:gunzip -c exp_dys_comb_vad/tri2/ali.3.gz|' exp_dys_comb_vad/tri2/16.3.acc 
transform-feats exp_dys_comb_vad/tri2/12.mat ark:- ark:- 
apply-cmvn --utt2spk=ark:data_dys_comb_vad/train_dys_pow_no_sil/split11/3/utt2spk scp:data_dys_comb_vad/train_dys_pow_no_sil/split11/3/cmvn.scp scp:data_dys_comb_vad/train_dys_pow_no_sil/split11/3/feats.scp ark:- 
splice-feats --left-context=3 --right-context=3 ark:- ark:- 
LOG (gmm-acc-stats-ali[5.5]:main():gmm-acc-stats-ali.cc:105) Processed 50 utterances; for utterance CM06_B1_C19_M8 avg. like is -40.3356 over 115 frames.
LOG (gmm-acc-stats-ali[5.5]:main():gmm-acc-stats-ali.cc:105) Processed 100 utterances; for utterance CM06_B1_CW100_M8 avg. like is -50.1391 over 97 frames.
LOG (gmm-acc-stats-ali[5.5]:main():gmm-acc-stats-ali.cc:105) Processed 150 utterances; for utterance CM06_B1_CW19_M8 avg. like is -44.3733 over 119 frames.
LOG (gmm-acc-stats-ali[5.5]:main():gmm-acc-stats-ali.cc:105) Processed 200 utterances; for utterance CM06_B1_CW28_M8 avg. like is -43.3377 over 101 frames.
LOG (gmm-acc-stats-ali[5.5]:main():gmm-acc-stats-ali.cc:105) Processed 250 utterances; for utterance CM06_B1_CW37_M8 avg. like is -43.8394 over 112 frames.
LOG (gmm-acc-stats-ali[5.5]:main():gmm-acc-stats-ali.cc:105) Processed 300 utterances; for utterance CM06_B1_CW46_M8 avg. like is -41.923 over 123 frames.
LOG (gmm-acc-stats-ali[5.5]:main():gmm-acc-stats-ali.cc:105) Processed 350 utterances; for utterance CM06_B1_CW55_M8 avg. like is -41.8893 over 107 frames.
LOG (gmm-acc-stats-ali[5.5]:main():gmm-acc-stats-ali.cc:105) Processed 400 utterances; for utterance CM06_B1_CW64_M8 avg. like is -46.3342 over 110 frames.
LOG (gmm-acc-stats-ali[5.5]:main():gmm-acc-stats-ali.cc:105) Processed 450 utterances; for utterance CM06_B1_CW73_M8 avg. like is -49.9848 over 121 frames.
LOG (gmm-acc-stats-ali[5.5]:main():gmm-acc-stats-ali.cc:105) Processed 500 utterances; for utterance CM06_B1_CW82_M8 avg. like is -43.3897 over 120 frames.
LOG (gmm-acc-stats-ali[5.5]:main():gmm-acc-stats-ali.cc:105) Processed 550 utterances; for utterance CM06_B1_CW91_M8 avg. like is -43.3929 over 134 frames.
LOG (gmm-acc-stats-ali[5.5]:main():gmm-acc-stats-ali.cc:105) Processed 600 utterances; for utterance CM06_B1_D0_M8 avg. like is -48.503 over 130 frames.
LOG (gmm-acc-stats-ali[5.5]:main():gmm-acc-stats-ali.cc:105) Processed 650 utterances; for utterance CM06_B1_LA_M8 avg. like is -45.2823 over 115 frames.
LOG (gmm-acc-stats-ali[5.5]:main():gmm-acc-stats-ali.cc:105) Processed 700 utterances; for utterance CM06_B1_LK_M8 avg. like is -48.3127 over 155 frames.
LOG (gmm-acc-stats-ali[5.5]:main():gmm-acc-stats-ali.cc:105) Processed 750 utterances; for utterance CM06_B1_LU_M8 avg. like is -49.2822 over 168 frames.
LOG (gmm-acc-stats-ali[5.5]:main():gmm-acc-stats-ali.cc:105) Processed 800 utterances; for utterance CM06_B1_UW13_M8 avg. like is -50.4658 over 131 frames.
LOG (gmm-acc-stats-ali[5.5]:main():gmm-acc-stats-ali.cc:105) Processed 850 utterances; for utterance CM06_B1_UW22_M8 avg. like is -45.479 over 119 frames.
LOG (gmm-acc-stats-ali[5.5]:main():gmm-acc-stats-ali.cc:105) Processed 900 utterances; for utterance CM06_B1_UW31_M8 avg. like is -51.1095 over 133 frames.
LOG (gmm-acc-stats-ali[5.5]:main():gmm-acc-stats-ali.cc:105) Processed 950 utterances; for utterance CM06_B1_UW40_M8 avg. like is -46.9695 over 137 frames.
LOG (gmm-acc-stats-ali[5.5]:main():gmm-acc-stats-ali.cc:105) Processed 1000 utterances; for utterance CM06_B1_UW4_M8 avg. like is -49.9196 over 173 frames.
LOG (gmm-acc-stats-ali[5.5]:main():gmm-acc-stats-ali.cc:105) Processed 1050 utterances; for utterance CM06_B1_UW59_M8 avg. like is -46.0598 over 147 frames.
LOG (gmm-acc-stats-ali[5.5]:main():gmm-acc-stats-ali.cc:105) Processed 1100 utterances; for utterance CM06_B1_UW68_M8 avg. like is -49.4332 over 153 frames.
LOG (gmm-acc-stats-ali[5.5]:main():gmm-acc-stats-ali.cc:105) Processed 1150 utterances; for utterance CM06_B1_UW77_M8 avg. like is -47.0278 over 139 frames.
LOG (gmm-acc-stats-ali[5.5]:main():gmm-acc-stats-ali.cc:105) Processed 1200 utterances; for utterance CM06_B1_UW86_M8 avg. like is -43.8146 over 130 frames.
LOG (gmm-acc-stats-ali[5.5]:main():gmm-acc-stats-ali.cc:105) Processed 1250 utterances; for utterance CM06_B1_UW95_M8 avg. like is -44.2083 over 143 frames.
LOG (gmm-acc-stats-ali[5.5]:main():gmm-acc-stats-ali.cc:105) Processed 1300 utterances; for utterance CM06_B2_C14_M8 avg. like is -43.9222 over 132 frames.
LOG (gmm-acc-stats-ali[5.5]:main():gmm-acc-stats-ali.cc:105) Processed 1350 utterances; for utterance CM06_B2_C5_M8 avg. like is -45.7474 over 125 frames.
LOG (gmm-acc-stats-ali[5.5]:main():gmm-acc-stats-ali.cc:105) Processed 1400 utterances; for utterance CM06_B2_CW14_M8 avg. like is -44.4551 over 126 frames.
LOG (gmm-acc-stats-ali[5.5]:main():gmm-acc-stats-ali.cc:105) Processed 1450 utterances; for utterance CM06_B2_CW23_M8 avg. like is -45.9504 over 110 frames.
LOG (gmm-acc-stats-ali[5.5]:main():gmm-acc-stats-ali.cc:105) Processed 1500 utterances; for utterance CM06_B2_CW32_M8 avg. like is -44.5361 over 104 frames.
LOG (gmm-acc-stats-ali[5.5]:main():gmm-acc-stats-ali.cc:105) Processed 1550 utterances; for utterance CM06_B2_CW41_M8 avg. like is -47.6257 over 130 frames.
LOG (gmm-acc-stats-ali[5.5]:main():gmm-acc-stats-ali.cc:105) Processed 1600 utterances; for utterance CM06_B2_CW50_M8 avg. like is -50.0711 over 120 frames.
LOG (gmm-acc-stats-ali[5.5]:main():gmm-acc-stats-ali.cc:105) Processed 1650 utterances; for utterance CM06_B2_CW5_M8 avg. like is -51.6834 over 110 frames.
LOG (gmm-acc-stats-ali[5.5]:main():gmm-acc-stats-ali.cc:105) Processed 1700 utterances; for utterance CM06_B2_CW69_M8 avg. like is -46.5126 over 120 frames.
LOG (gmm-acc-stats-ali[5.5]:main():gmm-acc-stats-ali.cc:105) Processed 1750 utterances; for utterance CM06_B2_CW78_M8 avg. like is -49.4542 over 126 frames.
LOG (gmm-acc-stats-ali[5.5]:main():gmm-acc-stats-ali.cc:105) Processed 1800 utterances; for utterance CM06_B2_CW87_M8 avg. like is -48.504 over 113 frames.
LOG (gmm-acc-stats-ali[5.5]:main():gmm-acc-stats-ali.cc:105) Processed 1850 utterances; for utterance CM06_B2_CW96_M8 avg. like is -46.5076 over 115 frames.
LOG (gmm-acc-stats-ali[5.5]:main():gmm-acc-stats-ali.cc:105) Processed 1900 utterances; for utterance CM06_B2_D5_M8 avg. like is -49.2556 over 147 frames.
LOG (gmm-acc-stats-ali[5.5]:main():gmm-acc-stats-ali.cc:105) Processed 1950 utterances; for utterance CM06_B2_LF_M8 avg. like is -43.774 over 133 frames.
LOG (gmm-acc-stats-ali[5.5]:main():gmm-acc-stats-ali.cc:105) Processed 2000 utterances; for utterance CM06_B2_LP_M8 avg. like is -45.7345 over 131 frames.
LOG (gmm-acc-stats-ali[5.5]:main():gmm-acc-stats-ali.cc:105) Processed 2050 utterances; for utterance CM06_B2_LZ_M8 avg. like is -48.4915 over 121 frames.
LOG (gmm-acc-stats-ali[5.5]:main():gmm-acc-stats-ali.cc:105) Processed 2100 utterances; for utterance CM06_B2_UW18_M8 avg. like is -49.883 over 138 frames.
LOG (gmm-acc-stats-ali[5.5]:main():gmm-acc-stats-ali.cc:105) Processed 2150 utterances; for utterance CM06_B2_UW27_M8 avg. like is -46.8536 over 136 frames.
LOG (gmm-acc-stats-ali[5.5]:main():gmm-acc-stats-ali.cc:105) Processed 2200 utterances; for utterance CM06_B2_UW36_M8 avg. like is -49.0458 over 149 frames.
LOG (gmm-acc-stats-ali[5.5]:main():gmm-acc-stats-ali.cc:105) Processed 2250 utterances; for utterance CM06_B2_UW45_M8 avg. like is -49.5542 over 134 frames.
LOG (gmm-acc-stats-ali[5.5]:main():gmm-acc-stats-ali.cc:105) Processed 2300 utterances; for utterance CM06_B2_UW54_M8 avg. like is -51.6289 over 124 frames.
LOG (gmm-acc-stats-ali[5.5]:main():gmm-acc-stats-ali.cc:105) Processed 2350 utterances; for utterance CM06_B2_UW63_M8 avg. like is -44.9935 over 134 frames.
LOG (gmm-acc-stats-ali[5.5]:main():gmm-acc-stats-ali.cc:105) Processed 2400 utterances; for utterance CM06_B2_UW72_M8 avg. like is -43.3602 over 150 frames.
LOG (gmm-acc-stats-ali[5.5]:main():gmm-acc-stats-ali.cc:105) Processed 2450 utterances; for utterance CM06_B2_UW81_M8 avg. like is -52.8029 over 152 frames.
LOG (gmm-acc-stats-ali[5.5]:main():gmm-acc-stats-ali.cc:105) Processed 2500 utterances; for utterance CM06_B2_UW90_M8 avg. like is -46.7511 over 120 frames.
LOG (gmm-acc-stats-ali[5.5]:main():gmm-acc-stats-ali.cc:105) Processed 2550 utterances; for utterance CM06_B2_UW9_M8 avg. like is -48.2348 over 132 frames.
LOG (gmm-acc-stats-ali[5.5]:main():gmm-acc-stats-ali.cc:105) Processed 2600 utterances; for utterance CM06_B3_C19_M8 avg. like is -42.5748 over 107 frames.
LOG (gmm-acc-stats-ali[5.5]:main():gmm-acc-stats-ali.cc:105) Processed 2650 utterances; for utterance CM06_B3_CW100_M8 avg. like is -48.4128 over 113 frames.
LOG (gmm-acc-stats-ali[5.5]:main():gmm-acc-stats-ali.cc:105) Processed 2700 utterances; for utterance CM06_B3_CW19_M8 avg. like is -47.5044 over 111 frames.
LOG (gmm-acc-stats-ali[5.5]:main():gmm-acc-stats-ali.cc:105) Processed 2750 utterances; for utterance CM06_B3_CW28_M8 avg. like is -46.397 over 112 frames.
LOG (gmm-acc-stats-ali[5.5]:main():gmm-acc-stats-ali.cc:105) Processed 2800 utterances; for utterance CM06_B3_CW37_M8 avg. like is -44.6816 over 105 frames.
LOG (gmm-acc-stats-ali[5.5]:main():gmm-acc-stats-ali.cc:105) Processed 2850 utterances; for utterance CM06_B3_CW46_M8 avg. like is -46.8496 over 116 frames.
LOG (gmm-acc-stats-ali[5.5]:main():gmm-acc-stats-ali.cc:105) Processed 2900 utterances; for utterance CM06_B3_CW55_M8 avg. like is -45.8632 over 116 frames.
LOG (gmm-acc-stats-ali[5.5]:main():gmm-acc-stats-ali.cc:105) Processed 2950 utterances; for utterance CM06_B3_CW64_M8 avg. like is -49.8716 over 121 frames.
LOG (gmm-acc-stats-ali[5.5]:main():gmm-acc-stats-ali.cc:105) Processed 3000 utterances; for utterance CM06_B3_CW73_M8 avg. like is -47.5614 over 122 frames.
LOG (gmm-acc-stats-ali[5.5]:main():gmm-acc-stats-ali.cc:105) Processed 3050 utterances; for utterance CM06_B3_CW82_M8 avg. like is -48.2633 over 110 frames.
LOG (gmm-acc-stats-ali[5.5]:main():gmm-acc-stats-ali.cc:105) Processed 3100 utterances; for utterance CM06_B3_CW91_M8 avg. like is -50.7305 over 111 frames.
LOG (gmm-acc-stats-ali[5.5]:main():gmm-acc-stats-ali.cc:105) Processed 3150 utterances; for utterance CM06_B3_D0_M8 avg. like is -50.0995 over 104 frames.
LOG (gmm-acc-stats-ali[5.5]:main():gmm-acc-stats-ali.cc:105) Processed 3200 utterances; for utterance CM06_B3_LA_M8 avg. like is -45.1593 over 123 frames.
LOG (gmm-acc-stats-ali[5.5]:main():gmm-acc-stats-ali.cc:105) Processed 3250 utterances; for utterance CM06_B3_LK_M8 avg. like is -46.0491 over 123 frames.
LOG (gmm-acc-stats-ali[5.5]:main():gmm-acc-stats-ali.cc:105) Processed 3300 utterances; for utterance CM06_B3_LU_M8 avg. like is -47.1725 over 127 frames.
LOG (gmm-acc-stats-ali[5.5]:main():gmm-acc-stats-ali.cc:105) Processed 3350 utterances; for utterance CM06_B3_UW13_M8 avg. like is -47.2647 over 118 frames.
LOG (gmm-acc-stats-ali[5.5]:main():gmm-acc-stats-ali.cc:105) Processed 3400 utterances; for utterance CM06_B3_UW22_M8 avg. like is -46.8674 over 150 frames.
LOG (gmm-acc-stats-ali[5.5]:main():gmm-acc-stats-ali.cc:105) Processed 3450 utterances; for utterance CM06_B3_UW31_M8 avg. like is -50.4523 over 117 frames.
LOG (gmm-acc-stats-ali[5.5]:main():gmm-acc-stats-ali.cc:105) Processed 3500 utterances; for utterance CM06_B3_UW40_M8 avg. like is -45.7956 over 148 frames.
LOG (gmm-acc-stats-ali[5.5]:main():gmm-acc-stats-ali.cc:105) Processed 3550 utterances; for utterance CM06_B3_UW4_M8 avg. like is -44.9437 over 177 frames.
LOG (gmm-acc-stats-ali[5.5]:main():gmm-acc-stats-ali.cc:105) Processed 3600 utterances; for utterance CM06_B3_UW59_M8 avg. like is -46.0232 over 130 frames.
LOG (gmm-acc-stats-ali[5.5]:main():gmm-acc-stats-ali.cc:105) Processed 3650 utterances; for utterance CM06_B3_UW68_M8 avg. like is -43.964 over 128 frames.
LOG (gmm-acc-stats-ali[5.5]:main():gmm-acc-stats-ali.cc:105) Processed 3700 utterances; for utterance CM06_B3_UW77_M8 avg. like is -43.2497 over 158 frames.
LOG (gmm-acc-stats-ali[5.5]:main():gmm-acc-stats-ali.cc:105) Processed 3750 utterances; for utterance CM06_B3_UW86_M8 avg. like is -45.0065 over 132 frames.
LOG (gmm-acc-stats-ali[5.5]:main():gmm-acc-stats-ali.cc:105) Processed 3800 utterances; for utterance CM06_B3_UW95_M8 avg. like is -47.5721 over 114 frames.
LOG (gmm-acc-stats-ali[5.5]:main():gmm-acc-stats-ali.cc:105) Processed 3850 utterances; for utterance CM08_B1_C14_M8 avg. like is -44.9058 over 124 frames.
LOG (gmm-acc-stats-ali[5.5]:main():gmm-acc-stats-ali.cc:105) Processed 3900 utterances; for utterance CM08_B1_C5_M8 avg. like is -48.3667 over 110 frames.
LOG (gmm-acc-stats-ali[5.5]:main():gmm-acc-stats-ali.cc:105) Processed 3950 utterances; for utterance CM08_B1_CW14_M8 avg. like is -43.122 over 126 frames.
LOG (gmm-acc-stats-ali[5.5]:main():gmm-acc-stats-ali.cc:105) Processed 4000 utterances; for utterance CM08_B1_CW23_M8 avg. like is -43.2457 over 144 frames.
LOG (gmm-acc-stats-ali[5.5]:main():gmm-acc-stats-ali.cc:105) Processed 4050 utterances; for utterance CM08_B1_CW32_M8 avg. like is -46.3645 over 126 frames.
LOG (gmm-acc-stats-ali[5.5]:main():gmm-acc-stats-ali.cc:105) Processed 4100 utterances; for utterance CM08_B1_CW41_M8 avg. like is -43.9626 over 140 frames.
LOG (gmm-acc-stats-ali[5.5]:main():gmm-acc-stats-ali.cc:105) Processed 4150 utterances; for utterance CM08_B1_CW50_M8 avg. like is -45.7526 over 128 frames.
LOG (gmm-acc-stats-ali[5.5]:main():gmm-acc-stats-ali.cc:105) Processed 4200 utterances; for utterance CM08_B1_CW5_M8 avg. like is -48.8728 over 135 frames.
LOG (gmm-acc-stats-ali[5.5]:main():gmm-acc-stats-ali.cc:105) Processed 4250 utterances; for utterance CM08_B1_CW69_M8 avg. like is -46.4458 over 113 frames.
LOG (gmm-acc-stats-ali[5.5]:main():gmm-acc-stats-ali.cc:105) Processed 4300 utterances; for utterance CM08_B1_CW78_M8 avg. like is -48.0861 over 142 frames.
LOG (gmm-acc-stats-ali[5.5]:main():gmm-acc-stats-ali.cc:105) Processed 4350 utterances; for utterance CM08_B1_CW87_M8 avg. like is -47.8121 over 119 frames.
LOG (gmm-acc-stats-ali[5.5]:main():gmm-acc-stats-ali.cc:105) Processed 4400 utterances; for utterance CM08_B1_CW96_M8 avg. like is -47.7786 over 133 frames.
LOG (gmm-acc-stats-ali[5.5]:main():gmm-acc-stats-ali.cc:105) Processed 4450 utterances; for utterance CM08_B1_D5_M8 avg. like is -52.5509 over 120 frames.
LOG (gmm-acc-stats-ali[5.5]:main():gmm-acc-stats-ali.cc:105) Processed 4500 utterances; for utterance CM08_B1_LF_M8 avg. like is -52.8041 over 139 frames.
LOG (gmm-acc-stats-ali[5.5]:main():gmm-acc-stats-ali.cc:105) Processed 4550 utterances; for utterance CM08_B1_LP_M8 avg. like is -44.2733 over 130 frames.
LOG (gmm-acc-stats-ali[5.5]:main():gmm-acc-stats-ali.cc:105) Processed 4600 utterances; for utterance CM08_B1_LZ_M8 avg. like is -49.3413 over 136 frames.
LOG (gmm-acc-stats-ali[5.5]:main():gmm-acc-stats-ali.cc:105) Processed 4650 utterances; for utterance CM08_B1_UW18_M8 avg. like is -44.7284 over 153 frames.
LOG (gmm-acc-stats-ali[5.5]:main():gmm-acc-stats-ali.cc:105) Processed 4700 utterances; for utterance CM08_B1_UW27_M8 avg. like is -44.8682 over 142 frames.
LOG (gmm-acc-stats-ali[5.5]:main():gmm-acc-stats-ali.cc:105) Processed 4750 utterances; for utterance CM08_B1_UW36_M8 avg. like is -47.499 over 174 frames.
LOG (gmm-acc-stats-ali[5.5]:main():gmm-acc-stats-ali.cc:105) Processed 4800 utterances; for utterance CM08_B1_UW45_M8 avg. like is -50.2896 over 187 frames.
LOG (gmm-acc-stats-ali[5.5]:main():gmm-acc-stats-ali.cc:105) Processed 4850 utterances; for utterance CM08_B1_UW54_M8 avg. like is -48.7121 over 251 frames.
LOG (gmm-acc-stats-ali[5.5]:main():gmm-acc-stats-ali.cc:105) Processed 4900 utterances; for utterance CM08_B1_UW63_M8 avg. like is -47.6074 over 143 frames.
LOG (gmm-acc-stats-ali[5.5]:main():gmm-acc-stats-ali.cc:105) Processed 4950 utterances; for utterance CM08_B1_UW72_M8 avg. like is -48.284 over 128 frames.
LOG (gmm-acc-stats-ali[5.5]:main():gmm-acc-stats-ali.cc:105) Processed 5000 utterances; for utterance CM08_B1_UW81_M8 avg. like is -45.2372 over 131 frames.
LOG (gmm-acc-stats-ali[5.5]:main():gmm-acc-stats-ali.cc:105) Processed 5050 utterances; for utterance CM08_B1_UW90_M8 avg. like is -45.0847 over 108 frames.
LOG (gmm-acc-stats-ali[5.5]:main():gmm-acc-stats-ali.cc:105) Processed 5100 utterances; for utterance CM08_B1_UW9_M8 avg. like is -47.9545 over 140 frames.
LOG (gmm-acc-stats-ali[5.5]:main():gmm-acc-stats-ali.cc:105) Processed 5150 utterances; for utterance CM08_B2_C19_M8 avg. like is -46.4184 over 97 frames.
LOG (gmm-acc-stats-ali[5.5]:main():gmm-acc-stats-ali.cc:105) Processed 5200 utterances; for utterance CM08_B2_CW100_M8 avg. like is -47.8959 over 104 frames.
LOG (gmm-acc-stats-ali[5.5]:main():gmm-acc-stats-ali.cc:105) Processed 5250 utterances; for utterance CM08_B2_CW1_M3 avg. like is -46.7705 over 124 frames.
LOG (gmm-acc-stats-ali[5.5]:main():gmm-acc-stats-ali.cc:105) Processed 5300 utterances; for utterance CM08_B2_CW29_M3 avg. like is -42.9748 over 117 frames.
LOG (gmm-acc-stats-ali[5.5]:main():gmm-acc-stats-ali.cc:105) Processed 5350 utterances; for utterance CM08_B2_CW38_M3 avg. like is -52.0242 over 93 frames.
LOG (gmm-acc-stats-ali[5.5]:main():gmm-acc-stats-ali.cc:105) Processed 5400 utterances; for utterance CM08_B2_CW47_M3 avg. like is -46.759 over 88 frames.
LOG (gmm-acc-stats-ali[5.5]:main():gmm-acc-stats-ali.cc:105) Processed 5450 utterances; for utterance CM08_B2_CW56_M3 avg. like is -42.3175 over 97 frames.
LOG (gmm-acc-stats-ali[5.5]:main():gmm-acc-stats-ali.cc:105) Processed 5500 utterances; for utterance CM08_B2_CW65_M3 avg. like is -45.7118 over 104 frames.
LOG (gmm-acc-stats-ali[5.5]:main():gmm-acc-stats-ali.cc:105) Processed 5550 utterances; for utterance CM08_B2_CW74_M3 avg. like is -47.0733 over 90 frames.
LOG (gmm-acc-stats-ali[5.5]:main():gmm-acc-stats-ali.cc:105) Processed 5600 utterances; for utterance CM08_B2_CW83_M6 avg. like is -43.3831 over 100 frames.
LOG (gmm-acc-stats-ali[5.5]:main():gmm-acc-stats-ali.cc:105) Processed 5650 utterances; for utterance CM08_B2_CW92_M6 avg. like is -44.7143 over 104 frames.
LOG (gmm-acc-stats-ali[5.5]:main():gmm-acc-stats-ali.cc:105) Processed 5700 utterances; for utterance CM08_B2_D1_M6 avg. like is -46.4485 over 105 frames.
LOG (gmm-acc-stats-ali[5.5]:main():gmm-acc-stats-ali.cc:105) Processed 5750 utterances; for utterance CM08_B2_LB_M6 avg. like is -46.9053 over 112 frames.
LOG (gmm-acc-stats-ali[5.5]:main():gmm-acc-stats-ali.cc:105) Processed 5800 utterances; for utterance CM08_B2_LL_M6 avg. like is -48.5599 over 110 frames.
LOG (gmm-acc-stats-ali[5.5]:main():gmm-acc-stats-ali.cc:105) Processed 5850 utterances; for utterance CM08_B2_LV_M6 avg. like is -44.4886 over 113 frames.
LOG (gmm-acc-stats-ali[5.5]:main():gmm-acc-stats-ali.cc:105) Processed 5900 utterances; for utterance CM08_B2_UW14_M6 avg. like is -44.2757 over 111 frames.
LOG (gmm-acc-stats-ali[5.5]:main():gmm-acc-stats-ali.cc:105) Processed 5950 utterances; for utterance CM08_B2_UW23_M6 avg. like is -43.0674 over 122 frames.
LOG (gmm-acc-stats-ali[5.5]:main():gmm-acc-stats-ali.cc:105) Processed 6000 utterances; for utterance CM08_B2_UW32_M6 avg. like is -48.2461 over 126 frames.
LOG (gmm-acc-stats-ali[5.5]:main():gmm-acc-stats-ali.cc:105) Processed 6050 utterances; for utterance CM08_B2_UW41_M6 avg. like is -44.9209 over 115 frames.
LOG (gmm-acc-stats-ali[5.5]:main():gmm-acc-stats-ali.cc:105) Processed 6100 utterances; for utterance CM08_B2_UW50_M6 avg. like is -44.8914 over 124 frames.
LOG (gmm-acc-stats-ali[5.5]:main():gmm-acc-stats-ali.cc:105) Processed 6150 utterances; for utterance CM08_B2_UW5_M6 avg. like is -47.3516 over 124 frames.
LOG (gmm-acc-stats-ali[5.5]:main():gmm-acc-stats-ali.cc:105) Processed 6200 utterances; for utterance CM08_B2_UW69_M6 avg. like is -45.1789 over 101 frames.
LOG (gmm-acc-stats-ali[5.5]:main():gmm-acc-stats-ali.cc:105) Processed 6250 utterances; for utterance CM08_B2_UW78_M6 avg. like is -46.5764 over 112 frames.
LOG (gmm-acc-stats-ali[5.5]:main():gmm-acc-stats-ali.cc:105) Processed 6300 utterances; for utterance CM08_B2_UW87_M6 avg. like is -45.3455 over 111 frames.
LOG (gmm-acc-stats-ali[5.5]:main():gmm-acc-stats-ali.cc:105) Processed 6350 utterances; for utterance CM08_B2_UW96_M6 avg. like is -46.4938 over 130 frames.
LOG (gmm-acc-stats-ali[5.5]:main():gmm-acc-stats-ali.cc:105) Processed 6400 utterances; for utterance CM08_B3_C15_M6 avg. like is -47.2024 over 92 frames.
LOG (gmm-acc-stats-ali[5.5]:main():gmm-acc-stats-ali.cc:105) Processed 6450 utterances; for utterance CM08_B3_C6_M6 avg. like is -56.7475 over 104 frames.
LOG (gmm-acc-stats-ali[5.5]:main():gmm-acc-stats-ali.cc:105) Processed 6500 utterances; for utterance CM08_B3_CW15_M6 avg. like is -48.6925 over 89 frames.
LOG (gmm-acc-stats-ali[5.5]:main():gmm-acc-stats-ali.cc:105) Processed 6550 utterances; for utterance CM08_B3_CW24_M6 avg. like is -44.9815 over 95 frames.
LOG (gmm-acc-stats-ali[5.5]:main():gmm-acc-stats-ali.cc:105) Processed 6600 utterances; for utterance CM08_B3_CW33_M6 avg. like is -47.4737 over 114 frames.
LOG (gmm-acc-stats-ali[5.5]:main():gmm-acc-stats-ali.cc:105) Processed 6650 utterances; for utterance CM08_B3_CW42_M6 avg. like is -54.7459 over 94 frames.
LOG (gmm-acc-stats-ali[5.5]:main():gmm-acc-stats-ali.cc:105) Processed 6700 utterances; for utterance CM08_B3_CW51_M6 avg. like is -48.3723 over 87 frames.
LOG (gmm-acc-stats-ali[5.5]:main():gmm-acc-stats-ali.cc:105) Processed 6750 utterances; for utterance CM08_B3_CW60_M6 avg. like is -48.0604 over 112 frames.
LOG (gmm-acc-stats-ali[5.5]:main():gmm-acc-stats-ali.cc:105) Processed 6800 utterances; for utterance CM08_B3_CW6_M6 avg. like is -50.0555 over 98 frames.
LOG (gmm-acc-stats-ali[5.5]:main():gmm-acc-stats-ali.cc:105) Processed 6850 utterances; for utterance CM08_B3_CW79_M6 avg. like is -44.821 over 119 frames.
LOG (gmm-acc-stats-ali[5.5]:main():gmm-acc-stats-ali.cc:105) Processed 6900 utterances; for utterance CM08_B3_CW88_M6 avg. like is -45.5978 over 98 frames.
LOG (gmm-acc-stats-ali[5.5]:main():gmm-acc-stats-ali.cc:105) Processed 6950 utterances; for utterance CM08_B3_CW97_M6 avg. like is -43.9443 over 91 frames.
LOG (gmm-acc-stats-ali[5.5]:main():gmm-acc-stats-ali.cc:105) Processed 7000 utterances; for utterance CM08_B3_D6_M6 avg. like is -54.6472 over 103 frames.
LOG (gmm-acc-stats-ali[5.5]:main():gmm-acc-stats-ali.cc:105) Processed 7050 utterances; for utterance CM08_B3_LG_M6 avg. like is -44.0661 over 87 frames.
LOG (gmm-acc-stats-ali[5.5]:main():gmm-acc-stats-ali.cc:105) Processed 7100 utterances; for utterance CM08_B3_LQ_M6 avg. like is -45.9908 over 93 frames.
LOG (gmm-acc-stats-ali[5.5]:main():gmm-acc-stats-ali.cc:105) Processed 7150 utterances; for utterance CM08_B3_UW100_M6 avg. like is -48.6864 over 119 frames.
LOG (gmm-acc-stats-ali[5.5]:main():gmm-acc-stats-ali.cc:105) Processed 7200 utterances; for utterance CM08_B3_UW19_M6 avg. like is -46.701 over 119 frames.
LOG (gmm-acc-stats-ali[5.5]:main():gmm-acc-stats-ali.cc:105) Processed 7250 utterances; for utterance CM08_B3_UW28_M6 avg. like is -48.0838 over 111 frames.
LOG (gmm-acc-stats-ali[5.5]:main():gmm-acc-stats-ali.cc:105) Processed 7300 utterances; for utterance CM08_B3_UW37_M6 avg. like is -42.9584 over 121 frames.
LOG (gmm-acc-stats-ali[5.5]:main():gmm-acc-stats-ali.cc:105) Processed 7350 utterances; for utterance CM08_B3_UW46_M6 avg. like is -49.6471 over 150 frames.
LOG (gmm-acc-stats-ali[5.5]:main():gmm-acc-stats-ali.cc:105) Processed 7400 utterances; for utterance CM08_B3_UW55_M6 avg. like is -48.0481 over 133 frames.
LOG (gmm-acc-stats-ali[5.5]:main():gmm-acc-stats-ali.cc:105) Processed 7450 utterances; for utterance CM08_B3_UW64_M6 avg. like is -46.1267 over 132 frames.
LOG (gmm-acc-stats-ali[5.5]:main():gmm-acc-stats-ali.cc:105) Processed 7500 utterances; for utterance CM08_B3_UW73_M6 avg. like is -49.9561 over 145 frames.
LOG (gmm-acc-stats-ali[5.5]:main():gmm-acc-stats-ali.cc:105) Processed 7550 utterances; for utterance CM08_B3_UW82_M6 avg. like is -51.2016 over 135 frames.
LOG (gmm-acc-stats-ali[5.5]:main():gmm-acc-stats-ali.cc:105) Processed 7600 utterances; for utterance CM08_B3_UW91_M6 avg. like is -45.0653 over 120 frames.
LOG (apply-cmvn[5.5]:main():apply-cmvn.cc:162) Applied cepstral mean normalization to 7647 utterances, errors on 0
LOG (transform-feats[5.5]:main():transform-feats.cc:158) Overall average [pseudo-]logdet is -89.3309 over 933553 frames.
LOG (transform-feats[5.5]:main():transform-feats.cc:161) Applied transform to 7647 utterances; 0 had errors.
LOG (gmm-acc-stats-ali[5.5]:main():gmm-acc-stats-ali.cc:112) Done 7647 files, 0 with errors.
LOG (gmm-acc-stats-ali[5.5]:main():gmm-acc-stats-ali.cc:115) Overall avg like per frame (Gaussian only) = -47.4431 over 933553 frames.
LOG (gmm-acc-stats-ali[5.5]:main():gmm-acc-stats-ali.cc:123) Written accs.
# Accounting: time=3 threads=1
# Ended (code 0) at Thu Mar 16 23:59:12 IST 2023, elapsed time 3 seconds
