# gmm-acc-stats-ali exp_dys_comb_vad/tri2/13.mdl "ark,s,cs:apply-cmvn  --utt2spk=ark:data_dys_comb_vad/train_dys_pow_no_sil/split11/9/utt2spk scp:data_dys_comb_vad/train_dys_pow_no_sil/split11/9/cmvn.scp scp:data_dys_comb_vad/train_dys_pow_no_sil/split11/9/feats.scp ark:- | splice-feats --left-context=3 --right-context=3 ark:- ark:- | transform-feats exp_dys_comb_vad/tri2/12.mat ark:- ark:- |" "ark,s,cs:gunzip -c exp_dys_comb_vad/tri2/ali.9.gz|" exp_dys_comb_vad/tri2/13.9.acc 
# Started at Thu Mar 16 23:59:00 IST 2023
#
gmm-acc-stats-ali exp_dys_comb_vad/tri2/13.mdl 'ark,s,cs:apply-cmvn  --utt2spk=ark:data_dys_comb_vad/train_dys_pow_no_sil/split11/9/utt2spk scp:data_dys_comb_vad/train_dys_pow_no_sil/split11/9/cmvn.scp scp:data_dys_comb_vad/train_dys_pow_no_sil/split11/9/feats.scp ark:- | splice-feats --left-context=3 --right-context=3 ark:- ark:- | transform-feats exp_dys_comb_vad/tri2/12.mat ark:- ark:- |' 'ark,s,cs:gunzip -c exp_dys_comb_vad/tri2/ali.9.gz|' exp_dys_comb_vad/tri2/13.9.acc 
apply-cmvn --utt2spk=ark:data_dys_comb_vad/train_dys_pow_no_sil/split11/9/utt2spk scp:data_dys_comb_vad/train_dys_pow_no_sil/split11/9/cmvn.scp scp:data_dys_comb_vad/train_dys_pow_no_sil/split11/9/feats.scp ark:- 
splice-feats --left-context=3 --right-context=3 ark:- ark:- 
transform-feats exp_dys_comb_vad/tri2/12.mat ark:- ark:- 
LOG (gmm-acc-stats-ali[5.5]:main():gmm-acc-stats-ali.cc:105) Processed 50 utterances; for utterance M09_B1_C19_M8 avg. like is -50.7437 over 137 frames.
LOG (gmm-acc-stats-ali[5.5]:main():gmm-acc-stats-ali.cc:105) Processed 100 utterances; for utterance M09_B1_CW100_M8 avg. like is -50.2479 over 93 frames.
LOG (gmm-acc-stats-ali[5.5]:main():gmm-acc-stats-ali.cc:105) Processed 150 utterances; for utterance M09_B1_CW19_M8 avg. like is -47.354 over 75 frames.
LOG (gmm-acc-stats-ali[5.5]:main():gmm-acc-stats-ali.cc:105) Processed 200 utterances; for utterance M09_B1_CW28_M8 avg. like is -49.9933 over 89 frames.
LOG (gmm-acc-stats-ali[5.5]:main():gmm-acc-stats-ali.cc:105) Processed 250 utterances; for utterance M09_B1_CW37_M8 avg. like is -45.9491 over 113 frames.
LOG (gmm-acc-stats-ali[5.5]:main():gmm-acc-stats-ali.cc:105) Processed 300 utterances; for utterance M09_B1_CW46_M8 avg. like is -48.307 over 116 frames.
LOG (gmm-acc-stats-ali[5.5]:main():gmm-acc-stats-ali.cc:105) Processed 350 utterances; for utterance M09_B1_CW55_M8 avg. like is -47.6196 over 125 frames.
LOG (gmm-acc-stats-ali[5.5]:main():gmm-acc-stats-ali.cc:105) Processed 400 utterances; for utterance M09_B1_CW64_M8 avg. like is -57.0172 over 89 frames.
LOG (gmm-acc-stats-ali[5.5]:main():gmm-acc-stats-ali.cc:105) Processed 450 utterances; for utterance M09_B1_CW73_M8 avg. like is -50.7902 over 99 frames.
LOG (gmm-acc-stats-ali[5.5]:main():gmm-acc-stats-ali.cc:105) Processed 500 utterances; for utterance M09_B1_CW82_M8 avg. like is -47.1179 over 99 frames.
LOG (gmm-acc-stats-ali[5.5]:main():gmm-acc-stats-ali.cc:105) Processed 550 utterances; for utterance M09_B1_CW91_M8 avg. like is -46.8104 over 122 frames.
LOG (gmm-acc-stats-ali[5.5]:main():gmm-acc-stats-ali.cc:105) Processed 600 utterances; for utterance M09_B1_D0_M8 avg. like is -60.6771 over 99 frames.
LOG (gmm-acc-stats-ali[5.5]:main():gmm-acc-stats-ali.cc:105) Processed 650 utterances; for utterance M09_B1_LA_M8 avg. like is -53.6181 over 101 frames.
LOG (gmm-acc-stats-ali[5.5]:main():gmm-acc-stats-ali.cc:105) Processed 700 utterances; for utterance M09_B1_LK_M8 avg. like is -53.7209 over 106 frames.
LOG (gmm-acc-stats-ali[5.5]:main():gmm-acc-stats-ali.cc:105) Processed 750 utterances; for utterance M09_B1_LU_M8 avg. like is -52.6275 over 102 frames.
LOG (gmm-acc-stats-ali[5.5]:main():gmm-acc-stats-ali.cc:105) Processed 800 utterances; for utterance M09_B1_UW13_M8 avg. like is -52.9345 over 150 frames.
LOG (gmm-acc-stats-ali[5.5]:main():gmm-acc-stats-ali.cc:105) Processed 850 utterances; for utterance M09_B1_UW22_M8 avg. like is -54.0321 over 93 frames.
LOG (gmm-acc-stats-ali[5.5]:main():gmm-acc-stats-ali.cc:105) Processed 900 utterances; for utterance M09_B1_UW31_M8 avg. like is -52.6997 over 113 frames.
LOG (gmm-acc-stats-ali[5.5]:main():gmm-acc-stats-ali.cc:105) Processed 950 utterances; for utterance M09_B1_UW40_M8 avg. like is -50.9886 over 121 frames.
LOG (gmm-acc-stats-ali[5.5]:main():gmm-acc-stats-ali.cc:105) Processed 1000 utterances; for utterance M09_B1_UW4_M8 avg. like is -55.734 over 77 frames.
LOG (gmm-acc-stats-ali[5.5]:main():gmm-acc-stats-ali.cc:105) Processed 1050 utterances; for utterance M09_B1_UW59_M8 avg. like is -50.3172 over 208 frames.
LOG (gmm-acc-stats-ali[5.5]:main():gmm-acc-stats-ali.cc:105) Processed 1100 utterances; for utterance M09_B1_UW68_M8 avg. like is -51.794 over 132 frames.
LOG (gmm-acc-stats-ali[5.5]:main():gmm-acc-stats-ali.cc:105) Processed 1150 utterances; for utterance M09_B1_UW77_M8 avg. like is -50.8166 over 114 frames.
LOG (gmm-acc-stats-ali[5.5]:main():gmm-acc-stats-ali.cc:105) Processed 1200 utterances; for utterance M09_B1_UW86_M8 avg. like is -50.0415 over 81 frames.
LOG (gmm-acc-stats-ali[5.5]:main():gmm-acc-stats-ali.cc:105) Processed 1250 utterances; for utterance M09_B1_UW95_M8 avg. like is -47.0606 over 98 frames.
LOG (gmm-acc-stats-ali[5.5]:main():gmm-acc-stats-ali.cc:105) Processed 1300 utterances; for utterance M09_B3_C14_M8 avg. like is -45.7819 over 122 frames.
LOG (gmm-acc-stats-ali[5.5]:main():gmm-acc-stats-ali.cc:105) Processed 1350 utterances; for utterance M09_B3_C5_M8 avg. like is -47.7024 over 79 frames.
LOG (gmm-acc-stats-ali[5.5]:main():gmm-acc-stats-ali.cc:105) Processed 1400 utterances; for utterance M09_B3_CW14_M8 avg. like is -48.4632 over 101 frames.
LOG (gmm-acc-stats-ali[5.5]:main():gmm-acc-stats-ali.cc:105) Processed 1450 utterances; for utterance M09_B3_CW23_M8 avg. like is -52.648 over 98 frames.
LOG (gmm-acc-stats-ali[5.5]:main():gmm-acc-stats-ali.cc:105) Processed 1500 utterances; for utterance M09_B3_CW32_M8 avg. like is -47.8768 over 85 frames.
LOG (gmm-acc-stats-ali[5.5]:main():gmm-acc-stats-ali.cc:105) Processed 1550 utterances; for utterance M09_B3_CW41_M8 avg. like is -48.1035 over 85 frames.
LOG (gmm-acc-stats-ali[5.5]:main():gmm-acc-stats-ali.cc:105) Processed 1600 utterances; for utterance M09_B3_CW50_M8 avg. like is -45.3637 over 89 frames.
LOG (gmm-acc-stats-ali[5.5]:main():gmm-acc-stats-ali.cc:105) Processed 1650 utterances; for utterance M09_B3_CW5_M8 avg. like is -49.4691 over 98 frames.
LOG (gmm-acc-stats-ali[5.5]:main():gmm-acc-stats-ali.cc:105) Processed 1700 utterances; for utterance M09_B3_CW69_M8 avg. like is -47.4874 over 114 frames.
LOG (gmm-acc-stats-ali[5.5]:main():gmm-acc-stats-ali.cc:105) Processed 1750 utterances; for utterance M09_B3_CW78_M8 avg. like is -46.9191 over 141 frames.
LOG (gmm-acc-stats-ali[5.5]:main():gmm-acc-stats-ali.cc:105) Processed 1800 utterances; for utterance M09_B3_CW87_M8 avg. like is -53.5354 over 86 frames.
LOG (gmm-acc-stats-ali[5.5]:main():gmm-acc-stats-ali.cc:105) Processed 1850 utterances; for utterance M09_B3_CW96_M8 avg. like is -44.5133 over 146 frames.
LOG (gmm-acc-stats-ali[5.5]:main():gmm-acc-stats-ali.cc:105) Processed 1900 utterances; for utterance M09_B3_D5_M8 avg. like is -52.6957 over 90 frames.
LOG (gmm-acc-stats-ali[5.5]:main():gmm-acc-stats-ali.cc:105) Processed 1950 utterances; for utterance M09_B3_LF_M8 avg. like is -50.0512 over 114 frames.
LOG (gmm-acc-stats-ali[5.5]:main():gmm-acc-stats-ali.cc:105) Processed 2000 utterances; for utterance M09_B3_LP_M8 avg. like is -47.3709 over 105 frames.
LOG (gmm-acc-stats-ali[5.5]:main():gmm-acc-stats-ali.cc:105) Processed 2050 utterances; for utterance M09_B3_LZ_M8 avg. like is -46.4776 over 90 frames.
LOG (gmm-acc-stats-ali[5.5]:main():gmm-acc-stats-ali.cc:105) Processed 2100 utterances; for utterance M09_B3_UW18_M8 avg. like is -57.7849 over 75 frames.
LOG (gmm-acc-stats-ali[5.5]:main():gmm-acc-stats-ali.cc:105) Processed 2150 utterances; for utterance M09_B3_UW27_M8 avg. like is -46.535 over 114 frames.
LOG (gmm-acc-stats-ali[5.5]:main():gmm-acc-stats-ali.cc:105) Processed 2200 utterances; for utterance M09_B3_UW36_M8 avg. like is -52.742 over 97 frames.
LOG (gmm-acc-stats-ali[5.5]:main():gmm-acc-stats-ali.cc:105) Processed 2250 utterances; for utterance M09_B3_UW45_M8 avg. like is -52.7937 over 137 frames.
LOG (gmm-acc-stats-ali[5.5]:main():gmm-acc-stats-ali.cc:105) Processed 2300 utterances; for utterance M09_B3_UW54_M8 avg. like is -48.394 over 108 frames.
LOG (gmm-acc-stats-ali[5.5]:main():gmm-acc-stats-ali.cc:105) Processed 2350 utterances; for utterance M09_B3_UW63_M8 avg. like is -53.0343 over 130 frames.
LOG (gmm-acc-stats-ali[5.5]:main():gmm-acc-stats-ali.cc:105) Processed 2400 utterances; for utterance M09_B3_UW72_M8 avg. like is -55.5197 over 87 frames.
LOG (gmm-acc-stats-ali[5.5]:main():gmm-acc-stats-ali.cc:105) Processed 2450 utterances; for utterance M09_B3_UW81_M8 avg. like is -53.7871 over 146 frames.
LOG (gmm-acc-stats-ali[5.5]:main():gmm-acc-stats-ali.cc:105) Processed 2500 utterances; for utterance M09_B3_UW90_M8 avg. like is -45.7666 over 81 frames.
LOG (gmm-acc-stats-ali[5.5]:main():gmm-acc-stats-ali.cc:105) Processed 2550 utterances; for utterance M09_B3_UW9_M8 avg. like is -51.3433 over 116 frames.
LOG (gmm-acc-stats-ali[5.5]:main():gmm-acc-stats-ali.cc:105) Processed 2600 utterances; for utterance M10_B1_C19_M8 avg. like is -62.8084 over 67 frames.
LOG (gmm-acc-stats-ali[5.5]:main():gmm-acc-stats-ali.cc:105) Processed 2650 utterances; for utterance M10_B1_CW100_M8 avg. like is -55.727 over 70 frames.
LOG (gmm-acc-stats-ali[5.5]:main():gmm-acc-stats-ali.cc:105) Processed 2700 utterances; for utterance M10_B1_CW19_M8 avg. like is -47.3201 over 81 frames.
LOG (gmm-acc-stats-ali[5.5]:main():gmm-acc-stats-ali.cc:105) Processed 2750 utterances; for utterance M10_B1_CW28_M8 avg. like is -47.7202 over 79 frames.
LOG (gmm-acc-stats-ali[5.5]:main():gmm-acc-stats-ali.cc:105) Processed 2800 utterances; for utterance M10_B1_CW37_M8 avg. like is -55.5791 over 80 frames.
LOG (gmm-acc-stats-ali[5.5]:main():gmm-acc-stats-ali.cc:105) Processed 2850 utterances; for utterance M10_B1_CW46_M8 avg. like is -51.2383 over 84 frames.
LOG (gmm-acc-stats-ali[5.5]:main():gmm-acc-stats-ali.cc:105) Processed 2900 utterances; for utterance M10_B1_CW55_M8 avg. like is -48.5995 over 87 frames.
LOG (gmm-acc-stats-ali[5.5]:main():gmm-acc-stats-ali.cc:105) Processed 2950 utterances; for utterance M10_B1_CW64_M8 avg. like is -55.5097 over 85 frames.
LOG (gmm-acc-stats-ali[5.5]:main():gmm-acc-stats-ali.cc:105) Processed 3000 utterances; for utterance M10_B1_CW73_M8 avg. like is -57.9444 over 81 frames.
LOG (gmm-acc-stats-ali[5.5]:main():gmm-acc-stats-ali.cc:105) Processed 3050 utterances; for utterance M10_B1_CW82_M8 avg. like is -50.5743 over 78 frames.
LOG (gmm-acc-stats-ali[5.5]:main():gmm-acc-stats-ali.cc:105) Processed 3100 utterances; for utterance M10_B1_CW91_M8 avg. like is -50.5702 over 84 frames.
LOG (gmm-acc-stats-ali[5.5]:main():gmm-acc-stats-ali.cc:105) Processed 3150 utterances; for utterance M10_B1_D0_M8 avg. like is -53.2255 over 94 frames.
LOG (gmm-acc-stats-ali[5.5]:main():gmm-acc-stats-ali.cc:105) Processed 3200 utterances; for utterance M10_B1_LA_M8 avg. like is -55.8574 over 80 frames.
LOG (gmm-acc-stats-ali[5.5]:main():gmm-acc-stats-ali.cc:105) Processed 3250 utterances; for utterance M10_B1_LK_M8 avg. like is -49.1619 over 105 frames.
LOG (gmm-acc-stats-ali[5.5]:main():gmm-acc-stats-ali.cc:105) Processed 3300 utterances; for utterance M10_B1_LU_M8 avg. like is -48.8243 over 96 frames.
LOG (gmm-acc-stats-ali[5.5]:main():gmm-acc-stats-ali.cc:105) Processed 3350 utterances; for utterance M10_B1_UW13_M8 avg. like is -56.6841 over 73 frames.
LOG (gmm-acc-stats-ali[5.5]:main():gmm-acc-stats-ali.cc:105) Processed 3400 utterances; for utterance M10_B1_UW22_M8 avg. like is -54.9583 over 56 frames.
LOG (gmm-acc-stats-ali[5.5]:main():gmm-acc-stats-ali.cc:105) Processed 3450 utterances; for utterance M10_B1_UW31_M8 avg. like is -51.7464 over 76 frames.
LOG (gmm-acc-stats-ali[5.5]:main():gmm-acc-stats-ali.cc:105) Processed 3500 utterances; for utterance M10_B1_UW40_M8 avg. like is -52.0983 over 64 frames.
LOG (gmm-acc-stats-ali[5.5]:main():gmm-acc-stats-ali.cc:105) Processed 3550 utterances; for utterance M10_B1_UW4_M8 avg. like is -60.7855 over 84 frames.
LOG (gmm-acc-stats-ali[5.5]:main():gmm-acc-stats-ali.cc:105) Processed 3600 utterances; for utterance M10_B1_UW59_M8 avg. like is -50.3996 over 70 frames.
LOG (gmm-acc-stats-ali[5.5]:main():gmm-acc-stats-ali.cc:105) Processed 3650 utterances; for utterance M10_B1_UW68_M8 avg. like is -55.9687 over 101 frames.
LOG (gmm-acc-stats-ali[5.5]:main():gmm-acc-stats-ali.cc:105) Processed 3700 utterances; for utterance M10_B1_UW77_M8 avg. like is -49.4103 over 85 frames.
LOG (gmm-acc-stats-ali[5.5]:main():gmm-acc-stats-ali.cc:105) Processed 3750 utterances; for utterance M10_B1_UW86_M8 avg. like is -54.4086 over 75 frames.
LOG (gmm-acc-stats-ali[5.5]:main():gmm-acc-stats-ali.cc:105) Processed 3800 utterances; for utterance M10_B1_UW95_M8 avg. like is -51.8543 over 91 frames.
LOG (gmm-acc-stats-ali[5.5]:main():gmm-acc-stats-ali.cc:105) Processed 3850 utterances; for utterance M10_B3_C14_M8 avg. like is -51.4394 over 67 frames.
LOG (gmm-acc-stats-ali[5.5]:main():gmm-acc-stats-ali.cc:105) Processed 3900 utterances; for utterance M10_B3_C5_M8 avg. like is -46.3793 over 76 frames.
LOG (gmm-acc-stats-ali[5.5]:main():gmm-acc-stats-ali.cc:105) Processed 3950 utterances; for utterance M10_B3_CW14_M8 avg. like is -48.4615 over 86 frames.
LOG (gmm-acc-stats-ali[5.5]:main():gmm-acc-stats-ali.cc:105) Processed 4000 utterances; for utterance M10_B3_CW23_M8 avg. like is -49.3725 over 70 frames.
LOG (gmm-acc-stats-ali[5.5]:main():gmm-acc-stats-ali.cc:105) Processed 4050 utterances; for utterance M10_B3_CW32_M8 avg. like is -63.4329 over 89 frames.
LOG (gmm-acc-stats-ali[5.5]:main():gmm-acc-stats-ali.cc:105) Processed 4100 utterances; for utterance M10_B3_CW41_M8 avg. like is -50.6068 over 107 frames.
LOG (gmm-acc-stats-ali[5.5]:main():gmm-acc-stats-ali.cc:105) Processed 4150 utterances; for utterance M10_B3_CW50_M8 avg. like is -45.2048 over 113 frames.
LOG (gmm-acc-stats-ali[5.5]:main():gmm-acc-stats-ali.cc:105) Processed 4200 utterances; for utterance M10_B3_CW5_M8 avg. like is -46.5149 over 75 frames.
LOG (gmm-acc-stats-ali[5.5]:main():gmm-acc-stats-ali.cc:105) Processed 4250 utterances; for utterance M10_B3_CW69_M8 avg. like is -47.0531 over 83 frames.
LOG (gmm-acc-stats-ali[5.5]:main():gmm-acc-stats-ali.cc:105) Processed 4300 utterances; for utterance M10_B3_CW78_M8 avg. like is -44.7461 over 86 frames.
LOG (gmm-acc-stats-ali[5.5]:main():gmm-acc-stats-ali.cc:105) Processed 4350 utterances; for utterance M10_B3_CW87_M8 avg. like is -48.4967 over 89 frames.
LOG (gmm-acc-stats-ali[5.5]:main():gmm-acc-stats-ali.cc:105) Processed 4400 utterances; for utterance M10_B3_CW96_M8 avg. like is -45.0738 over 63 frames.
LOG (gmm-acc-stats-ali[5.5]:main():gmm-acc-stats-ali.cc:105) Processed 4450 utterances; for utterance M10_B3_D5_M8 avg. like is -48.7504 over 56 frames.
LOG (gmm-acc-stats-ali[5.5]:main():gmm-acc-stats-ali.cc:105) Processed 4500 utterances; for utterance M10_B3_LF_M8 avg. like is -53.5329 over 105 frames.
LOG (gmm-acc-stats-ali[5.5]:main():gmm-acc-stats-ali.cc:105) Processed 4550 utterances; for utterance M10_B3_LP_M8 avg. like is -47.0453 over 71 frames.
LOG (gmm-acc-stats-ali[5.5]:main():gmm-acc-stats-ali.cc:105) Processed 4600 utterances; for utterance M10_B3_LZ_M8 avg. like is -48.9683 over 106 frames.
LOG (gmm-acc-stats-ali[5.5]:main():gmm-acc-stats-ali.cc:105) Processed 4650 utterances; for utterance M10_B3_UW18_M8 avg. like is -49.5888 over 68 frames.
LOG (gmm-acc-stats-ali[5.5]:main():gmm-acc-stats-ali.cc:105) Processed 4700 utterances; for utterance M10_B3_UW27_M8 avg. like is -49.8265 over 77 frames.
LOG (gmm-acc-stats-ali[5.5]:main():gmm-acc-stats-ali.cc:105) Processed 4750 utterances; for utterance M10_B3_UW36_M8 avg. like is -48.4988 over 80 frames.
LOG (gmm-acc-stats-ali[5.5]:main():gmm-acc-stats-ali.cc:105) Processed 4800 utterances; for utterance M10_B3_UW45_M8 avg. like is -49.9356 over 77 frames.
LOG (gmm-acc-stats-ali[5.5]:main():gmm-acc-stats-ali.cc:105) Processed 4850 utterances; for utterance M10_B3_UW54_M8 avg. like is -48.7835 over 92 frames.
LOG (gmm-acc-stats-ali[5.5]:main():gmm-acc-stats-ali.cc:105) Processed 4900 utterances; for utterance M10_B3_UW63_M8 avg. like is -51.2163 over 76 frames.
LOG (gmm-acc-stats-ali[5.5]:main():gmm-acc-stats-ali.cc:105) Processed 4950 utterances; for utterance M10_B3_UW72_M8 avg. like is -48.9616 over 94 frames.
LOG (gmm-acc-stats-ali[5.5]:main():gmm-acc-stats-ali.cc:105) Processed 5000 utterances; for utterance M10_B3_UW81_M8 avg. like is -51.7655 over 97 frames.
LOG (gmm-acc-stats-ali[5.5]:main():gmm-acc-stats-ali.cc:105) Processed 5050 utterances; for utterance M10_B3_UW90_M8 avg. like is -47.7201 over 77 frames.
LOG (apply-cmvn[5.5]:main():apply-cmvn.cc:162) Applied cepstral mean normalization to 5100 utterances, errors on 0
LOG (transform-feats[5.5]:main():transform-feats.cc:158) Overall average [pseudo-]logdet is -89.3309 over 485132 frames.
LOG (transform-feats[5.5]:main():transform-feats.cc:161) Applied transform to 5100 utterances; 0 had errors.
LOG (gmm-acc-stats-ali[5.5]:main():gmm-acc-stats-ali.cc:105) Processed 5100 utterances; for utterance M10_B3_UW9_M8 avg. like is -55.004 over 100 frames.
LOG (gmm-acc-stats-ali[5.5]:main():gmm-acc-stats-ali.cc:112) Done 5100 files, 0 with errors.
LOG (gmm-acc-stats-ali[5.5]:main():gmm-acc-stats-ali.cc:115) Overall avg like per frame (Gaussian only) = -51.0889 over 485132 frames.
LOG (gmm-acc-stats-ali[5.5]:main():gmm-acc-stats-ali.cc:123) Written accs.
# Accounting: time=1 threads=1
# Ended (code 0) at Thu Mar 16 23:59:01 IST 2023, elapsed time 1 seconds
