# gmm-acc-stats-ali exp_dys_comb_vad/tri2/5.mdl "ark,s,cs:apply-cmvn  --utt2spk=ark:data_dys_comb_vad/train_dys_pow_no_sil/split11/7/utt2spk scp:data_dys_comb_vad/train_dys_pow_no_sil/split11/7/cmvn.scp scp:data_dys_comb_vad/train_dys_pow_no_sil/split11/7/feats.scp ark:- | splice-feats --left-context=3 --right-context=3 ark:- ark:- | transform-feats exp_dys_comb_vad/tri2/4.mat ark:- ark:- |" "ark,s,cs:gunzip -c exp_dys_comb_vad/tri2/ali.7.gz|" exp_dys_comb_vad/tri2/5.7.acc 
# Started at Thu Mar 16 23:58:13 IST 2023
#
gmm-acc-stats-ali exp_dys_comb_vad/tri2/5.mdl 'ark,s,cs:apply-cmvn  --utt2spk=ark:data_dys_comb_vad/train_dys_pow_no_sil/split11/7/utt2spk scp:data_dys_comb_vad/train_dys_pow_no_sil/split11/7/cmvn.scp scp:data_dys_comb_vad/train_dys_pow_no_sil/split11/7/feats.scp ark:- | splice-feats --left-context=3 --right-context=3 ark:- ark:- | transform-feats exp_dys_comb_vad/tri2/4.mat ark:- ark:- |' 'ark,s,cs:gunzip -c exp_dys_comb_vad/tri2/ali.7.gz|' exp_dys_comb_vad/tri2/5.7.acc 
transform-feats exp_dys_comb_vad/tri2/4.mat ark:- ark:- 
splice-feats --left-context=3 --right-context=3 ark:- ark:- 
apply-cmvn --utt2spk=ark:data_dys_comb_vad/train_dys_pow_no_sil/split11/7/utt2spk scp:data_dys_comb_vad/train_dys_pow_no_sil/split11/7/cmvn.scp scp:data_dys_comb_vad/train_dys_pow_no_sil/split11/7/feats.scp ark:- 
LOG (gmm-acc-stats-ali[5.5]:main():gmm-acc-stats-ali.cc:105) Processed 50 utterances; for utterance F04_B1_C19_M8 avg. like is -54.085 over 80 frames.
LOG (gmm-acc-stats-ali[5.5]:main():gmm-acc-stats-ali.cc:105) Processed 100 utterances; for utterance F04_B1_CW100_M8 avg. like is -53.8753 over 101 frames.
LOG (gmm-acc-stats-ali[5.5]:main():gmm-acc-stats-ali.cc:105) Processed 150 utterances; for utterance F04_B1_CW19_M8 avg. like is -62.1434 over 92 frames.
LOG (gmm-acc-stats-ali[5.5]:main():gmm-acc-stats-ali.cc:105) Processed 200 utterances; for utterance F04_B1_CW28_M8 avg. like is -60.8837 over 205 frames.
LOG (gmm-acc-stats-ali[5.5]:main():gmm-acc-stats-ali.cc:105) Processed 250 utterances; for utterance F04_B1_CW37_M8 avg. like is -60.7492 over 111 frames.
LOG (gmm-acc-stats-ali[5.5]:main():gmm-acc-stats-ali.cc:105) Processed 300 utterances; for utterance F04_B1_CW46_M8 avg. like is -50.455 over 103 frames.
LOG (gmm-acc-stats-ali[5.5]:main():gmm-acc-stats-ali.cc:105) Processed 350 utterances; for utterance F04_B1_CW55_M8 avg. like is -59.4601 over 124 frames.
LOG (gmm-acc-stats-ali[5.5]:main():gmm-acc-stats-ali.cc:105) Processed 400 utterances; for utterance F04_B1_CW64_M8 avg. like is -50.18 over 84 frames.
LOG (gmm-acc-stats-ali[5.5]:main():gmm-acc-stats-ali.cc:105) Processed 450 utterances; for utterance F04_B1_CW73_M8 avg. like is -52.081 over 159 frames.
LOG (gmm-acc-stats-ali[5.5]:main():gmm-acc-stats-ali.cc:105) Processed 500 utterances; for utterance F04_B1_CW82_M8 avg. like is -51.5539 over 95 frames.
LOG (gmm-acc-stats-ali[5.5]:main():gmm-acc-stats-ali.cc:105) Processed 550 utterances; for utterance F04_B1_CW91_M8 avg. like is -55.9486 over 118 frames.
LOG (gmm-acc-stats-ali[5.5]:main():gmm-acc-stats-ali.cc:105) Processed 600 utterances; for utterance F04_B1_D0_M8 avg. like is -64.4676 over 126 frames.
LOG (gmm-acc-stats-ali[5.5]:main():gmm-acc-stats-ali.cc:105) Processed 650 utterances; for utterance F04_B1_LA_M8 avg. like is -57.5693 over 116 frames.
LOG (gmm-acc-stats-ali[5.5]:main():gmm-acc-stats-ali.cc:105) Processed 700 utterances; for utterance F04_B1_LK_M8 avg. like is -64.1712 over 225 frames.
LOG (gmm-acc-stats-ali[5.5]:main():gmm-acc-stats-ali.cc:105) Processed 750 utterances; for utterance F04_B1_LU_M8 avg. like is -63.0102 over 170 frames.
LOG (gmm-acc-stats-ali[5.5]:main():gmm-acc-stats-ali.cc:105) Processed 800 utterances; for utterance F04_B1_UW13_M8 avg. like is -67.1939 over 113 frames.
LOG (gmm-acc-stats-ali[5.5]:main():gmm-acc-stats-ali.cc:105) Processed 850 utterances; for utterance F04_B1_UW22_M8 avg. like is -58.4617 over 128 frames.
LOG (gmm-acc-stats-ali[5.5]:main():gmm-acc-stats-ali.cc:105) Processed 900 utterances; for utterance F04_B1_UW31_M8 avg. like is -57.6616 over 133 frames.
LOG (gmm-acc-stats-ali[5.5]:main():gmm-acc-stats-ali.cc:105) Processed 950 utterances; for utterance F04_B1_UW40_M8 avg. like is -51.6159 over 866 frames.
LOG (gmm-acc-stats-ali[5.5]:main():gmm-acc-stats-ali.cc:105) Processed 1000 utterances; for utterance F04_B1_UW4_M8 avg. like is -62.5945 over 191 frames.
LOG (gmm-acc-stats-ali[5.5]:main():gmm-acc-stats-ali.cc:105) Processed 1050 utterances; for utterance F04_B1_UW59_M8 avg. like is -56.8004 over 131 frames.
LOG (gmm-acc-stats-ali[5.5]:main():gmm-acc-stats-ali.cc:105) Processed 1100 utterances; for utterance F04_B1_UW68_M8 avg. like is -61.4605 over 181 frames.
LOG (gmm-acc-stats-ali[5.5]:main():gmm-acc-stats-ali.cc:105) Processed 1150 utterances; for utterance F04_B1_UW77_M8 avg. like is -59.0349 over 160 frames.
LOG (gmm-acc-stats-ali[5.5]:main():gmm-acc-stats-ali.cc:105) Processed 1200 utterances; for utterance F04_B1_UW86_M8 avg. like is -60.3183 over 108 frames.
LOG (gmm-acc-stats-ali[5.5]:main():gmm-acc-stats-ali.cc:105) Processed 1250 utterances; for utterance F04_B3_C16_M3 avg. like is -50.7107 over 111 frames.
LOG (gmm-acc-stats-ali[5.5]:main():gmm-acc-stats-ali.cc:105) Processed 1300 utterances; for utterance F04_B3_C7_M3 avg. like is -51.6331 over 94 frames.
LOG (gmm-acc-stats-ali[5.5]:main():gmm-acc-stats-ali.cc:105) Processed 1350 utterances; for utterance F04_B3_CW16_M3 avg. like is -48.7607 over 121 frames.
LOG (gmm-acc-stats-ali[5.5]:main():gmm-acc-stats-ali.cc:105) Processed 1400 utterances; for utterance F04_B3_CW25_M3 avg. like is -46.3345 over 133 frames.
LOG (gmm-acc-stats-ali[5.5]:main():gmm-acc-stats-ali.cc:105) Processed 1450 utterances; for utterance F04_B3_CW34_M3 avg. like is -51.0376 over 94 frames.
LOG (gmm-acc-stats-ali[5.5]:main():gmm-acc-stats-ali.cc:105) Processed 1500 utterances; for utterance F04_B3_CW43_M3 avg. like is -51.2155 over 122 frames.
LOG (gmm-acc-stats-ali[5.5]:main():gmm-acc-stats-ali.cc:105) Processed 1550 utterances; for utterance F04_B3_CW52_M3 avg. like is -49.4422 over 304 frames.
LOG (gmm-acc-stats-ali[5.5]:main():gmm-acc-stats-ali.cc:105) Processed 1600 utterances; for utterance F04_B3_CW61_M3 avg. like is -48.3974 over 113 frames.
LOG (gmm-acc-stats-ali[5.5]:main():gmm-acc-stats-ali.cc:105) Processed 1650 utterances; for utterance F04_B3_CW70_M3 avg. like is -47.0148 over 108 frames.
LOG (gmm-acc-stats-ali[5.5]:main():gmm-acc-stats-ali.cc:105) Processed 1700 utterances; for utterance F04_B3_CW7_M3 avg. like is -49.2236 over 145 frames.
LOG (gmm-acc-stats-ali[5.5]:main():gmm-acc-stats-ali.cc:105) Processed 1750 utterances; for utterance F04_B3_CW89_M3 avg. like is -49.1043 over 105 frames.
LOG (gmm-acc-stats-ali[5.5]:main():gmm-acc-stats-ali.cc:105) Processed 1800 utterances; for utterance F04_B3_CW98_M3 avg. like is -49.8712 over 128 frames.
LOG (gmm-acc-stats-ali[5.5]:main():gmm-acc-stats-ali.cc:105) Processed 1850 utterances; for utterance F04_B3_D7_M3 avg. like is -73.0181 over 72 frames.
LOG (gmm-acc-stats-ali[5.5]:main():gmm-acc-stats-ali.cc:105) Processed 1900 utterances; for utterance F04_B3_LH_M3 avg. like is -53.0404 over 121 frames.
LOG (gmm-acc-stats-ali[5.5]:main():gmm-acc-stats-ali.cc:105) Processed 1950 utterances; for utterance F04_B3_LR_M3 avg. like is -54.4053 over 70 frames.
LOG (gmm-acc-stats-ali[5.5]:main():gmm-acc-stats-ali.cc:105) Processed 2000 utterances; for utterance F04_B3_UW10_M3 avg. like is -68.4351 over 127 frames.
LOG (gmm-acc-stats-ali[5.5]:main():gmm-acc-stats-ali.cc:105) Processed 2050 utterances; for utterance F04_B3_UW1_M3 avg. like is -53.3517 over 207 frames.
LOG (gmm-acc-stats-ali[5.5]:main():gmm-acc-stats-ali.cc:105) Processed 2100 utterances; for utterance F04_B3_UW29_M3 avg. like is -53.3313 over 95 frames.
LOG (gmm-acc-stats-ali[5.5]:main():gmm-acc-stats-ali.cc:105) Processed 2150 utterances; for utterance F04_B3_UW38_M3 avg. like is -52.3409 over 245 frames.
LOG (gmm-acc-stats-ali[5.5]:main():gmm-acc-stats-ali.cc:105) Processed 2200 utterances; for utterance F04_B3_UW47_M3 avg. like is -57.2822 over 174 frames.
LOG (gmm-acc-stats-ali[5.5]:main():gmm-acc-stats-ali.cc:105) Processed 2250 utterances; for utterance F04_B3_UW56_M3 avg. like is -49.9565 over 263 frames.
LOG (gmm-acc-stats-ali[5.5]:main():gmm-acc-stats-ali.cc:105) Processed 2300 utterances; for utterance F04_B3_UW65_M3 avg. like is -49.246 over 351 frames.
LOG (gmm-acc-stats-ali[5.5]:main():gmm-acc-stats-ali.cc:105) Processed 2350 utterances; for utterance F04_B3_UW74_M3 avg. like is -52.6825 over 185 frames.
LOG (gmm-acc-stats-ali[5.5]:main():gmm-acc-stats-ali.cc:105) Processed 2400 utterances; for utterance F04_B3_UW83_M3 avg. like is -50.9927 over 122 frames.
LOG (gmm-acc-stats-ali[5.5]:main():gmm-acc-stats-ali.cc:105) Processed 2450 utterances; for utterance F04_B3_UW92_M3 avg. like is -47.7293 over 106 frames.
LOG (gmm-acc-stats-ali[5.5]:main():gmm-acc-stats-ali.cc:105) Processed 2500 utterances; for utterance M01_B1_C11_M5 avg. like is -49.7288 over 215 frames.
LOG (gmm-acc-stats-ali[5.5]:main():gmm-acc-stats-ali.cc:105) Processed 2550 utterances; for utterance M01_B1_C4_M7 avg. like is -54.6578 over 410 frames.
LOG (gmm-acc-stats-ali[5.5]:main():gmm-acc-stats-ali.cc:105) Processed 2600 utterances; for utterance M01_B1_CW16_M5 avg. like is -58.2193 over 166 frames.
LOG (gmm-acc-stats-ali[5.5]:main():gmm-acc-stats-ali.cc:105) Processed 2650 utterances; for utterance M01_B1_CW27_M7 avg. like is -51.8174 over 276 frames.
LOG (gmm-acc-stats-ali[5.5]:main():gmm-acc-stats-ali.cc:105) Processed 2700 utterances; for utterance M01_B1_CW39_M5 avg. like is -54.2301 over 319 frames.
LOG (gmm-acc-stats-ali[5.5]:main():gmm-acc-stats-ali.cc:105) Processed 2750 utterances; for utterance M01_B1_CW4_M7 avg. like is -52.6858 over 109 frames.
LOG (gmm-acc-stats-ali[5.5]:main():gmm-acc-stats-ali.cc:105) Processed 2800 utterances; for utterance M01_B1_CW61_M5 avg. like is -50.1854 over 264 frames.
LOG (gmm-acc-stats-ali[5.5]:main():gmm-acc-stats-ali.cc:105) Processed 2850 utterances; for utterance M01_B1_CW72_M7 avg. like is -55.7587 over 109 frames.
LOG (gmm-acc-stats-ali[5.5]:main():gmm-acc-stats-ali.cc:105) Processed 2900 utterances; for utterance M01_B1_CW84_M5 avg. like is -54.2269 over 278 frames.
LOG (gmm-acc-stats-ali[5.5]:main():gmm-acc-stats-ali.cc:105) Processed 2950 utterances; for utterance M01_B1_CW95_M7 avg. like is -55.8472 over 317 frames.
LOG (gmm-acc-stats-ali[5.5]:main():gmm-acc-stats-ali.cc:105) Processed 3000 utterances; for utterance M01_B1_D7_M5 avg. like is -59.8665 over 105 frames.
LOG (gmm-acc-stats-ali[5.5]:main():gmm-acc-stats-ali.cc:105) Processed 3050 utterances; for utterance M01_B1_LJ_M7 avg. like is -54.6861 over 691 frames.
LOG (gmm-acc-stats-ali[5.5]:main():gmm-acc-stats-ali.cc:105) Processed 3100 utterances; for utterance M01_B1_LW_M5 avg. like is -59.5935 over 361 frames.
LOG (gmm-acc-stats-ali[5.5]:main():gmm-acc-stats-ali.cc:105) Processed 3150 utterances; for utterance M01_B1_UW17_M7 avg. like is -51.1802 over 426 frames.
LOG (gmm-acc-stats-ali[5.5]:main():gmm-acc-stats-ali.cc:105) Processed 3200 utterances; for utterance M01_B1_UW29_M5 avg. like is -56.7791 over 255 frames.
LOG (gmm-acc-stats-ali[5.5]:main():gmm-acc-stats-ali.cc:105) Processed 3250 utterances; for utterance M01_B1_UW3_M7 avg. like is -55.9485 over 230 frames.
LOG (gmm-acc-stats-ali[5.5]:main():gmm-acc-stats-ali.cc:105) Processed 3300 utterances; for utterance M01_B1_UW51_M5 avg. like is -58.0719 over 629 frames.
LOG (gmm-acc-stats-ali[5.5]:main():gmm-acc-stats-ali.cc:105) Processed 3350 utterances; for utterance M01_B1_UW62_M7 avg. like is -55.5661 over 419 frames.
LOG (gmm-acc-stats-ali[5.5]:main():gmm-acc-stats-ali.cc:105) Processed 3400 utterances; for utterance M01_B1_UW74_M5 avg. like is -51.229 over 217 frames.
LOG (gmm-acc-stats-ali[5.5]:main():gmm-acc-stats-ali.cc:105) Processed 3450 utterances; for utterance M01_B1_UW85_M7 avg. like is -56.0333 over 204 frames.
LOG (gmm-acc-stats-ali[5.5]:main():gmm-acc-stats-ali.cc:105) Processed 3500 utterances; for utterance M01_B1_UW97_M5 avg. like is -56.7502 over 590 frames.
LOG (gmm-acc-stats-ali[5.5]:main():gmm-acc-stats-ali.cc:105) Processed 3550 utterances; for utterance M01_B3_C2_M7 avg. like is -58.1881 over 226 frames.
LOG (gmm-acc-stats-ali[5.5]:main():gmm-acc-stats-ali.cc:105) Processed 3600 utterances; for utterance M01_B3_CW18_M6 avg. like is -54.3806 over 183 frames.
LOG (gmm-acc-stats-ali[5.5]:main():gmm-acc-stats-ali.cc:105) Processed 3650 utterances; for utterance M01_B3_CW33_M5 avg. like is -52.439 over 194 frames.
LOG (gmm-acc-stats-ali[5.5]:main():gmm-acc-stats-ali.cc:105) Processed 3700 utterances; for utterance M01_B3_CW48_M7 avg. like is -48.8368 over 195 frames.
LOG (gmm-acc-stats-ali[5.5]:main():gmm-acc-stats-ali.cc:105) Processed 3750 utterances; for utterance M01_B3_CW63_M6 avg. like is -55.3581 over 127 frames.
LOG (gmm-acc-stats-ali[5.5]:main():gmm-acc-stats-ali.cc:105) Processed 3800 utterances; for utterance M01_B3_CW79_M5 avg. like is -53.2993 over 173 frames.
LOG (gmm-acc-stats-ali[5.5]:main():gmm-acc-stats-ali.cc:105) Processed 3850 utterances; for utterance M01_B3_CW93_M7 avg. like is -57.1886 over 205 frames.
LOG (gmm-acc-stats-ali[5.5]:main():gmm-acc-stats-ali.cc:105) Processed 3900 utterances; for utterance M01_B3_D9_M6 avg. like is -59.8714 over 244 frames.
LOG (gmm-acc-stats-ali[5.5]:main():gmm-acc-stats-ali.cc:105) Processed 3950 utterances; for utterance M01_B3_LQ_M5 avg. like is -61.5402 over 263 frames.
LOG (gmm-acc-stats-ali[5.5]:main():gmm-acc-stats-ali.cc:105) Processed 4000 utterances; for utterance M01_B3_UW15_M7 avg. like is -54.9022 over 164 frames.
LOG (gmm-acc-stats-ali[5.5]:main():gmm-acc-stats-ali.cc:105) Processed 4050 utterances; for utterance M01_B3_UW30_M6 avg. like is -54.4205 over 1389 frames.
LOG (gmm-acc-stats-ali[5.5]:main():gmm-acc-stats-ali.cc:105) Processed 4100 utterances; for utterance M01_B3_UW46_M5 avg. like is -56.6203 over 338 frames.
LOG (gmm-acc-stats-ali[5.5]:main():gmm-acc-stats-ali.cc:105) Processed 4150 utterances; for utterance M01_B3_UW60_M7 avg. like is -52.0846 over 538 frames.
LOG (gmm-acc-stats-ali[5.5]:main():gmm-acc-stats-ali.cc:105) Processed 4200 utterances; for utterance M01_B3_UW76_M6 avg. like is -52.048 over 198 frames.
LOG (gmm-acc-stats-ali[5.5]:main():gmm-acc-stats-ali.cc:105) Processed 4250 utterances; for utterance M01_B3_UW91_M5 avg. like is -51.2722 over 199 frames.
LOG (gmm-acc-stats-ali[5.5]:main():gmm-acc-stats-ali.cc:105) Processed 4300 utterances; for utterance M04_B1_C14_M3 avg. like is -58.4393 over 119 frames.
LOG (gmm-acc-stats-ali[5.5]:main():gmm-acc-stats-ali.cc:105) Processed 4350 utterances; for utterance M04_B1_C5_M3 avg. like is -54.474 over 55 frames.
LOG (gmm-acc-stats-ali[5.5]:main():gmm-acc-stats-ali.cc:105) Processed 4400 utterances; for utterance M04_B1_CW14_M3 avg. like is -58.1023 over 68 frames.
LOG (gmm-acc-stats-ali[5.5]:main():gmm-acc-stats-ali.cc:105) Processed 4450 utterances; for utterance M04_B1_CW23_M3 avg. like is -50.7991 over 142 frames.
LOG (gmm-acc-stats-ali[5.5]:main():gmm-acc-stats-ali.cc:105) Processed 4500 utterances; for utterance M04_B1_CW32_M3 avg. like is -61.4383 over 135 frames.
LOG (gmm-acc-stats-ali[5.5]:main():gmm-acc-stats-ali.cc:105) Processed 4550 utterances; for utterance M04_B1_CW41_M3 avg. like is -52.074 over 116 frames.
LOG (gmm-acc-stats-ali[5.5]:main():gmm-acc-stats-ali.cc:105) Processed 4600 utterances; for utterance M04_B1_CW50_M3 avg. like is -51.285 over 151 frames.
LOG (gmm-acc-stats-ali[5.5]:main():gmm-acc-stats-ali.cc:105) Processed 4650 utterances; for utterance M04_B1_CW5_M3 avg. like is -53.3773 over 69 frames.
LOG (gmm-acc-stats-ali[5.5]:main():gmm-acc-stats-ali.cc:105) Processed 4700 utterances; for utterance M04_B1_CW69_M3 avg. like is -50.7675 over 87 frames.
LOG (gmm-acc-stats-ali[5.5]:main():gmm-acc-stats-ali.cc:105) Processed 4750 utterances; for utterance M04_B1_CW78_M3 avg. like is -51.8494 over 99 frames.
LOG (gmm-acc-stats-ali[5.5]:main():gmm-acc-stats-ali.cc:105) Processed 4800 utterances; for utterance M04_B1_CW87_M3 avg. like is -52.3485 over 122 frames.
LOG (gmm-acc-stats-ali[5.5]:main():gmm-acc-stats-ali.cc:105) Processed 4850 utterances; for utterance M04_B1_CW96_M3 avg. like is -55.0892 over 98 frames.
LOG (gmm-acc-stats-ali[5.5]:main():gmm-acc-stats-ali.cc:105) Processed 4900 utterances; for utterance M04_B1_D5_M3 avg. like is -69.053 over 76 frames.
LOG (gmm-acc-stats-ali[5.5]:main():gmm-acc-stats-ali.cc:105) Processed 4950 utterances; for utterance M04_B1_LF_M3 avg. like is -64.5097 over 138 frames.
LOG (gmm-acc-stats-ali[5.5]:main():gmm-acc-stats-ali.cc:105) Processed 5000 utterances; for utterance M04_B1_LP_M3 avg. like is -57.0714 over 109 frames.
LOG (gmm-acc-stats-ali[5.5]:main():gmm-acc-stats-ali.cc:105) Processed 5050 utterances; for utterance M04_B1_LZ_M3 avg. like is -53.031 over 128 frames.
LOG (gmm-acc-stats-ali[5.5]:main():gmm-acc-stats-ali.cc:105) Processed 5100 utterances; for utterance M04_B1_UW18_M3 avg. like is -55.4707 over 156 frames.
LOG (gmm-acc-stats-ali[5.5]:main():gmm-acc-stats-ali.cc:105) Processed 5150 utterances; for utterance M04_B1_UW27_M3 avg. like is -52.6785 over 141 frames.
LOG (gmm-acc-stats-ali[5.5]:main():gmm-acc-stats-ali.cc:105) Processed 5200 utterances; for utterance M04_B1_UW36_M3 avg. like is -65.6578 over 249 frames.
LOG (gmm-acc-stats-ali[5.5]:main():gmm-acc-stats-ali.cc:105) Processed 5250 utterances; for utterance M04_B1_UW45_M3 avg. like is -53.5684 over 100 frames.
LOG (gmm-acc-stats-ali[5.5]:main():gmm-acc-stats-ali.cc:105) Processed 5300 utterances; for utterance M04_B1_UW54_M3 avg. like is -62.3634 over 83 frames.
LOG (gmm-acc-stats-ali[5.5]:main():gmm-acc-stats-ali.cc:105) Processed 5350 utterances; for utterance M04_B1_UW63_M3 avg. like is -57.1361 over 95 frames.
LOG (gmm-acc-stats-ali[5.5]:main():gmm-acc-stats-ali.cc:105) Processed 5400 utterances; for utterance M04_B1_UW72_M3 avg. like is -51.606 over 115 frames.
LOG (gmm-acc-stats-ali[5.5]:main():gmm-acc-stats-ali.cc:105) Processed 5450 utterances; for utterance M04_B1_UW81_M3 avg. like is -50.2475 over 146 frames.
LOG (gmm-acc-stats-ali[5.5]:main():gmm-acc-stats-ali.cc:105) Processed 5500 utterances; for utterance M04_B1_UW90_M3 avg. like is -48.8541 over 117 frames.
LOG (gmm-acc-stats-ali[5.5]:main():gmm-acc-stats-ali.cc:105) Processed 5550 utterances; for utterance M04_B1_UW9_M3 avg. like is -50.7489 over 114 frames.
LOG (gmm-acc-stats-ali[5.5]:main():gmm-acc-stats-ali.cc:105) Processed 5600 utterances; for utterance M04_B3_C19_M3 avg. like is -47.6841 over 127 frames.
LOG (gmm-acc-stats-ali[5.5]:main():gmm-acc-stats-ali.cc:105) Processed 5650 utterances; for utterance M04_B3_CW100_M3 avg. like is -48.9186 over 104 frames.
LOG (gmm-acc-stats-ali[5.5]:main():gmm-acc-stats-ali.cc:105) Processed 5700 utterances; for utterance M04_B3_CW19_M3 avg. like is -51.0319 over 96 frames.
LOG (gmm-acc-stats-ali[5.5]:main():gmm-acc-stats-ali.cc:105) Processed 5750 utterances; for utterance M04_B3_CW28_M3 avg. like is -48.2668 over 110 frames.
LOG (gmm-acc-stats-ali[5.5]:main():gmm-acc-stats-ali.cc:105) Processed 5800 utterances; for utterance M04_B3_CW37_M3 avg. like is -49.7555 over 81 frames.
LOG (gmm-acc-stats-ali[5.5]:main():gmm-acc-stats-ali.cc:105) Processed 5850 utterances; for utterance M04_B3_CW46_M3 avg. like is -46.2445 over 114 frames.
LOG (gmm-acc-stats-ali[5.5]:main():gmm-acc-stats-ali.cc:105) Processed 5900 utterances; for utterance M04_B3_CW55_M3 avg. like is -51.7966 over 113 frames.
LOG (gmm-acc-stats-ali[5.5]:main():gmm-acc-stats-ali.cc:105) Processed 5950 utterances; for utterance M04_B3_CW64_M3 avg. like is -54.8172 over 117 frames.
LOG (gmm-acc-stats-ali[5.5]:main():gmm-acc-stats-ali.cc:105) Processed 6000 utterances; for utterance M04_B3_CW73_M3 avg. like is -45.7939 over 122 frames.
LOG (gmm-acc-stats-ali[5.5]:main():gmm-acc-stats-ali.cc:105) Processed 6050 utterances; for utterance M04_B3_CW82_M3 avg. like is -49.2384 over 105 frames.
LOG (gmm-acc-stats-ali[5.5]:main():gmm-acc-stats-ali.cc:105) Processed 6100 utterances; for utterance M04_B3_CW91_M3 avg. like is -47.3056 over 126 frames.
LOG (gmm-acc-stats-ali[5.5]:main():gmm-acc-stats-ali.cc:105) Processed 6150 utterances; for utterance M04_B3_D0_M3 avg. like is -57.419 over 69 frames.
LOG (gmm-acc-stats-ali[5.5]:main():gmm-acc-stats-ali.cc:105) Processed 6200 utterances; for utterance M04_B3_LA_M3 avg. like is -56.3444 over 81 frames.
LOG (gmm-acc-stats-ali[5.5]:main():gmm-acc-stats-ali.cc:105) Processed 6250 utterances; for utterance M04_B3_LK_M3 avg. like is -53.6707 over 87 frames.
LOG (gmm-acc-stats-ali[5.5]:main():gmm-acc-stats-ali.cc:105) Processed 6300 utterances; for utterance M04_B3_LU_M3 avg. like is -57.29 over 119 frames.
LOG (gmm-acc-stats-ali[5.5]:main():gmm-acc-stats-ali.cc:105) Processed 6350 utterances; for utterance M04_B3_UW13_M3 avg. like is -52.8977 over 170 frames.
LOG (gmm-acc-stats-ali[5.5]:main():gmm-acc-stats-ali.cc:105) Processed 6400 utterances; for utterance M04_B3_UW22_M3 avg. like is -58.0926 over 135 frames.
LOG (gmm-acc-stats-ali[5.5]:main():gmm-acc-stats-ali.cc:105) Processed 6450 utterances; for utterance M04_B3_UW31_M3 avg. like is -47.3783 over 92 frames.
LOG (gmm-acc-stats-ali[5.5]:main():gmm-acc-stats-ali.cc:105) Processed 6500 utterances; for utterance M04_B3_UW40_M3 avg. like is -51.4334 over 159 frames.
LOG (gmm-acc-stats-ali[5.5]:main():gmm-acc-stats-ali.cc:105) Processed 6550 utterances; for utterance M04_B3_UW4_M3 avg. like is -51.0388 over 131 frames.
LOG (gmm-acc-stats-ali[5.5]:main():gmm-acc-stats-ali.cc:105) Processed 6600 utterances; for utterance M04_B3_UW59_M3 avg. like is -51.5384 over 278 frames.
LOG (gmm-acc-stats-ali[5.5]:main():gmm-acc-stats-ali.cc:105) Processed 6650 utterances; for utterance M04_B3_UW68_M3 avg. like is -52.2171 over 128 frames.
LOG (gmm-acc-stats-ali[5.5]:main():gmm-acc-stats-ali.cc:105) Processed 6700 utterances; for utterance M04_B3_UW77_M3 avg. like is -51.3544 over 105 frames.
LOG (gmm-acc-stats-ali[5.5]:main():gmm-acc-stats-ali.cc:105) Processed 6750 utterances; for utterance M04_B3_UW86_M3 avg. like is -49.3406 over 145 frames.
LOG (gmm-acc-stats-ali[5.5]:main():gmm-acc-stats-ali.cc:105) Processed 6800 utterances; for utterance M04_B3_UW95_M3 avg. like is -46.9583 over 151 frames.
LOG (apply-cmvn[5.5]:main():apply-cmvn.cc:162) Applied cepstral mean normalization to 6829 utterances, errors on 0
LOG (transform-feats[5.5]:main():transform-feats.cc:158) Overall average [pseudo-]logdet is -89.9001 over 1.19664e+06 frames.
LOG (transform-feats[5.5]:main():transform-feats.cc:161) Applied transform to 6829 utterances; 0 had errors.
LOG (gmm-acc-stats-ali[5.5]:main():gmm-acc-stats-ali.cc:112) Done 6829 files, 0 with errors.
LOG (gmm-acc-stats-ali[5.5]:main():gmm-acc-stats-ali.cc:115) Overall avg like per frame (Gaussian only) = -55.3092 over 1196638 frames.
LOG (gmm-acc-stats-ali[5.5]:main():gmm-acc-stats-ali.cc:123) Written accs.
# Accounting: time=3 threads=1
# Ended (code 0) at Thu Mar 16 23:58:16 IST 2023, elapsed time 3 seconds
