# gmm-est --write-occs=exp_dys_comb_vad/tri2/24.occs --mix-up=14320 --power=0.25 exp_dys_comb_vad/tri2/23.mdl "gmm-sum-accs - exp_dys_comb_vad/tri2/23.*.acc |" exp_dys_comb_vad/tri2/24.mdl 
# Started at Thu Mar 16 23:59:55 IST 2023
#
gmm-est --write-occs=exp_dys_comb_vad/tri2/24.occs --mix-up=14320 --power=0.25 exp_dys_comb_vad/tri2/23.mdl 'gmm-sum-accs - exp_dys_comb_vad/tri2/23.*.acc |' exp_dys_comb_vad/tri2/24.mdl 
gmm-sum-accs - exp_dys_comb_vad/tri2/23.1.acc exp_dys_comb_vad/tri2/23.10.acc exp_dys_comb_vad/tri2/23.11.acc exp_dys_comb_vad/tri2/23.2.acc exp_dys_comb_vad/tri2/23.3.acc exp_dys_comb_vad/tri2/23.4.acc exp_dys_comb_vad/tri2/23.5.acc exp_dys_comb_vad/tri2/23.6.acc exp_dys_comb_vad/tri2/23.7.acc exp_dys_comb_vad/tri2/23.8.acc exp_dys_comb_vad/tri2/23.9.acc 
LOG (gmm-sum-accs[5.5]:main():gmm-sum-accs.cc:63) Summed 11 stats, total count 1.10735e+07, avg like/frame -49.8138
LOG (gmm-sum-accs[5.5]:main():gmm-sum-accs.cc:66) Total count of stats is 1.10735e+07
LOG (gmm-sum-accs[5.5]:main():gmm-sum-accs.cc:67) Written stats to -
LOG (gmm-est[5.5]:MleUpdate():transition-model.cc:528) TransitionModel::Update, objf change is 0 per frame over 1.10735e+07 frames. 
LOG (gmm-est[5.5]:MleUpdate():transition-model.cc:531) 36 probabilities floored, 3867 out of 5771 transition-states skipped due to insuffient data (it is normal to have some skipped.)
LOG (gmm-est[5.5]:main():gmm-est.cc:102) Transition model update: Overall 0 log-like improvement per frame over 1.10735e+07 frames.
WARNING (gmm-est[5.5]:MleDiagGmmUpdate():mle-diag-gmm.cc:365) Gaussian has too little data but not removing it because it is the last Gaussian: i = 0, occ = 0, weight = 1
WARNING (gmm-est[5.5]:MleDiagGmmUpdate():mle-diag-gmm.cc:365) Gaussian has too little data but not removing it because it is the last Gaussian: i = 0, occ = 0, weight = 1
LOG (gmm-est[5.5]:MleAmDiagGmmUpdate():mle-am-diag-gmm.cc:225) 0 variance elements floored in 0 Gaussians, out of 13760
LOG (gmm-est[5.5]:MleAmDiagGmmUpdate():mle-am-diag-gmm.cc:229) Removed 0 Gaussians due to counts < --min-gaussian-occupancy=10 and --remove-low-count-gaussians=true
LOG (gmm-est[5.5]:main():gmm-est.cc:113) GMM update: Overall 0.0323597 objective function improvement per frame over 1.10735e+07 frames
LOG (gmm-est[5.5]:main():gmm-est.cc:116) GMM update: Overall avg like per frame = -49.8138 over 1.10735e+07 frames.
LOG (gmm-est[5.5]:SplitByCount():am-diag-gmm.cc:116) Split 1640 states with target = 14320, power = 0.25, perturb_factor = 0.01 and min_count = 20, split #Gauss from 13760 to 14320
LOG (gmm-est[5.5]:main():gmm-est.cc:146) Written model to exp_dys_comb_vad/tri2/24.mdl
# Accounting: time=0 threads=1
# Ended (code 0) at Thu Mar 16 23:59:55 IST 2023, elapsed time 0 seconds
