# gmm-acc-stats-ali exp_dys_comb_vad/tri1/26.mdl "ark,s,cs:apply-cmvn  --utt2spk=ark:data_dys_comb_vad/train_dys_pow_no_sil/split11/7/utt2spk scp:data_dys_comb_vad/train_dys_pow_no_sil/split11/7/cmvn.scp scp:data_dys_comb_vad/train_dys_pow_no_sil/split11/7/feats.scp ark:- | add-deltas  ark:- ark:- |" "ark,s,cs:gunzip -c exp_dys_comb_vad/tri1/ali.7.gz|" exp_dys_comb_vad/tri1/26.7.acc 
# Started at Thu Mar 16 23:48:35 IST 2023
#
gmm-acc-stats-ali exp_dys_comb_vad/tri1/26.mdl 'ark,s,cs:apply-cmvn  --utt2spk=ark:data_dys_comb_vad/train_dys_pow_no_sil/split11/7/utt2spk scp:data_dys_comb_vad/train_dys_pow_no_sil/split11/7/cmvn.scp scp:data_dys_comb_vad/train_dys_pow_no_sil/split11/7/feats.scp ark:- | add-deltas  ark:- ark:- |' 'ark,s,cs:gunzip -c exp_dys_comb_vad/tri1/ali.7.gz|' exp_dys_comb_vad/tri1/26.7.acc 
apply-cmvn --utt2spk=ark:data_dys_comb_vad/train_dys_pow_no_sil/split11/7/utt2spk scp:data_dys_comb_vad/train_dys_pow_no_sil/split11/7/cmvn.scp scp:data_dys_comb_vad/train_dys_pow_no_sil/split11/7/feats.scp ark:- 
add-deltas ark:- ark:- 
LOG (gmm-acc-stats-ali[5.5]:main():gmm-acc-stats-ali.cc:105) Processed 50 utterances; for utterance F04_B1_C19_M8 avg. like is -95.3039 over 80 frames.
LOG (gmm-acc-stats-ali[5.5]:main():gmm-acc-stats-ali.cc:105) Processed 100 utterances; for utterance F04_B1_CW100_M8 avg. like is -94.2616 over 101 frames.
LOG (gmm-acc-stats-ali[5.5]:main():gmm-acc-stats-ali.cc:105) Processed 150 utterances; for utterance F04_B1_CW19_M8 avg. like is -102.144 over 92 frames.
LOG (gmm-acc-stats-ali[5.5]:main():gmm-acc-stats-ali.cc:105) Processed 200 utterances; for utterance F04_B1_CW28_M8 avg. like is -103.702 over 205 frames.
LOG (gmm-acc-stats-ali[5.5]:main():gmm-acc-stats-ali.cc:105) Processed 250 utterances; for utterance F04_B1_CW37_M8 avg. like is -102.941 over 111 frames.
LOG (gmm-acc-stats-ali[5.5]:main():gmm-acc-stats-ali.cc:105) Processed 300 utterances; for utterance F04_B1_CW46_M8 avg. like is -93.7328 over 103 frames.
LOG (gmm-acc-stats-ali[5.5]:main():gmm-acc-stats-ali.cc:105) Processed 350 utterances; for utterance F04_B1_CW55_M8 avg. like is -102.291 over 124 frames.
LOG (gmm-acc-stats-ali[5.5]:main():gmm-acc-stats-ali.cc:105) Processed 400 utterances; for utterance F04_B1_CW64_M8 avg. like is -94.3341 over 84 frames.
LOG (gmm-acc-stats-ali[5.5]:main():gmm-acc-stats-ali.cc:105) Processed 450 utterances; for utterance F04_B1_CW73_M8 avg. like is -93.7253 over 159 frames.
LOG (gmm-acc-stats-ali[5.5]:main():gmm-acc-stats-ali.cc:105) Processed 500 utterances; for utterance F04_B1_CW82_M8 avg. like is -94.4397 over 95 frames.
LOG (gmm-acc-stats-ali[5.5]:main():gmm-acc-stats-ali.cc:105) Processed 550 utterances; for utterance F04_B1_CW91_M8 avg. like is -97.6432 over 118 frames.
LOG (gmm-acc-stats-ali[5.5]:main():gmm-acc-stats-ali.cc:105) Processed 600 utterances; for utterance F04_B1_D0_M8 avg. like is -102.897 over 126 frames.
LOG (gmm-acc-stats-ali[5.5]:main():gmm-acc-stats-ali.cc:105) Processed 650 utterances; for utterance F04_B1_LA_M8 avg. like is -99.5465 over 116 frames.
LOG (gmm-acc-stats-ali[5.5]:main():gmm-acc-stats-ali.cc:105) Processed 700 utterances; for utterance F04_B1_LK_M8 avg. like is -106.145 over 225 frames.
LOG (gmm-acc-stats-ali[5.5]:main():gmm-acc-stats-ali.cc:105) Processed 750 utterances; for utterance F04_B1_LU_M8 avg. like is -103.423 over 170 frames.
LOG (gmm-acc-stats-ali[5.5]:main():gmm-acc-stats-ali.cc:105) Processed 800 utterances; for utterance F04_B1_UW13_M8 avg. like is -105.579 over 113 frames.
LOG (gmm-acc-stats-ali[5.5]:main():gmm-acc-stats-ali.cc:105) Processed 850 utterances; for utterance F04_B1_UW22_M8 avg. like is -99.0935 over 128 frames.
LOG (gmm-acc-stats-ali[5.5]:main():gmm-acc-stats-ali.cc:105) Processed 900 utterances; for utterance F04_B1_UW31_M8 avg. like is -99.9321 over 133 frames.
LOG (gmm-acc-stats-ali[5.5]:main():gmm-acc-stats-ali.cc:105) Processed 950 utterances; for utterance F04_B1_UW40_M8 avg. like is -94.6208 over 866 frames.
LOG (gmm-acc-stats-ali[5.5]:main():gmm-acc-stats-ali.cc:105) Processed 1000 utterances; for utterance F04_B1_UW4_M8 avg. like is -103.491 over 191 frames.
LOG (gmm-acc-stats-ali[5.5]:main():gmm-acc-stats-ali.cc:105) Processed 1050 utterances; for utterance F04_B1_UW59_M8 avg. like is -98.2191 over 131 frames.
LOG (gmm-acc-stats-ali[5.5]:main():gmm-acc-stats-ali.cc:105) Processed 1100 utterances; for utterance F04_B1_UW68_M8 avg. like is -103.168 over 181 frames.
LOG (gmm-acc-stats-ali[5.5]:main():gmm-acc-stats-ali.cc:105) Processed 1150 utterances; for utterance F04_B1_UW77_M8 avg. like is -100.153 over 160 frames.
LOG (gmm-acc-stats-ali[5.5]:main():gmm-acc-stats-ali.cc:105) Processed 1200 utterances; for utterance F04_B1_UW86_M8 avg. like is -101.942 over 108 frames.
LOG (gmm-acc-stats-ali[5.5]:main():gmm-acc-stats-ali.cc:105) Processed 1250 utterances; for utterance F04_B3_C16_M3 avg. like is -93.9091 over 111 frames.
LOG (gmm-acc-stats-ali[5.5]:main():gmm-acc-stats-ali.cc:105) Processed 1300 utterances; for utterance F04_B3_C7_M3 avg. like is -94.2348 over 94 frames.
LOG (gmm-acc-stats-ali[5.5]:main():gmm-acc-stats-ali.cc:105) Processed 1350 utterances; for utterance F04_B3_CW16_M3 avg. like is -89.9837 over 121 frames.
LOG (gmm-acc-stats-ali[5.5]:main():gmm-acc-stats-ali.cc:105) Processed 1400 utterances; for utterance F04_B3_CW25_M3 avg. like is -89.4214 over 133 frames.
LOG (gmm-acc-stats-ali[5.5]:main():gmm-acc-stats-ali.cc:105) Processed 1450 utterances; for utterance F04_B3_CW34_M3 avg. like is -94.094 over 94 frames.
LOG (gmm-acc-stats-ali[5.5]:main():gmm-acc-stats-ali.cc:105) Processed 1500 utterances; for utterance F04_B3_CW43_M3 avg. like is -95.2837 over 122 frames.
LOG (gmm-acc-stats-ali[5.5]:main():gmm-acc-stats-ali.cc:105) Processed 1550 utterances; for utterance F04_B3_CW52_M3 avg. like is -93.5206 over 304 frames.
LOG (gmm-acc-stats-ali[5.5]:main():gmm-acc-stats-ali.cc:105) Processed 1600 utterances; for utterance F04_B3_CW61_M3 avg. like is -91.2534 over 113 frames.
LOG (gmm-acc-stats-ali[5.5]:main():gmm-acc-stats-ali.cc:105) Processed 1650 utterances; for utterance F04_B3_CW70_M3 avg. like is -91.2179 over 108 frames.
LOG (gmm-acc-stats-ali[5.5]:main():gmm-acc-stats-ali.cc:105) Processed 1700 utterances; for utterance F04_B3_CW7_M3 avg. like is -93.0061 over 145 frames.
LOG (gmm-acc-stats-ali[5.5]:main():gmm-acc-stats-ali.cc:105) Processed 1750 utterances; for utterance F04_B3_CW89_M3 avg. like is -92.2153 over 105 frames.
LOG (gmm-acc-stats-ali[5.5]:main():gmm-acc-stats-ali.cc:105) Processed 1800 utterances; for utterance F04_B3_CW98_M3 avg. like is -92.845 over 128 frames.
LOG (gmm-acc-stats-ali[5.5]:main():gmm-acc-stats-ali.cc:105) Processed 1850 utterances; for utterance F04_B3_D7_M3 avg. like is -110.843 over 72 frames.
LOG (gmm-acc-stats-ali[5.5]:main():gmm-acc-stats-ali.cc:105) Processed 1900 utterances; for utterance F04_B3_LH_M3 avg. like is -94.8732 over 121 frames.
LOG (gmm-acc-stats-ali[5.5]:main():gmm-acc-stats-ali.cc:105) Processed 1950 utterances; for utterance F04_B3_LR_M3 avg. like is -93.8145 over 70 frames.
LOG (gmm-acc-stats-ali[5.5]:main():gmm-acc-stats-ali.cc:105) Processed 2000 utterances; for utterance F04_B3_UW10_M3 avg. like is -108.165 over 127 frames.
LOG (gmm-acc-stats-ali[5.5]:main():gmm-acc-stats-ali.cc:105) Processed 2050 utterances; for utterance F04_B3_UW1_M3 avg. like is -96.446 over 207 frames.
LOG (gmm-acc-stats-ali[5.5]:main():gmm-acc-stats-ali.cc:105) Processed 2100 utterances; for utterance F04_B3_UW29_M3 avg. like is -97.321 over 95 frames.
LOG (gmm-acc-stats-ali[5.5]:main():gmm-acc-stats-ali.cc:105) Processed 2150 utterances; for utterance F04_B3_UW38_M3 avg. like is -94.9258 over 245 frames.
LOG (gmm-acc-stats-ali[5.5]:main():gmm-acc-stats-ali.cc:105) Processed 2200 utterances; for utterance F04_B3_UW47_M3 avg. like is -98.7854 over 174 frames.
LOG (gmm-acc-stats-ali[5.5]:main():gmm-acc-stats-ali.cc:105) Processed 2250 utterances; for utterance F04_B3_UW56_M3 avg. like is -94.0827 over 263 frames.
LOG (gmm-acc-stats-ali[5.5]:main():gmm-acc-stats-ali.cc:105) Processed 2300 utterances; for utterance F04_B3_UW65_M3 avg. like is -93.5619 over 351 frames.
LOG (gmm-acc-stats-ali[5.5]:main():gmm-acc-stats-ali.cc:105) Processed 2350 utterances; for utterance F04_B3_UW74_M3 avg. like is -95.8208 over 185 frames.
LOG (gmm-acc-stats-ali[5.5]:main():gmm-acc-stats-ali.cc:105) Processed 2400 utterances; for utterance F04_B3_UW83_M3 avg. like is -93.5614 over 122 frames.
LOG (gmm-acc-stats-ali[5.5]:main():gmm-acc-stats-ali.cc:105) Processed 2450 utterances; for utterance F04_B3_UW92_M3 avg. like is -91.827 over 106 frames.
LOG (gmm-acc-stats-ali[5.5]:main():gmm-acc-stats-ali.cc:105) Processed 2500 utterances; for utterance M01_B1_C11_M5 avg. like is -92.7745 over 215 frames.
LOG (gmm-acc-stats-ali[5.5]:main():gmm-acc-stats-ali.cc:105) Processed 2550 utterances; for utterance M01_B1_C4_M7 avg. like is -97.7873 over 410 frames.
LOG (gmm-acc-stats-ali[5.5]:main():gmm-acc-stats-ali.cc:105) Processed 2600 utterances; for utterance M01_B1_CW16_M5 avg. like is -99.3347 over 166 frames.
LOG (gmm-acc-stats-ali[5.5]:main():gmm-acc-stats-ali.cc:105) Processed 2650 utterances; for utterance M01_B1_CW27_M7 avg. like is -96.1533 over 276 frames.
LOG (gmm-acc-stats-ali[5.5]:main():gmm-acc-stats-ali.cc:105) Processed 2700 utterances; for utterance M01_B1_CW39_M5 avg. like is -97.4741 over 319 frames.
LOG (gmm-acc-stats-ali[5.5]:main():gmm-acc-stats-ali.cc:105) Processed 2750 utterances; for utterance M01_B1_CW4_M7 avg. like is -96.2805 over 109 frames.
LOG (gmm-acc-stats-ali[5.5]:main():gmm-acc-stats-ali.cc:105) Processed 2800 utterances; for utterance M01_B1_CW61_M5 avg. like is -92.5633 over 264 frames.
LOG (gmm-acc-stats-ali[5.5]:main():gmm-acc-stats-ali.cc:105) Processed 2850 utterances; for utterance M01_B1_CW72_M7 avg. like is -95.8813 over 109 frames.
LOG (gmm-acc-stats-ali[5.5]:main():gmm-acc-stats-ali.cc:105) Processed 2900 utterances; for utterance M01_B1_CW84_M5 avg. like is -96.9691 over 278 frames.
LOG (gmm-acc-stats-ali[5.5]:main():gmm-acc-stats-ali.cc:105) Processed 2950 utterances; for utterance M01_B1_CW95_M7 avg. like is -98.8612 over 317 frames.
LOG (gmm-acc-stats-ali[5.5]:main():gmm-acc-stats-ali.cc:105) Processed 3000 utterances; for utterance M01_B1_D7_M5 avg. like is -100.186 over 105 frames.
LOG (gmm-acc-stats-ali[5.5]:main():gmm-acc-stats-ali.cc:105) Processed 3050 utterances; for utterance M01_B1_LJ_M7 avg. like is -97.7747 over 691 frames.
LOG (gmm-acc-stats-ali[5.5]:main():gmm-acc-stats-ali.cc:105) Processed 3100 utterances; for utterance M01_B1_LW_M5 avg. like is -101.219 over 361 frames.
LOG (gmm-acc-stats-ali[5.5]:main():gmm-acc-stats-ali.cc:105) Processed 3150 utterances; for utterance M01_B1_UW17_M7 avg. like is -94.453 over 426 frames.
LOG (gmm-acc-stats-ali[5.5]:main():gmm-acc-stats-ali.cc:105) Processed 3200 utterances; for utterance M01_B1_UW29_M5 avg. like is -98.9672 over 255 frames.
LOG (gmm-acc-stats-ali[5.5]:main():gmm-acc-stats-ali.cc:105) Processed 3250 utterances; for utterance M01_B1_UW3_M7 avg. like is -98.2686 over 230 frames.
LOG (gmm-acc-stats-ali[5.5]:main():gmm-acc-stats-ali.cc:105) Processed 3300 utterances; for utterance M01_B1_UW51_M5 avg. like is -100.626 over 629 frames.
LOG (gmm-acc-stats-ali[5.5]:main():gmm-acc-stats-ali.cc:105) Processed 3350 utterances; for utterance M01_B1_UW62_M7 avg. like is -97.9619 over 419 frames.
LOG (gmm-acc-stats-ali[5.5]:main():gmm-acc-stats-ali.cc:105) Processed 3400 utterances; for utterance M01_B1_UW74_M5 avg. like is -93.6716 over 217 frames.
LOG (gmm-acc-stats-ali[5.5]:main():gmm-acc-stats-ali.cc:105) Processed 3450 utterances; for utterance M01_B1_UW85_M7 avg. like is -97.7279 over 204 frames.
LOG (gmm-acc-stats-ali[5.5]:main():gmm-acc-stats-ali.cc:105) Processed 3500 utterances; for utterance M01_B1_UW97_M5 avg. like is -99.3477 over 590 frames.
LOG (gmm-acc-stats-ali[5.5]:main():gmm-acc-stats-ali.cc:105) Processed 3550 utterances; for utterance M01_B3_C2_M7 avg. like is -99.7502 over 226 frames.
LOG (gmm-acc-stats-ali[5.5]:main():gmm-acc-stats-ali.cc:105) Processed 3600 utterances; for utterance M01_B3_CW18_M6 avg. like is -97.5802 over 183 frames.
LOG (gmm-acc-stats-ali[5.5]:main():gmm-acc-stats-ali.cc:105) Processed 3650 utterances; for utterance M01_B3_CW33_M5 avg. like is -95.8333 over 194 frames.
LOG (gmm-acc-stats-ali[5.5]:main():gmm-acc-stats-ali.cc:105) Processed 3700 utterances; for utterance M01_B3_CW48_M7 avg. like is -92.2983 over 195 frames.
LOG (gmm-acc-stats-ali[5.5]:main():gmm-acc-stats-ali.cc:105) Processed 3750 utterances; for utterance M01_B3_CW63_M6 avg. like is -97.0728 over 127 frames.
LOG (gmm-acc-stats-ali[5.5]:main():gmm-acc-stats-ali.cc:105) Processed 3800 utterances; for utterance M01_B3_CW79_M5 avg. like is -97.905 over 173 frames.
LOG (gmm-acc-stats-ali[5.5]:main():gmm-acc-stats-ali.cc:105) Processed 3850 utterances; for utterance M01_B3_CW93_M7 avg. like is -99.1165 over 205 frames.
LOG (gmm-acc-stats-ali[5.5]:main():gmm-acc-stats-ali.cc:105) Processed 3900 utterances; for utterance M01_B3_D9_M6 avg. like is -101.083 over 244 frames.
LOG (gmm-acc-stats-ali[5.5]:main():gmm-acc-stats-ali.cc:105) Processed 3950 utterances; for utterance M01_B3_LQ_M5 avg. like is -104.57 over 263 frames.
LOG (gmm-acc-stats-ali[5.5]:main():gmm-acc-stats-ali.cc:105) Processed 4000 utterances; for utterance M01_B3_UW15_M7 avg. like is -97.4337 over 164 frames.
LOG (gmm-acc-stats-ali[5.5]:main():gmm-acc-stats-ali.cc:105) Processed 4050 utterances; for utterance M01_B3_UW30_M6 avg. like is -96.9732 over 1389 frames.
LOG (gmm-acc-stats-ali[5.5]:main():gmm-acc-stats-ali.cc:105) Processed 4100 utterances; for utterance M01_B3_UW46_M5 avg. like is -98.8463 over 338 frames.
LOG (gmm-acc-stats-ali[5.5]:main():gmm-acc-stats-ali.cc:105) Processed 4150 utterances; for utterance M01_B3_UW60_M7 avg. like is -95.0428 over 538 frames.
LOG (gmm-acc-stats-ali[5.5]:main():gmm-acc-stats-ali.cc:105) Processed 4200 utterances; for utterance M01_B3_UW76_M6 avg. like is -94.7974 over 198 frames.
LOG (gmm-acc-stats-ali[5.5]:main():gmm-acc-stats-ali.cc:105) Processed 4250 utterances; for utterance M01_B3_UW91_M5 avg. like is -94.8759 over 199 frames.
LOG (gmm-acc-stats-ali[5.5]:main():gmm-acc-stats-ali.cc:105) Processed 4300 utterances; for utterance M04_B1_C14_M3 avg. like is -102.538 over 119 frames.
LOG (gmm-acc-stats-ali[5.5]:main():gmm-acc-stats-ali.cc:105) Processed 4350 utterances; for utterance M04_B1_C5_M3 avg. like is -96.1897 over 55 frames.
LOG (gmm-acc-stats-ali[5.5]:main():gmm-acc-stats-ali.cc:105) Processed 4400 utterances; for utterance M04_B1_CW14_M3 avg. like is -96.9982 over 68 frames.
LOG (gmm-acc-stats-ali[5.5]:main():gmm-acc-stats-ali.cc:105) Processed 4450 utterances; for utterance M04_B1_CW23_M3 avg. like is -94.7375 over 142 frames.
LOG (gmm-acc-stats-ali[5.5]:main():gmm-acc-stats-ali.cc:105) Processed 4500 utterances; for utterance M04_B1_CW32_M3 avg. like is -103.833 over 135 frames.
LOG (gmm-acc-stats-ali[5.5]:main():gmm-acc-stats-ali.cc:105) Processed 4550 utterances; for utterance M04_B1_CW41_M3 avg. like is -94.6635 over 116 frames.
LOG (gmm-acc-stats-ali[5.5]:main():gmm-acc-stats-ali.cc:105) Processed 4600 utterances; for utterance M04_B1_CW50_M3 avg. like is -94.9438 over 151 frames.
LOG (gmm-acc-stats-ali[5.5]:main():gmm-acc-stats-ali.cc:105) Processed 4650 utterances; for utterance M04_B1_CW5_M3 avg. like is -94.2782 over 69 frames.
LOG (gmm-acc-stats-ali[5.5]:main():gmm-acc-stats-ali.cc:105) Processed 4700 utterances; for utterance M04_B1_CW69_M3 avg. like is -93.5481 over 87 frames.
LOG (gmm-acc-stats-ali[5.5]:main():gmm-acc-stats-ali.cc:105) Processed 4750 utterances; for utterance M04_B1_CW78_M3 avg. like is -93.1233 over 99 frames.
LOG (gmm-acc-stats-ali[5.5]:main():gmm-acc-stats-ali.cc:105) Processed 4800 utterances; for utterance M04_B1_CW87_M3 avg. like is -95.5842 over 122 frames.
LOG (gmm-acc-stats-ali[5.5]:main():gmm-acc-stats-ali.cc:105) Processed 4850 utterances; for utterance M04_B1_CW96_M3 avg. like is -97.7753 over 98 frames.
LOG (gmm-acc-stats-ali[5.5]:main():gmm-acc-stats-ali.cc:105) Processed 4900 utterances; for utterance M04_B1_D5_M3 avg. like is -107.764 over 76 frames.
LOG (gmm-acc-stats-ali[5.5]:main():gmm-acc-stats-ali.cc:105) Processed 4950 utterances; for utterance M04_B1_LF_M3 avg. like is -102.815 over 138 frames.
LOG (gmm-acc-stats-ali[5.5]:main():gmm-acc-stats-ali.cc:105) Processed 5000 utterances; for utterance M04_B1_LP_M3 avg. like is -99.2602 over 109 frames.
LOG (gmm-acc-stats-ali[5.5]:main():gmm-acc-stats-ali.cc:105) Processed 5050 utterances; for utterance M04_B1_LZ_M3 avg. like is -97.0521 over 128 frames.
LOG (gmm-acc-stats-ali[5.5]:main():gmm-acc-stats-ali.cc:105) Processed 5100 utterances; for utterance M04_B1_UW18_M3 avg. like is -97.9331 over 156 frames.
LOG (gmm-acc-stats-ali[5.5]:main():gmm-acc-stats-ali.cc:105) Processed 5150 utterances; for utterance M04_B1_UW27_M3 avg. like is -95.4438 over 141 frames.
LOG (gmm-acc-stats-ali[5.5]:main():gmm-acc-stats-ali.cc:105) Processed 5200 utterances; for utterance M04_B1_UW36_M3 avg. like is -105.618 over 249 frames.
LOG (gmm-acc-stats-ali[5.5]:main():gmm-acc-stats-ali.cc:105) Processed 5250 utterances; for utterance M04_B1_UW45_M3 avg. like is -94.5751 over 100 frames.
LOG (gmm-acc-stats-ali[5.5]:main():gmm-acc-stats-ali.cc:105) Processed 5300 utterances; for utterance M04_B1_UW54_M3 avg. like is -101.901 over 83 frames.
LOG (gmm-acc-stats-ali[5.5]:main():gmm-acc-stats-ali.cc:105) Processed 5350 utterances; for utterance M04_B1_UW63_M3 avg. like is -100.226 over 95 frames.
LOG (gmm-acc-stats-ali[5.5]:main():gmm-acc-stats-ali.cc:105) Processed 5400 utterances; for utterance M04_B1_UW72_M3 avg. like is -95.536 over 115 frames.
LOG (gmm-acc-stats-ali[5.5]:main():gmm-acc-stats-ali.cc:105) Processed 5450 utterances; for utterance M04_B1_UW81_M3 avg. like is -94.7323 over 146 frames.
LOG (gmm-acc-stats-ali[5.5]:main():gmm-acc-stats-ali.cc:105) Processed 5500 utterances; for utterance M04_B1_UW90_M3 avg. like is -92.9662 over 117 frames.
LOG (gmm-acc-stats-ali[5.5]:main():gmm-acc-stats-ali.cc:105) Processed 5550 utterances; for utterance M04_B1_UW9_M3 avg. like is -92.9686 over 114 frames.
LOG (gmm-acc-stats-ali[5.5]:main():gmm-acc-stats-ali.cc:105) Processed 5600 utterances; for utterance M04_B3_C19_M3 avg. like is -92.5316 over 127 frames.
LOG (gmm-acc-stats-ali[5.5]:main():gmm-acc-stats-ali.cc:105) Processed 5650 utterances; for utterance M04_B3_CW100_M3 avg. like is -92.6215 over 104 frames.
LOG (gmm-acc-stats-ali[5.5]:main():gmm-acc-stats-ali.cc:105) Processed 5700 utterances; for utterance M04_B3_CW19_M3 avg. like is -94.5854 over 96 frames.
LOG (gmm-acc-stats-ali[5.5]:main():gmm-acc-stats-ali.cc:105) Processed 5750 utterances; for utterance M04_B3_CW28_M3 avg. like is -91.0332 over 110 frames.
LOG (gmm-acc-stats-ali[5.5]:main():gmm-acc-stats-ali.cc:105) Processed 5800 utterances; for utterance M04_B3_CW37_M3 avg. like is -93.1271 over 81 frames.
LOG (gmm-acc-stats-ali[5.5]:main():gmm-acc-stats-ali.cc:105) Processed 5850 utterances; for utterance M04_B3_CW46_M3 avg. like is -89.1168 over 114 frames.
LOG (gmm-acc-stats-ali[5.5]:main():gmm-acc-stats-ali.cc:105) Processed 5900 utterances; for utterance M04_B3_CW55_M3 avg. like is -95.912 over 113 frames.
LOG (gmm-acc-stats-ali[5.5]:main():gmm-acc-stats-ali.cc:105) Processed 5950 utterances; for utterance M04_B3_CW64_M3 avg. like is -96.4993 over 117 frames.
LOG (gmm-acc-stats-ali[5.5]:main():gmm-acc-stats-ali.cc:105) Processed 6000 utterances; for utterance M04_B3_CW73_M3 avg. like is -88.5518 over 122 frames.
LOG (gmm-acc-stats-ali[5.5]:main():gmm-acc-stats-ali.cc:105) Processed 6050 utterances; for utterance M04_B3_CW82_M3 avg. like is -93.1133 over 105 frames.
LOG (gmm-acc-stats-ali[5.5]:main():gmm-acc-stats-ali.cc:105) Processed 6100 utterances; for utterance M04_B3_CW91_M3 avg. like is -91.0202 over 126 frames.
LOG (gmm-acc-stats-ali[5.5]:main():gmm-acc-stats-ali.cc:105) Processed 6150 utterances; for utterance M04_B3_D0_M3 avg. like is -98.1888 over 69 frames.
LOG (gmm-acc-stats-ali[5.5]:main():gmm-acc-stats-ali.cc:105) Processed 6200 utterances; for utterance M04_B3_LA_M3 avg. like is -95.293 over 81 frames.
LOG (gmm-acc-stats-ali[5.5]:main():gmm-acc-stats-ali.cc:105) Processed 6250 utterances; for utterance M04_B3_LK_M3 avg. like is -94.8387 over 87 frames.
LOG (gmm-acc-stats-ali[5.5]:main():gmm-acc-stats-ali.cc:105) Processed 6300 utterances; for utterance M04_B3_LU_M3 avg. like is -98.564 over 119 frames.
LOG (gmm-acc-stats-ali[5.5]:main():gmm-acc-stats-ali.cc:105) Processed 6350 utterances; for utterance M04_B3_UW13_M3 avg. like is -94.7526 over 170 frames.
LOG (gmm-acc-stats-ali[5.5]:main():gmm-acc-stats-ali.cc:105) Processed 6400 utterances; for utterance M04_B3_UW22_M3 avg. like is -99.4683 over 135 frames.
LOG (gmm-acc-stats-ali[5.5]:main():gmm-acc-stats-ali.cc:105) Processed 6450 utterances; for utterance M04_B3_UW31_M3 avg. like is -89.4209 over 92 frames.
LOG (gmm-acc-stats-ali[5.5]:main():gmm-acc-stats-ali.cc:105) Processed 6500 utterances; for utterance M04_B3_UW40_M3 avg. like is -95.3236 over 159 frames.
LOG (gmm-acc-stats-ali[5.5]:main():gmm-acc-stats-ali.cc:105) Processed 6550 utterances; for utterance M04_B3_UW4_M3 avg. like is -95.8625 over 131 frames.
LOG (gmm-acc-stats-ali[5.5]:main():gmm-acc-stats-ali.cc:105) Processed 6600 utterances; for utterance M04_B3_UW59_M3 avg. like is -94.3707 over 278 frames.
LOG (gmm-acc-stats-ali[5.5]:main():gmm-acc-stats-ali.cc:105) Processed 6650 utterances; for utterance M04_B3_UW68_M3 avg. like is -96.2256 over 128 frames.
LOG (gmm-acc-stats-ali[5.5]:main():gmm-acc-stats-ali.cc:105) Processed 6700 utterances; for utterance M04_B3_UW77_M3 avg. like is -93.5018 over 105 frames.
LOG (gmm-acc-stats-ali[5.5]:main():gmm-acc-stats-ali.cc:105) Processed 6750 utterances; for utterance M04_B3_UW86_M3 avg. like is -92.1146 over 145 frames.
LOG (gmm-acc-stats-ali[5.5]:main():gmm-acc-stats-ali.cc:105) Processed 6800 utterances; for utterance M04_B3_UW95_M3 avg. like is -90.3511 over 151 frames.
LOG (apply-cmvn[5.5]:main():apply-cmvn.cc:162) Applied cepstral mean normalization to 6829 utterances, errors on 0
LOG (gmm-acc-stats-ali[5.5]:main():gmm-acc-stats-ali.cc:112) Done 6829 files, 0 with errors.
LOG (gmm-acc-stats-ali[5.5]:main():gmm-acc-stats-ali.cc:115) Overall avg like per frame (Gaussian only) = -97.5344 over 1196638 frames.
LOG (gmm-acc-stats-ali[5.5]:main():gmm-acc-stats-ali.cc:123) Written accs.
# Accounting: time=5 threads=1
# Ended (code 0) at Thu Mar 16 23:48:40 IST 2023, elapsed time 5 seconds
