# gmm-acc-stats-ali exp_dys_comb_vad/tri1/27.mdl "ark,s,cs:apply-cmvn  --utt2spk=ark:data_dys_comb_vad/train_dys_pow_no_sil/split11/3/utt2spk scp:data_dys_comb_vad/train_dys_pow_no_sil/split11/3/cmvn.scp scp:data_dys_comb_vad/train_dys_pow_no_sil/split11/3/feats.scp ark:- | add-deltas  ark:- ark:- |" "ark,s,cs:gunzip -c exp_dys_comb_vad/tri1/ali.3.gz|" exp_dys_comb_vad/tri1/27.3.acc 
# Started at Thu Mar 16 23:48:40 IST 2023
#
gmm-acc-stats-ali exp_dys_comb_vad/tri1/27.mdl 'ark,s,cs:apply-cmvn  --utt2spk=ark:data_dys_comb_vad/train_dys_pow_no_sil/split11/3/utt2spk scp:data_dys_comb_vad/train_dys_pow_no_sil/split11/3/cmvn.scp scp:data_dys_comb_vad/train_dys_pow_no_sil/split11/3/feats.scp ark:- | add-deltas  ark:- ark:- |' 'ark,s,cs:gunzip -c exp_dys_comb_vad/tri1/ali.3.gz|' exp_dys_comb_vad/tri1/27.3.acc 
add-deltas ark:- ark:- 
apply-cmvn --utt2spk=ark:data_dys_comb_vad/train_dys_pow_no_sil/split11/3/utt2spk scp:data_dys_comb_vad/train_dys_pow_no_sil/split11/3/cmvn.scp scp:data_dys_comb_vad/train_dys_pow_no_sil/split11/3/feats.scp ark:- 
LOG (gmm-acc-stats-ali[5.5]:main():gmm-acc-stats-ali.cc:105) Processed 50 utterances; for utterance CM06_B1_C19_M8 avg. like is -82.2251 over 115 frames.
LOG (gmm-acc-stats-ali[5.5]:main():gmm-acc-stats-ali.cc:105) Processed 100 utterances; for utterance CM06_B1_CW100_M8 avg. like is -90.3637 over 97 frames.
LOG (gmm-acc-stats-ali[5.5]:main():gmm-acc-stats-ali.cc:105) Processed 150 utterances; for utterance CM06_B1_CW19_M8 avg. like is -86.9813 over 119 frames.
LOG (gmm-acc-stats-ali[5.5]:main():gmm-acc-stats-ali.cc:105) Processed 200 utterances; for utterance CM06_B1_CW28_M8 avg. like is -84.7776 over 101 frames.
LOG (gmm-acc-stats-ali[5.5]:main():gmm-acc-stats-ali.cc:105) Processed 250 utterances; for utterance CM06_B1_CW37_M8 avg. like is -85.357 over 112 frames.
LOG (gmm-acc-stats-ali[5.5]:main():gmm-acc-stats-ali.cc:105) Processed 300 utterances; for utterance CM06_B1_CW46_M8 avg. like is -84.6596 over 123 frames.
LOG (gmm-acc-stats-ali[5.5]:main():gmm-acc-stats-ali.cc:105) Processed 350 utterances; for utterance CM06_B1_CW55_M8 avg. like is -83.9668 over 107 frames.
LOG (gmm-acc-stats-ali[5.5]:main():gmm-acc-stats-ali.cc:105) Processed 400 utterances; for utterance CM06_B1_CW64_M8 avg. like is -87.4066 over 110 frames.
LOG (gmm-acc-stats-ali[5.5]:main():gmm-acc-stats-ali.cc:105) Processed 450 utterances; for utterance CM06_B1_CW73_M8 avg. like is -91.6235 over 121 frames.
LOG (gmm-acc-stats-ali[5.5]:main():gmm-acc-stats-ali.cc:105) Processed 500 utterances; for utterance CM06_B1_CW82_M8 avg. like is -85.2709 over 120 frames.
LOG (gmm-acc-stats-ali[5.5]:main():gmm-acc-stats-ali.cc:105) Processed 550 utterances; for utterance CM06_B1_CW91_M8 avg. like is -85.5713 over 134 frames.
LOG (gmm-acc-stats-ali[5.5]:main():gmm-acc-stats-ali.cc:105) Processed 600 utterances; for utterance CM06_B1_D0_M8 avg. like is -90.8742 over 130 frames.
LOG (gmm-acc-stats-ali[5.5]:main():gmm-acc-stats-ali.cc:105) Processed 650 utterances; for utterance CM06_B1_LA_M8 avg. like is -87.5658 over 115 frames.
LOG (gmm-acc-stats-ali[5.5]:main():gmm-acc-stats-ali.cc:105) Processed 700 utterances; for utterance CM06_B1_LK_M8 avg. like is -89.7604 over 155 frames.
LOG (gmm-acc-stats-ali[5.5]:main():gmm-acc-stats-ali.cc:105) Processed 750 utterances; for utterance CM06_B1_LU_M8 avg. like is -91.3064 over 168 frames.
LOG (gmm-acc-stats-ali[5.5]:main():gmm-acc-stats-ali.cc:105) Processed 800 utterances; for utterance CM06_B1_UW13_M8 avg. like is -91.3273 over 131 frames.
LOG (gmm-acc-stats-ali[5.5]:main():gmm-acc-stats-ali.cc:105) Processed 850 utterances; for utterance CM06_B1_UW22_M8 avg. like is -86.4784 over 119 frames.
LOG (gmm-acc-stats-ali[5.5]:main():gmm-acc-stats-ali.cc:105) Processed 900 utterances; for utterance CM06_B1_UW31_M8 avg. like is -93.2644 over 133 frames.
LOG (gmm-acc-stats-ali[5.5]:main():gmm-acc-stats-ali.cc:105) Processed 950 utterances; for utterance CM06_B1_UW40_M8 avg. like is -86.9722 over 137 frames.
LOG (gmm-acc-stats-ali[5.5]:main():gmm-acc-stats-ali.cc:105) Processed 1000 utterances; for utterance CM06_B1_UW4_M8 avg. like is -90.773 over 173 frames.
LOG (gmm-acc-stats-ali[5.5]:main():gmm-acc-stats-ali.cc:105) Processed 1050 utterances; for utterance CM06_B1_UW59_M8 avg. like is -87.7314 over 147 frames.
LOG (gmm-acc-stats-ali[5.5]:main():gmm-acc-stats-ali.cc:105) Processed 1100 utterances; for utterance CM06_B1_UW68_M8 avg. like is -90.7626 over 153 frames.
LOG (gmm-acc-stats-ali[5.5]:main():gmm-acc-stats-ali.cc:105) Processed 1150 utterances; for utterance CM06_B1_UW77_M8 avg. like is -87.6476 over 139 frames.
LOG (gmm-acc-stats-ali[5.5]:main():gmm-acc-stats-ali.cc:105) Processed 1200 utterances; for utterance CM06_B1_UW86_M8 avg. like is -85.3632 over 130 frames.
LOG (gmm-acc-stats-ali[5.5]:main():gmm-acc-stats-ali.cc:105) Processed 1250 utterances; for utterance CM06_B1_UW95_M8 avg. like is -87.3551 over 143 frames.
LOG (gmm-acc-stats-ali[5.5]:main():gmm-acc-stats-ali.cc:105) Processed 1300 utterances; for utterance CM06_B2_C14_M8 avg. like is -86.0327 over 132 frames.
LOG (gmm-acc-stats-ali[5.5]:main():gmm-acc-stats-ali.cc:105) Processed 1350 utterances; for utterance CM06_B2_C5_M8 avg. like is -87.7627 over 125 frames.
LOG (gmm-acc-stats-ali[5.5]:main():gmm-acc-stats-ali.cc:105) Processed 1400 utterances; for utterance CM06_B2_CW14_M8 avg. like is -85.5581 over 126 frames.
LOG (gmm-acc-stats-ali[5.5]:main():gmm-acc-stats-ali.cc:105) Processed 1450 utterances; for utterance CM06_B2_CW23_M8 avg. like is -88.58 over 110 frames.
LOG (gmm-acc-stats-ali[5.5]:main():gmm-acc-stats-ali.cc:105) Processed 1500 utterances; for utterance CM06_B2_CW32_M8 avg. like is -87.3987 over 104 frames.
LOG (gmm-acc-stats-ali[5.5]:main():gmm-acc-stats-ali.cc:105) Processed 1550 utterances; for utterance CM06_B2_CW41_M8 avg. like is -89.6126 over 130 frames.
LOG (gmm-acc-stats-ali[5.5]:main():gmm-acc-stats-ali.cc:105) Processed 1600 utterances; for utterance CM06_B2_CW50_M8 avg. like is -92.5581 over 120 frames.
LOG (gmm-acc-stats-ali[5.5]:main():gmm-acc-stats-ali.cc:105) Processed 1650 utterances; for utterance CM06_B2_CW5_M8 avg. like is -93.1151 over 110 frames.
LOG (gmm-acc-stats-ali[5.5]:main():gmm-acc-stats-ali.cc:105) Processed 1700 utterances; for utterance CM06_B2_CW69_M8 avg. like is -89.1854 over 120 frames.
LOG (gmm-acc-stats-ali[5.5]:main():gmm-acc-stats-ali.cc:105) Processed 1750 utterances; for utterance CM06_B2_CW78_M8 avg. like is -91.3885 over 126 frames.
LOG (gmm-acc-stats-ali[5.5]:main():gmm-acc-stats-ali.cc:105) Processed 1800 utterances; for utterance CM06_B2_CW87_M8 avg. like is -90.6318 over 113 frames.
LOG (gmm-acc-stats-ali[5.5]:main():gmm-acc-stats-ali.cc:105) Processed 1850 utterances; for utterance CM06_B2_CW96_M8 avg. like is -89.7367 over 115 frames.
LOG (gmm-acc-stats-ali[5.5]:main():gmm-acc-stats-ali.cc:105) Processed 1900 utterances; for utterance CM06_B2_D5_M8 avg. like is -90.6867 over 147 frames.
LOG (gmm-acc-stats-ali[5.5]:main():gmm-acc-stats-ali.cc:105) Processed 1950 utterances; for utterance CM06_B2_LF_M8 avg. like is -85.6184 over 133 frames.
LOG (gmm-acc-stats-ali[5.5]:main():gmm-acc-stats-ali.cc:105) Processed 2000 utterances; for utterance CM06_B2_LP_M8 avg. like is -87.0099 over 131 frames.
LOG (gmm-acc-stats-ali[5.5]:main():gmm-acc-stats-ali.cc:105) Processed 2050 utterances; for utterance CM06_B2_LZ_M8 avg. like is -89.6955 over 121 frames.
LOG (gmm-acc-stats-ali[5.5]:main():gmm-acc-stats-ali.cc:105) Processed 2100 utterances; for utterance CM06_B2_UW18_M8 avg. like is -92.2309 over 138 frames.
LOG (gmm-acc-stats-ali[5.5]:main():gmm-acc-stats-ali.cc:105) Processed 2150 utterances; for utterance CM06_B2_UW27_M8 avg. like is -88.4682 over 136 frames.
LOG (gmm-acc-stats-ali[5.5]:main():gmm-acc-stats-ali.cc:105) Processed 2200 utterances; for utterance CM06_B2_UW36_M8 avg. like is -91.2164 over 149 frames.
LOG (gmm-acc-stats-ali[5.5]:main():gmm-acc-stats-ali.cc:105) Processed 2250 utterances; for utterance CM06_B2_UW45_M8 avg. like is -90.9337 over 134 frames.
LOG (gmm-acc-stats-ali[5.5]:main():gmm-acc-stats-ali.cc:105) Processed 2300 utterances; for utterance CM06_B2_UW54_M8 avg. like is -91.5435 over 124 frames.
LOG (gmm-acc-stats-ali[5.5]:main():gmm-acc-stats-ali.cc:105) Processed 2350 utterances; for utterance CM06_B2_UW63_M8 avg. like is -87.0351 over 134 frames.
LOG (gmm-acc-stats-ali[5.5]:main():gmm-acc-stats-ali.cc:105) Processed 2400 utterances; for utterance CM06_B2_UW72_M8 avg. like is -85.1851 over 150 frames.
LOG (gmm-acc-stats-ali[5.5]:main():gmm-acc-stats-ali.cc:105) Processed 2450 utterances; for utterance CM06_B2_UW81_M8 avg. like is -93.2233 over 152 frames.
LOG (gmm-acc-stats-ali[5.5]:main():gmm-acc-stats-ali.cc:105) Processed 2500 utterances; for utterance CM06_B2_UW90_M8 avg. like is -89.1748 over 120 frames.
LOG (gmm-acc-stats-ali[5.5]:main():gmm-acc-stats-ali.cc:105) Processed 2550 utterances; for utterance CM06_B2_UW9_M8 avg. like is -90.7449 over 132 frames.
LOG (gmm-acc-stats-ali[5.5]:main():gmm-acc-stats-ali.cc:105) Processed 2600 utterances; for utterance CM06_B3_C19_M8 avg. like is -85.4979 over 107 frames.
LOG (gmm-acc-stats-ali[5.5]:main():gmm-acc-stats-ali.cc:105) Processed 2650 utterances; for utterance CM06_B3_CW100_M8 avg. like is -90.0925 over 113 frames.
LOG (gmm-acc-stats-ali[5.5]:main():gmm-acc-stats-ali.cc:105) Processed 2700 utterances; for utterance CM06_B3_CW19_M8 avg. like is -88.9424 over 111 frames.
LOG (gmm-acc-stats-ali[5.5]:main():gmm-acc-stats-ali.cc:105) Processed 2750 utterances; for utterance CM06_B3_CW28_M8 avg. like is -89.3814 over 112 frames.
LOG (gmm-acc-stats-ali[5.5]:main():gmm-acc-stats-ali.cc:105) Processed 2800 utterances; for utterance CM06_B3_CW37_M8 avg. like is -87.9799 over 105 frames.
LOG (gmm-acc-stats-ali[5.5]:main():gmm-acc-stats-ali.cc:105) Processed 2850 utterances; for utterance CM06_B3_CW46_M8 avg. like is -88.5495 over 116 frames.
LOG (gmm-acc-stats-ali[5.5]:main():gmm-acc-stats-ali.cc:105) Processed 2900 utterances; for utterance CM06_B3_CW55_M8 avg. like is -88.5601 over 116 frames.
LOG (gmm-acc-stats-ali[5.5]:main():gmm-acc-stats-ali.cc:105) Processed 2950 utterances; for utterance CM06_B3_CW64_M8 avg. like is -92.0083 over 121 frames.
LOG (gmm-acc-stats-ali[5.5]:main():gmm-acc-stats-ali.cc:105) Processed 3000 utterances; for utterance CM06_B3_CW73_M8 avg. like is -88.5149 over 122 frames.
LOG (gmm-acc-stats-ali[5.5]:main():gmm-acc-stats-ali.cc:105) Processed 3050 utterances; for utterance CM06_B3_CW82_M8 avg. like is -90.608 over 110 frames.
LOG (gmm-acc-stats-ali[5.5]:main():gmm-acc-stats-ali.cc:105) Processed 3100 utterances; for utterance CM06_B3_CW91_M8 avg. like is -90.8389 over 111 frames.
LOG (gmm-acc-stats-ali[5.5]:main():gmm-acc-stats-ali.cc:105) Processed 3150 utterances; for utterance CM06_B3_D0_M8 avg. like is -93.8073 over 104 frames.
LOG (gmm-acc-stats-ali[5.5]:main():gmm-acc-stats-ali.cc:105) Processed 3200 utterances; for utterance CM06_B3_LA_M8 avg. like is -85.9746 over 123 frames.
LOG (gmm-acc-stats-ali[5.5]:main():gmm-acc-stats-ali.cc:105) Processed 3250 utterances; for utterance CM06_B3_LK_M8 avg. like is -88.2937 over 123 frames.
LOG (gmm-acc-stats-ali[5.5]:main():gmm-acc-stats-ali.cc:105) Processed 3300 utterances; for utterance CM06_B3_LU_M8 avg. like is -89.2895 over 127 frames.
LOG (gmm-acc-stats-ali[5.5]:main():gmm-acc-stats-ali.cc:105) Processed 3350 utterances; for utterance CM06_B3_UW13_M8 avg. like is -89.1569 over 118 frames.
LOG (gmm-acc-stats-ali[5.5]:main():gmm-acc-stats-ali.cc:105) Processed 3400 utterances; for utterance CM06_B3_UW22_M8 avg. like is -88.7448 over 150 frames.
LOG (gmm-acc-stats-ali[5.5]:main():gmm-acc-stats-ali.cc:105) Processed 3450 utterances; for utterance CM06_B3_UW31_M8 avg. like is -92.247 over 117 frames.
LOG (gmm-acc-stats-ali[5.5]:main():gmm-acc-stats-ali.cc:105) Processed 3500 utterances; for utterance CM06_B3_UW40_M8 avg. like is -88.6128 over 148 frames.
LOG (gmm-acc-stats-ali[5.5]:main():gmm-acc-stats-ali.cc:105) Processed 3550 utterances; for utterance CM06_B3_UW4_M8 avg. like is -88.5025 over 177 frames.
LOG (gmm-acc-stats-ali[5.5]:main():gmm-acc-stats-ali.cc:105) Processed 3600 utterances; for utterance CM06_B3_UW59_M8 avg. like is -88.5845 over 130 frames.
LOG (gmm-acc-stats-ali[5.5]:main():gmm-acc-stats-ali.cc:105) Processed 3650 utterances; for utterance CM06_B3_UW68_M8 avg. like is -86.1991 over 128 frames.
LOG (gmm-acc-stats-ali[5.5]:main():gmm-acc-stats-ali.cc:105) Processed 3700 utterances; for utterance CM06_B3_UW77_M8 avg. like is -87.1785 over 158 frames.
LOG (gmm-acc-stats-ali[5.5]:main():gmm-acc-stats-ali.cc:105) Processed 3750 utterances; for utterance CM06_B3_UW86_M8 avg. like is -87.3638 over 132 frames.
LOG (gmm-acc-stats-ali[5.5]:main():gmm-acc-stats-ali.cc:105) Processed 3800 utterances; for utterance CM06_B3_UW95_M8 avg. like is -90.1051 over 114 frames.
LOG (gmm-acc-stats-ali[5.5]:main():gmm-acc-stats-ali.cc:105) Processed 3850 utterances; for utterance CM08_B1_C14_M8 avg. like is -88.0785 over 124 frames.
LOG (gmm-acc-stats-ali[5.5]:main():gmm-acc-stats-ali.cc:105) Processed 3900 utterances; for utterance CM08_B1_C5_M8 avg. like is -89.0248 over 110 frames.
LOG (gmm-acc-stats-ali[5.5]:main():gmm-acc-stats-ali.cc:105) Processed 3950 utterances; for utterance CM08_B1_CW14_M8 avg. like is -85.3445 over 126 frames.
LOG (gmm-acc-stats-ali[5.5]:main():gmm-acc-stats-ali.cc:105) Processed 4000 utterances; for utterance CM08_B1_CW23_M8 avg. like is -86.1025 over 144 frames.
LOG (gmm-acc-stats-ali[5.5]:main():gmm-acc-stats-ali.cc:105) Processed 4050 utterances; for utterance CM08_B1_CW32_M8 avg. like is -88.789 over 126 frames.
LOG (gmm-acc-stats-ali[5.5]:main():gmm-acc-stats-ali.cc:105) Processed 4100 utterances; for utterance CM08_B1_CW41_M8 avg. like is -84.5493 over 140 frames.
LOG (gmm-acc-stats-ali[5.5]:main():gmm-acc-stats-ali.cc:105) Processed 4150 utterances; for utterance CM08_B1_CW50_M8 avg. like is -89.6269 over 128 frames.
LOG (gmm-acc-stats-ali[5.5]:main():gmm-acc-stats-ali.cc:105) Processed 4200 utterances; for utterance CM08_B1_CW5_M8 avg. like is -91.7456 over 135 frames.
LOG (gmm-acc-stats-ali[5.5]:main():gmm-acc-stats-ali.cc:105) Processed 4250 utterances; for utterance CM08_B1_CW69_M8 avg. like is -89.1079 over 113 frames.
LOG (gmm-acc-stats-ali[5.5]:main():gmm-acc-stats-ali.cc:105) Processed 4300 utterances; for utterance CM08_B1_CW78_M8 avg. like is -89.8573 over 142 frames.
LOG (gmm-acc-stats-ali[5.5]:main():gmm-acc-stats-ali.cc:105) Processed 4350 utterances; for utterance CM08_B1_CW87_M8 avg. like is -89.8073 over 119 frames.
LOG (gmm-acc-stats-ali[5.5]:main():gmm-acc-stats-ali.cc:105) Processed 4400 utterances; for utterance CM08_B1_CW96_M8 avg. like is -90.0661 over 133 frames.
LOG (gmm-acc-stats-ali[5.5]:main():gmm-acc-stats-ali.cc:105) Processed 4450 utterances; for utterance CM08_B1_D5_M8 avg. like is -95.9665 over 120 frames.
LOG (gmm-acc-stats-ali[5.5]:main():gmm-acc-stats-ali.cc:105) Processed 4500 utterances; for utterance CM08_B1_LF_M8 avg. like is -94.7807 over 139 frames.
LOG (gmm-acc-stats-ali[5.5]:main():gmm-acc-stats-ali.cc:105) Processed 4550 utterances; for utterance CM08_B1_LP_M8 avg. like is -87.7489 over 130 frames.
LOG (gmm-acc-stats-ali[5.5]:main():gmm-acc-stats-ali.cc:105) Processed 4600 utterances; for utterance CM08_B1_LZ_M8 avg. like is -90.8629 over 136 frames.
LOG (gmm-acc-stats-ali[5.5]:main():gmm-acc-stats-ali.cc:105) Processed 4650 utterances; for utterance CM08_B1_UW18_M8 avg. like is -87.7069 over 153 frames.
LOG (gmm-acc-stats-ali[5.5]:main():gmm-acc-stats-ali.cc:105) Processed 4700 utterances; for utterance CM08_B1_UW27_M8 avg. like is -87.5871 over 142 frames.
LOG (gmm-acc-stats-ali[5.5]:main():gmm-acc-stats-ali.cc:105) Processed 4750 utterances; for utterance CM08_B1_UW36_M8 avg. like is -89.1407 over 174 frames.
LOG (gmm-acc-stats-ali[5.5]:main():gmm-acc-stats-ali.cc:105) Processed 4800 utterances; for utterance CM08_B1_UW45_M8 avg. like is -91.9422 over 187 frames.
LOG (gmm-acc-stats-ali[5.5]:main():gmm-acc-stats-ali.cc:105) Processed 4850 utterances; for utterance CM08_B1_UW54_M8 avg. like is -91.1026 over 251 frames.
LOG (gmm-acc-stats-ali[5.5]:main():gmm-acc-stats-ali.cc:105) Processed 4900 utterances; for utterance CM08_B1_UW63_M8 avg. like is -88.1289 over 143 frames.
LOG (gmm-acc-stats-ali[5.5]:main():gmm-acc-stats-ali.cc:105) Processed 4950 utterances; for utterance CM08_B1_UW72_M8 avg. like is -89.5622 over 128 frames.
LOG (gmm-acc-stats-ali[5.5]:main():gmm-acc-stats-ali.cc:105) Processed 5000 utterances; for utterance CM08_B1_UW81_M8 avg. like is -87.5755 over 131 frames.
LOG (gmm-acc-stats-ali[5.5]:main():gmm-acc-stats-ali.cc:105) Processed 5050 utterances; for utterance CM08_B1_UW90_M8 avg. like is -86.4496 over 108 frames.
LOG (gmm-acc-stats-ali[5.5]:main():gmm-acc-stats-ali.cc:105) Processed 5100 utterances; for utterance CM08_B1_UW9_M8 avg. like is -89.7904 over 140 frames.
LOG (gmm-acc-stats-ali[5.5]:main():gmm-acc-stats-ali.cc:105) Processed 5150 utterances; for utterance CM08_B2_C19_M8 avg. like is -89.4513 over 97 frames.
LOG (gmm-acc-stats-ali[5.5]:main():gmm-acc-stats-ali.cc:105) Processed 5200 utterances; for utterance CM08_B2_CW100_M8 avg. like is -88.4099 over 104 frames.
LOG (gmm-acc-stats-ali[5.5]:main():gmm-acc-stats-ali.cc:105) Processed 5250 utterances; for utterance CM08_B2_CW1_M3 avg. like is -90.1388 over 124 frames.
LOG (gmm-acc-stats-ali[5.5]:main():gmm-acc-stats-ali.cc:105) Processed 5300 utterances; for utterance CM08_B2_CW29_M3 avg. like is -86.2492 over 117 frames.
LOG (gmm-acc-stats-ali[5.5]:main():gmm-acc-stats-ali.cc:105) Processed 5350 utterances; for utterance CM08_B2_CW38_M3 avg. like is -92.0769 over 93 frames.
LOG (gmm-acc-stats-ali[5.5]:main():gmm-acc-stats-ali.cc:105) Processed 5400 utterances; for utterance CM08_B2_CW47_M3 avg. like is -89.2017 over 88 frames.
LOG (gmm-acc-stats-ali[5.5]:main():gmm-acc-stats-ali.cc:105) Processed 5450 utterances; for utterance CM08_B2_CW56_M3 avg. like is -84.3755 over 97 frames.
LOG (gmm-acc-stats-ali[5.5]:main():gmm-acc-stats-ali.cc:105) Processed 5500 utterances; for utterance CM08_B2_CW65_M3 avg. like is -87.6082 over 104 frames.
LOG (gmm-acc-stats-ali[5.5]:main():gmm-acc-stats-ali.cc:105) Processed 5550 utterances; for utterance CM08_B2_CW74_M3 avg. like is -88.6071 over 90 frames.
LOG (gmm-acc-stats-ali[5.5]:main():gmm-acc-stats-ali.cc:105) Processed 5600 utterances; for utterance CM08_B2_CW83_M6 avg. like is -84.994 over 100 frames.
LOG (gmm-acc-stats-ali[5.5]:main():gmm-acc-stats-ali.cc:105) Processed 5650 utterances; for utterance CM08_B2_CW92_M6 avg. like is -85.3476 over 104 frames.
LOG (gmm-acc-stats-ali[5.5]:main():gmm-acc-stats-ali.cc:105) Processed 5700 utterances; for utterance CM08_B2_D1_M6 avg. like is -87.29 over 105 frames.
LOG (gmm-acc-stats-ali[5.5]:main():gmm-acc-stats-ali.cc:105) Processed 5750 utterances; for utterance CM08_B2_LB_M6 avg. like is -88.8583 over 112 frames.
LOG (gmm-acc-stats-ali[5.5]:main():gmm-acc-stats-ali.cc:105) Processed 5800 utterances; for utterance CM08_B2_LL_M6 avg. like is -88.2043 over 110 frames.
LOG (gmm-acc-stats-ali[5.5]:main():gmm-acc-stats-ali.cc:105) Processed 5850 utterances; for utterance CM08_B2_LV_M6 avg. like is -85.9944 over 113 frames.
LOG (gmm-acc-stats-ali[5.5]:main():gmm-acc-stats-ali.cc:105) Processed 5900 utterances; for utterance CM08_B2_UW14_M6 avg. like is -85.046 over 111 frames.
LOG (gmm-acc-stats-ali[5.5]:main():gmm-acc-stats-ali.cc:105) Processed 5950 utterances; for utterance CM08_B2_UW23_M6 avg. like is -84.9639 over 122 frames.
LOG (gmm-acc-stats-ali[5.5]:main():gmm-acc-stats-ali.cc:105) Processed 6000 utterances; for utterance CM08_B2_UW32_M6 avg. like is -88.7275 over 126 frames.
LOG (gmm-acc-stats-ali[5.5]:main():gmm-acc-stats-ali.cc:105) Processed 6050 utterances; for utterance CM08_B2_UW41_M6 avg. like is -86.5321 over 115 frames.
LOG (gmm-acc-stats-ali[5.5]:main():gmm-acc-stats-ali.cc:105) Processed 6100 utterances; for utterance CM08_B2_UW50_M6 avg. like is -87.2081 over 124 frames.
LOG (gmm-acc-stats-ali[5.5]:main():gmm-acc-stats-ali.cc:105) Processed 6150 utterances; for utterance CM08_B2_UW5_M6 avg. like is -88.9253 over 124 frames.
LOG (gmm-acc-stats-ali[5.5]:main():gmm-acc-stats-ali.cc:105) Processed 6200 utterances; for utterance CM08_B2_UW69_M6 avg. like is -86.3029 over 101 frames.
LOG (gmm-acc-stats-ali[5.5]:main():gmm-acc-stats-ali.cc:105) Processed 6250 utterances; for utterance CM08_B2_UW78_M6 avg. like is -87.805 over 112 frames.
LOG (gmm-acc-stats-ali[5.5]:main():gmm-acc-stats-ali.cc:105) Processed 6300 utterances; for utterance CM08_B2_UW87_M6 avg. like is -86.0531 over 111 frames.
LOG (gmm-acc-stats-ali[5.5]:main():gmm-acc-stats-ali.cc:105) Processed 6350 utterances; for utterance CM08_B2_UW96_M6 avg. like is -87.5954 over 130 frames.
LOG (gmm-acc-stats-ali[5.5]:main():gmm-acc-stats-ali.cc:105) Processed 6400 utterances; for utterance CM08_B3_C15_M6 avg. like is -88.8367 over 92 frames.
LOG (gmm-acc-stats-ali[5.5]:main():gmm-acc-stats-ali.cc:105) Processed 6450 utterances; for utterance CM08_B3_C6_M6 avg. like is -96.1909 over 104 frames.
LOG (gmm-acc-stats-ali[5.5]:main():gmm-acc-stats-ali.cc:105) Processed 6500 utterances; for utterance CM08_B3_CW15_M6 avg. like is -90.2391 over 89 frames.
LOG (gmm-acc-stats-ali[5.5]:main():gmm-acc-stats-ali.cc:105) Processed 6550 utterances; for utterance CM08_B3_CW24_M6 avg. like is -86.2149 over 95 frames.
LOG (gmm-acc-stats-ali[5.5]:main():gmm-acc-stats-ali.cc:105) Processed 6600 utterances; for utterance CM08_B3_CW33_M6 avg. like is -89.6011 over 114 frames.
LOG (gmm-acc-stats-ali[5.5]:main():gmm-acc-stats-ali.cc:105) Processed 6650 utterances; for utterance CM08_B3_CW42_M6 avg. like is -96.3801 over 94 frames.
LOG (gmm-acc-stats-ali[5.5]:main():gmm-acc-stats-ali.cc:105) Processed 6700 utterances; for utterance CM08_B3_CW51_M6 avg. like is -91.4984 over 87 frames.
LOG (gmm-acc-stats-ali[5.5]:main():gmm-acc-stats-ali.cc:105) Processed 6750 utterances; for utterance CM08_B3_CW60_M6 avg. like is -88.5627 over 112 frames.
LOG (gmm-acc-stats-ali[5.5]:main():gmm-acc-stats-ali.cc:105) Processed 6800 utterances; for utterance CM08_B3_CW6_M6 avg. like is -90.4228 over 98 frames.
LOG (gmm-acc-stats-ali[5.5]:main():gmm-acc-stats-ali.cc:105) Processed 6850 utterances; for utterance CM08_B3_CW79_M6 avg. like is -86.2212 over 119 frames.
LOG (gmm-acc-stats-ali[5.5]:main():gmm-acc-stats-ali.cc:105) Processed 6900 utterances; for utterance CM08_B3_CW88_M6 avg. like is -86.3031 over 98 frames.
LOG (gmm-acc-stats-ali[5.5]:main():gmm-acc-stats-ali.cc:105) Processed 6950 utterances; for utterance CM08_B3_CW97_M6 avg. like is -85.0746 over 91 frames.
LOG (gmm-acc-stats-ali[5.5]:main():gmm-acc-stats-ali.cc:105) Processed 7000 utterances; for utterance CM08_B3_D6_M6 avg. like is -95.3082 over 103 frames.
LOG (gmm-acc-stats-ali[5.5]:main():gmm-acc-stats-ali.cc:105) Processed 7050 utterances; for utterance CM08_B3_LG_M6 avg. like is -87.0807 over 87 frames.
LOG (gmm-acc-stats-ali[5.5]:main():gmm-acc-stats-ali.cc:105) Processed 7100 utterances; for utterance CM08_B3_LQ_M6 avg. like is -86.9347 over 93 frames.
LOG (gmm-acc-stats-ali[5.5]:main():gmm-acc-stats-ali.cc:105) Processed 7150 utterances; for utterance CM08_B3_UW100_M6 avg. like is -88.9065 over 119 frames.
LOG (gmm-acc-stats-ali[5.5]:main():gmm-acc-stats-ali.cc:105) Processed 7200 utterances; for utterance CM08_B3_UW19_M6 avg. like is -88.7335 over 119 frames.
LOG (gmm-acc-stats-ali[5.5]:main():gmm-acc-stats-ali.cc:105) Processed 7250 utterances; for utterance CM08_B3_UW28_M6 avg. like is -90.1878 over 111 frames.
LOG (gmm-acc-stats-ali[5.5]:main():gmm-acc-stats-ali.cc:105) Processed 7300 utterances; for utterance CM08_B3_UW37_M6 avg. like is -85.2653 over 121 frames.
LOG (gmm-acc-stats-ali[5.5]:main():gmm-acc-stats-ali.cc:105) Processed 7350 utterances; for utterance CM08_B3_UW46_M6 avg. like is -90.817 over 150 frames.
LOG (gmm-acc-stats-ali[5.5]:main():gmm-acc-stats-ali.cc:105) Processed 7400 utterances; for utterance CM08_B3_UW55_M6 avg. like is -88.5382 over 133 frames.
LOG (gmm-acc-stats-ali[5.5]:main():gmm-acc-stats-ali.cc:105) Processed 7450 utterances; for utterance CM08_B3_UW64_M6 avg. like is -86.7778 over 132 frames.
LOG (gmm-acc-stats-ali[5.5]:main():gmm-acc-stats-ali.cc:105) Processed 7500 utterances; for utterance CM08_B3_UW73_M6 avg. like is -91.0829 over 145 frames.
LOG (gmm-acc-stats-ali[5.5]:main():gmm-acc-stats-ali.cc:105) Processed 7550 utterances; for utterance CM08_B3_UW82_M6 avg. like is -93.041 over 135 frames.
LOG (gmm-acc-stats-ali[5.5]:main():gmm-acc-stats-ali.cc:105) Processed 7600 utterances; for utterance CM08_B3_UW91_M6 avg. like is -87.3958 over 120 frames.
LOG (apply-cmvn[5.5]:main():apply-cmvn.cc:162) Applied cepstral mean normalization to 7647 utterances, errors on 0
LOG (gmm-acc-stats-ali[5.5]:main():gmm-acc-stats-ali.cc:112) Done 7647 files, 0 with errors.
LOG (gmm-acc-stats-ali[5.5]:main():gmm-acc-stats-ali.cc:115) Overall avg like per frame (Gaussian only) = -89.2315 over 933553 frames.
LOG (gmm-acc-stats-ali[5.5]:main():gmm-acc-stats-ali.cc:123) Written accs.
# Accounting: time=4 threads=1
# Ended (code 0) at Thu Mar 16 23:48:44 IST 2023, elapsed time 4 seconds
