# build-tree --verbose=1 --max-leaves=2000 --cluster-thresh=-1 exp_dys_comb_vad/tri1/treeacc data_dys_comb_vad/lang_uas/phones/roots.int exp_dys_comb_vad/tri1/questions.qst data_dys_comb_vad/lang_uas/topo exp_dys_comb_vad/tri1/tree 
# Started at Thu Mar 16 23:46:15 IST 2023
#
build-tree --verbose=1 --max-leaves=2000 --cluster-thresh=-1 exp_dys_comb_vad/tri1/treeacc data_dys_comb_vad/lang_uas/phones/roots.int exp_dys_comb_vad/tri1/questions.qst data_dys_comb_vad/lang_uas/topo exp_dys_comb_vad/tri1/tree 
LOG (build-tree[5.5]:main():build-tree.cc:104) Number of separate statistics is 6068
LOG (build-tree[5.5]:BuildTree():build-tree.cc:161) BuildTree: before building trees, map has 43 leaves.
LOG (build-tree[5.5]:SplitDecisionTree():build-tree-utils.cc:577) DoDecisionTreeSplit: split 1957 times, #leaves now 2000
LOG (build-tree[5.5]:BuildTree():build-tree.cc:187) Setting clustering threshold to smallest split 1192.28
VLOG[1] (build-tree[5.5]:BuildTree():build-tree.cc:196) After decision tree split, num-leaves = 2000, like-impr = 2.97625 per frame over 1.10741e+07 frames.
VLOG[1] (build-tree[5.5]:BuildTree():build-tree.cc:200) Including just phones that were split, improvement is 2.97625 per frame over 1.10741e+07 frames.
LOG (build-tree[5.5]:BuildTree():build-tree.cc:215) BuildTree: removed 418 leaves.
VLOG[1] (build-tree[5.5]:ClusterEventMapToNClustersRestrictedByMap():build-tree-utils.cc:914) Number of non-empty clusters in map = 41
VLOG[1] (build-tree[5.5]:ClusterEventMapToNClustersRestrictedByMap():build-tree-utils.cc:915) Number of non-empty clusters = 1580
LOG (build-tree[5.5]:BuildTree():build-tree.cc:231) BuildTree: Rounded num leaves to multiple of 8 by removing 6 leaves.
VLOG[1] (build-tree[5.5]:BuildTree():build-tree.cc:256) Objf change due to clustering -0.0338434 per frame.
VLOG[1] (build-tree[5.5]:BuildTree():build-tree.cc:259) Normalizing over only split phones, this is: -0.0338434 per frame.
VLOG[1] (build-tree[5.5]:BuildTree():build-tree.cc:262) Num-leaves is now 1576
VLOG[1] (build-tree[5.5]:main():build-tree.cc:143) For pdf-id 1, low count 0
VLOG[1] (build-tree[5.5]:main():build-tree.cc:143) For pdf-id 33, low count 0
WARNING (build-tree[5.5]:main():build-tree.cc:185) Saw no stats for following phones: 2 3 4 5 6 7 8 9 10 14 16 18 22 24 26 30 42 46 50 54 56 58 59 62 66 70 74 76 78 80 82 86 90 94 98 102 106 107 110 118 122 126 130 134 135 136 137 138 142 146 147 148 150 151 154 158 160 162 164 166 170 171 174 
LOG (build-tree[5.5]:main():build-tree.cc:189) Wrote tree
# Accounting: time=1 threads=1
# Ended (code 0) at Thu Mar 16 23:46:16 IST 2023, elapsed time 1 seconds
