# gmm-est --mix-up=16400 --power=0.25 --write-occs=exp_dys_comb_vad/tri1/14.occs exp_dys_comb_vad/tri1/13.mdl "gmm-sum-accs - exp_dys_comb_vad/tri1/13.*.acc |" exp_dys_comb_vad/tri1/14.mdl 
# Started at Thu Mar 16 23:47:15 IST 2023
#
gmm-est --mix-up=16400 --power=0.25 --write-occs=exp_dys_comb_vad/tri1/14.occs exp_dys_comb_vad/tri1/13.mdl 'gmm-sum-accs - exp_dys_comb_vad/tri1/13.*.acc |' exp_dys_comb_vad/tri1/14.mdl 
gmm-sum-accs - exp_dys_comb_vad/tri1/13.1.acc exp_dys_comb_vad/tri1/13.10.acc exp_dys_comb_vad/tri1/13.11.acc exp_dys_comb_vad/tri1/13.2.acc exp_dys_comb_vad/tri1/13.3.acc exp_dys_comb_vad/tri1/13.4.acc exp_dys_comb_vad/tri1/13.5.acc exp_dys_comb_vad/tri1/13.6.acc exp_dys_comb_vad/tri1/13.7.acc exp_dys_comb_vad/tri1/13.8.acc exp_dys_comb_vad/tri1/13.9.acc 
LOG (gmm-sum-accs[5.5]:main():gmm-sum-accs.cc:63) Summed 11 stats, total count 1.10741e+07, avg like/frame -94.6529
LOG (gmm-sum-accs[5.5]:main():gmm-sum-accs.cc:66) Total count of stats is 1.10741e+07
LOG (gmm-sum-accs[5.5]:main():gmm-sum-accs.cc:67) Written stats to -
LOG (gmm-est[5.5]:MleUpdate():transition-model.cc:528) TransitionModel::Update, objf change is 0 per frame over 1.10741e+07 frames. 
LOG (gmm-est[5.5]:MleUpdate():transition-model.cc:531) 33 probabilities floored, 3795 out of 5664 transition-states skipped due to insuffient data (it is normal to have some skipped.)
LOG (gmm-est[5.5]:main():gmm-est.cc:102) Transition model update: Overall 0 log-like improvement per frame over 1.10741e+07 frames.
WARNING (gmm-est[5.5]:MleDiagGmmUpdate():mle-diag-gmm.cc:365) Gaussian has too little data but not removing it because it is the last Gaussian: i = 0, occ = 0, weight = 1
WARNING (gmm-est[5.5]:MleDiagGmmUpdate():mle-diag-gmm.cc:365) Gaussian has too little data but not removing it because it is the last Gaussian: i = 0, occ = 0, weight = 1
LOG (gmm-est[5.5]:MleAmDiagGmmUpdate():mle-am-diag-gmm.cc:225) 0 variance elements floored in 0 Gaussians, out of 15200
LOG (gmm-est[5.5]:MleAmDiagGmmUpdate():mle-am-diag-gmm.cc:229) Removed 0 Gaussians due to counts < --min-gaussian-occupancy=10 and --remove-low-count-gaussians=true
LOG (gmm-est[5.5]:main():gmm-est.cc:113) GMM update: Overall 0.0766323 objective function improvement per frame over 1.10741e+07 frames
LOG (gmm-est[5.5]:main():gmm-est.cc:116) GMM update: Overall avg like per frame = -94.6529 over 1.10741e+07 frames.
LOG (gmm-est[5.5]:SplitByCount():am-diag-gmm.cc:116) Split 1576 states with target = 16400, power = 0.25, perturb_factor = 0.01 and min_count = 20, split #Gauss from 15200 to 16400
LOG (gmm-est[5.5]:main():gmm-est.cc:146) Written model to exp_dys_comb_vad/tri1/14.mdl
# Accounting: time=0 threads=1
# Ended (code 0) at Thu Mar 16 23:47:15 IST 2023, elapsed time 0 seconds
