# gmm-acc-stats-ali exp_dys_comb_vad/tri3/33.mdl "ark,s,cs:apply-cmvn  --utt2spk=ark:data_dys_comb_vad/train_dys_pow_no_sil/split11/2/utt2spk scp:data_dys_comb_vad/train_dys_pow_no_sil/split11/2/cmvn.scp scp:data_dys_comb_vad/train_dys_pow_no_sil/split11/2/feats.scp ark:- | splice-feats --left-context=3 --right-context=3 ark:- ark:- | transform-feats exp_dys_comb_vad/tri2_ali/final.mat ark:- ark:- | transform-feats --utt2spk=ark:data_dys_comb_vad/train_dys_pow_no_sil/split11/2/utt2spk ark:exp_dys_comb_vad/tri3/trans.2 ark:- ark:- |" "ark,s,cs:gunzip -c exp_dys_comb_vad/tri3/ali.2.gz|" exp_dys_comb_vad/tri3/33.2.acc 
# Started at Fri Mar 17 00:10:08 IST 2023
#
gmm-acc-stats-ali exp_dys_comb_vad/tri3/33.mdl 'ark,s,cs:apply-cmvn  --utt2spk=ark:data_dys_comb_vad/train_dys_pow_no_sil/split11/2/utt2spk scp:data_dys_comb_vad/train_dys_pow_no_sil/split11/2/cmvn.scp scp:data_dys_comb_vad/train_dys_pow_no_sil/split11/2/feats.scp ark:- | splice-feats --left-context=3 --right-context=3 ark:- ark:- | transform-feats exp_dys_comb_vad/tri2_ali/final.mat ark:- ark:- | transform-feats --utt2spk=ark:data_dys_comb_vad/train_dys_pow_no_sil/split11/2/utt2spk ark:exp_dys_comb_vad/tri3/trans.2 ark:- ark:- |' 'ark,s,cs:gunzip -c exp_dys_comb_vad/tri3/ali.2.gz|' exp_dys_comb_vad/tri3/33.2.acc 
apply-cmvn --utt2spk=ark:data_dys_comb_vad/train_dys_pow_no_sil/split11/2/utt2spk scp:data_dys_comb_vad/train_dys_pow_no_sil/split11/2/cmvn.scp scp:data_dys_comb_vad/train_dys_pow_no_sil/split11/2/feats.scp ark:- 
transform-feats exp_dys_comb_vad/tri2_ali/final.mat ark:- ark:- 
splice-feats --left-context=3 --right-context=3 ark:- ark:- 
transform-feats --utt2spk=ark:data_dys_comb_vad/train_dys_pow_no_sil/split11/2/utt2spk ark:exp_dys_comb_vad/tri3/trans.2 ark:- ark:- 
LOG (gmm-acc-stats-ali[5.5]:main():gmm-acc-stats-ali.cc:105) Processed 50 utterances; for utterance CF04_B1_C19_M8 avg. like is -57.2076 over 113 frames.
LOG (gmm-acc-stats-ali[5.5]:main():gmm-acc-stats-ali.cc:105) Processed 100 utterances; for utterance CF04_B1_CW100_M8 avg. like is -56.6129 over 110 frames.
LOG (gmm-acc-stats-ali[5.5]:main():gmm-acc-stats-ali.cc:105) Processed 150 utterances; for utterance CF04_B1_CW19_M8 avg. like is -53.0451 over 127 frames.
LOG (gmm-acc-stats-ali[5.5]:main():gmm-acc-stats-ali.cc:105) Processed 200 utterances; for utterance CF04_B1_CW28_M8 avg. like is -55.4072 over 141 frames.
LOG (gmm-acc-stats-ali[5.5]:main():gmm-acc-stats-ali.cc:105) Processed 250 utterances; for utterance CF04_B1_CW37_M8 avg. like is -59.4673 over 133 frames.
LOG (gmm-acc-stats-ali[5.5]:main():gmm-acc-stats-ali.cc:105) Processed 300 utterances; for utterance CF04_B1_CW46_M8 avg. like is -44.1951 over 147 frames.
LOG (gmm-acc-stats-ali[5.5]:main():gmm-acc-stats-ali.cc:105) Processed 350 utterances; for utterance CF04_B1_CW55_M8 avg. like is -45.1533 over 151 frames.
LOG (gmm-acc-stats-ali[5.5]:main():gmm-acc-stats-ali.cc:105) Processed 400 utterances; for utterance CF04_B1_CW64_M8 avg. like is -57.6726 over 134 frames.
LOG (gmm-acc-stats-ali[5.5]:main():gmm-acc-stats-ali.cc:105) Processed 450 utterances; for utterance CF04_B1_CW73_M8 avg. like is -63.2779 over 139 frames.
LOG (gmm-acc-stats-ali[5.5]:main():gmm-acc-stats-ali.cc:105) Processed 500 utterances; for utterance CF04_B1_CW82_M8 avg. like is -45.0632 over 144 frames.
LOG (gmm-acc-stats-ali[5.5]:main():gmm-acc-stats-ali.cc:105) Processed 550 utterances; for utterance CF04_B1_CW91_M8 avg. like is -52.7153 over 135 frames.
LOG (gmm-acc-stats-ali[5.5]:main():gmm-acc-stats-ali.cc:105) Processed 600 utterances; for utterance CF04_B1_D0_M8 avg. like is -51.1511 over 190 frames.
LOG (gmm-acc-stats-ali[5.5]:main():gmm-acc-stats-ali.cc:105) Processed 650 utterances; for utterance CF04_B1_LA_M8 avg. like is -44.4739 over 152 frames.
LOG (gmm-acc-stats-ali[5.5]:main():gmm-acc-stats-ali.cc:105) Processed 700 utterances; for utterance CF04_B1_LK_M8 avg. like is -45.8706 over 151 frames.
LOG (gmm-acc-stats-ali[5.5]:main():gmm-acc-stats-ali.cc:105) Processed 750 utterances; for utterance CF04_B1_LU_M8 avg. like is -44.5379 over 163 frames.
LOG (gmm-acc-stats-ali[5.5]:main():gmm-acc-stats-ali.cc:105) Processed 800 utterances; for utterance CF04_B1_UW13_M8 avg. like is -53.2927 over 166 frames.
LOG (gmm-acc-stats-ali[5.5]:main():gmm-acc-stats-ali.cc:105) Processed 850 utterances; for utterance CF04_B1_UW22_M8 avg. like is -57.6555 over 174 frames.
LOG (gmm-acc-stats-ali[5.5]:main():gmm-acc-stats-ali.cc:105) Processed 900 utterances; for utterance CF04_B1_UW31_M8 avg. like is -55.9975 over 151 frames.
LOG (gmm-acc-stats-ali[5.5]:main():gmm-acc-stats-ali.cc:105) Processed 950 utterances; for utterance CF04_B1_UW40_M8 avg. like is -59.9452 over 137 frames.
LOG (gmm-acc-stats-ali[5.5]:main():gmm-acc-stats-ali.cc:105) Processed 1000 utterances; for utterance CF04_B1_UW4_M8 avg. like is -50.0515 over 188 frames.
LOG (gmm-acc-stats-ali[5.5]:main():gmm-acc-stats-ali.cc:105) Processed 1050 utterances; for utterance CF04_B1_UW59_M8 avg. like is -55.3679 over 143 frames.
LOG (gmm-acc-stats-ali[5.5]:main():gmm-acc-stats-ali.cc:105) Processed 1100 utterances; for utterance CF04_B1_UW68_M8 avg. like is -53.0077 over 175 frames.
LOG (gmm-acc-stats-ali[5.5]:main():gmm-acc-stats-ali.cc:105) Processed 1150 utterances; for utterance CF04_B1_UW77_M8 avg. like is -45.5848 over 160 frames.
LOG (gmm-acc-stats-ali[5.5]:main():gmm-acc-stats-ali.cc:105) Processed 1200 utterances; for utterance CF04_B1_UW86_M8 avg. like is -53.3389 over 133 frames.
LOG (gmm-acc-stats-ali[5.5]:main():gmm-acc-stats-ali.cc:105) Processed 1250 utterances; for utterance CF04_B1_UW95_M8 avg. like is -48.2251 over 155 frames.
LOG (gmm-acc-stats-ali[5.5]:main():gmm-acc-stats-ali.cc:105) Processed 1300 utterances; for utterance CF04_B2_C14_M8 avg. like is -54.397 over 160 frames.
LOG (gmm-acc-stats-ali[5.5]:main():gmm-acc-stats-ali.cc:105) Processed 1350 utterances; for utterance CF04_B2_C5_M8 avg. like is -55.2359 over 170 frames.
LOG (gmm-acc-stats-ali[5.5]:main():gmm-acc-stats-ali.cc:105) Processed 1400 utterances; for utterance CF04_B2_CW14_M8 avg. like is -49.5921 over 139 frames.
LOG (gmm-acc-stats-ali[5.5]:main():gmm-acc-stats-ali.cc:105) Processed 1450 utterances; for utterance CF04_B2_CW23_M8 avg. like is -55.1049 over 146 frames.
LOG (gmm-acc-stats-ali[5.5]:main():gmm-acc-stats-ali.cc:105) Processed 1500 utterances; for utterance CF04_B2_CW32_M8 avg. like is -56.4931 over 122 frames.
LOG (gmm-acc-stats-ali[5.5]:main():gmm-acc-stats-ali.cc:105) Processed 1550 utterances; for utterance CF04_B2_CW41_M8 avg. like is -57.2754 over 151 frames.
LOG (gmm-acc-stats-ali[5.5]:main():gmm-acc-stats-ali.cc:105) Processed 1600 utterances; for utterance CF04_B2_CW50_M8 avg. like is -53.5316 over 149 frames.
LOG (gmm-acc-stats-ali[5.5]:main():gmm-acc-stats-ali.cc:105) Processed 1650 utterances; for utterance CF04_B2_CW5_M8 avg. like is -55.6718 over 134 frames.
LOG (gmm-acc-stats-ali[5.5]:main():gmm-acc-stats-ali.cc:105) Processed 1700 utterances; for utterance CF04_B2_CW6_M3 avg. like is -52.1797 over 141 frames.
LOG (gmm-acc-stats-ali[5.5]:main():gmm-acc-stats-ali.cc:105) Processed 1750 utterances; for utterance CF04_B2_CW79_M3 avg. like is -48.4443 over 146 frames.
LOG (gmm-acc-stats-ali[5.5]:main():gmm-acc-stats-ali.cc:105) Processed 1800 utterances; for utterance CF04_B2_CW88_M3 avg. like is -44.2051 over 153 frames.
LOG (gmm-acc-stats-ali[5.5]:main():gmm-acc-stats-ali.cc:105) Processed 1850 utterances; for utterance CF04_B2_CW97_M3 avg. like is -50.1543 over 136 frames.
LOG (gmm-acc-stats-ali[5.5]:main():gmm-acc-stats-ali.cc:105) Processed 1900 utterances; for utterance CF04_B2_D6_M3 avg. like is -54.1197 over 132 frames.
LOG (gmm-acc-stats-ali[5.5]:main():gmm-acc-stats-ali.cc:105) Processed 1950 utterances; for utterance CF04_B2_LG_M3 avg. like is -51.6675 over 155 frames.
LOG (gmm-acc-stats-ali[5.5]:main():gmm-acc-stats-ali.cc:105) Processed 2000 utterances; for utterance CF04_B2_LQ_M3 avg. like is -49.0636 over 140 frames.
LOG (gmm-acc-stats-ali[5.5]:main():gmm-acc-stats-ali.cc:105) Processed 2050 utterances; for utterance CF04_B2_UW100_M3 avg. like is -50.1441 over 138 frames.
LOG (gmm-acc-stats-ali[5.5]:main():gmm-acc-stats-ali.cc:105) Processed 2100 utterances; for utterance CF04_B2_UW19_M3 avg. like is -50.8718 over 186 frames.
LOG (gmm-acc-stats-ali[5.5]:main():gmm-acc-stats-ali.cc:105) Processed 2150 utterances; for utterance CF04_B2_UW28_M3 avg. like is -48.0232 over 161 frames.
LOG (gmm-acc-stats-ali[5.5]:main():gmm-acc-stats-ali.cc:105) Processed 2200 utterances; for utterance CF04_B2_UW37_M3 avg. like is -46.6018 over 212 frames.
LOG (gmm-acc-stats-ali[5.5]:main():gmm-acc-stats-ali.cc:105) Processed 2250 utterances; for utterance CF04_B2_UW46_M3 avg. like is -45.5968 over 175 frames.
LOG (gmm-acc-stats-ali[5.5]:main():gmm-acc-stats-ali.cc:105) Processed 2300 utterances; for utterance CF04_B2_UW55_M3 avg. like is -54.1515 over 123 frames.
LOG (gmm-acc-stats-ali[5.5]:main():gmm-acc-stats-ali.cc:105) Processed 2350 utterances; for utterance CF04_B2_UW64_M3 avg. like is -52.2326 over 152 frames.
LOG (gmm-acc-stats-ali[5.5]:main():gmm-acc-stats-ali.cc:105) Processed 2400 utterances; for utterance CF04_B2_UW73_M3 avg. like is -53.9766 over 147 frames.
LOG (gmm-acc-stats-ali[5.5]:main():gmm-acc-stats-ali.cc:105) Processed 2450 utterances; for utterance CF04_B2_UW82_M3 avg. like is -48.4946 over 150 frames.
LOG (gmm-acc-stats-ali[5.5]:main():gmm-acc-stats-ali.cc:105) Processed 2500 utterances; for utterance CF04_B2_UW91_M3 avg. like is -50.4188 over 153 frames.
LOG (gmm-acc-stats-ali[5.5]:main():gmm-acc-stats-ali.cc:105) Processed 2550 utterances; for utterance CF04_B3_C10_M3 avg. like is -45.4635 over 145 frames.
LOG (gmm-acc-stats-ali[5.5]:main():gmm-acc-stats-ali.cc:105) Processed 2600 utterances; for utterance CF04_B3_C1_M3 avg. like is -45.9551 over 184 frames.
LOG (gmm-acc-stats-ali[5.5]:main():gmm-acc-stats-ali.cc:105) Processed 2650 utterances; for utterance CF04_B3_CW10_M3 avg. like is -52.4879 over 139 frames.
LOG (gmm-acc-stats-ali[5.5]:main():gmm-acc-stats-ali.cc:105) Processed 2700 utterances; for utterance CF04_B3_CW1_M3 avg. like is -45.7067 over 125 frames.
LOG (gmm-acc-stats-ali[5.5]:main():gmm-acc-stats-ali.cc:105) Processed 2750 utterances; for utterance CF04_B3_CW29_M3 avg. like is -50.3092 over 143 frames.
LOG (gmm-acc-stats-ali[5.5]:main():gmm-acc-stats-ali.cc:105) Processed 2800 utterances; for utterance CF04_B3_CW38_M3 avg. like is -50.8202 over 144 frames.
LOG (gmm-acc-stats-ali[5.5]:main():gmm-acc-stats-ali.cc:105) Processed 2850 utterances; for utterance CF04_B3_CW47_M3 avg. like is -51.3496 over 172 frames.
LOG (gmm-acc-stats-ali[5.5]:main():gmm-acc-stats-ali.cc:105) Processed 2900 utterances; for utterance CF04_B3_CW56_M3 avg. like is -53.4463 over 148 frames.
LOG (gmm-acc-stats-ali[5.5]:main():gmm-acc-stats-ali.cc:105) Processed 2950 utterances; for utterance CF04_B3_CW65_M3 avg. like is -59.5083 over 159 frames.
LOG (gmm-acc-stats-ali[5.5]:main():gmm-acc-stats-ali.cc:105) Processed 3000 utterances; for utterance CF04_B3_CW74_M3 avg. like is -50.014 over 149 frames.
LOG (gmm-acc-stats-ali[5.5]:main():gmm-acc-stats-ali.cc:105) Processed 3050 utterances; for utterance CF04_B3_CW83_M3 avg. like is -50.0768 over 138 frames.
LOG (gmm-acc-stats-ali[5.5]:main():gmm-acc-stats-ali.cc:105) Processed 3100 utterances; for utterance CF04_B3_CW92_M3 avg. like is -54.2061 over 148 frames.
LOG (gmm-acc-stats-ali[5.5]:main():gmm-acc-stats-ali.cc:105) Processed 3150 utterances; for utterance CF04_B3_D1_M3 avg. like is -53.9479 over 125 frames.
LOG (gmm-acc-stats-ali[5.5]:main():gmm-acc-stats-ali.cc:105) Processed 3200 utterances; for utterance CF04_B3_LB_M3 avg. like is -45.6334 over 170 frames.
LOG (gmm-acc-stats-ali[5.5]:main():gmm-acc-stats-ali.cc:105) Processed 3250 utterances; for utterance CF04_B3_LL_M3 avg. like is -42.9996 over 155 frames.
LOG (gmm-acc-stats-ali[5.5]:main():gmm-acc-stats-ali.cc:105) Processed 3300 utterances; for utterance CF04_B3_LV_M3 avg. like is -52.3274 over 166 frames.
LOG (gmm-acc-stats-ali[5.5]:main():gmm-acc-stats-ali.cc:105) Processed 3350 utterances; for utterance CF04_B3_UW14_M3 avg. like is -46.8616 over 182 frames.
LOG (gmm-acc-stats-ali[5.5]:main():gmm-acc-stats-ali.cc:105) Processed 3400 utterances; for utterance CF04_B3_UW23_M5 avg. like is -46.962 over 184 frames.
LOG (gmm-acc-stats-ali[5.5]:main():gmm-acc-stats-ali.cc:105) Processed 3450 utterances; for utterance CF04_B3_UW32_M5 avg. like is -54.0294 over 199 frames.
LOG (gmm-acc-stats-ali[5.5]:main():gmm-acc-stats-ali.cc:105) Processed 3500 utterances; for utterance CF04_B3_UW41_M5 avg. like is -53.8067 over 215 frames.
LOG (gmm-acc-stats-ali[5.5]:main():gmm-acc-stats-ali.cc:105) Processed 3550 utterances; for utterance CF04_B3_UW50_M5 avg. like is -47.7252 over 169 frames.
LOG (gmm-acc-stats-ali[5.5]:main():gmm-acc-stats-ali.cc:105) Processed 3600 utterances; for utterance CF04_B3_UW5_M5 avg. like is -52.9155 over 137 frames.
LOG (gmm-acc-stats-ali[5.5]:main():gmm-acc-stats-ali.cc:105) Processed 3650 utterances; for utterance CF04_B3_UW69_M5 avg. like is -48.4978 over 195 frames.
LOG (gmm-acc-stats-ali[5.5]:main():gmm-acc-stats-ali.cc:105) Processed 3700 utterances; for utterance CF04_B3_UW78_M5 avg. like is -45.9729 over 172 frames.
LOG (gmm-acc-stats-ali[5.5]:main():gmm-acc-stats-ali.cc:105) Processed 3750 utterances; for utterance CF04_B3_UW87_M5 avg. like is -47.7711 over 184 frames.
LOG (gmm-acc-stats-ali[5.5]:main():gmm-acc-stats-ali.cc:105) Processed 3800 utterances; for utterance CF04_B3_UW96_M5 avg. like is -45.7589 over 181 frames.
LOG (gmm-acc-stats-ali[5.5]:main():gmm-acc-stats-ali.cc:105) Processed 3850 utterances; for utterance CM04_B1_C15_M5 avg. like is -55.8769 over 122 frames.
LOG (gmm-acc-stats-ali[5.5]:main():gmm-acc-stats-ali.cc:105) Processed 3900 utterances; for utterance CM04_B1_C6_M5 avg. like is -44.3986 over 151 frames.
LOG (gmm-acc-stats-ali[5.5]:main():gmm-acc-stats-ali.cc:105) Processed 3950 utterances; for utterance CM04_B1_CW15_M5 avg. like is -55.2377 over 116 frames.
LOG (gmm-acc-stats-ali[5.5]:main():gmm-acc-stats-ali.cc:105) Processed 4000 utterances; for utterance CM04_B1_CW24_M5 avg. like is -54.654 over 161 frames.
LOG (gmm-acc-stats-ali[5.5]:main():gmm-acc-stats-ali.cc:105) Processed 4050 utterances; for utterance CM04_B1_CW33_M5 avg. like is -58.7073 over 127 frames.
LOG (gmm-acc-stats-ali[5.5]:main():gmm-acc-stats-ali.cc:105) Processed 4100 utterances; for utterance CM04_B1_CW42_M5 avg. like is -47.3927 over 143 frames.
LOG (gmm-acc-stats-ali[5.5]:main():gmm-acc-stats-ali.cc:105) Processed 4150 utterances; for utterance CM04_B1_CW51_M5 avg. like is -62.5253 over 126 frames.
LOG (gmm-acc-stats-ali[5.5]:main():gmm-acc-stats-ali.cc:105) Processed 4200 utterances; for utterance CM04_B1_CW60_M5 avg. like is -60.8304 over 137 frames.
LOG (gmm-acc-stats-ali[5.5]:main():gmm-acc-stats-ali.cc:105) Processed 4250 utterances; for utterance CM04_B1_CW6_M5 avg. like is -56.379 over 126 frames.
LOG (gmm-acc-stats-ali[5.5]:main():gmm-acc-stats-ali.cc:105) Processed 4300 utterances; for utterance CM04_B1_CW79_M5 avg. like is -54.5342 over 138 frames.
LOG (gmm-acc-stats-ali[5.5]:main():gmm-acc-stats-ali.cc:105) Processed 4350 utterances; for utterance CM04_B1_CW88_M5 avg. like is -50.2314 over 115 frames.
LOG (gmm-acc-stats-ali[5.5]:main():gmm-acc-stats-ali.cc:105) Processed 4400 utterances; for utterance CM04_B1_CW97_M5 avg. like is -49.5326 over 122 frames.
LOG (gmm-acc-stats-ali[5.5]:main():gmm-acc-stats-ali.cc:105) Processed 4450 utterances; for utterance CM04_B1_D6_M5 avg. like is -57.7416 over 109 frames.
LOG (gmm-acc-stats-ali[5.5]:main():gmm-acc-stats-ali.cc:105) Processed 4500 utterances; for utterance CM04_B1_LG_M5 avg. like is -46.9113 over 144 frames.
LOG (gmm-acc-stats-ali[5.5]:main():gmm-acc-stats-ali.cc:105) Processed 4550 utterances; for utterance CM04_B1_LQ_M5 avg. like is -46.6454 over 144 frames.
LOG (gmm-acc-stats-ali[5.5]:main():gmm-acc-stats-ali.cc:105) Processed 4600 utterances; for utterance CM04_B1_UW100_M5 avg. like is -48.1495 over 151 frames.
LOG (gmm-acc-stats-ali[5.5]:main():gmm-acc-stats-ali.cc:105) Processed 4650 utterances; for utterance CM04_B1_UW19_M5 avg. like is -47.1321 over 181 frames.
LOG (gmm-acc-stats-ali[5.5]:main():gmm-acc-stats-ali.cc:105) Processed 4700 utterances; for utterance CM04_B1_UW28_M5 avg. like is -64.7291 over 152 frames.
LOG (gmm-acc-stats-ali[5.5]:main():gmm-acc-stats-ali.cc:105) Processed 4750 utterances; for utterance CM04_B1_UW37_M5 avg. like is -50.0915 over 173 frames.
LOG (gmm-acc-stats-ali[5.5]:main():gmm-acc-stats-ali.cc:105) Processed 4800 utterances; for utterance CM04_B1_UW46_M5 avg. like is -49.7802 over 186 frames.
LOG (gmm-acc-stats-ali[5.5]:main():gmm-acc-stats-ali.cc:105) Processed 4850 utterances; for utterance CM04_B1_UW55_M5 avg. like is -47.6595 over 174 frames.
LOG (gmm-acc-stats-ali[5.5]:main():gmm-acc-stats-ali.cc:105) Processed 4900 utterances; for utterance CM04_B1_UW64_M5 avg. like is -46.2775 over 160 frames.
LOG (gmm-acc-stats-ali[5.5]:main():gmm-acc-stats-ali.cc:105) Processed 4950 utterances; for utterance CM04_B1_UW73_M5 avg. like is -61.3911 over 131 frames.
LOG (gmm-acc-stats-ali[5.5]:main():gmm-acc-stats-ali.cc:105) Processed 5000 utterances; for utterance CM04_B1_UW82_M6 avg. like is -57.6545 over 133 frames.
LOG (gmm-acc-stats-ali[5.5]:main():gmm-acc-stats-ali.cc:105) Processed 5050 utterances; for utterance CM04_B1_UW91_M6 avg. like is -48.6072 over 154 frames.
LOG (gmm-acc-stats-ali[5.5]:main():gmm-acc-stats-ali.cc:105) Processed 5100 utterances; for utterance CM04_B2_C10_M6 avg. like is -54.4542 over 165 frames.
LOG (gmm-acc-stats-ali[5.5]:main():gmm-acc-stats-ali.cc:105) Processed 5150 utterances; for utterance CM04_B2_C1_M6 avg. like is -45.43 over 137 frames.
LOG (gmm-acc-stats-ali[5.5]:main():gmm-acc-stats-ali.cc:105) Processed 5200 utterances; for utterance CM04_B2_CW10_M6 avg. like is -51.25 over 105 frames.
LOG (gmm-acc-stats-ali[5.5]:main():gmm-acc-stats-ali.cc:105) Processed 5250 utterances; for utterance CM04_B2_CW1_M6 avg. like is -48.4857 over 137 frames.
LOG (gmm-acc-stats-ali[5.5]:main():gmm-acc-stats-ali.cc:105) Processed 5300 utterances; for utterance CM04_B2_CW29_M6 avg. like is -47.9573 over 108 frames.
LOG (gmm-acc-stats-ali[5.5]:main():gmm-acc-stats-ali.cc:105) Processed 5350 utterances; for utterance CM04_B2_CW38_M6 avg. like is -53.0706 over 118 frames.
LOG (gmm-acc-stats-ali[5.5]:main():gmm-acc-stats-ali.cc:105) Processed 5400 utterances; for utterance CM04_B2_CW47_M6 avg. like is -51.0622 over 108 frames.
LOG (gmm-acc-stats-ali[5.5]:main():gmm-acc-stats-ali.cc:105) Processed 5450 utterances; for utterance CM04_B2_CW56_M6 avg. like is -49.1487 over 124 frames.
LOG (gmm-acc-stats-ali[5.5]:main():gmm-acc-stats-ali.cc:105) Processed 5500 utterances; for utterance CM04_B2_CW65_M6 avg. like is -51.9382 over 149 frames.
LOG (gmm-acc-stats-ali[5.5]:main():gmm-acc-stats-ali.cc:105) Processed 5550 utterances; for utterance CM04_B2_CW74_M6 avg. like is -52.807 over 117 frames.
LOG (gmm-acc-stats-ali[5.5]:main():gmm-acc-stats-ali.cc:105) Processed 5600 utterances; for utterance CM04_B2_CW83_M6 avg. like is -53.6942 over 151 frames.
LOG (gmm-acc-stats-ali[5.5]:main():gmm-acc-stats-ali.cc:105) Processed 5650 utterances; for utterance CM04_B2_CW92_M6 avg. like is -51.1065 over 104 frames.
LOG (gmm-acc-stats-ali[5.5]:main():gmm-acc-stats-ali.cc:105) Processed 5700 utterances; for utterance CM04_B2_D1_M6 avg. like is -49.7432 over 146 frames.
LOG (gmm-acc-stats-ali[5.5]:main():gmm-acc-stats-ali.cc:105) Processed 5750 utterances; for utterance CM04_B2_LB_M6 avg. like is -46.3972 over 137 frames.
LOG (gmm-acc-stats-ali[5.5]:main():gmm-acc-stats-ali.cc:105) Processed 5800 utterances; for utterance CM04_B2_LL_M6 avg. like is -48.614 over 121 frames.
LOG (gmm-acc-stats-ali[5.5]:main():gmm-acc-stats-ali.cc:105) Processed 5850 utterances; for utterance CM04_B2_LV_M6 avg. like is -47.76 over 135 frames.
LOG (gmm-acc-stats-ali[5.5]:main():gmm-acc-stats-ali.cc:105) Processed 5900 utterances; for utterance CM04_B2_UW14_M6 avg. like is -45.5621 over 128 frames.
LOG (gmm-acc-stats-ali[5.5]:main():gmm-acc-stats-ali.cc:105) Processed 5950 utterances; for utterance CM04_B2_UW23_M6 avg. like is -54.5535 over 145 frames.
LOG (gmm-acc-stats-ali[5.5]:main():gmm-acc-stats-ali.cc:105) Processed 6000 utterances; for utterance CM04_B2_UW32_M6 avg. like is -47.1912 over 180 frames.
LOG (gmm-acc-stats-ali[5.5]:main():gmm-acc-stats-ali.cc:105) Processed 6050 utterances; for utterance CM04_B2_UW41_M6 avg. like is -46.0936 over 140 frames.
LOG (gmm-acc-stats-ali[5.5]:main():gmm-acc-stats-ali.cc:105) Processed 6100 utterances; for utterance CM04_B2_UW50_M6 avg. like is -45.9598 over 216 frames.
LOG (gmm-acc-stats-ali[5.5]:main():gmm-acc-stats-ali.cc:105) Processed 6150 utterances; for utterance CM04_B2_UW5_M6 avg. like is -47.2922 over 165 frames.
LOG (gmm-acc-stats-ali[5.5]:main():gmm-acc-stats-ali.cc:105) Processed 6200 utterances; for utterance CM04_B2_UW69_M6 avg. like is -46.4553 over 155 frames.
LOG (gmm-acc-stats-ali[5.5]:main():gmm-acc-stats-ali.cc:105) Processed 6250 utterances; for utterance CM04_B2_UW78_M6 avg. like is -51.8047 over 168 frames.
LOG (gmm-acc-stats-ali[5.5]:main():gmm-acc-stats-ali.cc:105) Processed 6300 utterances; for utterance CM04_B2_UW87_M6 avg. like is -58.2719 over 170 frames.
LOG (gmm-acc-stats-ali[5.5]:main():gmm-acc-stats-ali.cc:105) Processed 6350 utterances; for utterance CM04_B2_UW96_M6 avg. like is -42.3514 over 164 frames.
LOG (gmm-acc-stats-ali[5.5]:main():gmm-acc-stats-ali.cc:105) Processed 6400 utterances; for utterance CM04_B3_C15_M6 avg. like is -56.3494 over 120 frames.
LOG (gmm-acc-stats-ali[5.5]:main():gmm-acc-stats-ali.cc:105) Processed 6450 utterances; for utterance CM04_B3_C6_M6 avg. like is -49.4167 over 117 frames.
LOG (gmm-acc-stats-ali[5.5]:main():gmm-acc-stats-ali.cc:105) Processed 6500 utterances; for utterance CM04_B3_CW15_M6 avg. like is -52.674 over 158 frames.
LOG (gmm-acc-stats-ali[5.5]:main():gmm-acc-stats-ali.cc:105) Processed 6550 utterances; for utterance CM04_B3_CW24_M6 avg. like is -49.5107 over 117 frames.
LOG (gmm-acc-stats-ali[5.5]:main():gmm-acc-stats-ali.cc:105) Processed 6600 utterances; for utterance CM04_B3_CW33_M6 avg. like is -54.2813 over 143 frames.
LOG (gmm-acc-stats-ali[5.5]:main():gmm-acc-stats-ali.cc:105) Processed 6650 utterances; for utterance CM04_B3_CW42_M6 avg. like is -42.722 over 145 frames.
LOG (gmm-acc-stats-ali[5.5]:main():gmm-acc-stats-ali.cc:105) Processed 6700 utterances; for utterance CM04_B3_CW51_M6 avg. like is -45.1548 over 104 frames.
LOG (gmm-acc-stats-ali[5.5]:main():gmm-acc-stats-ali.cc:105) Processed 6750 utterances; for utterance CM04_B3_CW60_M6 avg. like is -49.383 over 107 frames.
LOG (gmm-acc-stats-ali[5.5]:main():gmm-acc-stats-ali.cc:105) Processed 6800 utterances; for utterance CM04_B3_CW6_M6 avg. like is -51.7176 over 148 frames.
LOG (gmm-acc-stats-ali[5.5]:main():gmm-acc-stats-ali.cc:105) Processed 6850 utterances; for utterance CM04_B3_CW79_M6 avg. like is -44.8731 over 123 frames.
LOG (gmm-acc-stats-ali[5.5]:main():gmm-acc-stats-ali.cc:105) Processed 6900 utterances; for utterance CM04_B3_CW88_M6 avg. like is -52.0734 over 116 frames.
LOG (gmm-acc-stats-ali[5.5]:main():gmm-acc-stats-ali.cc:105) Processed 6950 utterances; for utterance CM04_B3_CW97_M6 avg. like is -43.1279 over 106 frames.
LOG (gmm-acc-stats-ali[5.5]:main():gmm-acc-stats-ali.cc:105) Processed 7000 utterances; for utterance CM04_B3_D6_M6 avg. like is -59.8354 over 118 frames.
LOG (gmm-acc-stats-ali[5.5]:main():gmm-acc-stats-ali.cc:105) Processed 7050 utterances; for utterance CM04_B3_LG_M6 avg. like is -55.8024 over 117 frames.
LOG (gmm-acc-stats-ali[5.5]:main():gmm-acc-stats-ali.cc:105) Processed 7100 utterances; for utterance CM04_B3_LQ_M6 avg. like is -48.207 over 153 frames.
LOG (gmm-acc-stats-ali[5.5]:main():gmm-acc-stats-ali.cc:105) Processed 7150 utterances; for utterance CM04_B3_UW100_M6 avg. like is -51.3453 over 138 frames.
LOG (gmm-acc-stats-ali[5.5]:main():gmm-acc-stats-ali.cc:105) Processed 7200 utterances; for utterance CM04_B3_UW19_M6 avg. like is -49.5473 over 136 frames.
LOG (gmm-acc-stats-ali[5.5]:main():gmm-acc-stats-ali.cc:105) Processed 7250 utterances; for utterance CM04_B3_UW28_M6 avg. like is -46.195 over 135 frames.
LOG (gmm-acc-stats-ali[5.5]:main():gmm-acc-stats-ali.cc:105) Processed 7300 utterances; for utterance CM04_B3_UW37_M6 avg. like is -55.4758 over 113 frames.
LOG (gmm-acc-stats-ali[5.5]:main():gmm-acc-stats-ali.cc:105) Processed 7350 utterances; for utterance CM04_B3_UW46_M6 avg. like is -51.5387 over 193 frames.
LOG (gmm-acc-stats-ali[5.5]:main():gmm-acc-stats-ali.cc:105) Processed 7400 utterances; for utterance CM04_B3_UW55_M6 avg. like is -45.047 over 164 frames.
LOG (gmm-acc-stats-ali[5.5]:main():gmm-acc-stats-ali.cc:105) Processed 7450 utterances; for utterance CM04_B3_UW64_M6 avg. like is -51.2946 over 139 frames.
LOG (gmm-acc-stats-ali[5.5]:main():gmm-acc-stats-ali.cc:105) Processed 7500 utterances; for utterance CM04_B3_UW73_M6 avg. like is -50.1164 over 155 frames.
LOG (gmm-acc-stats-ali[5.5]:main():gmm-acc-stats-ali.cc:105) Processed 7550 utterances; for utterance CM04_B3_UW82_M6 avg. like is -47.0598 over 183 frames.
LOG (gmm-acc-stats-ali[5.5]:main():gmm-acc-stats-ali.cc:105) Processed 7600 utterances; for utterance CM04_B3_UW91_M6 avg. like is -48.0224 over 131 frames.
LOG (gmm-acc-stats-ali[5.5]:main():gmm-acc-stats-ali.cc:105) Processed 7650 utterances; for utterance CM05_B1_C10_M6 avg. like is -41.857 over 130 frames.
LOG (gmm-acc-stats-ali[5.5]:main():gmm-acc-stats-ali.cc:105) Processed 7700 utterances; for utterance CM05_B1_C1_M6 avg. like is -45.3668 over 122 frames.
LOG (gmm-acc-stats-ali[5.5]:main():gmm-acc-stats-ali.cc:105) Processed 7750 utterances; for utterance CM05_B1_CW10_M6 avg. like is -53.5276 over 93 frames.
LOG (gmm-acc-stats-ali[5.5]:main():gmm-acc-stats-ali.cc:105) Processed 7800 utterances; for utterance CM05_B1_CW1_M6 avg. like is -51.275 over 123 frames.
LOG (gmm-acc-stats-ali[5.5]:main():gmm-acc-stats-ali.cc:105) Processed 7850 utterances; for utterance CM05_B1_CW29_M6 avg. like is -58.6347 over 108 frames.
LOG (gmm-acc-stats-ali[5.5]:main():gmm-acc-stats-ali.cc:105) Processed 7900 utterances; for utterance CM05_B1_CW38_M6 avg. like is -45.0335 over 121 frames.
LOG (gmm-acc-stats-ali[5.5]:main():gmm-acc-stats-ali.cc:105) Processed 7950 utterances; for utterance CM05_B1_CW47_M6 avg. like is -51.6669 over 105 frames.
LOG (gmm-acc-stats-ali[5.5]:main():gmm-acc-stats-ali.cc:105) Processed 8000 utterances; for utterance CM05_B1_CW56_M6 avg. like is -49.2209 over 119 frames.
LOG (gmm-acc-stats-ali[5.5]:main():gmm-acc-stats-ali.cc:105) Processed 8050 utterances; for utterance CM05_B1_CW65_M6 avg. like is -43.3499 over 123 frames.
LOG (gmm-acc-stats-ali[5.5]:main():gmm-acc-stats-ali.cc:105) Processed 8100 utterances; for utterance CM05_B1_CW74_M6 avg. like is -45.8178 over 108 frames.
LOG (gmm-acc-stats-ali[5.5]:main():gmm-acc-stats-ali.cc:105) Processed 8150 utterances; for utterance CM05_B1_CW83_M6 avg. like is -42.984 over 101 frames.
LOG (gmm-acc-stats-ali[5.5]:main():gmm-acc-stats-ali.cc:105) Processed 8200 utterances; for utterance CM05_B1_CW92_M6 avg. like is -41.0838 over 95 frames.
LOG (gmm-acc-stats-ali[5.5]:main():gmm-acc-stats-ali.cc:105) Processed 8250 utterances; for utterance CM05_B1_D1_M6 avg. like is -44.6536 over 131 frames.
LOG (gmm-acc-stats-ali[5.5]:main():gmm-acc-stats-ali.cc:105) Processed 8300 utterances; for utterance CM05_B1_LB_M6 avg. like is -48.6754 over 119 frames.
LOG (gmm-acc-stats-ali[5.5]:main():gmm-acc-stats-ali.cc:105) Processed 8350 utterances; for utterance CM05_B1_LL_M6 avg. like is -61.1529 over 107 frames.
LOG (gmm-acc-stats-ali[5.5]:main():gmm-acc-stats-ali.cc:105) Processed 8400 utterances; for utterance CM05_B1_LV_M6 avg. like is -59.0808 over 105 frames.
LOG (gmm-acc-stats-ali[5.5]:main():gmm-acc-stats-ali.cc:105) Processed 8450 utterances; for utterance CM05_B1_UW14_M6 avg. like is -49.5487 over 119 frames.
LOG (gmm-acc-stats-ali[5.5]:main():gmm-acc-stats-ali.cc:105) Processed 8500 utterances; for utterance CM05_B1_UW23_M6 avg. like is -51.1171 over 140 frames.
LOG (gmm-acc-stats-ali[5.5]:main():gmm-acc-stats-ali.cc:105) Processed 8550 utterances; for utterance CM05_B1_UW32_M6 avg. like is -49.4813 over 112 frames.
LOG (gmm-acc-stats-ali[5.5]:main():gmm-acc-stats-ali.cc:105) Processed 8600 utterances; for utterance CM05_B1_UW41_M6 avg. like is -51.3994 over 137 frames.
LOG (gmm-acc-stats-ali[5.5]:main():gmm-acc-stats-ali.cc:105) Processed 8650 utterances; for utterance CM05_B1_UW50_M6 avg. like is -53.3233 over 128 frames.
LOG (gmm-acc-stats-ali[5.5]:main():gmm-acc-stats-ali.cc:105) Processed 8700 utterances; for utterance CM05_B1_UW5_M6 avg. like is -55.4612 over 154 frames.
LOG (gmm-acc-stats-ali[5.5]:main():gmm-acc-stats-ali.cc:105) Processed 8750 utterances; for utterance CM05_B1_UW69_M6 avg. like is -47.2076 over 138 frames.
LOG (gmm-acc-stats-ali[5.5]:main():gmm-acc-stats-ali.cc:105) Processed 8800 utterances; for utterance CM05_B1_UW78_M6 avg. like is -49.1147 over 156 frames.
LOG (gmm-acc-stats-ali[5.5]:main():gmm-acc-stats-ali.cc:105) Processed 8850 utterances; for utterance CM05_B1_UW87_M6 avg. like is -53.4089 over 94 frames.
LOG (gmm-acc-stats-ali[5.5]:main():gmm-acc-stats-ali.cc:105) Processed 8900 utterances; for utterance CM05_B1_UW96_M6 avg. like is -48.7508 over 123 frames.
LOG (gmm-acc-stats-ali[5.5]:main():gmm-acc-stats-ali.cc:105) Processed 8950 utterances; for utterance CM05_B2_C15_M6 avg. like is -50.6889 over 94 frames.
LOG (gmm-acc-stats-ali[5.5]:main():gmm-acc-stats-ali.cc:105) Processed 9000 utterances; for utterance CM05_B2_C6_M6 avg. like is -47.7753 over 117 frames.
LOG (gmm-acc-stats-ali[5.5]:main():gmm-acc-stats-ali.cc:105) Processed 9050 utterances; for utterance CM05_B2_CW15_M6 avg. like is -44.0493 over 85 frames.
LOG (gmm-acc-stats-ali[5.5]:main():gmm-acc-stats-ali.cc:105) Processed 9100 utterances; for utterance CM05_B2_CW24_M6 avg. like is -51.7838 over 108 frames.
LOG (gmm-acc-stats-ali[5.5]:main():gmm-acc-stats-ali.cc:105) Processed 9150 utterances; for utterance CM05_B2_CW33_M6 avg. like is -51.0996 over 116 frames.
LOG (gmm-acc-stats-ali[5.5]:main():gmm-acc-stats-ali.cc:105) Processed 9200 utterances; for utterance CM05_B2_CW42_M6 avg. like is -44.0343 over 100 frames.
LOG (gmm-acc-stats-ali[5.5]:main():gmm-acc-stats-ali.cc:105) Processed 9250 utterances; for utterance CM05_B2_CW51_M6 avg. like is -51.5417 over 82 frames.
LOG (gmm-acc-stats-ali[5.5]:main():gmm-acc-stats-ali.cc:105) Processed 9300 utterances; for utterance CM05_B2_CW60_M6 avg. like is -44.3625 over 95 frames.
LOG (gmm-acc-stats-ali[5.5]:main():gmm-acc-stats-ali.cc:105) Processed 9350 utterances; for utterance CM05_B2_CW6_M6 avg. like is -46.5336 over 81 frames.
LOG (gmm-acc-stats-ali[5.5]:main():gmm-acc-stats-ali.cc:105) Processed 9400 utterances; for utterance CM05_B2_CW79_M6 avg. like is -46.7308 over 118 frames.
LOG (gmm-acc-stats-ali[5.5]:main():gmm-acc-stats-ali.cc:105) Processed 9450 utterances; for utterance CM05_B2_CW88_M6 avg. like is -45.2353 over 89 frames.
LOG (gmm-acc-stats-ali[5.5]:main():gmm-acc-stats-ali.cc:105) Processed 9500 utterances; for utterance CM05_B2_CW97_M6 avg. like is -44.9119 over 103 frames.
LOG (gmm-acc-stats-ali[5.5]:main():gmm-acc-stats-ali.cc:105) Processed 9550 utterances; for utterance CM05_B2_D6_M6 avg. like is -51.2271 over 130 frames.
LOG (gmm-acc-stats-ali[5.5]:main():gmm-acc-stats-ali.cc:105) Processed 9600 utterances; for utterance CM05_B2_LG_M6 avg. like is -47.3659 over 137 frames.
LOG (gmm-acc-stats-ali[5.5]:main():gmm-acc-stats-ali.cc:105) Processed 9650 utterances; for utterance CM05_B2_LQ_M6 avg. like is -55.8818 over 113 frames.
LOG (gmm-acc-stats-ali[5.5]:main():gmm-acc-stats-ali.cc:105) Processed 9700 utterances; for utterance CM05_B2_UW100_M6 avg. like is -46.0581 over 93 frames.
LOG (gmm-acc-stats-ali[5.5]:main():gmm-acc-stats-ali.cc:105) Processed 9750 utterances; for utterance CM05_B2_UW19_M6 avg. like is -48.1753 over 126 frames.
LOG (gmm-acc-stats-ali[5.5]:main():gmm-acc-stats-ali.cc:105) Processed 9800 utterances; for utterance CM05_B2_UW28_M6 avg. like is -49.5665 over 103 frames.
LOG (gmm-acc-stats-ali[5.5]:main():gmm-acc-stats-ali.cc:105) Processed 9850 utterances; for utterance CM05_B2_UW37_M6 avg. like is -48.2499 over 133 frames.
LOG (gmm-acc-stats-ali[5.5]:main():gmm-acc-stats-ali.cc:105) Processed 9900 utterances; for utterance CM05_B2_UW46_M6 avg. like is -53.1661 over 108 frames.
LOG (gmm-acc-stats-ali[5.5]:main():gmm-acc-stats-ali.cc:105) Processed 9950 utterances; for utterance CM05_B2_UW55_M6 avg. like is -43.5203 over 97 frames.
LOG (gmm-acc-stats-ali[5.5]:main():gmm-acc-stats-ali.cc:105) Processed 10000 utterances; for utterance CM05_B2_UW64_M6 avg. like is -46.6339 over 106 frames.
LOG (gmm-acc-stats-ali[5.5]:main():gmm-acc-stats-ali.cc:105) Processed 10050 utterances; for utterance CM05_B2_UW73_M6 avg. like is -49.9584 over 116 frames.
LOG (gmm-acc-stats-ali[5.5]:main():gmm-acc-stats-ali.cc:105) Processed 10100 utterances; for utterance CM05_B2_UW82_M6 avg. like is -46.9602 over 127 frames.
LOG (gmm-acc-stats-ali[5.5]:main():gmm-acc-stats-ali.cc:105) Processed 10150 utterances; for utterance CM05_B2_UW91_M6 avg. like is -46.5332 over 103 frames.
LOG (gmm-acc-stats-ali[5.5]:main():gmm-acc-stats-ali.cc:105) Processed 10200 utterances; for utterance CM05_B3_C10_M6 avg. like is -43.9017 over 145 frames.
LOG (gmm-acc-stats-ali[5.5]:main():gmm-acc-stats-ali.cc:105) Processed 10250 utterances; for utterance CM05_B3_C1_M6 avg. like is -43.9313 over 116 frames.
LOG (gmm-acc-stats-ali[5.5]:main():gmm-acc-stats-ali.cc:105) Processed 10300 utterances; for utterance CM05_B3_CW10_M6 avg. like is -42.8782 over 87 frames.
LOG (gmm-acc-stats-ali[5.5]:main():gmm-acc-stats-ali.cc:105) Processed 10350 utterances; for utterance CM05_B3_CW1_M6 avg. like is -40.466 over 96 frames.
LOG (gmm-acc-stats-ali[5.5]:main():gmm-acc-stats-ali.cc:105) Processed 10400 utterances; for utterance CM05_B3_CW29_M6 avg. like is -44.3728 over 103 frames.
LOG (gmm-acc-stats-ali[5.5]:main():gmm-acc-stats-ali.cc:105) Processed 10450 utterances; for utterance CM05_B3_CW38_M6 avg. like is -43.4237 over 100 frames.
LOG (gmm-acc-stats-ali[5.5]:main():gmm-acc-stats-ali.cc:105) Processed 10500 utterances; for utterance CM05_B3_CW47_M6 avg. like is -45.3965 over 90 frames.
LOG (gmm-acc-stats-ali[5.5]:main():gmm-acc-stats-ali.cc:105) Processed 10550 utterances; for utterance CM05_B3_CW56_M6 avg. like is -46.6903 over 104 frames.
LOG (gmm-acc-stats-ali[5.5]:main():gmm-acc-stats-ali.cc:105) Processed 10600 utterances; for utterance CM05_B3_CW65_M6 avg. like is -52.4222 over 85 frames.
LOG (gmm-acc-stats-ali[5.5]:main():gmm-acc-stats-ali.cc:105) Processed 10650 utterances; for utterance CM05_B3_CW74_M6 avg. like is -45.7983 over 95 frames.
LOG (gmm-acc-stats-ali[5.5]:main():gmm-acc-stats-ali.cc:105) Processed 10700 utterances; for utterance CM05_B3_CW83_M6 avg. like is -41.5587 over 119 frames.
LOG (gmm-acc-stats-ali[5.5]:main():gmm-acc-stats-ali.cc:105) Processed 10750 utterances; for utterance CM05_B3_CW92_M6 avg. like is -41.0552 over 90 frames.
LOG (gmm-acc-stats-ali[5.5]:main():gmm-acc-stats-ali.cc:105) Processed 10800 utterances; for utterance CM05_B3_D1_M6 avg. like is -49.7881 over 119 frames.
LOG (gmm-acc-stats-ali[5.5]:main():gmm-acc-stats-ali.cc:105) Processed 10850 utterances; for utterance CM05_B3_LB_M6 avg. like is -43.7527 over 104 frames.
LOG (gmm-acc-stats-ali[5.5]:main():gmm-acc-stats-ali.cc:105) Processed 10900 utterances; for utterance CM05_B3_LL_M6 avg. like is -45.9443 over 115 frames.
LOG (gmm-acc-stats-ali[5.5]:main():gmm-acc-stats-ali.cc:105) Processed 10950 utterances; for utterance CM05_B3_LV_M6 avg. like is -46.6263 over 102 frames.
LOG (gmm-acc-stats-ali[5.5]:main():gmm-acc-stats-ali.cc:105) Processed 11000 utterances; for utterance CM05_B3_UW14_M6 avg. like is -49.6416 over 108 frames.
LOG (gmm-acc-stats-ali[5.5]:main():gmm-acc-stats-ali.cc:105) Processed 11050 utterances; for utterance CM05_B3_UW23_M6 avg. like is -47.7831 over 134 frames.
LOG (gmm-acc-stats-ali[5.5]:main():gmm-acc-stats-ali.cc:105) Processed 11100 utterances; for utterance CM05_B3_UW32_M6 avg. like is -52.1068 over 119 frames.
LOG (gmm-acc-stats-ali[5.5]:main():gmm-acc-stats-ali.cc:105) Processed 11150 utterances; for utterance CM05_B3_UW41_M6 avg. like is -48.1448 over 132 frames.
LOG (gmm-acc-stats-ali[5.5]:main():gmm-acc-stats-ali.cc:105) Processed 11200 utterances; for utterance CM05_B3_UW50_M6 avg. like is -47.104 over 133 frames.
LOG (gmm-acc-stats-ali[5.5]:main():gmm-acc-stats-ali.cc:105) Processed 11250 utterances; for utterance CM05_B3_UW5_M6 avg. like is -47.9243 over 93 frames.
LOG (gmm-acc-stats-ali[5.5]:main():gmm-acc-stats-ali.cc:105) Processed 11300 utterances; for utterance CM05_B3_UW69_M6 avg. like is -49.4285 over 137 frames.
LOG (gmm-acc-stats-ali[5.5]:main():gmm-acc-stats-ali.cc:105) Processed 11350 utterances; for utterance CM05_B3_UW78_M6 avg. like is -49.6639 over 119 frames.
LOG (gmm-acc-stats-ali[5.5]:main():gmm-acc-stats-ali.cc:105) Processed 11400 utterances; for utterance CM05_B3_UW87_M6 avg. like is -47.4217 over 104 frames.
LOG (gmm-acc-stats-ali[5.5]:main():gmm-acc-stats-ali.cc:105) Processed 11450 utterances; for utterance CM05_B3_UW96_M6 avg. like is -46.2149 over 170 frames.
LOG (apply-cmvn[5.5]:main():apply-cmvn.cc:162) Applied cepstral mean normalization to 11472 utterances, errors on 0
LOG (transform-feats[5.5]:main():transform-feats.cc:158) Overall average [pseudo-]logdet is -89.3309 over 1.65272e+06 frames.
LOG (transform-feats[5.5]:main():transform-feats.cc:161) Applied transform to 11472 utterances; 0 had errors.
LOG (transform-feats[5.5]:main():transform-feats.cc:158) Overall average logdet is 1.98765 over 1.65272e+06 frames.
LOG (transform-feats[5.5]:main():transform-feats.cc:161) Applied transform to 11472 utterances; 0 had errors.
LOG (gmm-acc-stats-ali[5.5]:main():gmm-acc-stats-ali.cc:112) Done 11472 files, 0 with errors.
LOG (gmm-acc-stats-ali[5.5]:main():gmm-acc-stats-ali.cc:115) Overall avg like per frame (Gaussian only) = -49.9503 over 1652720 frames.
LOG (gmm-acc-stats-ali[5.5]:main():gmm-acc-stats-ali.cc:123) Written accs.
# Accounting: time=4 threads=1
# Ended (code 0) at Fri Mar 17 00:10:12 IST 2023, elapsed time 4 seconds
