# gmm-acc-stats-ali exp_dys_comb_vad/tri3/29.mdl "ark,s,cs:apply-cmvn  --utt2spk=ark:data_dys_comb_vad/train_dys_pow_no_sil/split11/10/utt2spk scp:data_dys_comb_vad/train_dys_pow_no_sil/split11/10/cmvn.scp scp:data_dys_comb_vad/train_dys_pow_no_sil/split11/10/feats.scp ark:- | splice-feats --left-context=3 --right-context=3 ark:- ark:- | transform-feats exp_dys_comb_vad/tri2_ali/final.mat ark:- ark:- | transform-feats --utt2spk=ark:data_dys_comb_vad/train_dys_pow_no_sil/split11/10/utt2spk ark:exp_dys_comb_vad/tri3/trans.10 ark:- ark:- |" "ark,s,cs:gunzip -c exp_dys_comb_vad/tri3/ali.10.gz|" exp_dys_comb_vad/tri3/29.10.acc 
# Started at Fri Mar 17 00:09:36 IST 2023
#
gmm-acc-stats-ali exp_dys_comb_vad/tri3/29.mdl 'ark,s,cs:apply-cmvn  --utt2spk=ark:data_dys_comb_vad/train_dys_pow_no_sil/split11/10/utt2spk scp:data_dys_comb_vad/train_dys_pow_no_sil/split11/10/cmvn.scp scp:data_dys_comb_vad/train_dys_pow_no_sil/split11/10/feats.scp ark:- | splice-feats --left-context=3 --right-context=3 ark:- ark:- | transform-feats exp_dys_comb_vad/tri2_ali/final.mat ark:- ark:- | transform-feats --utt2spk=ark:data_dys_comb_vad/train_dys_pow_no_sil/split11/10/utt2spk ark:exp_dys_comb_vad/tri3/trans.10 ark:- ark:- |' 'ark,s,cs:gunzip -c exp_dys_comb_vad/tri3/ali.10.gz|' exp_dys_comb_vad/tri3/29.10.acc 
apply-cmvn --utt2spk=ark:data_dys_comb_vad/train_dys_pow_no_sil/split11/10/utt2spk scp:data_dys_comb_vad/train_dys_pow_no_sil/split11/10/cmvn.scp scp:data_dys_comb_vad/train_dys_pow_no_sil/split11/10/feats.scp ark:- 
splice-feats --left-context=3 --right-context=3 ark:- ark:- 
transform-feats --utt2spk=ark:data_dys_comb_vad/train_dys_pow_no_sil/split11/10/utt2spk ark:exp_dys_comb_vad/tri3/trans.10 ark:- ark:- 
transform-feats exp_dys_comb_vad/tri2_ali/final.mat ark:- ark:- 
LOG (gmm-acc-stats-ali[5.5]:main():gmm-acc-stats-ali.cc:105) Processed 50 utterances; for utterance M11_B1_C19_M8 avg. like is -56.7117 over 153 frames.
LOG (gmm-acc-stats-ali[5.5]:main():gmm-acc-stats-ali.cc:105) Processed 100 utterances; for utterance M11_B1_CW100_M8 avg. like is -52.2642 over 155 frames.
LOG (gmm-acc-stats-ali[5.5]:main():gmm-acc-stats-ali.cc:105) Processed 150 utterances; for utterance M11_B1_CW19_M8 avg. like is -53.0655 over 106 frames.
LOG (gmm-acc-stats-ali[5.5]:main():gmm-acc-stats-ali.cc:105) Processed 200 utterances; for utterance M11_B1_CW28_M8 avg. like is -54.2169 over 179 frames.
LOG (gmm-acc-stats-ali[5.5]:main():gmm-acc-stats-ali.cc:105) Processed 250 utterances; for utterance M11_B1_CW37_M8 avg. like is -51.9114 over 135 frames.
LOG (gmm-acc-stats-ali[5.5]:main():gmm-acc-stats-ali.cc:105) Processed 300 utterances; for utterance M11_B1_CW46_M8 avg. like is -50.5461 over 158 frames.
LOG (gmm-acc-stats-ali[5.5]:main():gmm-acc-stats-ali.cc:105) Processed 350 utterances; for utterance M11_B1_CW55_M8 avg. like is -49.5201 over 166 frames.
LOG (gmm-acc-stats-ali[5.5]:main():gmm-acc-stats-ali.cc:105) Processed 400 utterances; for utterance M11_B1_CW64_M8 avg. like is -50.8395 over 218 frames.
LOG (gmm-acc-stats-ali[5.5]:main():gmm-acc-stats-ali.cc:105) Processed 450 utterances; for utterance M11_B1_CW73_M8 avg. like is -51.1756 over 195 frames.
LOG (gmm-acc-stats-ali[5.5]:main():gmm-acc-stats-ali.cc:105) Processed 500 utterances; for utterance M11_B1_CW82_M8 avg. like is -52.91 over 208 frames.
LOG (gmm-acc-stats-ali[5.5]:main():gmm-acc-stats-ali.cc:105) Processed 550 utterances; for utterance M11_B1_CW91_M8 avg. like is -50.1702 over 161 frames.
LOG (gmm-acc-stats-ali[5.5]:main():gmm-acc-stats-ali.cc:105) Processed 600 utterances; for utterance M11_B1_D0_M8 avg. like is -53.2976 over 181 frames.
LOG (gmm-acc-stats-ali[5.5]:main():gmm-acc-stats-ali.cc:105) Processed 650 utterances; for utterance M11_B1_LA_M8 avg. like is -54.8961 over 163 frames.
LOG (gmm-acc-stats-ali[5.5]:main():gmm-acc-stats-ali.cc:105) Processed 700 utterances; for utterance M11_B1_LK_M8 avg. like is -57.7946 over 145 frames.
LOG (gmm-acc-stats-ali[5.5]:main():gmm-acc-stats-ali.cc:105) Processed 750 utterances; for utterance M11_B1_LU_M8 avg. like is -49.8522 over 135 frames.
LOG (gmm-acc-stats-ali[5.5]:main():gmm-acc-stats-ali.cc:105) Processed 800 utterances; for utterance M11_B1_UW13_M8 avg. like is -50.7927 over 206 frames.
LOG (gmm-acc-stats-ali[5.5]:main():gmm-acc-stats-ali.cc:105) Processed 850 utterances; for utterance M11_B1_UW22_M8 avg. like is -52.6979 over 150 frames.
LOG (gmm-acc-stats-ali[5.5]:main():gmm-acc-stats-ali.cc:105) Processed 900 utterances; for utterance M11_B1_UW31_M8 avg. like is -53.7485 over 232 frames.
LOG (gmm-acc-stats-ali[5.5]:main():gmm-acc-stats-ali.cc:105) Processed 950 utterances; for utterance M11_B1_UW40_M8 avg. like is -50.1276 over 224 frames.
LOG (gmm-acc-stats-ali[5.5]:main():gmm-acc-stats-ali.cc:105) Processed 1000 utterances; for utterance M11_B1_UW4_M8 avg. like is -53.2171 over 222 frames.
LOG (gmm-acc-stats-ali[5.5]:main():gmm-acc-stats-ali.cc:105) Processed 1050 utterances; for utterance M11_B1_UW59_M8 avg. like is -50.076 over 373 frames.
LOG (gmm-acc-stats-ali[5.5]:main():gmm-acc-stats-ali.cc:105) Processed 1100 utterances; for utterance M11_B1_UW68_M8 avg. like is -55.3188 over 216 frames.
LOG (gmm-acc-stats-ali[5.5]:main():gmm-acc-stats-ali.cc:105) Processed 1150 utterances; for utterance M11_B1_UW77_M8 avg. like is -51.9947 over 163 frames.
LOG (gmm-acc-stats-ali[5.5]:main():gmm-acc-stats-ali.cc:105) Processed 1200 utterances; for utterance M11_B1_UW86_M8 avg. like is -50.2993 over 130 frames.
LOG (gmm-acc-stats-ali[5.5]:main():gmm-acc-stats-ali.cc:105) Processed 1250 utterances; for utterance M11_B1_UW95_M8 avg. like is -52.7404 over 207 frames.
LOG (gmm-acc-stats-ali[5.5]:main():gmm-acc-stats-ali.cc:105) Processed 1300 utterances; for utterance M11_B3_C14_M8 avg. like is -49.1952 over 203 frames.
LOG (gmm-acc-stats-ali[5.5]:main():gmm-acc-stats-ali.cc:105) Processed 1350 utterances; for utterance M11_B3_C5_M8 avg. like is -51.3545 over 170 frames.
LOG (gmm-acc-stats-ali[5.5]:main():gmm-acc-stats-ali.cc:105) Processed 1400 utterances; for utterance M11_B3_CW14_M8 avg. like is -51.6813 over 238 frames.
LOG (gmm-acc-stats-ali[5.5]:main():gmm-acc-stats-ali.cc:105) Processed 1450 utterances; for utterance M11_B3_CW23_M8 avg. like is -48.8704 over 183 frames.
LOG (gmm-acc-stats-ali[5.5]:main():gmm-acc-stats-ali.cc:105) Processed 1500 utterances; for utterance M11_B3_CW32_M8 avg. like is -50.2622 over 208 frames.
LOG (gmm-acc-stats-ali[5.5]:main():gmm-acc-stats-ali.cc:105) Processed 1550 utterances; for utterance M11_B3_CW41_M8 avg. like is -49.5812 over 172 frames.
LOG (gmm-acc-stats-ali[5.5]:main():gmm-acc-stats-ali.cc:105) Processed 1600 utterances; for utterance M11_B3_CW50_M8 avg. like is -47.411 over 147 frames.
LOG (gmm-acc-stats-ali[5.5]:main():gmm-acc-stats-ali.cc:105) Processed 1650 utterances; for utterance M11_B3_CW5_M8 avg. like is -45.9585 over 212 frames.
LOG (gmm-acc-stats-ali[5.5]:main():gmm-acc-stats-ali.cc:105) Processed 1700 utterances; for utterance M11_B3_CW69_M8 avg. like is -55.3344 over 162 frames.
LOG (gmm-acc-stats-ali[5.5]:main():gmm-acc-stats-ali.cc:105) Processed 1750 utterances; for utterance M11_B3_CW78_M8 avg. like is -52.3345 over 146 frames.
LOG (gmm-acc-stats-ali[5.5]:main():gmm-acc-stats-ali.cc:105) Processed 1800 utterances; for utterance M11_B3_CW87_M8 avg. like is -52.3617 over 156 frames.
LOG (gmm-acc-stats-ali[5.5]:main():gmm-acc-stats-ali.cc:105) Processed 1850 utterances; for utterance M11_B3_CW96_M8 avg. like is -48.5018 over 155 frames.
LOG (gmm-acc-stats-ali[5.5]:main():gmm-acc-stats-ali.cc:105) Processed 1900 utterances; for utterance M11_B3_D5_M8 avg. like is -49.4307 over 125 frames.
LOG (gmm-acc-stats-ali[5.5]:main():gmm-acc-stats-ali.cc:105) Processed 1950 utterances; for utterance M11_B3_LF_M8 avg. like is -52.2975 over 214 frames.
LOG (gmm-acc-stats-ali[5.5]:main():gmm-acc-stats-ali.cc:105) Processed 2000 utterances; for utterance M11_B3_LP_M8 avg. like is -49.8302 over 202 frames.
LOG (gmm-acc-stats-ali[5.5]:main():gmm-acc-stats-ali.cc:105) Processed 2050 utterances; for utterance M11_B3_LZ_M8 avg. like is -49.8934 over 170 frames.
LOG (gmm-acc-stats-ali[5.5]:main():gmm-acc-stats-ali.cc:105) Processed 2100 utterances; for utterance M11_B3_UW18_M8 avg. like is -48.0769 over 338 frames.
LOG (gmm-acc-stats-ali[5.5]:main():gmm-acc-stats-ali.cc:105) Processed 2150 utterances; for utterance M11_B3_UW27_M8 avg. like is -50.121 over 116 frames.
LOG (gmm-acc-stats-ali[5.5]:main():gmm-acc-stats-ali.cc:105) Processed 2200 utterances; for utterance M11_B3_UW36_M8 avg. like is -57.1811 over 122 frames.
LOG (gmm-acc-stats-ali[5.5]:main():gmm-acc-stats-ali.cc:105) Processed 2250 utterances; for utterance M11_B3_UW45_M8 avg. like is -56.427 over 476 frames.
LOG (gmm-acc-stats-ali[5.5]:main():gmm-acc-stats-ali.cc:105) Processed 2300 utterances; for utterance M11_B3_UW54_M8 avg. like is -53.7738 over 138 frames.
LOG (gmm-acc-stats-ali[5.5]:main():gmm-acc-stats-ali.cc:105) Processed 2350 utterances; for utterance M11_B3_UW63_M8 avg. like is -49.1885 over 764 frames.
LOG (gmm-acc-stats-ali[5.5]:main():gmm-acc-stats-ali.cc:105) Processed 2400 utterances; for utterance M11_B3_UW72_M8 avg. like is -50.2799 over 359 frames.
LOG (gmm-acc-stats-ali[5.5]:main():gmm-acc-stats-ali.cc:105) Processed 2450 utterances; for utterance M11_B3_UW81_M8 avg. like is -52.8419 over 222 frames.
LOG (gmm-acc-stats-ali[5.5]:main():gmm-acc-stats-ali.cc:105) Processed 2500 utterances; for utterance M11_B3_UW90_M8 avg. like is -48.7083 over 136 frames.
LOG (gmm-acc-stats-ali[5.5]:main():gmm-acc-stats-ali.cc:105) Processed 2550 utterances; for utterance M11_B3_UW9_M8 avg. like is -52.0305 over 169 frames.
LOG (gmm-acc-stats-ali[5.5]:main():gmm-acc-stats-ali.cc:105) Processed 2600 utterances; for utterance M12_B1_C19_M8 avg. like is -47.674 over 139 frames.
LOG (gmm-acc-stats-ali[5.5]:main():gmm-acc-stats-ali.cc:105) Processed 2650 utterances; for utterance M12_B1_CW100_M8 avg. like is -49.661 over 149 frames.
LOG (gmm-acc-stats-ali[5.5]:main():gmm-acc-stats-ali.cc:105) Processed 2700 utterances; for utterance M12_B1_CW19_M8 avg. like is -52.4413 over 176 frames.
LOG (gmm-acc-stats-ali[5.5]:main():gmm-acc-stats-ali.cc:105) Processed 2750 utterances; for utterance M12_B1_CW28_M8 avg. like is -46.7117 over 229 frames.
LOG (gmm-acc-stats-ali[5.5]:main():gmm-acc-stats-ali.cc:105) Processed 2800 utterances; for utterance M12_B1_CW37_M8 avg. like is -52.6231 over 185 frames.
LOG (gmm-acc-stats-ali[5.5]:main():gmm-acc-stats-ali.cc:105) Processed 2850 utterances; for utterance M12_B1_CW46_M8 avg. like is -52.0649 over 193 frames.
LOG (gmm-acc-stats-ali[5.5]:main():gmm-acc-stats-ali.cc:105) Processed 2900 utterances; for utterance M12_B1_CW55_M8 avg. like is -59.8329 over 179 frames.
LOG (gmm-acc-stats-ali[5.5]:main():gmm-acc-stats-ali.cc:105) Processed 2950 utterances; for utterance M12_B1_CW64_M8 avg. like is -50.711 over 273 frames.
LOG (gmm-acc-stats-ali[5.5]:main():gmm-acc-stats-ali.cc:105) Processed 3000 utterances; for utterance M12_B1_CW73_M8 avg. like is -49.1017 over 196 frames.
LOG (gmm-acc-stats-ali[5.5]:main():gmm-acc-stats-ali.cc:105) Processed 3050 utterances; for utterance M12_B1_CW82_M8 avg. like is -51.0612 over 226 frames.
LOG (gmm-acc-stats-ali[5.5]:main():gmm-acc-stats-ali.cc:105) Processed 3100 utterances; for utterance M12_B1_CW91_M8 avg. like is -53.863 over 248 frames.
LOG (gmm-acc-stats-ali[5.5]:main():gmm-acc-stats-ali.cc:105) Processed 3150 utterances; for utterance M12_B1_D0_M8 avg. like is -57.2927 over 120 frames.
LOG (gmm-acc-stats-ali[5.5]:main():gmm-acc-stats-ali.cc:105) Processed 3200 utterances; for utterance M12_B1_LA_M8 avg. like is -53.0547 over 136 frames.
LOG (gmm-acc-stats-ali[5.5]:main():gmm-acc-stats-ali.cc:105) Processed 3250 utterances; for utterance M12_B1_LK_M8 avg. like is -55.1688 over 257 frames.
LOG (gmm-acc-stats-ali[5.5]:main():gmm-acc-stats-ali.cc:105) Processed 3300 utterances; for utterance M12_B1_LU_M8 avg. like is -48.4065 over 244 frames.
LOG (gmm-acc-stats-ali[5.5]:main():gmm-acc-stats-ali.cc:105) Processed 3350 utterances; for utterance M12_B1_UW13_M8 avg. like is -55.8723 over 289 frames.
LOG (gmm-acc-stats-ali[5.5]:main():gmm-acc-stats-ali.cc:105) Processed 3400 utterances; for utterance M12_B1_UW22_M8 avg. like is -54.2201 over 205 frames.
LOG (gmm-acc-stats-ali[5.5]:main():gmm-acc-stats-ali.cc:105) Processed 3450 utterances; for utterance M12_B1_UW31_M8 avg. like is -50.3877 over 266 frames.
LOG (gmm-acc-stats-ali[5.5]:main():gmm-acc-stats-ali.cc:105) Processed 3500 utterances; for utterance M12_B1_UW40_M8 avg. like is -50.9108 over 223 frames.
LOG (gmm-acc-stats-ali[5.5]:main():gmm-acc-stats-ali.cc:105) Processed 3550 utterances; for utterance M12_B1_UW4_M8 avg. like is -56.4146 over 557 frames.
LOG (gmm-acc-stats-ali[5.5]:main():gmm-acc-stats-ali.cc:105) Processed 3600 utterances; for utterance M12_B1_UW59_M8 avg. like is -47.2097 over 370 frames.
LOG (gmm-acc-stats-ali[5.5]:main():gmm-acc-stats-ali.cc:105) Processed 3650 utterances; for utterance M12_B1_UW68_M8 avg. like is -55.2876 over 282 frames.
LOG (gmm-acc-stats-ali[5.5]:main():gmm-acc-stats-ali.cc:105) Processed 3700 utterances; for utterance M12_B1_UW77_M8 avg. like is -50.85 over 312 frames.
LOG (gmm-acc-stats-ali[5.5]:main():gmm-acc-stats-ali.cc:105) Processed 3750 utterances; for utterance M12_B1_UW86_M8 avg. like is -50.7894 over 168 frames.
LOG (gmm-acc-stats-ali[5.5]:main():gmm-acc-stats-ali.cc:105) Processed 3800 utterances; for utterance M12_B1_UW95_M8 avg. like is -52.5423 over 213 frames.
LOG (gmm-acc-stats-ali[5.5]:main():gmm-acc-stats-ali.cc:105) Processed 3850 utterances; for utterance M12_B3_C14_M8 avg. like is -51.8316 over 158 frames.
LOG (gmm-acc-stats-ali[5.5]:main():gmm-acc-stats-ali.cc:105) Processed 3900 utterances; for utterance M12_B3_C5_M8 avg. like is -55.1096 over 234 frames.
LOG (gmm-acc-stats-ali[5.5]:main():gmm-acc-stats-ali.cc:105) Processed 3950 utterances; for utterance M12_B3_CW14_M8 avg. like is -51.2881 over 189 frames.
LOG (gmm-acc-stats-ali[5.5]:main():gmm-acc-stats-ali.cc:105) Processed 4000 utterances; for utterance M12_B3_CW23_M8 avg. like is -51.5332 over 131 frames.
LOG (gmm-acc-stats-ali[5.5]:main():gmm-acc-stats-ali.cc:105) Processed 4050 utterances; for utterance M12_B3_CW32_M8 avg. like is -49.2482 over 170 frames.
LOG (gmm-acc-stats-ali[5.5]:main():gmm-acc-stats-ali.cc:105) Processed 4100 utterances; for utterance M12_B3_CW41_M8 avg. like is -51.2354 over 180 frames.
LOG (gmm-acc-stats-ali[5.5]:main():gmm-acc-stats-ali.cc:105) Processed 4150 utterances; for utterance M12_B3_CW50_M8 avg. like is -49.7721 over 190 frames.
LOG (gmm-acc-stats-ali[5.5]:main():gmm-acc-stats-ali.cc:105) Processed 4200 utterances; for utterance M12_B3_CW5_M8 avg. like is -61.4418 over 124 frames.
LOG (gmm-acc-stats-ali[5.5]:main():gmm-acc-stats-ali.cc:105) Processed 4250 utterances; for utterance M12_B3_CW69_M8 avg. like is -52.8041 over 202 frames.
LOG (gmm-acc-stats-ali[5.5]:main():gmm-acc-stats-ali.cc:105) Processed 4300 utterances; for utterance M12_B3_CW78_M8 avg. like is -53.5665 over 225 frames.
LOG (gmm-acc-stats-ali[5.5]:main():gmm-acc-stats-ali.cc:105) Processed 4350 utterances; for utterance M12_B3_CW87_M8 avg. like is -49.1072 over 185 frames.
LOG (gmm-acc-stats-ali[5.5]:main():gmm-acc-stats-ali.cc:105) Processed 4400 utterances; for utterance M12_B3_CW96_M8 avg. like is -50.8627 over 154 frames.
LOG (gmm-acc-stats-ali[5.5]:main():gmm-acc-stats-ali.cc:105) Processed 4450 utterances; for utterance M12_B3_D5_M8 avg. like is -48.5299 over 197 frames.
LOG (gmm-acc-stats-ali[5.5]:main():gmm-acc-stats-ali.cc:105) Processed 4500 utterances; for utterance M12_B3_LF_M8 avg. like is -52.7075 over 220 frames.
LOG (gmm-acc-stats-ali[5.5]:main():gmm-acc-stats-ali.cc:105) Processed 4550 utterances; for utterance M12_B3_LP_M8 avg. like is -56.2651 over 175 frames.
LOG (gmm-acc-stats-ali[5.5]:main():gmm-acc-stats-ali.cc:105) Processed 4600 utterances; for utterance M12_B3_LZ_M8 avg. like is -45.3398 over 229 frames.
LOG (gmm-acc-stats-ali[5.5]:main():gmm-acc-stats-ali.cc:105) Processed 4650 utterances; for utterance M12_B3_UW18_M8 avg. like is -44.9373 over 379 frames.
LOG (gmm-acc-stats-ali[5.5]:main():gmm-acc-stats-ali.cc:105) Processed 4700 utterances; for utterance M12_B3_UW27_M8 avg. like is -58.0061 over 270 frames.
LOG (gmm-acc-stats-ali[5.5]:main():gmm-acc-stats-ali.cc:105) Processed 4750 utterances; for utterance M12_B3_UW36_M8 avg. like is -50.961 over 151 frames.
LOG (gmm-acc-stats-ali[5.5]:main():gmm-acc-stats-ali.cc:105) Processed 4800 utterances; for utterance M12_B3_UW45_M8 avg. like is -51.0799 over 325 frames.
LOG (gmm-acc-stats-ali[5.5]:main():gmm-acc-stats-ali.cc:105) Processed 4850 utterances; for utterance M12_B3_UW54_M8 avg. like is -53.7699 over 228 frames.
LOG (gmm-acc-stats-ali[5.5]:main():gmm-acc-stats-ali.cc:105) Processed 4900 utterances; for utterance M12_B3_UW63_M8 avg. like is -57.0034 over 274 frames.
LOG (gmm-acc-stats-ali[5.5]:main():gmm-acc-stats-ali.cc:105) Processed 4950 utterances; for utterance M12_B3_UW72_M8 avg. like is -55.7704 over 762 frames.
LOG (gmm-acc-stats-ali[5.5]:main():gmm-acc-stats-ali.cc:105) Processed 5000 utterances; for utterance M12_B3_UW81_M8 avg. like is -57.8658 over 616 frames.
LOG (gmm-acc-stats-ali[5.5]:main():gmm-acc-stats-ali.cc:105) Processed 5050 utterances; for utterance M12_B3_UW90_M8 avg. like is -64.7346 over 295 frames.
LOG (apply-cmvn[5.5]:main():apply-cmvn.cc:162) Applied cepstral mean normalization to 5100 utterances, errors on 0
LOG (transform-feats[5.5]:main():transform-feats.cc:158) Overall average [pseudo-]logdet is -89.3309 over 1.03522e+06 frames.
LOG (transform-feats[5.5]:main():transform-feats.cc:161) Applied transform to 5100 utterances; 0 had errors.
LOG (transform-feats[5.5]:main():transform-feats.cc:158) Overall average logdet is 1.37373 over 1.03522e+06 frames.
LOG (transform-feats[5.5]:main():transform-feats.cc:161) Applied transform to 5100 utterances; 0 had errors.
LOG (gmm-acc-stats-ali[5.5]:main():gmm-acc-stats-ali.cc:105) Processed 5100 utterances; for utterance M12_B3_UW9_M8 avg. like is -50.3991 over 200 frames.
LOG (gmm-acc-stats-ali[5.5]:main():gmm-acc-stats-ali.cc:112) Done 5100 files, 0 with errors.
LOG (gmm-acc-stats-ali[5.5]:main():gmm-acc-stats-ali.cc:115) Overall avg like per frame (Gaussian only) = -52.2889 over 1035216 frames.
LOG (gmm-acc-stats-ali[5.5]:main():gmm-acc-stats-ali.cc:123) Written accs.
# Accounting: time=4 threads=1
# Ended (code 0) at Fri Mar 17 00:09:40 IST 2023, elapsed time 4 seconds
