# gmm-acc-stats-ali exp_dys_comb_vad/tri3/2.mdl "ark,s,cs:apply-cmvn  --utt2spk=ark:data_dys_comb_vad/train_dys_pow_no_sil/split11/2/utt2spk scp:data_dys_comb_vad/train_dys_pow_no_sil/split11/2/cmvn.scp scp:data_dys_comb_vad/train_dys_pow_no_sil/split11/2/feats.scp ark:- | splice-feats --left-context=3 --right-context=3 ark:- ark:- | transform-feats exp_dys_comb_vad/tri2_ali/final.mat ark:- ark:- | transform-feats --utt2spk=ark:data_dys_comb_vad/train_dys_pow_no_sil/split11/2/utt2spk ark:exp_dys_comb_vad/tri3/trans.2 ark:- ark:- |" "ark,s,cs:gunzip -c exp_dys_comb_vad/tri3/ali.2.gz|" exp_dys_comb_vad/tri3/2.2.acc 
# Started at Fri Mar 17 00:06:55 IST 2023
#
gmm-acc-stats-ali exp_dys_comb_vad/tri3/2.mdl 'ark,s,cs:apply-cmvn  --utt2spk=ark:data_dys_comb_vad/train_dys_pow_no_sil/split11/2/utt2spk scp:data_dys_comb_vad/train_dys_pow_no_sil/split11/2/cmvn.scp scp:data_dys_comb_vad/train_dys_pow_no_sil/split11/2/feats.scp ark:- | splice-feats --left-context=3 --right-context=3 ark:- ark:- | transform-feats exp_dys_comb_vad/tri2_ali/final.mat ark:- ark:- | transform-feats --utt2spk=ark:data_dys_comb_vad/train_dys_pow_no_sil/split11/2/utt2spk ark:exp_dys_comb_vad/tri3/trans.2 ark:- ark:- |' 'ark,s,cs:gunzip -c exp_dys_comb_vad/tri3/ali.2.gz|' exp_dys_comb_vad/tri3/2.2.acc 
apply-cmvn --utt2spk=ark:data_dys_comb_vad/train_dys_pow_no_sil/split11/2/utt2spk scp:data_dys_comb_vad/train_dys_pow_no_sil/split11/2/cmvn.scp scp:data_dys_comb_vad/train_dys_pow_no_sil/split11/2/feats.scp ark:- 
transform-feats exp_dys_comb_vad/tri2_ali/final.mat ark:- ark:- 
splice-feats --left-context=3 --right-context=3 ark:- ark:- 
transform-feats --utt2spk=ark:data_dys_comb_vad/train_dys_pow_no_sil/split11/2/utt2spk ark:exp_dys_comb_vad/tri3/trans.2 ark:- ark:- 
LOG (gmm-acc-stats-ali[5.5]:main():gmm-acc-stats-ali.cc:105) Processed 50 utterances; for utterance CF04_B1_C19_M8 avg. like is -62.8164 over 113 frames.
LOG (gmm-acc-stats-ali[5.5]:main():gmm-acc-stats-ali.cc:105) Processed 100 utterances; for utterance CF04_B1_CW100_M8 avg. like is -64.8723 over 110 frames.
LOG (gmm-acc-stats-ali[5.5]:main():gmm-acc-stats-ali.cc:105) Processed 150 utterances; for utterance CF04_B1_CW19_M8 avg. like is -57.4383 over 127 frames.
LOG (gmm-acc-stats-ali[5.5]:main():gmm-acc-stats-ali.cc:105) Processed 200 utterances; for utterance CF04_B1_CW28_M8 avg. like is -59.3757 over 141 frames.
LOG (gmm-acc-stats-ali[5.5]:main():gmm-acc-stats-ali.cc:105) Processed 250 utterances; for utterance CF04_B1_CW37_M8 avg. like is -63.7309 over 133 frames.
LOG (gmm-acc-stats-ali[5.5]:main():gmm-acc-stats-ali.cc:105) Processed 300 utterances; for utterance CF04_B1_CW46_M8 avg. like is -48.1628 over 147 frames.
LOG (gmm-acc-stats-ali[5.5]:main():gmm-acc-stats-ali.cc:105) Processed 350 utterances; for utterance CF04_B1_CW55_M8 avg. like is -47.905 over 151 frames.
LOG (gmm-acc-stats-ali[5.5]:main():gmm-acc-stats-ali.cc:105) Processed 400 utterances; for utterance CF04_B1_CW64_M8 avg. like is -63.8667 over 134 frames.
LOG (gmm-acc-stats-ali[5.5]:main():gmm-acc-stats-ali.cc:105) Processed 450 utterances; for utterance CF04_B1_CW73_M8 avg. like is -69.8985 over 139 frames.
LOG (gmm-acc-stats-ali[5.5]:main():gmm-acc-stats-ali.cc:105) Processed 500 utterances; for utterance CF04_B1_CW82_M8 avg. like is -48.6355 over 144 frames.
LOG (gmm-acc-stats-ali[5.5]:main():gmm-acc-stats-ali.cc:105) Processed 550 utterances; for utterance CF04_B1_CW91_M8 avg. like is -59.5062 over 135 frames.
LOG (gmm-acc-stats-ali[5.5]:main():gmm-acc-stats-ali.cc:105) Processed 600 utterances; for utterance CF04_B1_D0_M8 avg. like is -54.271 over 190 frames.
LOG (gmm-acc-stats-ali[5.5]:main():gmm-acc-stats-ali.cc:105) Processed 650 utterances; for utterance CF04_B1_LA_M8 avg. like is -48.6151 over 152 frames.
LOG (gmm-acc-stats-ali[5.5]:main():gmm-acc-stats-ali.cc:105) Processed 700 utterances; for utterance CF04_B1_LK_M8 avg. like is -49.8162 over 151 frames.
LOG (gmm-acc-stats-ali[5.5]:main():gmm-acc-stats-ali.cc:105) Processed 750 utterances; for utterance CF04_B1_LU_M8 avg. like is -47.5647 over 163 frames.
LOG (gmm-acc-stats-ali[5.5]:main():gmm-acc-stats-ali.cc:105) Processed 800 utterances; for utterance CF04_B1_UW13_M8 avg. like is -57.9492 over 166 frames.
LOG (gmm-acc-stats-ali[5.5]:main():gmm-acc-stats-ali.cc:105) Processed 850 utterances; for utterance CF04_B1_UW22_M8 avg. like is -62.3638 over 174 frames.
LOG (gmm-acc-stats-ali[5.5]:main():gmm-acc-stats-ali.cc:105) Processed 900 utterances; for utterance CF04_B1_UW31_M8 avg. like is -61.932 over 151 frames.
LOG (gmm-acc-stats-ali[5.5]:main():gmm-acc-stats-ali.cc:105) Processed 950 utterances; for utterance CF04_B1_UW40_M8 avg. like is -67.5303 over 137 frames.
LOG (gmm-acc-stats-ali[5.5]:main():gmm-acc-stats-ali.cc:105) Processed 1000 utterances; for utterance CF04_B1_UW4_M8 avg. like is -55.6304 over 188 frames.
LOG (gmm-acc-stats-ali[5.5]:main():gmm-acc-stats-ali.cc:105) Processed 1050 utterances; for utterance CF04_B1_UW59_M8 avg. like is -61.8159 over 143 frames.
LOG (gmm-acc-stats-ali[5.5]:main():gmm-acc-stats-ali.cc:105) Processed 1100 utterances; for utterance CF04_B1_UW68_M8 avg. like is -59.4344 over 175 frames.
LOG (gmm-acc-stats-ali[5.5]:main():gmm-acc-stats-ali.cc:105) Processed 1150 utterances; for utterance CF04_B1_UW77_M8 avg. like is -48.9724 over 160 frames.
LOG (gmm-acc-stats-ali[5.5]:main():gmm-acc-stats-ali.cc:105) Processed 1200 utterances; for utterance CF04_B1_UW86_M8 avg. like is -56.6684 over 133 frames.
LOG (gmm-acc-stats-ali[5.5]:main():gmm-acc-stats-ali.cc:105) Processed 1250 utterances; for utterance CF04_B1_UW95_M8 avg. like is -51.0546 over 155 frames.
LOG (gmm-acc-stats-ali[5.5]:main():gmm-acc-stats-ali.cc:105) Processed 1300 utterances; for utterance CF04_B2_C14_M8 avg. like is -58.3892 over 160 frames.
LOG (gmm-acc-stats-ali[5.5]:main():gmm-acc-stats-ali.cc:105) Processed 1350 utterances; for utterance CF04_B2_C5_M8 avg. like is -58.729 over 170 frames.
LOG (gmm-acc-stats-ali[5.5]:main():gmm-acc-stats-ali.cc:105) Processed 1400 utterances; for utterance CF04_B2_CW14_M8 avg. like is -54.3766 over 139 frames.
LOG (gmm-acc-stats-ali[5.5]:main():gmm-acc-stats-ali.cc:105) Processed 1450 utterances; for utterance CF04_B2_CW23_M8 avg. like is -58.723 over 146 frames.
LOG (gmm-acc-stats-ali[5.5]:main():gmm-acc-stats-ali.cc:105) Processed 1500 utterances; for utterance CF04_B2_CW32_M8 avg. like is -61.2058 over 122 frames.
LOG (gmm-acc-stats-ali[5.5]:main():gmm-acc-stats-ali.cc:105) Processed 1550 utterances; for utterance CF04_B2_CW41_M8 avg. like is -61.4558 over 151 frames.
LOG (gmm-acc-stats-ali[5.5]:main():gmm-acc-stats-ali.cc:105) Processed 1600 utterances; for utterance CF04_B2_CW50_M8 avg. like is -57.3713 over 149 frames.
LOG (gmm-acc-stats-ali[5.5]:main():gmm-acc-stats-ali.cc:105) Processed 1650 utterances; for utterance CF04_B2_CW5_M8 avg. like is -61.0183 over 134 frames.
LOG (gmm-acc-stats-ali[5.5]:main():gmm-acc-stats-ali.cc:105) Processed 1700 utterances; for utterance CF04_B2_CW6_M3 avg. like is -55.2854 over 141 frames.
LOG (gmm-acc-stats-ali[5.5]:main():gmm-acc-stats-ali.cc:105) Processed 1750 utterances; for utterance CF04_B2_CW79_M3 avg. like is -52.3769 over 146 frames.
LOG (gmm-acc-stats-ali[5.5]:main():gmm-acc-stats-ali.cc:105) Processed 1800 utterances; for utterance CF04_B2_CW88_M3 avg. like is -47.855 over 153 frames.
LOG (gmm-acc-stats-ali[5.5]:main():gmm-acc-stats-ali.cc:105) Processed 1850 utterances; for utterance CF04_B2_CW97_M3 avg. like is -53.8301 over 136 frames.
LOG (gmm-acc-stats-ali[5.5]:main():gmm-acc-stats-ali.cc:105) Processed 1900 utterances; for utterance CF04_B2_D6_M3 avg. like is -57.277 over 132 frames.
LOG (gmm-acc-stats-ali[5.5]:main():gmm-acc-stats-ali.cc:105) Processed 1950 utterances; for utterance CF04_B2_LG_M3 avg. like is -55.3871 over 155 frames.
LOG (gmm-acc-stats-ali[5.5]:main():gmm-acc-stats-ali.cc:105) Processed 2000 utterances; for utterance CF04_B2_LQ_M3 avg. like is -52.4644 over 140 frames.
LOG (gmm-acc-stats-ali[5.5]:main():gmm-acc-stats-ali.cc:105) Processed 2050 utterances; for utterance CF04_B2_UW100_M3 avg. like is -51.8149 over 138 frames.
LOG (gmm-acc-stats-ali[5.5]:main():gmm-acc-stats-ali.cc:105) Processed 2100 utterances; for utterance CF04_B2_UW19_M3 avg. like is -53.7813 over 186 frames.
LOG (gmm-acc-stats-ali[5.5]:main():gmm-acc-stats-ali.cc:105) Processed 2150 utterances; for utterance CF04_B2_UW28_M3 avg. like is -51.3563 over 161 frames.
LOG (gmm-acc-stats-ali[5.5]:main():gmm-acc-stats-ali.cc:105) Processed 2200 utterances; for utterance CF04_B2_UW37_M3 avg. like is -49.7109 over 212 frames.
LOG (gmm-acc-stats-ali[5.5]:main():gmm-acc-stats-ali.cc:105) Processed 2250 utterances; for utterance CF04_B2_UW46_M3 avg. like is -48.7996 over 175 frames.
LOG (gmm-acc-stats-ali[5.5]:main():gmm-acc-stats-ali.cc:105) Processed 2300 utterances; for utterance CF04_B2_UW55_M3 avg. like is -57.4672 over 123 frames.
LOG (gmm-acc-stats-ali[5.5]:main():gmm-acc-stats-ali.cc:105) Processed 2350 utterances; for utterance CF04_B2_UW64_M3 avg. like is -54.8746 over 152 frames.
LOG (gmm-acc-stats-ali[5.5]:main():gmm-acc-stats-ali.cc:105) Processed 2400 utterances; for utterance CF04_B2_UW73_M3 avg. like is -61.1073 over 147 frames.
LOG (gmm-acc-stats-ali[5.5]:main():gmm-acc-stats-ali.cc:105) Processed 2450 utterances; for utterance CF04_B2_UW82_M3 avg. like is -51.0245 over 150 frames.
LOG (gmm-acc-stats-ali[5.5]:main():gmm-acc-stats-ali.cc:105) Processed 2500 utterances; for utterance CF04_B2_UW91_M3 avg. like is -54.8028 over 153 frames.
LOG (gmm-acc-stats-ali[5.5]:main():gmm-acc-stats-ali.cc:105) Processed 2550 utterances; for utterance CF04_B3_C10_M3 avg. like is -48.2887 over 145 frames.
LOG (gmm-acc-stats-ali[5.5]:main():gmm-acc-stats-ali.cc:105) Processed 2600 utterances; for utterance CF04_B3_C1_M3 avg. like is -49.0988 over 184 frames.
LOG (gmm-acc-stats-ali[5.5]:main():gmm-acc-stats-ali.cc:105) Processed 2650 utterances; for utterance CF04_B3_CW10_M3 avg. like is -57.5574 over 139 frames.
LOG (gmm-acc-stats-ali[5.5]:main():gmm-acc-stats-ali.cc:105) Processed 2700 utterances; for utterance CF04_B3_CW1_M3 avg. like is -49.6508 over 125 frames.
LOG (gmm-acc-stats-ali[5.5]:main():gmm-acc-stats-ali.cc:105) Processed 2750 utterances; for utterance CF04_B3_CW29_M3 avg. like is -55.0284 over 143 frames.
LOG (gmm-acc-stats-ali[5.5]:main():gmm-acc-stats-ali.cc:105) Processed 2800 utterances; for utterance CF04_B3_CW38_M3 avg. like is -54.2635 over 144 frames.
LOG (gmm-acc-stats-ali[5.5]:main():gmm-acc-stats-ali.cc:105) Processed 2850 utterances; for utterance CF04_B3_CW47_M3 avg. like is -53.1183 over 172 frames.
LOG (gmm-acc-stats-ali[5.5]:main():gmm-acc-stats-ali.cc:105) Processed 2900 utterances; for utterance CF04_B3_CW56_M3 avg. like is -56.7531 over 148 frames.
LOG (gmm-acc-stats-ali[5.5]:main():gmm-acc-stats-ali.cc:105) Processed 2950 utterances; for utterance CF04_B3_CW65_M3 avg. like is -64.8565 over 159 frames.
LOG (gmm-acc-stats-ali[5.5]:main():gmm-acc-stats-ali.cc:105) Processed 3000 utterances; for utterance CF04_B3_CW74_M3 avg. like is -53.7952 over 149 frames.
LOG (gmm-acc-stats-ali[5.5]:main():gmm-acc-stats-ali.cc:105) Processed 3050 utterances; for utterance CF04_B3_CW83_M3 avg. like is -53.0733 over 138 frames.
LOG (gmm-acc-stats-ali[5.5]:main():gmm-acc-stats-ali.cc:105) Processed 3100 utterances; for utterance CF04_B3_CW92_M3 avg. like is -57.9956 over 148 frames.
LOG (gmm-acc-stats-ali[5.5]:main():gmm-acc-stats-ali.cc:105) Processed 3150 utterances; for utterance CF04_B3_D1_M3 avg. like is -57.0893 over 125 frames.
LOG (gmm-acc-stats-ali[5.5]:main():gmm-acc-stats-ali.cc:105) Processed 3200 utterances; for utterance CF04_B3_LB_M3 avg. like is -48.7062 over 170 frames.
LOG (gmm-acc-stats-ali[5.5]:main():gmm-acc-stats-ali.cc:105) Processed 3250 utterances; for utterance CF04_B3_LL_M3 avg. like is -47.4269 over 155 frames.
LOG (gmm-acc-stats-ali[5.5]:main():gmm-acc-stats-ali.cc:105) Processed 3300 utterances; for utterance CF04_B3_LV_M3 avg. like is -55.9207 over 166 frames.
LOG (gmm-acc-stats-ali[5.5]:main():gmm-acc-stats-ali.cc:105) Processed 3350 utterances; for utterance CF04_B3_UW14_M3 avg. like is -49.412 over 182 frames.
LOG (gmm-acc-stats-ali[5.5]:main():gmm-acc-stats-ali.cc:105) Processed 3400 utterances; for utterance CF04_B3_UW23_M5 avg. like is -49.903 over 184 frames.
LOG (gmm-acc-stats-ali[5.5]:main():gmm-acc-stats-ali.cc:105) Processed 3450 utterances; for utterance CF04_B3_UW32_M5 avg. like is -57.4976 over 199 frames.
LOG (gmm-acc-stats-ali[5.5]:main():gmm-acc-stats-ali.cc:105) Processed 3500 utterances; for utterance CF04_B3_UW41_M5 avg. like is -55.9749 over 215 frames.
LOG (gmm-acc-stats-ali[5.5]:main():gmm-acc-stats-ali.cc:105) Processed 3550 utterances; for utterance CF04_B3_UW50_M5 avg. like is -51.2942 over 169 frames.
LOG (gmm-acc-stats-ali[5.5]:main():gmm-acc-stats-ali.cc:105) Processed 3600 utterances; for utterance CF04_B3_UW5_M5 avg. like is -57.0739 over 137 frames.
LOG (gmm-acc-stats-ali[5.5]:main():gmm-acc-stats-ali.cc:105) Processed 3650 utterances; for utterance CF04_B3_UW69_M5 avg. like is -51.3839 over 195 frames.
LOG (gmm-acc-stats-ali[5.5]:main():gmm-acc-stats-ali.cc:105) Processed 3700 utterances; for utterance CF04_B3_UW78_M5 avg. like is -49.105 over 172 frames.
LOG (gmm-acc-stats-ali[5.5]:main():gmm-acc-stats-ali.cc:105) Processed 3750 utterances; for utterance CF04_B3_UW87_M5 avg. like is -50.3944 over 184 frames.
LOG (gmm-acc-stats-ali[5.5]:main():gmm-acc-stats-ali.cc:105) Processed 3800 utterances; for utterance CF04_B3_UW96_M5 avg. like is -49.0636 over 181 frames.
LOG (gmm-acc-stats-ali[5.5]:main():gmm-acc-stats-ali.cc:105) Processed 3850 utterances; for utterance CM04_B1_C15_M5 avg. like is -63.4147 over 122 frames.
LOG (gmm-acc-stats-ali[5.5]:main():gmm-acc-stats-ali.cc:105) Processed 3900 utterances; for utterance CM04_B1_C6_M5 avg. like is -47.688 over 151 frames.
LOG (gmm-acc-stats-ali[5.5]:main():gmm-acc-stats-ali.cc:105) Processed 3950 utterances; for utterance CM04_B1_CW15_M5 avg. like is -60.1072 over 116 frames.
LOG (gmm-acc-stats-ali[5.5]:main():gmm-acc-stats-ali.cc:105) Processed 4000 utterances; for utterance CM04_B1_CW24_M5 avg. like is -58.2054 over 161 frames.
LOG (gmm-acc-stats-ali[5.5]:main():gmm-acc-stats-ali.cc:105) Processed 4050 utterances; for utterance CM04_B1_CW33_M5 avg. like is -67.3026 over 127 frames.
LOG (gmm-acc-stats-ali[5.5]:main():gmm-acc-stats-ali.cc:105) Processed 4100 utterances; for utterance CM04_B1_CW42_M5 avg. like is -52.0821 over 143 frames.
LOG (gmm-acc-stats-ali[5.5]:main():gmm-acc-stats-ali.cc:105) Processed 4150 utterances; for utterance CM04_B1_CW51_M5 avg. like is -66.7604 over 126 frames.
LOG (gmm-acc-stats-ali[5.5]:main():gmm-acc-stats-ali.cc:105) Processed 4200 utterances; for utterance CM04_B1_CW60_M5 avg. like is -66.8614 over 137 frames.
LOG (gmm-acc-stats-ali[5.5]:main():gmm-acc-stats-ali.cc:105) Processed 4250 utterances; for utterance CM04_B1_CW6_M5 avg. like is -62.4392 over 126 frames.
LOG (gmm-acc-stats-ali[5.5]:main():gmm-acc-stats-ali.cc:105) Processed 4300 utterances; for utterance CM04_B1_CW79_M5 avg. like is -59.0551 over 138 frames.
LOG (gmm-acc-stats-ali[5.5]:main():gmm-acc-stats-ali.cc:105) Processed 4350 utterances; for utterance CM04_B1_CW88_M5 avg. like is -57.3802 over 115 frames.
LOG (gmm-acc-stats-ali[5.5]:main():gmm-acc-stats-ali.cc:105) Processed 4400 utterances; for utterance CM04_B1_CW97_M5 avg. like is -56.2981 over 122 frames.
LOG (gmm-acc-stats-ali[5.5]:main():gmm-acc-stats-ali.cc:105) Processed 4450 utterances; for utterance CM04_B1_D6_M5 avg. like is -69.8607 over 109 frames.
LOG (gmm-acc-stats-ali[5.5]:main():gmm-acc-stats-ali.cc:105) Processed 4500 utterances; for utterance CM04_B1_LG_M5 avg. like is -51.3838 over 144 frames.
LOG (gmm-acc-stats-ali[5.5]:main():gmm-acc-stats-ali.cc:105) Processed 4550 utterances; for utterance CM04_B1_LQ_M5 avg. like is -50.8189 over 144 frames.
LOG (gmm-acc-stats-ali[5.5]:main():gmm-acc-stats-ali.cc:105) Processed 4600 utterances; for utterance CM04_B1_UW100_M5 avg. like is -52.6375 over 151 frames.
LOG (gmm-acc-stats-ali[5.5]:main():gmm-acc-stats-ali.cc:105) Processed 4650 utterances; for utterance CM04_B1_UW19_M5 avg. like is -50.4015 over 181 frames.
LOG (gmm-acc-stats-ali[5.5]:main():gmm-acc-stats-ali.cc:105) Processed 4700 utterances; for utterance CM04_B1_UW28_M5 avg. like is -70.9122 over 152 frames.
LOG (gmm-acc-stats-ali[5.5]:main():gmm-acc-stats-ali.cc:105) Processed 4750 utterances; for utterance CM04_B1_UW37_M5 avg. like is -54.3769 over 173 frames.
LOG (gmm-acc-stats-ali[5.5]:main():gmm-acc-stats-ali.cc:105) Processed 4800 utterances; for utterance CM04_B1_UW46_M5 avg. like is -53.6123 over 186 frames.
LOG (gmm-acc-stats-ali[5.5]:main():gmm-acc-stats-ali.cc:105) Processed 4850 utterances; for utterance CM04_B1_UW55_M5 avg. like is -50.9011 over 174 frames.
LOG (gmm-acc-stats-ali[5.5]:main():gmm-acc-stats-ali.cc:105) Processed 4900 utterances; for utterance CM04_B1_UW64_M5 avg. like is -49.7952 over 160 frames.
LOG (gmm-acc-stats-ali[5.5]:main():gmm-acc-stats-ali.cc:105) Processed 4950 utterances; for utterance CM04_B1_UW73_M5 avg. like is -69.7625 over 131 frames.
LOG (gmm-acc-stats-ali[5.5]:main():gmm-acc-stats-ali.cc:105) Processed 5000 utterances; for utterance CM04_B1_UW82_M6 avg. like is -62.2877 over 133 frames.
LOG (gmm-acc-stats-ali[5.5]:main():gmm-acc-stats-ali.cc:105) Processed 5050 utterances; for utterance CM04_B1_UW91_M6 avg. like is -52.2203 over 154 frames.
LOG (gmm-acc-stats-ali[5.5]:main():gmm-acc-stats-ali.cc:105) Processed 5100 utterances; for utterance CM04_B2_C10_M6 avg. like is -58.8638 over 165 frames.
LOG (gmm-acc-stats-ali[5.5]:main():gmm-acc-stats-ali.cc:105) Processed 5150 utterances; for utterance CM04_B2_C1_M6 avg. like is -50.6646 over 137 frames.
LOG (gmm-acc-stats-ali[5.5]:main():gmm-acc-stats-ali.cc:105) Processed 5200 utterances; for utterance CM04_B2_CW10_M6 avg. like is -59.1729 over 105 frames.
LOG (gmm-acc-stats-ali[5.5]:main():gmm-acc-stats-ali.cc:105) Processed 5250 utterances; for utterance CM04_B2_CW1_M6 avg. like is -52.4255 over 137 frames.
LOG (gmm-acc-stats-ali[5.5]:main():gmm-acc-stats-ali.cc:105) Processed 5300 utterances; for utterance CM04_B2_CW29_M6 avg. like is -53.6353 over 108 frames.
LOG (gmm-acc-stats-ali[5.5]:main():gmm-acc-stats-ali.cc:105) Processed 5350 utterances; for utterance CM04_B2_CW38_M6 avg. like is -58.7842 over 118 frames.
LOG (gmm-acc-stats-ali[5.5]:main():gmm-acc-stats-ali.cc:105) Processed 5400 utterances; for utterance CM04_B2_CW47_M6 avg. like is -55.9717 over 108 frames.
LOG (gmm-acc-stats-ali[5.5]:main():gmm-acc-stats-ali.cc:105) Processed 5450 utterances; for utterance CM04_B2_CW56_M6 avg. like is -54.2838 over 124 frames.
LOG (gmm-acc-stats-ali[5.5]:main():gmm-acc-stats-ali.cc:105) Processed 5500 utterances; for utterance CM04_B2_CW65_M6 avg. like is -55.9751 over 149 frames.
LOG (gmm-acc-stats-ali[5.5]:main():gmm-acc-stats-ali.cc:105) Processed 5550 utterances; for utterance CM04_B2_CW74_M6 avg. like is -57.7943 over 117 frames.
LOG (gmm-acc-stats-ali[5.5]:main():gmm-acc-stats-ali.cc:105) Processed 5600 utterances; for utterance CM04_B2_CW83_M6 avg. like is -57.1385 over 151 frames.
LOG (gmm-acc-stats-ali[5.5]:main():gmm-acc-stats-ali.cc:105) Processed 5650 utterances; for utterance CM04_B2_CW92_M6 avg. like is -58.6736 over 104 frames.
LOG (gmm-acc-stats-ali[5.5]:main():gmm-acc-stats-ali.cc:105) Processed 5700 utterances; for utterance CM04_B2_D1_M6 avg. like is -53.0168 over 146 frames.
LOG (gmm-acc-stats-ali[5.5]:main():gmm-acc-stats-ali.cc:105) Processed 5750 utterances; for utterance CM04_B2_LB_M6 avg. like is -50.2977 over 137 frames.
LOG (gmm-acc-stats-ali[5.5]:main():gmm-acc-stats-ali.cc:105) Processed 5800 utterances; for utterance CM04_B2_LL_M6 avg. like is -53.5236 over 121 frames.
LOG (gmm-acc-stats-ali[5.5]:main():gmm-acc-stats-ali.cc:105) Processed 5850 utterances; for utterance CM04_B2_LV_M6 avg. like is -52.6035 over 135 frames.
LOG (gmm-acc-stats-ali[5.5]:main():gmm-acc-stats-ali.cc:105) Processed 5900 utterances; for utterance CM04_B2_UW14_M6 avg. like is -51.0051 over 128 frames.
LOG (gmm-acc-stats-ali[5.5]:main():gmm-acc-stats-ali.cc:105) Processed 5950 utterances; for utterance CM04_B2_UW23_M6 avg. like is -58.5164 over 145 frames.
LOG (gmm-acc-stats-ali[5.5]:main():gmm-acc-stats-ali.cc:105) Processed 6000 utterances; for utterance CM04_B2_UW32_M6 avg. like is -51.0336 over 180 frames.
LOG (gmm-acc-stats-ali[5.5]:main():gmm-acc-stats-ali.cc:105) Processed 6050 utterances; for utterance CM04_B2_UW41_M6 avg. like is -50.9083 over 140 frames.
LOG (gmm-acc-stats-ali[5.5]:main():gmm-acc-stats-ali.cc:105) Processed 6100 utterances; for utterance CM04_B2_UW50_M6 avg. like is -49.2051 over 216 frames.
LOG (gmm-acc-stats-ali[5.5]:main():gmm-acc-stats-ali.cc:105) Processed 6150 utterances; for utterance CM04_B2_UW5_M6 avg. like is -51.9 over 165 frames.
LOG (gmm-acc-stats-ali[5.5]:main():gmm-acc-stats-ali.cc:105) Processed 6200 utterances; for utterance CM04_B2_UW69_M6 avg. like is -49.778 over 155 frames.
LOG (gmm-acc-stats-ali[5.5]:main():gmm-acc-stats-ali.cc:105) Processed 6250 utterances; for utterance CM04_B2_UW78_M6 avg. like is -57.1051 over 168 frames.
LOG (gmm-acc-stats-ali[5.5]:main():gmm-acc-stats-ali.cc:105) Processed 6300 utterances; for utterance CM04_B2_UW87_M6 avg. like is -62.1034 over 170 frames.
LOG (gmm-acc-stats-ali[5.5]:main():gmm-acc-stats-ali.cc:105) Processed 6350 utterances; for utterance CM04_B2_UW96_M6 avg. like is -47.4087 over 164 frames.
LOG (gmm-acc-stats-ali[5.5]:main():gmm-acc-stats-ali.cc:105) Processed 6400 utterances; for utterance CM04_B3_C15_M6 avg. like is -63.1684 over 120 frames.
LOG (gmm-acc-stats-ali[5.5]:main():gmm-acc-stats-ali.cc:105) Processed 6450 utterances; for utterance CM04_B3_C6_M6 avg. like is -55.0174 over 117 frames.
LOG (gmm-acc-stats-ali[5.5]:main():gmm-acc-stats-ali.cc:105) Processed 6500 utterances; for utterance CM04_B3_CW15_M6 avg. like is -55.7511 over 158 frames.
LOG (gmm-acc-stats-ali[5.5]:main():gmm-acc-stats-ali.cc:105) Processed 6550 utterances; for utterance CM04_B3_CW24_M6 avg. like is -53.4192 over 117 frames.
LOG (gmm-acc-stats-ali[5.5]:main():gmm-acc-stats-ali.cc:105) Processed 6600 utterances; for utterance CM04_B3_CW33_M6 avg. like is -58.5132 over 143 frames.
LOG (gmm-acc-stats-ali[5.5]:main():gmm-acc-stats-ali.cc:105) Processed 6650 utterances; for utterance CM04_B3_CW42_M6 avg. like is -46.9886 over 145 frames.
LOG (gmm-acc-stats-ali[5.5]:main():gmm-acc-stats-ali.cc:105) Processed 6700 utterances; for utterance CM04_B3_CW51_M6 avg. like is -50.5537 over 104 frames.
LOG (gmm-acc-stats-ali[5.5]:main():gmm-acc-stats-ali.cc:105) Processed 6750 utterances; for utterance CM04_B3_CW60_M6 avg. like is -53.6689 over 107 frames.
LOG (gmm-acc-stats-ali[5.5]:main():gmm-acc-stats-ali.cc:105) Processed 6800 utterances; for utterance CM04_B3_CW6_M6 avg. like is -55.3688 over 148 frames.
LOG (gmm-acc-stats-ali[5.5]:main():gmm-acc-stats-ali.cc:105) Processed 6850 utterances; for utterance CM04_B3_CW79_M6 avg. like is -49.086 over 123 frames.
LOG (gmm-acc-stats-ali[5.5]:main():gmm-acc-stats-ali.cc:105) Processed 6900 utterances; for utterance CM04_B3_CW88_M6 avg. like is -56.6035 over 116 frames.
LOG (gmm-acc-stats-ali[5.5]:main():gmm-acc-stats-ali.cc:105) Processed 6950 utterances; for utterance CM04_B3_CW97_M6 avg. like is -48.3066 over 106 frames.
LOG (gmm-acc-stats-ali[5.5]:main():gmm-acc-stats-ali.cc:105) Processed 7000 utterances; for utterance CM04_B3_D6_M6 avg. like is -64.976 over 118 frames.
LOG (gmm-acc-stats-ali[5.5]:main():gmm-acc-stats-ali.cc:105) Processed 7050 utterances; for utterance CM04_B3_LG_M6 avg. like is -60.0968 over 117 frames.
LOG (gmm-acc-stats-ali[5.5]:main():gmm-acc-stats-ali.cc:105) Processed 7100 utterances; for utterance CM04_B3_LQ_M6 avg. like is -53.7938 over 153 frames.
LOG (gmm-acc-stats-ali[5.5]:main():gmm-acc-stats-ali.cc:105) Processed 7150 utterances; for utterance CM04_B3_UW100_M6 avg. like is -58.7975 over 138 frames.
LOG (gmm-acc-stats-ali[5.5]:main():gmm-acc-stats-ali.cc:105) Processed 7200 utterances; for utterance CM04_B3_UW19_M6 avg. like is -53.4016 over 136 frames.
LOG (gmm-acc-stats-ali[5.5]:main():gmm-acc-stats-ali.cc:105) Processed 7250 utterances; for utterance CM04_B3_UW28_M6 avg. like is -51.1173 over 135 frames.
LOG (gmm-acc-stats-ali[5.5]:main():gmm-acc-stats-ali.cc:105) Processed 7300 utterances; for utterance CM04_B3_UW37_M6 avg. like is -63.5832 over 113 frames.
LOG (gmm-acc-stats-ali[5.5]:main():gmm-acc-stats-ali.cc:105) Processed 7350 utterances; for utterance CM04_B3_UW46_M6 avg. like is -56.0734 over 193 frames.
LOG (gmm-acc-stats-ali[5.5]:main():gmm-acc-stats-ali.cc:105) Processed 7400 utterances; for utterance CM04_B3_UW55_M6 avg. like is -50.2766 over 164 frames.
LOG (gmm-acc-stats-ali[5.5]:main():gmm-acc-stats-ali.cc:105) Processed 7450 utterances; for utterance CM04_B3_UW64_M6 avg. like is -56.8936 over 139 frames.
LOG (gmm-acc-stats-ali[5.5]:main():gmm-acc-stats-ali.cc:105) Processed 7500 utterances; for utterance CM04_B3_UW73_M6 avg. like is -55.6578 over 155 frames.
LOG (gmm-acc-stats-ali[5.5]:main():gmm-acc-stats-ali.cc:105) Processed 7550 utterances; for utterance CM04_B3_UW82_M6 avg. like is -50.5377 over 183 frames.
LOG (gmm-acc-stats-ali[5.5]:main():gmm-acc-stats-ali.cc:105) Processed 7600 utterances; for utterance CM04_B3_UW91_M6 avg. like is -51.6264 over 131 frames.
LOG (gmm-acc-stats-ali[5.5]:main():gmm-acc-stats-ali.cc:105) Processed 7650 utterances; for utterance CM05_B1_C10_M6 avg. like is -45.8959 over 130 frames.
LOG (gmm-acc-stats-ali[5.5]:main():gmm-acc-stats-ali.cc:105) Processed 7700 utterances; for utterance CM05_B1_C1_M6 avg. like is -49.8692 over 122 frames.
LOG (gmm-acc-stats-ali[5.5]:main():gmm-acc-stats-ali.cc:105) Processed 7750 utterances; for utterance CM05_B1_CW10_M6 avg. like is -58.8149 over 93 frames.
LOG (gmm-acc-stats-ali[5.5]:main():gmm-acc-stats-ali.cc:105) Processed 7800 utterances; for utterance CM05_B1_CW1_M6 avg. like is -56.1578 over 123 frames.
LOG (gmm-acc-stats-ali[5.5]:main():gmm-acc-stats-ali.cc:105) Processed 7850 utterances; for utterance CM05_B1_CW29_M6 avg. like is -65.6609 over 108 frames.
LOG (gmm-acc-stats-ali[5.5]:main():gmm-acc-stats-ali.cc:105) Processed 7900 utterances; for utterance CM05_B1_CW38_M6 avg. like is -49.737 over 121 frames.
LOG (gmm-acc-stats-ali[5.5]:main():gmm-acc-stats-ali.cc:105) Processed 7950 utterances; for utterance CM05_B1_CW47_M6 avg. like is -57.6543 over 105 frames.
LOG (gmm-acc-stats-ali[5.5]:main():gmm-acc-stats-ali.cc:105) Processed 8000 utterances; for utterance CM05_B1_CW56_M6 avg. like is -54.6111 over 119 frames.
LOG (gmm-acc-stats-ali[5.5]:main():gmm-acc-stats-ali.cc:105) Processed 8050 utterances; for utterance CM05_B1_CW65_M6 avg. like is -46.753 over 123 frames.
LOG (gmm-acc-stats-ali[5.5]:main():gmm-acc-stats-ali.cc:105) Processed 8100 utterances; for utterance CM05_B1_CW74_M6 avg. like is -51.2531 over 108 frames.
LOG (gmm-acc-stats-ali[5.5]:main():gmm-acc-stats-ali.cc:105) Processed 8150 utterances; for utterance CM05_B1_CW83_M6 avg. like is -47.1449 over 101 frames.
LOG (gmm-acc-stats-ali[5.5]:main():gmm-acc-stats-ali.cc:105) Processed 8200 utterances; for utterance CM05_B1_CW92_M6 avg. like is -46.8129 over 95 frames.
LOG (gmm-acc-stats-ali[5.5]:main():gmm-acc-stats-ali.cc:105) Processed 8250 utterances; for utterance CM05_B1_D1_M6 avg. like is -48.0677 over 131 frames.
LOG (gmm-acc-stats-ali[5.5]:main():gmm-acc-stats-ali.cc:105) Processed 8300 utterances; for utterance CM05_B1_LB_M6 avg. like is -52.4239 over 119 frames.
LOG (gmm-acc-stats-ali[5.5]:main():gmm-acc-stats-ali.cc:105) Processed 8350 utterances; for utterance CM05_B1_LL_M6 avg. like is -68.5777 over 107 frames.
LOG (gmm-acc-stats-ali[5.5]:main():gmm-acc-stats-ali.cc:105) Processed 8400 utterances; for utterance CM05_B1_LV_M6 avg. like is -64.932 over 105 frames.
LOG (gmm-acc-stats-ali[5.5]:main():gmm-acc-stats-ali.cc:105) Processed 8450 utterances; for utterance CM05_B1_UW14_M6 avg. like is -54.4054 over 119 frames.
LOG (gmm-acc-stats-ali[5.5]:main():gmm-acc-stats-ali.cc:105) Processed 8500 utterances; for utterance CM05_B1_UW23_M6 avg. like is -55.9977 over 140 frames.
LOG (gmm-acc-stats-ali[5.5]:main():gmm-acc-stats-ali.cc:105) Processed 8550 utterances; for utterance CM05_B1_UW32_M6 avg. like is -54.7765 over 112 frames.
LOG (gmm-acc-stats-ali[5.5]:main():gmm-acc-stats-ali.cc:105) Processed 8600 utterances; for utterance CM05_B1_UW41_M6 avg. like is -56.6165 over 137 frames.
LOG (gmm-acc-stats-ali[5.5]:main():gmm-acc-stats-ali.cc:105) Processed 8650 utterances; for utterance CM05_B1_UW50_M6 avg. like is -60.1737 over 128 frames.
LOG (gmm-acc-stats-ali[5.5]:main():gmm-acc-stats-ali.cc:105) Processed 8700 utterances; for utterance CM05_B1_UW5_M6 avg. like is -61.6613 over 154 frames.
LOG (gmm-acc-stats-ali[5.5]:main():gmm-acc-stats-ali.cc:105) Processed 8750 utterances; for utterance CM05_B1_UW69_M6 avg. like is -53.2336 over 138 frames.
LOG (gmm-acc-stats-ali[5.5]:main():gmm-acc-stats-ali.cc:105) Processed 8800 utterances; for utterance CM05_B1_UW78_M6 avg. like is -53.265 over 156 frames.
LOG (gmm-acc-stats-ali[5.5]:main():gmm-acc-stats-ali.cc:105) Processed 8850 utterances; for utterance CM05_B1_UW87_M6 avg. like is -58.4367 over 94 frames.
LOG (gmm-acc-stats-ali[5.5]:main():gmm-acc-stats-ali.cc:105) Processed 8900 utterances; for utterance CM05_B1_UW96_M6 avg. like is -53.3449 over 123 frames.
LOG (gmm-acc-stats-ali[5.5]:main():gmm-acc-stats-ali.cc:105) Processed 8950 utterances; for utterance CM05_B2_C15_M6 avg. like is -55.9063 over 94 frames.
LOG (gmm-acc-stats-ali[5.5]:main():gmm-acc-stats-ali.cc:105) Processed 9000 utterances; for utterance CM05_B2_C6_M6 avg. like is -53.0173 over 117 frames.
LOG (gmm-acc-stats-ali[5.5]:main():gmm-acc-stats-ali.cc:105) Processed 9050 utterances; for utterance CM05_B2_CW15_M6 avg. like is -50.5336 over 85 frames.
LOG (gmm-acc-stats-ali[5.5]:main():gmm-acc-stats-ali.cc:105) Processed 9100 utterances; for utterance CM05_B2_CW24_M6 avg. like is -56.8237 over 108 frames.
LOG (gmm-acc-stats-ali[5.5]:main():gmm-acc-stats-ali.cc:105) Processed 9150 utterances; for utterance CM05_B2_CW33_M6 avg. like is -59.9804 over 116 frames.
LOG (gmm-acc-stats-ali[5.5]:main():gmm-acc-stats-ali.cc:105) Processed 9200 utterances; for utterance CM05_B2_CW42_M6 avg. like is -49.5206 over 100 frames.
LOG (gmm-acc-stats-ali[5.5]:main():gmm-acc-stats-ali.cc:105) Processed 9250 utterances; for utterance CM05_B2_CW51_M6 avg. like is -56.6936 over 82 frames.
LOG (gmm-acc-stats-ali[5.5]:main():gmm-acc-stats-ali.cc:105) Processed 9300 utterances; for utterance CM05_B2_CW60_M6 avg. like is -48.2209 over 95 frames.
LOG (gmm-acc-stats-ali[5.5]:main():gmm-acc-stats-ali.cc:105) Processed 9350 utterances; for utterance CM05_B2_CW6_M6 avg. like is -51.1235 over 81 frames.
LOG (gmm-acc-stats-ali[5.5]:main():gmm-acc-stats-ali.cc:105) Processed 9400 utterances; for utterance CM05_B2_CW79_M6 avg. like is -52.6817 over 118 frames.
LOG (gmm-acc-stats-ali[5.5]:main():gmm-acc-stats-ali.cc:105) Processed 9450 utterances; for utterance CM05_B2_CW88_M6 avg. like is -50.756 over 89 frames.
LOG (gmm-acc-stats-ali[5.5]:main():gmm-acc-stats-ali.cc:105) Processed 9500 utterances; for utterance CM05_B2_CW97_M6 avg. like is -49.9573 over 103 frames.
LOG (gmm-acc-stats-ali[5.5]:main():gmm-acc-stats-ali.cc:105) Processed 9550 utterances; for utterance CM05_B2_D6_M6 avg. like is -54.7551 over 130 frames.
LOG (gmm-acc-stats-ali[5.5]:main():gmm-acc-stats-ali.cc:105) Processed 9600 utterances; for utterance CM05_B2_LG_M6 avg. like is -51.5033 over 137 frames.
LOG (gmm-acc-stats-ali[5.5]:main():gmm-acc-stats-ali.cc:105) Processed 9650 utterances; for utterance CM05_B2_LQ_M6 avg. like is -63.6521 over 113 frames.
LOG (gmm-acc-stats-ali[5.5]:main():gmm-acc-stats-ali.cc:105) Processed 9700 utterances; for utterance CM05_B2_UW100_M6 avg. like is -51.4225 over 93 frames.
LOG (gmm-acc-stats-ali[5.5]:main():gmm-acc-stats-ali.cc:105) Processed 9750 utterances; for utterance CM05_B2_UW19_M6 avg. like is -51.5263 over 126 frames.
LOG (gmm-acc-stats-ali[5.5]:main():gmm-acc-stats-ali.cc:105) Processed 9800 utterances; for utterance CM05_B2_UW28_M6 avg. like is -53.6164 over 103 frames.
LOG (gmm-acc-stats-ali[5.5]:main():gmm-acc-stats-ali.cc:105) Processed 9850 utterances; for utterance CM05_B2_UW37_M6 avg. like is -52.356 over 133 frames.
LOG (gmm-acc-stats-ali[5.5]:main():gmm-acc-stats-ali.cc:105) Processed 9900 utterances; for utterance CM05_B2_UW46_M6 avg. like is -59.4397 over 108 frames.
LOG (gmm-acc-stats-ali[5.5]:main():gmm-acc-stats-ali.cc:105) Processed 9950 utterances; for utterance CM05_B2_UW55_M6 avg. like is -46.8631 over 97 frames.
LOG (gmm-acc-stats-ali[5.5]:main():gmm-acc-stats-ali.cc:105) Processed 10000 utterances; for utterance CM05_B2_UW64_M6 avg. like is -50.8883 over 106 frames.
LOG (gmm-acc-stats-ali[5.5]:main():gmm-acc-stats-ali.cc:105) Processed 10050 utterances; for utterance CM05_B2_UW73_M6 avg. like is -53.81 over 116 frames.
LOG (gmm-acc-stats-ali[5.5]:main():gmm-acc-stats-ali.cc:105) Processed 10100 utterances; for utterance CM05_B2_UW82_M6 avg. like is -50.694 over 127 frames.
LOG (gmm-acc-stats-ali[5.5]:main():gmm-acc-stats-ali.cc:105) Processed 10150 utterances; for utterance CM05_B2_UW91_M6 avg. like is -50.7291 over 103 frames.
LOG (gmm-acc-stats-ali[5.5]:main():gmm-acc-stats-ali.cc:105) Processed 10200 utterances; for utterance CM05_B3_C10_M6 avg. like is -46.7962 over 145 frames.
LOG (gmm-acc-stats-ali[5.5]:main():gmm-acc-stats-ali.cc:105) Processed 10250 utterances; for utterance CM05_B3_C1_M6 avg. like is -49.3772 over 116 frames.
LOG (gmm-acc-stats-ali[5.5]:main():gmm-acc-stats-ali.cc:105) Processed 10300 utterances; for utterance CM05_B3_CW10_M6 avg. like is -48.0388 over 87 frames.
LOG (gmm-acc-stats-ali[5.5]:main():gmm-acc-stats-ali.cc:105) Processed 10350 utterances; for utterance CM05_B3_CW1_M6 avg. like is -46.1066 over 96 frames.
LOG (gmm-acc-stats-ali[5.5]:main():gmm-acc-stats-ali.cc:105) Processed 10400 utterances; for utterance CM05_B3_CW29_M6 avg. like is -48.7782 over 103 frames.
LOG (gmm-acc-stats-ali[5.5]:main():gmm-acc-stats-ali.cc:105) Processed 10450 utterances; for utterance CM05_B3_CW38_M6 avg. like is -47.3802 over 100 frames.
LOG (gmm-acc-stats-ali[5.5]:main():gmm-acc-stats-ali.cc:105) Processed 10500 utterances; for utterance CM05_B3_CW47_M6 avg. like is -49.9776 over 90 frames.
LOG (gmm-acc-stats-ali[5.5]:main():gmm-acc-stats-ali.cc:105) Processed 10550 utterances; for utterance CM05_B3_CW56_M6 avg. like is -50.8709 over 104 frames.
LOG (gmm-acc-stats-ali[5.5]:main():gmm-acc-stats-ali.cc:105) Processed 10600 utterances; for utterance CM05_B3_CW65_M6 avg. like is -59.2761 over 85 frames.
LOG (gmm-acc-stats-ali[5.5]:main():gmm-acc-stats-ali.cc:105) Processed 10650 utterances; for utterance CM05_B3_CW74_M6 avg. like is -50.4195 over 95 frames.
LOG (gmm-acc-stats-ali[5.5]:main():gmm-acc-stats-ali.cc:105) Processed 10700 utterances; for utterance CM05_B3_CW83_M6 avg. like is -45.8656 over 119 frames.
LOG (gmm-acc-stats-ali[5.5]:main():gmm-acc-stats-ali.cc:105) Processed 10750 utterances; for utterance CM05_B3_CW92_M6 avg. like is -45.3174 over 90 frames.
LOG (gmm-acc-stats-ali[5.5]:main():gmm-acc-stats-ali.cc:105) Processed 10800 utterances; for utterance CM05_B3_D1_M6 avg. like is -53.1291 over 119 frames.
LOG (gmm-acc-stats-ali[5.5]:main():gmm-acc-stats-ali.cc:105) Processed 10850 utterances; for utterance CM05_B3_LB_M6 avg. like is -48.526 over 104 frames.
LOG (gmm-acc-stats-ali[5.5]:main():gmm-acc-stats-ali.cc:105) Processed 10900 utterances; for utterance CM05_B3_LL_M6 avg. like is -50.1226 over 115 frames.
LOG (gmm-acc-stats-ali[5.5]:main():gmm-acc-stats-ali.cc:105) Processed 10950 utterances; for utterance CM05_B3_LV_M6 avg. like is -51.4766 over 102 frames.
LOG (gmm-acc-stats-ali[5.5]:main():gmm-acc-stats-ali.cc:105) Processed 11000 utterances; for utterance CM05_B3_UW14_M6 avg. like is -54.6328 over 108 frames.
LOG (gmm-acc-stats-ali[5.5]:main():gmm-acc-stats-ali.cc:105) Processed 11050 utterances; for utterance CM05_B3_UW23_M6 avg. like is -52.3648 over 134 frames.
LOG (gmm-acc-stats-ali[5.5]:main():gmm-acc-stats-ali.cc:105) Processed 11100 utterances; for utterance CM05_B3_UW32_M6 avg. like is -55.9138 over 119 frames.
LOG (gmm-acc-stats-ali[5.5]:main():gmm-acc-stats-ali.cc:105) Processed 11150 utterances; for utterance CM05_B3_UW41_M6 avg. like is -52.9975 over 132 frames.
LOG (gmm-acc-stats-ali[5.5]:main():gmm-acc-stats-ali.cc:105) Processed 11200 utterances; for utterance CM05_B3_UW50_M6 avg. like is -52.128 over 133 frames.
LOG (gmm-acc-stats-ali[5.5]:main():gmm-acc-stats-ali.cc:105) Processed 11250 utterances; for utterance CM05_B3_UW5_M6 avg. like is -52.8812 over 93 frames.
LOG (gmm-acc-stats-ali[5.5]:main():gmm-acc-stats-ali.cc:105) Processed 11300 utterances; for utterance CM05_B3_UW69_M6 avg. like is -53.6006 over 137 frames.
LOG (gmm-acc-stats-ali[5.5]:main():gmm-acc-stats-ali.cc:105) Processed 11350 utterances; for utterance CM05_B3_UW78_M6 avg. like is -54.6266 over 119 frames.
LOG (gmm-acc-stats-ali[5.5]:main():gmm-acc-stats-ali.cc:105) Processed 11400 utterances; for utterance CM05_B3_UW87_M6 avg. like is -51.0091 over 104 frames.
LOG (gmm-acc-stats-ali[5.5]:main():gmm-acc-stats-ali.cc:105) Processed 11450 utterances; for utterance CM05_B3_UW96_M6 avg. like is -49.6058 over 170 frames.
LOG (apply-cmvn[5.5]:main():apply-cmvn.cc:162) Applied cepstral mean normalization to 11472 utterances, errors on 0
LOG (transform-feats[5.5]:main():transform-feats.cc:158) Overall average [pseudo-]logdet is -89.3309 over 1.65272e+06 frames.
LOG (transform-feats[5.5]:main():transform-feats.cc:161) Applied transform to 11472 utterances; 0 had errors.
LOG (transform-feats[5.5]:main():transform-feats.cc:158) Overall average logdet is 1.65685 over 1.65272e+06 frames.
LOG (transform-feats[5.5]:main():transform-feats.cc:161) Applied transform to 11472 utterances; 0 had errors.
LOG (gmm-acc-stats-ali[5.5]:main():gmm-acc-stats-ali.cc:112) Done 11472 files, 0 with errors.
LOG (gmm-acc-stats-ali[5.5]:main():gmm-acc-stats-ali.cc:115) Overall avg like per frame (Gaussian only) = -54.3003 over 1652720 frames.
LOG (gmm-acc-stats-ali[5.5]:main():gmm-acc-stats-ali.cc:123) Written accs.
# Accounting: time=3 threads=1
# Ended (code 0) at Fri Mar 17 00:06:58 IST 2023, elapsed time 3 seconds
