# ali-to-post "ark:gunzip -c exp_dys_comb_vad/tri2_ali/ali.7.gz|" ark:- | weight-silence-post 0.0 1:2:3:4:5:6:7:8:9:10 exp_dys_comb_vad/tri2_ali/final.mdl ark:- ark:- | gmm-est-fmllr --fmllr-update-type=full --spk2utt=ark:data_dys_comb_vad/train_dys_pow_no_sil/split11/7/spk2utt exp_dys_comb_vad/tri2_ali/final.mdl "ark,s,cs:apply-cmvn  --utt2spk=ark:data_dys_comb_vad/train_dys_pow_no_sil/split11/7/utt2spk scp:data_dys_comb_vad/train_dys_pow_no_sil/split11/7/cmvn.scp scp:data_dys_comb_vad/train_dys_pow_no_sil/split11/7/feats.scp ark:- | splice-feats --left-context=3 --right-context=3 ark:- ark:- | transform-feats exp_dys_comb_vad/tri2_ali/final.mat ark:- ark:- |" ark:- ark:exp_dys_comb_vad/tri3/trans.7 
# Started at Fri Mar 17 00:06:22 IST 2023
#
weight-silence-post 0.0 1:2:3:4:5:6:7:8:9:10 exp_dys_comb_vad/tri2_ali/final.mdl ark:- ark:- 
ali-to-post 'ark:gunzip -c exp_dys_comb_vad/tri2_ali/ali.7.gz|' ark:- 
gmm-est-fmllr --fmllr-update-type=full --spk2utt=ark:data_dys_comb_vad/train_dys_pow_no_sil/split11/7/spk2utt exp_dys_comb_vad/tri2_ali/final.mdl 'ark,s,cs:apply-cmvn  --utt2spk=ark:data_dys_comb_vad/train_dys_pow_no_sil/split11/7/utt2spk scp:data_dys_comb_vad/train_dys_pow_no_sil/split11/7/cmvn.scp scp:data_dys_comb_vad/train_dys_pow_no_sil/split11/7/feats.scp ark:- | splice-feats --left-context=3 --right-context=3 ark:- ark:- | transform-feats exp_dys_comb_vad/tri2_ali/final.mat ark:- ark:- |' ark:- ark:exp_dys_comb_vad/tri3/trans.7 
apply-cmvn --utt2spk=ark:data_dys_comb_vad/train_dys_pow_no_sil/split11/7/utt2spk scp:data_dys_comb_vad/train_dys_pow_no_sil/split11/7/cmvn.scp scp:data_dys_comb_vad/train_dys_pow_no_sil/split11/7/feats.scp ark:- 
splice-feats --left-context=3 --right-context=3 ark:- ark:- 
transform-feats exp_dys_comb_vad/tri2_ali/final.mat ark:- ark:- 
LOG (ali-to-post[5.5]:main():ali-to-post.cc:73) Converted 6828 alignments.
LOG (weight-silence-post[5.5]:main():weight-silence-post.cc:95) Done 6828 posteriors.
WARNING (gmm-est-fmllr[5.5]:main():gmm-est-fmllr.cc:118) Did not find posteriors for utterance F04_B1_UW80_M6
LOG (gmm-est-fmllr[5.5]:ComputeFmllrMatrixDiagGmmFull():fmllr-diag-gmm.cc:262) fMLLR objf improvement is 1.5381 per frame over 119085 frames.
LOG (gmm-est-fmllr[5.5]:main():gmm-est-fmllr.cc:143) For speaker F04, auxf-impr from fMLLR is 1.5381, over 119085 frames.
LOG (gmm-est-fmllr[5.5]:ComputeFmllrMatrixDiagGmmFull():fmllr-diag-gmm.cc:262) fMLLR objf improvement is 0.851916 per frame over 132416 frames.
LOG (gmm-est-fmllr[5.5]:main():gmm-est-fmllr.cc:143) For speaker M01, auxf-impr from fMLLR is 0.851916, over 132416 frames.
LOG (apply-cmvn[5.5]:main():apply-cmvn.cc:162) Applied cepstral mean normalization to 6829 utterances, errors on 0
LOG (transform-feats[5.5]:main():transform-feats.cc:158) Overall average [pseudo-]logdet is -89.3309 over 1.19664e+06 frames.
LOG (transform-feats[5.5]:main():transform-feats.cc:161) Applied transform to 6829 utterances; 0 had errors.
LOG (gmm-est-fmllr[5.5]:ComputeFmllrMatrixDiagGmmFull():fmllr-diag-gmm.cc:262) fMLLR objf improvement is 1.1301 per frame over 137224 frames.
LOG (gmm-est-fmllr[5.5]:main():gmm-est-fmllr.cc:143) For speaker M04, auxf-impr from fMLLR is 1.1301, over 137224 frames.
LOG (gmm-est-fmllr[5.5]:main():gmm-est-fmllr.cc:188) Done 6828 files, 1 with no posts, 0 with other errors.
LOG (gmm-est-fmllr[5.5]:main():gmm-est-fmllr.cc:190) Overall fMLLR auxf impr per frame is 1.16033 over 388725 frames.
# Accounting: time=9 threads=1
# Ended (code 0) at Fri Mar 17 00:06:31 IST 2023, elapsed time 9 seconds
