# ali-to-post "ark:gunzip -c exp_dys_comb_vad/tri3/ali.1.gz|" ark:- | weight-silence-post 0.0 1:2:3:4:5:6:7:8:9:10 exp_dys_comb_vad/tri3/12.mdl ark:- ark:- | gmm-est-fmllr --fmllr-update-type=full --spk2utt=ark:data_dys_comb_vad/train_dys_pow_no_sil/split11/1/spk2utt exp_dys_comb_vad/tri3/12.mdl "ark,s,cs:apply-cmvn  --utt2spk=ark:data_dys_comb_vad/train_dys_pow_no_sil/split11/1/utt2spk scp:data_dys_comb_vad/train_dys_pow_no_sil/split11/1/cmvn.scp scp:data_dys_comb_vad/train_dys_pow_no_sil/split11/1/feats.scp ark:- | splice-feats --left-context=3 --right-context=3 ark:- ark:- | transform-feats exp_dys_comb_vad/tri2_ali/final.mat ark:- ark:- | transform-feats --utt2spk=ark:data_dys_comb_vad/train_dys_pow_no_sil/split11/1/utt2spk ark:exp_dys_comb_vad/tri3/trans.1 ark:- ark:- |" ark:- ark:exp_dys_comb_vad/tri3/tmp_trans.1 
# Started at Fri Mar 17 00:08:05 IST 2023
#
ali-to-post 'ark:gunzip -c exp_dys_comb_vad/tri3/ali.1.gz|' ark:- 
weight-silence-post 0.0 1:2:3:4:5:6:7:8:9:10 exp_dys_comb_vad/tri3/12.mdl ark:- ark:- 
gmm-est-fmllr --fmllr-update-type=full --spk2utt=ark:data_dys_comb_vad/train_dys_pow_no_sil/split11/1/spk2utt exp_dys_comb_vad/tri3/12.mdl 'ark,s,cs:apply-cmvn  --utt2spk=ark:data_dys_comb_vad/train_dys_pow_no_sil/split11/1/utt2spk scp:data_dys_comb_vad/train_dys_pow_no_sil/split11/1/cmvn.scp scp:data_dys_comb_vad/train_dys_pow_no_sil/split11/1/feats.scp ark:- | splice-feats --left-context=3 --right-context=3 ark:- ark:- | transform-feats exp_dys_comb_vad/tri2_ali/final.mat ark:- ark:- | transform-feats --utt2spk=ark:data_dys_comb_vad/train_dys_pow_no_sil/split11/1/utt2spk ark:exp_dys_comb_vad/tri3/trans.1 ark:- ark:- |' ark:- ark:exp_dys_comb_vad/tri3/tmp_trans.1 
splice-feats --left-context=3 --right-context=3 ark:- ark:- 
transform-feats exp_dys_comb_vad/tri2_ali/final.mat ark:- ark:- 
transform-feats --utt2spk=ark:data_dys_comb_vad/train_dys_pow_no_sil/split11/1/utt2spk ark:exp_dys_comb_vad/tri3/trans.1 ark:- ark:- 
apply-cmvn --utt2spk=ark:data_dys_comb_vad/train_dys_pow_no_sil/split11/1/utt2spk scp:data_dys_comb_vad/train_dys_pow_no_sil/split11/1/cmvn.scp scp:data_dys_comb_vad/train_dys_pow_no_sil/split11/1/feats.scp ark:- 
LOG (gmm-est-fmllr[5.5]:ComputeFmllrMatrixDiagGmmFull():fmllr-diag-gmm.cc:262) fMLLR objf improvement is 0.0527551 per frame over 309565 frames.
LOG (gmm-est-fmllr[5.5]:main():gmm-est-fmllr.cc:143) For speaker CF02, auxf-impr from fMLLR is 0.0527551, over 309565 frames.
LOG (ali-to-post[5.5]:main():ali-to-post.cc:73) Converted 7642 alignments.
LOG (weight-silence-post[5.5]:main():weight-silence-post.cc:95) Done 7642 posteriors.
WARNING (gmm-est-fmllr[5.5]:main():gmm-est-fmllr.cc:118) Did not find posteriors for utterance CF03_B2_CW74_M3
WARNING (gmm-est-fmllr[5.5]:main():gmm-est-fmllr.cc:118) Did not find posteriors for utterance CF03_B2_UW2_M3
WARNING (gmm-est-fmllr[5.5]:main():gmm-est-fmllr.cc:118) Did not find posteriors for utterance CF03_B2_UW4_M3
WARNING (gmm-est-fmllr[5.5]:main():gmm-est-fmllr.cc:118) Did not find posteriors for utterance CF03_B2_UW5_M3
WARNING (gmm-est-fmllr[5.5]:main():gmm-est-fmllr.cc:118) Did not find posteriors for utterance CF03_B2_UW92_M3
WARNING (gmm-est-fmllr[5.5]:main():gmm-est-fmllr.cc:118) Did not find posteriors for utterance CF03_B3_UW42_M3
WARNING (gmm-est-fmllr[5.5]:main():gmm-est-fmllr.cc:118) Did not find posteriors for utterance CF03_B3_UW49_M3
WARNING (gmm-est-fmllr[5.5]:main():gmm-est-fmllr.cc:118) Did not find posteriors for utterance CF03_B3_UW63_M3
LOG (apply-cmvn[5.5]:main():apply-cmvn.cc:162) Applied cepstral mean normalization to 7650 utterances, errors on 0
LOG (transform-feats[5.5]:main():transform-feats.cc:158) Overall average [pseudo-]logdet is -89.3309 over 1.24587e+06 frames.
LOG (transform-feats[5.5]:main():transform-feats.cc:161) Applied transform to 7650 utterances; 0 had errors.
LOG (transform-feats[5.5]:main():transform-feats.cc:158) Overall average logdet is 3.12933 over 1.24587e+06 frames.
LOG (transform-feats[5.5]:main():transform-feats.cc:161) Applied transform to 7650 utterances; 0 had errors.
LOG (gmm-est-fmllr[5.5]:ComputeFmllrMatrixDiagGmmFull():fmllr-diag-gmm.cc:262) fMLLR objf improvement is 0.0539644 per frame over 309975 frames.
LOG (gmm-est-fmllr[5.5]:main():gmm-est-fmllr.cc:143) For speaker CF03, auxf-impr from fMLLR is 0.0539644, over 309975 frames.
LOG (gmm-est-fmllr[5.5]:main():gmm-est-fmllr.cc:188) Done 7642 files, 8 with no posts, 0 with other errors.
LOG (gmm-est-fmllr[5.5]:main():gmm-est-fmllr.cc:190) Overall fMLLR auxf impr per frame is 0.0533602 over 619540 frames.
# Accounting: time=10 threads=1
# Ended (code 0) at Fri Mar 17 00:08:15 IST 2023, elapsed time 10 seconds
