# ali-to-post "ark:gunzip -c exp_dys_comb_vad/tri3/ali.3.gz|" ark:- | weight-silence-post 0.0 1:2:3:4:5:6:7:8:9:10 exp_dys_comb_vad/tri3/12.mdl ark:- ark:- | gmm-est-fmllr --fmllr-update-type=full --spk2utt=ark:data_dys_comb_vad/train_dys_pow_no_sil/split11/3/spk2utt exp_dys_comb_vad/tri3/12.mdl "ark,s,cs:apply-cmvn  --utt2spk=ark:data_dys_comb_vad/train_dys_pow_no_sil/split11/3/utt2spk scp:data_dys_comb_vad/train_dys_pow_no_sil/split11/3/cmvn.scp scp:data_dys_comb_vad/train_dys_pow_no_sil/split11/3/feats.scp ark:- | splice-feats --left-context=3 --right-context=3 ark:- ark:- | transform-feats exp_dys_comb_vad/tri2_ali/final.mat ark:- ark:- | transform-feats --utt2spk=ark:data_dys_comb_vad/train_dys_pow_no_sil/split11/3/utt2spk ark:exp_dys_comb_vad/tri3/trans.3 ark:- ark:- |" ark:- ark:exp_dys_comb_vad/tri3/tmp_trans.3 
# Started at Fri Mar 17 00:08:05 IST 2023
#
ali-to-post 'ark:gunzip -c exp_dys_comb_vad/tri3/ali.3.gz|' ark:- 
weight-silence-post 0.0 1:2:3:4:5:6:7:8:9:10 exp_dys_comb_vad/tri3/12.mdl ark:- ark:- 
gmm-est-fmllr --fmllr-update-type=full --spk2utt=ark:data_dys_comb_vad/train_dys_pow_no_sil/split11/3/spk2utt exp_dys_comb_vad/tri3/12.mdl 'ark,s,cs:apply-cmvn  --utt2spk=ark:data_dys_comb_vad/train_dys_pow_no_sil/split11/3/utt2spk scp:data_dys_comb_vad/train_dys_pow_no_sil/split11/3/cmvn.scp scp:data_dys_comb_vad/train_dys_pow_no_sil/split11/3/feats.scp ark:- | splice-feats --left-context=3 --right-context=3 ark:- ark:- | transform-feats exp_dys_comb_vad/tri2_ali/final.mat ark:- ark:- | transform-feats --utt2spk=ark:data_dys_comb_vad/train_dys_pow_no_sil/split11/3/utt2spk ark:exp_dys_comb_vad/tri3/trans.3 ark:- ark:- |' ark:- ark:exp_dys_comb_vad/tri3/tmp_trans.3 
transform-feats exp_dys_comb_vad/tri2_ali/final.mat ark:- ark:- 
apply-cmvn --utt2spk=ark:data_dys_comb_vad/train_dys_pow_no_sil/split11/3/utt2spk scp:data_dys_comb_vad/train_dys_pow_no_sil/split11/3/cmvn.scp scp:data_dys_comb_vad/train_dys_pow_no_sil/split11/3/feats.scp ark:- 
transform-feats --utt2spk=ark:data_dys_comb_vad/train_dys_pow_no_sil/split11/3/utt2spk ark:exp_dys_comb_vad/tri3/trans.3 ark:- ark:- 
splice-feats --left-context=3 --right-context=3 ark:- ark:- 
LOG (gmm-est-fmllr[5.5]:ComputeFmllrMatrixDiagGmmFull():fmllr-diag-gmm.cc:262) fMLLR objf improvement is 0.0508682 per frame over 244537 frames.
LOG (gmm-est-fmllr[5.5]:main():gmm-est-fmllr.cc:143) For speaker CM06, auxf-impr from fMLLR is 0.0508682, over 244537 frames.
LOG (ali-to-post[5.5]:main():ali-to-post.cc:73) Converted 7647 alignments.
LOG (weight-silence-post[5.5]:main():weight-silence-post.cc:95) Done 7647 posteriors.
LOG (apply-cmvn[5.5]:main():apply-cmvn.cc:162) Applied cepstral mean normalization to 7647 utterances, errors on 0
LOG (transform-feats[5.5]:main():transform-feats.cc:158) Overall average [pseudo-]logdet is -89.3309 over 933553 frames.
LOG (transform-feats[5.5]:main():transform-feats.cc:161) Applied transform to 7647 utterances; 0 had errors.
LOG (transform-feats[5.5]:main():transform-feats.cc:158) Overall average logdet is 3.80529 over 933553 frames.
LOG (transform-feats[5.5]:main():transform-feats.cc:161) Applied transform to 7647 utterances; 0 had errors.
LOG (gmm-est-fmllr[5.5]:ComputeFmllrMatrixDiagGmmFull():fmllr-diag-gmm.cc:262) fMLLR objf improvement is 0.0437601 per frame over 264162 frames.
LOG (gmm-est-fmllr[5.5]:main():gmm-est-fmllr.cc:143) For speaker CM08, auxf-impr from fMLLR is 0.0437601, over 264162 frames.
LOG (gmm-est-fmllr[5.5]:main():gmm-est-fmllr.cc:188) Done 7647 files, 0 with no posts, 0 with other errors.
LOG (gmm-est-fmllr[5.5]:main():gmm-est-fmllr.cc:190) Overall fMLLR auxf impr per frame is 0.047177 over 508699 frames.
# Accounting: time=10 threads=1
# Ended (code 0) at Fri Mar 17 00:08:15 IST 2023, elapsed time 10 seconds
