# gmm-est --power=0.2 --write-occs=exp_dys_comb_vad/tri3/15.occs --mix-up=9280 exp_dys_comb_vad/tri3/14.mdl "gmm-sum-accs - exp_dys_comb_vad/tri3/14.*.acc |" exp_dys_comb_vad/tri3/15.mdl 
# Started at Fri Mar 17 00:08:27 IST 2023
#
gmm-est --power=0.2 --write-occs=exp_dys_comb_vad/tri3/15.occs --mix-up=9280 exp_dys_comb_vad/tri3/14.mdl 'gmm-sum-accs - exp_dys_comb_vad/tri3/14.*.acc |' exp_dys_comb_vad/tri3/15.mdl 
gmm-sum-accs - exp_dys_comb_vad/tri3/14.1.acc exp_dys_comb_vad/tri3/14.10.acc exp_dys_comb_vad/tri3/14.11.acc exp_dys_comb_vad/tri3/14.2.acc exp_dys_comb_vad/tri3/14.3.acc exp_dys_comb_vad/tri3/14.4.acc exp_dys_comb_vad/tri3/14.5.acc exp_dys_comb_vad/tri3/14.6.acc exp_dys_comb_vad/tri3/14.7.acc exp_dys_comb_vad/tri3/14.8.acc exp_dys_comb_vad/tri3/14.9.acc 
LOG (gmm-sum-accs[5.5]:main():gmm-sum-accs.cc:63) Summed 11 stats, total count 1.10727e+07, avg like/frame -51.6707
LOG (gmm-sum-accs[5.5]:main():gmm-sum-accs.cc:66) Total count of stats is 1.10727e+07
LOG (gmm-sum-accs[5.5]:main():gmm-sum-accs.cc:67) Written stats to -
LOG (gmm-est[5.5]:MleUpdate():transition-model.cc:528) TransitionModel::Update, objf change is 0 per frame over 1.10727e+07 frames. 
LOG (gmm-est[5.5]:MleUpdate():transition-model.cc:531) 28 probabilities floored, 3551 out of 5444 transition-states skipped due to insuffient data (it is normal to have some skipped.)
LOG (gmm-est[5.5]:main():gmm-est.cc:102) Transition model update: Overall 0 log-like improvement per frame over 1.10727e+07 frames.
WARNING (gmm-est[5.5]:MleDiagGmmUpdate():mle-diag-gmm.cc:365) Gaussian has too little data but not removing it because it is the last Gaussian: i = 0, occ = 0, weight = 1
WARNING (gmm-est[5.5]:MleDiagGmmUpdate():mle-diag-gmm.cc:365) Gaussian has too little data but not removing it because it is the last Gaussian: i = 0, occ = 0, weight = 1
LOG (gmm-est[5.5]:MleAmDiagGmmUpdate():mle-am-diag-gmm.cc:225) 0 variance elements floored in 0 Gaussians, out of 8720
LOG (gmm-est[5.5]:MleAmDiagGmmUpdate():mle-am-diag-gmm.cc:229) Removed 0 Gaussians due to counts < --min-gaussian-occupancy=10 and --remove-low-count-gaussians=true
LOG (gmm-est[5.5]:main():gmm-est.cc:113) GMM update: Overall 0.043259 objective function improvement per frame over 1.10727e+07 frames
LOG (gmm-est[5.5]:main():gmm-est.cc:116) GMM update: Overall avg like per frame = -51.6707 over 1.10727e+07 frames.
LOG (gmm-est[5.5]:SplitByCount():am-diag-gmm.cc:116) Split 1632 states with target = 9280, power = 0.2, perturb_factor = 0.01 and min_count = 20, split #Gauss from 8720 to 9280
LOG (gmm-est[5.5]:main():gmm-est.cc:146) Written model to exp_dys_comb_vad/tri3/15.mdl
# Accounting: time=0 threads=1
# Ended (code 0) at Fri Mar 17 00:08:27 IST 2023, elapsed time 0 seconds
