# gmm-est --power=0.2 --write-occs=exp_dys_comb_vad/tri3/11.occs --mix-up=7040 exp_dys_comb_vad/tri3/10.mdl "gmm-sum-accs - exp_dys_comb_vad/tri3/10.*.acc |" exp_dys_comb_vad/tri3/11.mdl 
# Started at Fri Mar 17 00:08:01 IST 2023
#
gmm-est --power=0.2 --write-occs=exp_dys_comb_vad/tri3/11.occs --mix-up=7040 exp_dys_comb_vad/tri3/10.mdl 'gmm-sum-accs - exp_dys_comb_vad/tri3/10.*.acc |' exp_dys_comb_vad/tri3/11.mdl 
gmm-sum-accs - exp_dys_comb_vad/tri3/10.1.acc exp_dys_comb_vad/tri3/10.10.acc exp_dys_comb_vad/tri3/10.11.acc exp_dys_comb_vad/tri3/10.2.acc exp_dys_comb_vad/tri3/10.3.acc exp_dys_comb_vad/tri3/10.4.acc exp_dys_comb_vad/tri3/10.5.acc exp_dys_comb_vad/tri3/10.6.acc exp_dys_comb_vad/tri3/10.7.acc exp_dys_comb_vad/tri3/10.8.acc exp_dys_comb_vad/tri3/10.9.acc 
LOG (gmm-sum-accs[5.5]:main():gmm-sum-accs.cc:63) Summed 11 stats, total count 1.10727e+07, avg like/frame -52.1921
LOG (gmm-sum-accs[5.5]:main():gmm-sum-accs.cc:66) Total count of stats is 1.10727e+07
LOG (gmm-sum-accs[5.5]:main():gmm-sum-accs.cc:67) Written stats to -
LOG (gmm-est[5.5]:MleUpdate():transition-model.cc:528) TransitionModel::Update, objf change is 0.00039848 per frame over 1.10727e+07 frames. 
LOG (gmm-est[5.5]:MleUpdate():transition-model.cc:531) 28 probabilities floored, 3551 out of 5444 transition-states skipped due to insuffient data (it is normal to have some skipped.)
LOG (gmm-est[5.5]:main():gmm-est.cc:102) Transition model update: Overall 0.00039848 log-like improvement per frame over 1.10727e+07 frames.
WARNING (gmm-est[5.5]:MleDiagGmmUpdate():mle-diag-gmm.cc:365) Gaussian has too little data but not removing it because it is the last Gaussian: i = 0, occ = 0, weight = 1
WARNING (gmm-est[5.5]:MleDiagGmmUpdate():mle-diag-gmm.cc:365) Gaussian has too little data but not removing it because it is the last Gaussian: i = 0, occ = 0, weight = 1
LOG (gmm-est[5.5]:MleAmDiagGmmUpdate():mle-am-diag-gmm.cc:225) 0 variance elements floored in 0 Gaussians, out of 6480
LOG (gmm-est[5.5]:MleAmDiagGmmUpdate():mle-am-diag-gmm.cc:229) Removed 0 Gaussians due to counts < --min-gaussian-occupancy=10 and --remove-low-count-gaussians=true
LOG (gmm-est[5.5]:main():gmm-est.cc:113) GMM update: Overall 0.106477 objective function improvement per frame over 1.10727e+07 frames
LOG (gmm-est[5.5]:main():gmm-est.cc:116) GMM update: Overall avg like per frame = -52.1921 over 1.10727e+07 frames.
LOG (gmm-est[5.5]:SplitByCount():am-diag-gmm.cc:116) Split 1632 states with target = 7040, power = 0.2, perturb_factor = 0.01 and min_count = 20, split #Gauss from 6480 to 7040
LOG (gmm-est[5.5]:main():gmm-est.cc:146) Written model to exp_dys_comb_vad/tri3/11.mdl
# Accounting: time=0 threads=1
# Ended (code 0) at Fri Mar 17 00:08:01 IST 2023, elapsed time 0 seconds
