# gmm-acc-stats-ali exp_dys_comb_vad/mono/1.mdl "ark,s,cs:apply-cmvn  --utt2spk=ark:data_dys_comb_vad/train_dys_pow_no_sil/split11/2/utt2spk scp:data_dys_comb_vad/train_dys_pow_no_sil/split11/2/cmvn.scp scp:data_dys_comb_vad/train_dys_pow_no_sil/split11/2/feats.scp ark:- | add-deltas  ark:- ark:- |" "ark:gunzip -c exp_dys_comb_vad/mono/ali.2.gz|" exp_dys_comb_vad/mono/1.2.acc 
# Started at Thu Mar 16 23:35:03 IST 2023
#
gmm-acc-stats-ali exp_dys_comb_vad/mono/1.mdl 'ark,s,cs:apply-cmvn  --utt2spk=ark:data_dys_comb_vad/train_dys_pow_no_sil/split11/2/utt2spk scp:data_dys_comb_vad/train_dys_pow_no_sil/split11/2/cmvn.scp scp:data_dys_comb_vad/train_dys_pow_no_sil/split11/2/feats.scp ark:- | add-deltas  ark:- ark:- |' 'ark:gunzip -c exp_dys_comb_vad/mono/ali.2.gz|' exp_dys_comb_vad/mono/1.2.acc 
apply-cmvn --utt2spk=ark:data_dys_comb_vad/train_dys_pow_no_sil/split11/2/utt2spk scp:data_dys_comb_vad/train_dys_pow_no_sil/split11/2/cmvn.scp scp:data_dys_comb_vad/train_dys_pow_no_sil/split11/2/feats.scp ark:- 
add-deltas ark:- ark:- 
LOG (gmm-acc-stats-ali[5.5]:main():gmm-acc-stats-ali.cc:105) Processed 50 utterances; for utterance CF04_B1_C19_M8 avg. like is -109.289 over 113 frames.
LOG (gmm-acc-stats-ali[5.5]:main():gmm-acc-stats-ali.cc:105) Processed 100 utterances; for utterance CF04_B1_CW100_M8 avg. like is -110.082 over 110 frames.
LOG (gmm-acc-stats-ali[5.5]:main():gmm-acc-stats-ali.cc:105) Processed 150 utterances; for utterance CF04_B1_CW19_M8 avg. like is -105.917 over 127 frames.
LOG (gmm-acc-stats-ali[5.5]:main():gmm-acc-stats-ali.cc:105) Processed 200 utterances; for utterance CF04_B1_CW28_M8 avg. like is -106.917 over 141 frames.
LOG (gmm-acc-stats-ali[5.5]:main():gmm-acc-stats-ali.cc:105) Processed 250 utterances; for utterance CF04_B1_CW37_M8 avg. like is -116.123 over 133 frames.
LOG (gmm-acc-stats-ali[5.5]:main():gmm-acc-stats-ali.cc:105) Processed 300 utterances; for utterance CF04_B1_CW46_M8 avg. like is -96.6906 over 147 frames.
LOG (gmm-acc-stats-ali[5.5]:main():gmm-acc-stats-ali.cc:105) Processed 350 utterances; for utterance CF04_B1_CW55_M8 avg. like is -96.3078 over 151 frames.
LOG (gmm-acc-stats-ali[5.5]:main():gmm-acc-stats-ali.cc:105) Processed 400 utterances; for utterance CF04_B1_CW64_M8 avg. like is -107.268 over 134 frames.
LOG (gmm-acc-stats-ali[5.5]:main():gmm-acc-stats-ali.cc:105) Processed 450 utterances; for utterance CF04_B1_CW73_M8 avg. like is -115.26 over 139 frames.
LOG (gmm-acc-stats-ali[5.5]:main():gmm-acc-stats-ali.cc:105) Processed 500 utterances; for utterance CF04_B1_CW82_M8 avg. like is -97.4373 over 144 frames.
LOG (gmm-acc-stats-ali[5.5]:main():gmm-acc-stats-ali.cc:105) Processed 550 utterances; for utterance CF04_B1_CW91_M8 avg. like is -108.144 over 135 frames.
LOG (gmm-acc-stats-ali[5.5]:main():gmm-acc-stats-ali.cc:105) Processed 600 utterances; for utterance CF04_B1_D0_M8 avg. like is -100.783 over 190 frames.
LOG (gmm-acc-stats-ali[5.5]:main():gmm-acc-stats-ali.cc:105) Processed 650 utterances; for utterance CF04_B1_LA_M8 avg. like is -96.4828 over 152 frames.
LOG (gmm-acc-stats-ali[5.5]:main():gmm-acc-stats-ali.cc:105) Processed 700 utterances; for utterance CF04_B1_LK_M8 avg. like is -97.2797 over 151 frames.
LOG (gmm-acc-stats-ali[5.5]:main():gmm-acc-stats-ali.cc:105) Processed 750 utterances; for utterance CF04_B1_LU_M8 avg. like is -96.3875 over 163 frames.
LOG (gmm-acc-stats-ali[5.5]:main():gmm-acc-stats-ali.cc:105) Processed 800 utterances; for utterance CF04_B1_UW13_M8 avg. like is -103.827 over 166 frames.
LOG (gmm-acc-stats-ali[5.5]:main():gmm-acc-stats-ali.cc:105) Processed 850 utterances; for utterance CF04_B1_UW22_M8 avg. like is -107.507 over 174 frames.
LOG (gmm-acc-stats-ali[5.5]:main():gmm-acc-stats-ali.cc:105) Processed 900 utterances; for utterance CF04_B1_UW31_M8 avg. like is -103.427 over 151 frames.
LOG (gmm-acc-stats-ali[5.5]:main():gmm-acc-stats-ali.cc:105) Processed 950 utterances; for utterance CF04_B1_UW40_M8 avg. like is -110.233 over 137 frames.
LOG (gmm-acc-stats-ali[5.5]:main():gmm-acc-stats-ali.cc:105) Processed 1000 utterances; for utterance CF04_B1_UW4_M8 avg. like is -105.793 over 188 frames.
LOG (gmm-acc-stats-ali[5.5]:main():gmm-acc-stats-ali.cc:105) Processed 1050 utterances; for utterance CF04_B1_UW59_M8 avg. like is -109.71 over 143 frames.
LOG (gmm-acc-stats-ali[5.5]:main():gmm-acc-stats-ali.cc:105) Processed 1100 utterances; for utterance CF04_B1_UW68_M8 avg. like is -106.942 over 175 frames.
LOG (gmm-acc-stats-ali[5.5]:main():gmm-acc-stats-ali.cc:105) Processed 1150 utterances; for utterance CF04_B1_UW77_M8 avg. like is -96.6078 over 160 frames.
LOG (gmm-acc-stats-ali[5.5]:main():gmm-acc-stats-ali.cc:105) Processed 1200 utterances; for utterance CF04_B1_UW86_M8 avg. like is -103.832 over 133 frames.
LOG (gmm-acc-stats-ali[5.5]:main():gmm-acc-stats-ali.cc:105) Processed 1250 utterances; for utterance CF04_B1_UW95_M8 avg. like is -99.0185 over 155 frames.
LOG (gmm-acc-stats-ali[5.5]:main():gmm-acc-stats-ali.cc:105) Processed 1300 utterances; for utterance CF04_B2_C14_M8 avg. like is -104.049 over 160 frames.
LOG (gmm-acc-stats-ali[5.5]:main():gmm-acc-stats-ali.cc:105) Processed 1350 utterances; for utterance CF04_B2_C5_M8 avg. like is -102.952 over 170 frames.
LOG (gmm-acc-stats-ali[5.5]:main():gmm-acc-stats-ali.cc:105) Processed 1400 utterances; for utterance CF04_B2_CW14_M8 avg. like is -101.107 over 139 frames.
LOG (gmm-acc-stats-ali[5.5]:main():gmm-acc-stats-ali.cc:105) Processed 1450 utterances; for utterance CF04_B2_CW23_M8 avg. like is -104.724 over 146 frames.
LOG (gmm-acc-stats-ali[5.5]:main():gmm-acc-stats-ali.cc:105) Processed 1500 utterances; for utterance CF04_B2_CW32_M8 avg. like is -107.474 over 122 frames.
LOG (gmm-acc-stats-ali[5.5]:main():gmm-acc-stats-ali.cc:105) Processed 1550 utterances; for utterance CF04_B2_CW41_M8 avg. like is -108.512 over 151 frames.
LOG (gmm-acc-stats-ali[5.5]:main():gmm-acc-stats-ali.cc:105) Processed 1600 utterances; for utterance CF04_B2_CW50_M8 avg. like is -107.247 over 149 frames.
LOG (gmm-acc-stats-ali[5.5]:main():gmm-acc-stats-ali.cc:105) Processed 1650 utterances; for utterance CF04_B2_CW5_M8 avg. like is -105.587 over 134 frames.
LOG (gmm-acc-stats-ali[5.5]:main():gmm-acc-stats-ali.cc:105) Processed 1700 utterances; for utterance CF04_B2_CW6_M3 avg. like is -103.504 over 141 frames.
LOG (gmm-acc-stats-ali[5.5]:main():gmm-acc-stats-ali.cc:105) Processed 1750 utterances; for utterance CF04_B2_CW79_M3 avg. like is -100.988 over 146 frames.
LOG (gmm-acc-stats-ali[5.5]:main():gmm-acc-stats-ali.cc:105) Processed 1800 utterances; for utterance CF04_B2_CW88_M3 avg. like is -97.5331 over 153 frames.
LOG (gmm-acc-stats-ali[5.5]:main():gmm-acc-stats-ali.cc:105) Processed 1850 utterances; for utterance CF04_B2_CW97_M3 avg. like is -101.262 over 136 frames.
LOG (gmm-acc-stats-ali[5.5]:main():gmm-acc-stats-ali.cc:105) Processed 1900 utterances; for utterance CF04_B2_D6_M3 avg. like is -106.35 over 132 frames.
LOG (gmm-acc-stats-ali[5.5]:main():gmm-acc-stats-ali.cc:105) Processed 1950 utterances; for utterance CF04_B2_LG_M3 avg. like is -101.602 over 155 frames.
LOG (gmm-acc-stats-ali[5.5]:main():gmm-acc-stats-ali.cc:105) Processed 2000 utterances; for utterance CF04_B2_LQ_M3 avg. like is -99.8279 over 140 frames.
LOG (gmm-acc-stats-ali[5.5]:main():gmm-acc-stats-ali.cc:105) Processed 2050 utterances; for utterance CF04_B2_UW100_M3 avg. like is -98.4585 over 138 frames.
LOG (gmm-acc-stats-ali[5.5]:main():gmm-acc-stats-ali.cc:105) Processed 2100 utterances; for utterance CF04_B2_UW19_M3 avg. like is -100.708 over 186 frames.
LOG (gmm-acc-stats-ali[5.5]:main():gmm-acc-stats-ali.cc:105) Processed 2150 utterances; for utterance CF04_B2_UW28_M3 avg. like is -99.4408 over 161 frames.
LOG (gmm-acc-stats-ali[5.5]:main():gmm-acc-stats-ali.cc:105) Processed 2200 utterances; for utterance CF04_B2_UW37_M3 avg. like is -97.0719 over 212 frames.
LOG (gmm-acc-stats-ali[5.5]:main():gmm-acc-stats-ali.cc:105) Processed 2250 utterances; for utterance CF04_B2_UW46_M3 avg. like is -96.1795 over 175 frames.
LOG (gmm-acc-stats-ali[5.5]:main():gmm-acc-stats-ali.cc:105) Processed 2300 utterances; for utterance CF04_B2_UW55_M3 avg. like is -104.097 over 123 frames.
LOG (gmm-acc-stats-ali[5.5]:main():gmm-acc-stats-ali.cc:105) Processed 2350 utterances; for utterance CF04_B2_UW64_M3 avg. like is -104.72 over 152 frames.
LOG (gmm-acc-stats-ali[5.5]:main():gmm-acc-stats-ali.cc:105) Processed 2400 utterances; for utterance CF04_B2_UW73_M3 avg. like is -104.22 over 147 frames.
LOG (gmm-acc-stats-ali[5.5]:main():gmm-acc-stats-ali.cc:105) Processed 2450 utterances; for utterance CF04_B2_UW82_M3 avg. like is -100.045 over 150 frames.
LOG (gmm-acc-stats-ali[5.5]:main():gmm-acc-stats-ali.cc:105) Processed 2500 utterances; for utterance CF04_B2_UW91_M3 avg. like is -102.376 over 153 frames.
LOG (gmm-acc-stats-ali[5.5]:main():gmm-acc-stats-ali.cc:105) Processed 2550 utterances; for utterance CF04_B3_C10_M3 avg. like is -97.8887 over 145 frames.
LOG (gmm-acc-stats-ali[5.5]:main():gmm-acc-stats-ali.cc:105) Processed 2600 utterances; for utterance CF04_B3_C1_M3 avg. like is -96.892 over 184 frames.
LOG (gmm-acc-stats-ali[5.5]:main():gmm-acc-stats-ali.cc:105) Processed 2650 utterances; for utterance CF04_B3_CW10_M3 avg. like is -107.293 over 139 frames.
LOG (gmm-acc-stats-ali[5.5]:main():gmm-acc-stats-ali.cc:105) Processed 2700 utterances; for utterance CF04_B3_CW1_M3 avg. like is -94.3457 over 125 frames.
LOG (gmm-acc-stats-ali[5.5]:main():gmm-acc-stats-ali.cc:105) Processed 2750 utterances; for utterance CF04_B3_CW29_M3 avg. like is -100.684 over 143 frames.
LOG (gmm-acc-stats-ali[5.5]:main():gmm-acc-stats-ali.cc:105) Processed 2800 utterances; for utterance CF04_B3_CW38_M3 avg. like is -99.2694 over 144 frames.
LOG (gmm-acc-stats-ali[5.5]:main():gmm-acc-stats-ali.cc:105) Processed 2850 utterances; for utterance CF04_B3_CW47_M3 avg. like is -99.6455 over 172 frames.
LOG (gmm-acc-stats-ali[5.5]:main():gmm-acc-stats-ali.cc:105) Processed 2900 utterances; for utterance CF04_B3_CW56_M3 avg. like is -107.275 over 148 frames.
LOG (gmm-acc-stats-ali[5.5]:main():gmm-acc-stats-ali.cc:105) Processed 2950 utterances; for utterance CF04_B3_CW65_M3 avg. like is -114.298 over 159 frames.
LOG (gmm-acc-stats-ali[5.5]:main():gmm-acc-stats-ali.cc:105) Processed 3000 utterances; for utterance CF04_B3_CW74_M3 avg. like is -106.019 over 149 frames.
LOG (gmm-acc-stats-ali[5.5]:main():gmm-acc-stats-ali.cc:105) Processed 3050 utterances; for utterance CF04_B3_CW83_M3 avg. like is -106.33 over 138 frames.
LOG (gmm-acc-stats-ali[5.5]:main():gmm-acc-stats-ali.cc:105) Processed 3100 utterances; for utterance CF04_B3_CW92_M3 avg. like is -106.745 over 148 frames.
LOG (gmm-acc-stats-ali[5.5]:main():gmm-acc-stats-ali.cc:105) Processed 3150 utterances; for utterance CF04_B3_D1_M3 avg. like is -105.135 over 125 frames.
LOG (gmm-acc-stats-ali[5.5]:main():gmm-acc-stats-ali.cc:105) Processed 3200 utterances; for utterance CF04_B3_LB_M3 avg. like is -95.7958 over 170 frames.
LOG (gmm-acc-stats-ali[5.5]:main():gmm-acc-stats-ali.cc:105) Processed 3250 utterances; for utterance CF04_B3_LL_M3 avg. like is -93.4841 over 155 frames.
LOG (gmm-acc-stats-ali[5.5]:main():gmm-acc-stats-ali.cc:105) Processed 3300 utterances; for utterance CF04_B3_LV_M3 avg. like is -107.448 over 166 frames.
LOG (gmm-acc-stats-ali[5.5]:main():gmm-acc-stats-ali.cc:105) Processed 3350 utterances; for utterance CF04_B3_UW14_M3 avg. like is -98.9138 over 182 frames.
LOG (gmm-acc-stats-ali[5.5]:main():gmm-acc-stats-ali.cc:105) Processed 3400 utterances; for utterance CF04_B3_UW23_M5 avg. like is -98.2547 over 184 frames.
LOG (gmm-acc-stats-ali[5.5]:main():gmm-acc-stats-ali.cc:105) Processed 3450 utterances; for utterance CF04_B3_UW32_M5 avg. like is -103.587 over 199 frames.
LOG (gmm-acc-stats-ali[5.5]:main():gmm-acc-stats-ali.cc:105) Processed 3500 utterances; for utterance CF04_B3_UW41_M5 avg. like is -104.514 over 215 frames.
LOG (gmm-acc-stats-ali[5.5]:main():gmm-acc-stats-ali.cc:105) Processed 3550 utterances; for utterance CF04_B3_UW50_M5 avg. like is -102.949 over 169 frames.
LOG (gmm-acc-stats-ali[5.5]:main():gmm-acc-stats-ali.cc:105) Processed 3600 utterances; for utterance CF04_B3_UW5_M5 avg. like is -106.291 over 137 frames.
LOG (gmm-acc-stats-ali[5.5]:main():gmm-acc-stats-ali.cc:105) Processed 3650 utterances; for utterance CF04_B3_UW69_M5 avg. like is -100.772 over 195 frames.
LOG (gmm-acc-stats-ali[5.5]:main():gmm-acc-stats-ali.cc:105) Processed 3700 utterances; for utterance CF04_B3_UW78_M5 avg. like is -97.3212 over 172 frames.
LOG (gmm-acc-stats-ali[5.5]:main():gmm-acc-stats-ali.cc:105) Processed 3750 utterances; for utterance CF04_B3_UW87_M5 avg. like is -97.6634 over 184 frames.
LOG (gmm-acc-stats-ali[5.5]:main():gmm-acc-stats-ali.cc:105) Processed 3800 utterances; for utterance CF04_B3_UW96_M5 avg. like is -97.2985 over 181 frames.
LOG (gmm-acc-stats-ali[5.5]:main():gmm-acc-stats-ali.cc:105) Processed 3850 utterances; for utterance CM04_B1_C15_M5 avg. like is -108.127 over 122 frames.
LOG (gmm-acc-stats-ali[5.5]:main():gmm-acc-stats-ali.cc:105) Processed 3900 utterances; for utterance CM04_B1_C6_M5 avg. like is -95.9955 over 151 frames.
LOG (gmm-acc-stats-ali[5.5]:main():gmm-acc-stats-ali.cc:105) Processed 3950 utterances; for utterance CM04_B1_CW15_M5 avg. like is -103.246 over 116 frames.
LOG (gmm-acc-stats-ali[5.5]:main():gmm-acc-stats-ali.cc:105) Processed 4000 utterances; for utterance CM04_B1_CW24_M5 avg. like is -105.903 over 161 frames.
LOG (gmm-acc-stats-ali[5.5]:main():gmm-acc-stats-ali.cc:105) Processed 4050 utterances; for utterance CM04_B1_CW33_M5 avg. like is -110.793 over 127 frames.
LOG (gmm-acc-stats-ali[5.5]:main():gmm-acc-stats-ali.cc:105) Processed 4100 utterances; for utterance CM04_B1_CW42_M5 avg. like is -98.1013 over 143 frames.
LOG (gmm-acc-stats-ali[5.5]:main():gmm-acc-stats-ali.cc:105) Processed 4150 utterances; for utterance CM04_B1_CW51_M5 avg. like is -111.198 over 126 frames.
LOG (gmm-acc-stats-ali[5.5]:main():gmm-acc-stats-ali.cc:105) Processed 4200 utterances; for utterance CM04_B1_CW60_M5 avg. like is -107.983 over 137 frames.
LOG (gmm-acc-stats-ali[5.5]:main():gmm-acc-stats-ali.cc:105) Processed 4250 utterances; for utterance CM04_B1_CW6_M5 avg. like is -109.865 over 126 frames.
LOG (gmm-acc-stats-ali[5.5]:main():gmm-acc-stats-ali.cc:105) Processed 4300 utterances; for utterance CM04_B1_CW79_M5 avg. like is -104.102 over 138 frames.
LOG (gmm-acc-stats-ali[5.5]:main():gmm-acc-stats-ali.cc:105) Processed 4350 utterances; for utterance CM04_B1_CW88_M5 avg. like is -101.356 over 115 frames.
LOG (gmm-acc-stats-ali[5.5]:main():gmm-acc-stats-ali.cc:105) Processed 4400 utterances; for utterance CM04_B1_CW97_M5 avg. like is -103.586 over 122 frames.
LOG (gmm-acc-stats-ali[5.5]:main():gmm-acc-stats-ali.cc:105) Processed 4450 utterances; for utterance CM04_B1_D6_M5 avg. like is -109.639 over 109 frames.
LOG (gmm-acc-stats-ali[5.5]:main():gmm-acc-stats-ali.cc:105) Processed 4500 utterances; for utterance CM04_B1_LG_M5 avg. like is -97.8759 over 144 frames.
LOG (gmm-acc-stats-ali[5.5]:main():gmm-acc-stats-ali.cc:105) Processed 4550 utterances; for utterance CM04_B1_LQ_M5 avg. like is -98.5388 over 144 frames.
LOG (gmm-acc-stats-ali[5.5]:main():gmm-acc-stats-ali.cc:105) Processed 4600 utterances; for utterance CM04_B1_UW100_M5 avg. like is -96.2006 over 151 frames.
LOG (gmm-acc-stats-ali[5.5]:main():gmm-acc-stats-ali.cc:105) Processed 4650 utterances; for utterance CM04_B1_UW19_M5 avg. like is -97.9772 over 181 frames.
LOG (gmm-acc-stats-ali[5.5]:main():gmm-acc-stats-ali.cc:105) Processed 4700 utterances; for utterance CM04_B1_UW28_M5 avg. like is -116.454 over 152 frames.
LOG (gmm-acc-stats-ali[5.5]:main():gmm-acc-stats-ali.cc:105) Processed 4750 utterances; for utterance CM04_B1_UW37_M5 avg. like is -97.9395 over 173 frames.
LOG (gmm-acc-stats-ali[5.5]:main():gmm-acc-stats-ali.cc:105) Processed 4800 utterances; for utterance CM04_B1_UW46_M5 avg. like is -99.6795 over 186 frames.
LOG (gmm-acc-stats-ali[5.5]:main():gmm-acc-stats-ali.cc:105) Processed 4850 utterances; for utterance CM04_B1_UW55_M5 avg. like is -96.9559 over 174 frames.
LOG (gmm-acc-stats-ali[5.5]:main():gmm-acc-stats-ali.cc:105) Processed 4900 utterances; for utterance CM04_B1_UW64_M5 avg. like is -96.9074 over 160 frames.
LOG (gmm-acc-stats-ali[5.5]:main():gmm-acc-stats-ali.cc:105) Processed 4950 utterances; for utterance CM04_B1_UW73_M5 avg. like is -114.199 over 131 frames.
LOG (gmm-acc-stats-ali[5.5]:main():gmm-acc-stats-ali.cc:105) Processed 5000 utterances; for utterance CM04_B1_UW82_M6 avg. like is -106.605 over 133 frames.
LOG (gmm-acc-stats-ali[5.5]:main():gmm-acc-stats-ali.cc:105) Processed 5050 utterances; for utterance CM04_B1_UW91_M6 avg. like is -101.156 over 154 frames.
LOG (gmm-acc-stats-ali[5.5]:main():gmm-acc-stats-ali.cc:105) Processed 5100 utterances; for utterance CM04_B2_C10_M6 avg. like is -100.812 over 165 frames.
LOG (gmm-acc-stats-ali[5.5]:main():gmm-acc-stats-ali.cc:105) Processed 5150 utterances; for utterance CM04_B2_C1_M6 avg. like is -99.7851 over 137 frames.
LOG (gmm-acc-stats-ali[5.5]:main():gmm-acc-stats-ali.cc:105) Processed 5200 utterances; for utterance CM04_B2_CW10_M6 avg. like is -110.874 over 105 frames.
LOG (gmm-acc-stats-ali[5.5]:main():gmm-acc-stats-ali.cc:105) Processed 5250 utterances; for utterance CM04_B2_CW1_M6 avg. like is -96.9236 over 137 frames.
LOG (gmm-acc-stats-ali[5.5]:main():gmm-acc-stats-ali.cc:105) Processed 5300 utterances; for utterance CM04_B2_CW29_M6 avg. like is -104.064 over 108 frames.
LOG (gmm-acc-stats-ali[5.5]:main():gmm-acc-stats-ali.cc:105) Processed 5350 utterances; for utterance CM04_B2_CW38_M6 avg. like is -106.913 over 118 frames.
LOG (gmm-acc-stats-ali[5.5]:main():gmm-acc-stats-ali.cc:105) Processed 5400 utterances; for utterance CM04_B2_CW47_M6 avg. like is -104.779 over 108 frames.
LOG (gmm-acc-stats-ali[5.5]:main():gmm-acc-stats-ali.cc:105) Processed 5450 utterances; for utterance CM04_B2_CW56_M6 avg. like is -105.247 over 124 frames.
LOG (gmm-acc-stats-ali[5.5]:main():gmm-acc-stats-ali.cc:105) Processed 5500 utterances; for utterance CM04_B2_CW65_M6 avg. like is -104.352 over 149 frames.
LOG (gmm-acc-stats-ali[5.5]:main():gmm-acc-stats-ali.cc:105) Processed 5550 utterances; for utterance CM04_B2_CW74_M6 avg. like is -103.837 over 117 frames.
LOG (gmm-acc-stats-ali[5.5]:main():gmm-acc-stats-ali.cc:105) Processed 5600 utterances; for utterance CM04_B2_CW83_M6 avg. like is -107.369 over 151 frames.
LOG (gmm-acc-stats-ali[5.5]:main():gmm-acc-stats-ali.cc:105) Processed 5650 utterances; for utterance CM04_B2_CW92_M6 avg. like is -107.345 over 104 frames.
LOG (gmm-acc-stats-ali[5.5]:main():gmm-acc-stats-ali.cc:105) Processed 5700 utterances; for utterance CM04_B2_D1_M6 avg. like is -99.5311 over 146 frames.
LOG (gmm-acc-stats-ali[5.5]:main():gmm-acc-stats-ali.cc:105) Processed 5750 utterances; for utterance CM04_B2_LB_M6 avg. like is -98.649 over 137 frames.
LOG (gmm-acc-stats-ali[5.5]:main():gmm-acc-stats-ali.cc:105) Processed 5800 utterances; for utterance CM04_B2_LL_M6 avg. like is -102.587 over 121 frames.
LOG (gmm-acc-stats-ali[5.5]:main():gmm-acc-stats-ali.cc:105) Processed 5850 utterances; for utterance CM04_B2_LV_M6 avg. like is -98.5521 over 135 frames.
LOG (gmm-acc-stats-ali[5.5]:main():gmm-acc-stats-ali.cc:105) Processed 5900 utterances; for utterance CM04_B2_UW14_M6 avg. like is -97.948 over 128 frames.
LOG (gmm-acc-stats-ali[5.5]:main():gmm-acc-stats-ali.cc:105) Processed 5950 utterances; for utterance CM04_B2_UW23_M6 avg. like is -103.273 over 145 frames.
LOG (gmm-acc-stats-ali[5.5]:main():gmm-acc-stats-ali.cc:105) Processed 6000 utterances; for utterance CM04_B2_UW32_M6 avg. like is -98.9291 over 180 frames.
LOG (gmm-acc-stats-ali[5.5]:main():gmm-acc-stats-ali.cc:105) Processed 6050 utterances; for utterance CM04_B2_UW41_M6 avg. like is -98.069 over 140 frames.
LOG (gmm-acc-stats-ali[5.5]:main():gmm-acc-stats-ali.cc:105) Processed 6100 utterances; for utterance CM04_B2_UW50_M6 avg. like is -95.4434 over 216 frames.
LOG (gmm-acc-stats-ali[5.5]:main():gmm-acc-stats-ali.cc:105) Processed 6150 utterances; for utterance CM04_B2_UW5_M6 avg. like is -99.2806 over 165 frames.
LOG (gmm-acc-stats-ali[5.5]:main():gmm-acc-stats-ali.cc:105) Processed 6200 utterances; for utterance CM04_B2_UW69_M6 avg. like is -96.7532 over 155 frames.
LOG (gmm-acc-stats-ali[5.5]:main():gmm-acc-stats-ali.cc:105) Processed 6250 utterances; for utterance CM04_B2_UW78_M6 avg. like is -98.4145 over 168 frames.
LOG (gmm-acc-stats-ali[5.5]:main():gmm-acc-stats-ali.cc:105) Processed 6300 utterances; for utterance CM04_B2_UW87_M6 avg. like is -109.395 over 170 frames.
LOG (gmm-acc-stats-ali[5.5]:main():gmm-acc-stats-ali.cc:105) Processed 6350 utterances; for utterance CM04_B2_UW96_M6 avg. like is -95.3783 over 164 frames.
LOG (gmm-acc-stats-ali[5.5]:main():gmm-acc-stats-ali.cc:105) Processed 6400 utterances; for utterance CM04_B3_C15_M6 avg. like is -110.466 over 120 frames.
LOG (gmm-acc-stats-ali[5.5]:main():gmm-acc-stats-ali.cc:105) Processed 6450 utterances; for utterance CM04_B3_C6_M6 avg. like is -99.8585 over 117 frames.
LOG (gmm-acc-stats-ali[5.5]:main():gmm-acc-stats-ali.cc:105) Processed 6500 utterances; for utterance CM04_B3_CW15_M6 avg. like is -104.279 over 158 frames.
LOG (gmm-acc-stats-ali[5.5]:main():gmm-acc-stats-ali.cc:105) Processed 6550 utterances; for utterance CM04_B3_CW24_M6 avg. like is -99.5574 over 117 frames.
LOG (gmm-acc-stats-ali[5.5]:main():gmm-acc-stats-ali.cc:105) Processed 6600 utterances; for utterance CM04_B3_CW33_M6 avg. like is -101.522 over 143 frames.
LOG (gmm-acc-stats-ali[5.5]:main():gmm-acc-stats-ali.cc:105) Processed 6650 utterances; for utterance CM04_B3_CW42_M6 avg. like is -94.0382 over 145 frames.
LOG (gmm-acc-stats-ali[5.5]:main():gmm-acc-stats-ali.cc:105) Processed 6700 utterances; for utterance CM04_B3_CW51_M6 avg. like is -95.4248 over 104 frames.
LOG (gmm-acc-stats-ali[5.5]:main():gmm-acc-stats-ali.cc:105) Processed 6750 utterances; for utterance CM04_B3_CW60_M6 avg. like is -100.599 over 107 frames.
LOG (gmm-acc-stats-ali[5.5]:main():gmm-acc-stats-ali.cc:105) Processed 6800 utterances; for utterance CM04_B3_CW6_M6 avg. like is -103.211 over 148 frames.
LOG (gmm-acc-stats-ali[5.5]:main():gmm-acc-stats-ali.cc:105) Processed 6850 utterances; for utterance CM04_B3_CW79_M6 avg. like is -96.2934 over 123 frames.
LOG (gmm-acc-stats-ali[5.5]:main():gmm-acc-stats-ali.cc:105) Processed 6900 utterances; for utterance CM04_B3_CW88_M6 avg. like is -104.125 over 116 frames.
LOG (gmm-acc-stats-ali[5.5]:main():gmm-acc-stats-ali.cc:105) Processed 6950 utterances; for utterance CM04_B3_CW97_M6 avg. like is -96.4081 over 106 frames.
LOG (gmm-acc-stats-ali[5.5]:main():gmm-acc-stats-ali.cc:105) Processed 7000 utterances; for utterance CM04_B3_D6_M6 avg. like is -109.78 over 118 frames.
LOG (gmm-acc-stats-ali[5.5]:main():gmm-acc-stats-ali.cc:105) Processed 7050 utterances; for utterance CM04_B3_LG_M6 avg. like is -105.355 over 117 frames.
LOG (gmm-acc-stats-ali[5.5]:main():gmm-acc-stats-ali.cc:105) Processed 7100 utterances; for utterance CM04_B3_LQ_M6 avg. like is -100.664 over 153 frames.
LOG (gmm-acc-stats-ali[5.5]:main():gmm-acc-stats-ali.cc:105) Processed 7150 utterances; for utterance CM04_B3_UW100_M6 avg. like is -99.2148 over 138 frames.
LOG (gmm-acc-stats-ali[5.5]:main():gmm-acc-stats-ali.cc:105) Processed 7200 utterances; for utterance CM04_B3_UW19_M6 avg. like is -98.8764 over 136 frames.
LOG (gmm-acc-stats-ali[5.5]:main():gmm-acc-stats-ali.cc:105) Processed 7250 utterances; for utterance CM04_B3_UW28_M6 avg. like is -98.5698 over 135 frames.
LOG (gmm-acc-stats-ali[5.5]:main():gmm-acc-stats-ali.cc:105) Processed 7300 utterances; for utterance CM04_B3_UW37_M6 avg. like is -107.908 over 113 frames.
LOG (gmm-acc-stats-ali[5.5]:main():gmm-acc-stats-ali.cc:105) Processed 7350 utterances; for utterance CM04_B3_UW46_M6 avg. like is -101.09 over 193 frames.
LOG (gmm-acc-stats-ali[5.5]:main():gmm-acc-stats-ali.cc:105) Processed 7400 utterances; for utterance CM04_B3_UW55_M6 avg. like is -96.0168 over 164 frames.
LOG (gmm-acc-stats-ali[5.5]:main():gmm-acc-stats-ali.cc:105) Processed 7450 utterances; for utterance CM04_B3_UW64_M6 avg. like is -99.4305 over 139 frames.
LOG (gmm-acc-stats-ali[5.5]:main():gmm-acc-stats-ali.cc:105) Processed 7500 utterances; for utterance CM04_B3_UW73_M6 avg. like is -103.682 over 155 frames.
LOG (gmm-acc-stats-ali[5.5]:main():gmm-acc-stats-ali.cc:105) Processed 7550 utterances; for utterance CM04_B3_UW82_M6 avg. like is -96.062 over 183 frames.
LOG (gmm-acc-stats-ali[5.5]:main():gmm-acc-stats-ali.cc:105) Processed 7600 utterances; for utterance CM04_B3_UW91_M6 avg. like is -98.4217 over 131 frames.
LOG (gmm-acc-stats-ali[5.5]:main():gmm-acc-stats-ali.cc:105) Processed 7650 utterances; for utterance CM05_B1_C10_M6 avg. like is -94.0844 over 130 frames.
LOG (gmm-acc-stats-ali[5.5]:main():gmm-acc-stats-ali.cc:105) Processed 7700 utterances; for utterance CM05_B1_C1_M6 avg. like is -99.1132 over 122 frames.
LOG (gmm-acc-stats-ali[5.5]:main():gmm-acc-stats-ali.cc:105) Processed 7750 utterances; for utterance CM05_B1_CW10_M6 avg. like is -103.89 over 93 frames.
LOG (gmm-acc-stats-ali[5.5]:main():gmm-acc-stats-ali.cc:105) Processed 7800 utterances; for utterance CM05_B1_CW1_M6 avg. like is -99.9719 over 123 frames.
LOG (gmm-acc-stats-ali[5.5]:main():gmm-acc-stats-ali.cc:105) Processed 7850 utterances; for utterance CM05_B1_CW29_M6 avg. like is -106.054 over 108 frames.
LOG (gmm-acc-stats-ali[5.5]:main():gmm-acc-stats-ali.cc:105) Processed 7900 utterances; for utterance CM05_B1_CW38_M6 avg. like is -97.372 over 121 frames.
LOG (gmm-acc-stats-ali[5.5]:main():gmm-acc-stats-ali.cc:105) Processed 7950 utterances; for utterance CM05_B1_CW47_M6 avg. like is -103.761 over 105 frames.
LOG (gmm-acc-stats-ali[5.5]:main():gmm-acc-stats-ali.cc:105) Processed 8000 utterances; for utterance CM05_B1_CW56_M6 avg. like is -99.6969 over 119 frames.
LOG (gmm-acc-stats-ali[5.5]:main():gmm-acc-stats-ali.cc:105) Processed 8050 utterances; for utterance CM05_B1_CW65_M6 avg. like is -94.7358 over 123 frames.
LOG (gmm-acc-stats-ali[5.5]:main():gmm-acc-stats-ali.cc:105) Processed 8100 utterances; for utterance CM05_B1_CW74_M6 avg. like is -100.777 over 108 frames.
LOG (gmm-acc-stats-ali[5.5]:main():gmm-acc-stats-ali.cc:105) Processed 8150 utterances; for utterance CM05_B1_CW83_M6 avg. like is -96.9633 over 101 frames.
LOG (gmm-acc-stats-ali[5.5]:main():gmm-acc-stats-ali.cc:105) Processed 8200 utterances; for utterance CM05_B1_CW92_M6 avg. like is -97.3561 over 95 frames.
LOG (gmm-acc-stats-ali[5.5]:main():gmm-acc-stats-ali.cc:105) Processed 8250 utterances; for utterance CM05_B1_D1_M6 avg. like is -94.7461 over 131 frames.
LOG (gmm-acc-stats-ali[5.5]:main():gmm-acc-stats-ali.cc:105) Processed 8300 utterances; for utterance CM05_B1_LB_M6 avg. like is -99.8589 over 119 frames.
LOG (gmm-acc-stats-ali[5.5]:main():gmm-acc-stats-ali.cc:105) Processed 8350 utterances; for utterance CM05_B1_LL_M6 avg. like is -112.322 over 107 frames.
LOG (gmm-acc-stats-ali[5.5]:main():gmm-acc-stats-ali.cc:105) Processed 8400 utterances; for utterance CM05_B1_LV_M6 avg. like is -108.218 over 105 frames.
LOG (gmm-acc-stats-ali[5.5]:main():gmm-acc-stats-ali.cc:105) Processed 8450 utterances; for utterance CM05_B1_UW14_M6 avg. like is -104.484 over 119 frames.
LOG (gmm-acc-stats-ali[5.5]:main():gmm-acc-stats-ali.cc:105) Processed 8500 utterances; for utterance CM05_B1_UW23_M6 avg. like is -106.566 over 140 frames.
LOG (gmm-acc-stats-ali[5.5]:main():gmm-acc-stats-ali.cc:105) Processed 8550 utterances; for utterance CM05_B1_UW32_M6 avg. like is -105.974 over 112 frames.
LOG (gmm-acc-stats-ali[5.5]:main():gmm-acc-stats-ali.cc:105) Processed 8600 utterances; for utterance CM05_B1_UW41_M6 avg. like is -107.651 over 137 frames.
LOG (gmm-acc-stats-ali[5.5]:main():gmm-acc-stats-ali.cc:105) Processed 8650 utterances; for utterance CM05_B1_UW50_M6 avg. like is -105.291 over 128 frames.
LOG (gmm-acc-stats-ali[5.5]:main():gmm-acc-stats-ali.cc:105) Processed 8700 utterances; for utterance CM05_B1_UW5_M6 avg. like is -108.169 over 154 frames.
LOG (gmm-acc-stats-ali[5.5]:main():gmm-acc-stats-ali.cc:105) Processed 8750 utterances; for utterance CM05_B1_UW69_M6 avg. like is -101.27 over 138 frames.
LOG (gmm-acc-stats-ali[5.5]:main():gmm-acc-stats-ali.cc:105) Processed 8800 utterances; for utterance CM05_B1_UW78_M6 avg. like is -101.133 over 156 frames.
LOG (gmm-acc-stats-ali[5.5]:main():gmm-acc-stats-ali.cc:105) Processed 8850 utterances; for utterance CM05_B1_UW87_M6 avg. like is -105.266 over 94 frames.
LOG (gmm-acc-stats-ali[5.5]:main():gmm-acc-stats-ali.cc:105) Processed 8900 utterances; for utterance CM05_B1_UW96_M6 avg. like is -100.404 over 123 frames.
LOG (gmm-acc-stats-ali[5.5]:main():gmm-acc-stats-ali.cc:105) Processed 8950 utterances; for utterance CM05_B2_C15_M6 avg. like is -104.172 over 94 frames.
LOG (gmm-acc-stats-ali[5.5]:main():gmm-acc-stats-ali.cc:105) Processed 9000 utterances; for utterance CM05_B2_C6_M6 avg. like is -101.311 over 117 frames.
LOG (gmm-acc-stats-ali[5.5]:main():gmm-acc-stats-ali.cc:105) Processed 9050 utterances; for utterance CM05_B2_CW15_M6 avg. like is -99.1759 over 85 frames.
LOG (gmm-acc-stats-ali[5.5]:main():gmm-acc-stats-ali.cc:105) Processed 9100 utterances; for utterance CM05_B2_CW24_M6 avg. like is -102.465 over 108 frames.
LOG (gmm-acc-stats-ali[5.5]:main():gmm-acc-stats-ali.cc:105) Processed 9150 utterances; for utterance CM05_B2_CW33_M6 avg. like is -100.985 over 116 frames.
LOG (gmm-acc-stats-ali[5.5]:main():gmm-acc-stats-ali.cc:105) Processed 9200 utterances; for utterance CM05_B2_CW42_M6 avg. like is -96.812 over 100 frames.
LOG (gmm-acc-stats-ali[5.5]:main():gmm-acc-stats-ali.cc:105) Processed 9250 utterances; for utterance CM05_B2_CW51_M6 avg. like is -101.158 over 82 frames.
LOG (gmm-acc-stats-ali[5.5]:main():gmm-acc-stats-ali.cc:105) Processed 9300 utterances; for utterance CM05_B2_CW60_M6 avg. like is -97.1672 over 95 frames.
LOG (gmm-acc-stats-ali[5.5]:main():gmm-acc-stats-ali.cc:105) Processed 9350 utterances; for utterance CM05_B2_CW6_M6 avg. like is -99.8512 over 81 frames.
LOG (gmm-acc-stats-ali[5.5]:main():gmm-acc-stats-ali.cc:105) Processed 9400 utterances; for utterance CM05_B2_CW79_M6 avg. like is -97.627 over 118 frames.
LOG (gmm-acc-stats-ali[5.5]:main():gmm-acc-stats-ali.cc:105) Processed 9450 utterances; for utterance CM05_B2_CW88_M6 avg. like is -98.6656 over 89 frames.
LOG (gmm-acc-stats-ali[5.5]:main():gmm-acc-stats-ali.cc:105) Processed 9500 utterances; for utterance CM05_B2_CW97_M6 avg. like is -98.0941 over 103 frames.
LOG (gmm-acc-stats-ali[5.5]:main():gmm-acc-stats-ali.cc:105) Processed 9550 utterances; for utterance CM05_B2_D6_M6 avg. like is -99.6284 over 130 frames.
LOG (gmm-acc-stats-ali[5.5]:main():gmm-acc-stats-ali.cc:105) Processed 9600 utterances; for utterance CM05_B2_LG_M6 avg. like is -97.8892 over 137 frames.
LOG (gmm-acc-stats-ali[5.5]:main():gmm-acc-stats-ali.cc:105) Processed 9650 utterances; for utterance CM05_B2_LQ_M6 avg. like is -106.677 over 113 frames.
LOG (gmm-acc-stats-ali[5.5]:main():gmm-acc-stats-ali.cc:105) Processed 9700 utterances; for utterance CM05_B2_UW100_M6 avg. like is -96.9108 over 93 frames.
LOG (gmm-acc-stats-ali[5.5]:main():gmm-acc-stats-ali.cc:105) Processed 9750 utterances; for utterance CM05_B2_UW19_M6 avg. like is -99.299 over 126 frames.
LOG (gmm-acc-stats-ali[5.5]:main():gmm-acc-stats-ali.cc:105) Processed 9800 utterances; for utterance CM05_B2_UW28_M6 avg. like is -104.219 over 103 frames.
LOG (gmm-acc-stats-ali[5.5]:main():gmm-acc-stats-ali.cc:105) Processed 9850 utterances; for utterance CM05_B2_UW37_M6 avg. like is -101.286 over 133 frames.
LOG (gmm-acc-stats-ali[5.5]:main():gmm-acc-stats-ali.cc:105) Processed 9900 utterances; for utterance CM05_B2_UW46_M6 avg. like is -105.601 over 108 frames.
LOG (gmm-acc-stats-ali[5.5]:main():gmm-acc-stats-ali.cc:105) Processed 9950 utterances; for utterance CM05_B2_UW55_M6 avg. like is -96.6755 over 97 frames.
LOG (gmm-acc-stats-ali[5.5]:main():gmm-acc-stats-ali.cc:105) Processed 10000 utterances; for utterance CM05_B2_UW64_M6 avg. like is -100.234 over 106 frames.
LOG (gmm-acc-stats-ali[5.5]:main():gmm-acc-stats-ali.cc:105) Processed 10050 utterances; for utterance CM05_B2_UW73_M6 avg. like is -103.244 over 116 frames.
LOG (gmm-acc-stats-ali[5.5]:main():gmm-acc-stats-ali.cc:105) Processed 10100 utterances; for utterance CM05_B2_UW82_M6 avg. like is -99.5044 over 127 frames.
LOG (gmm-acc-stats-ali[5.5]:main():gmm-acc-stats-ali.cc:105) Processed 10150 utterances; for utterance CM05_B2_UW91_M6 avg. like is -99.7983 over 103 frames.
LOG (gmm-acc-stats-ali[5.5]:main():gmm-acc-stats-ali.cc:105) Processed 10200 utterances; for utterance CM05_B3_C10_M6 avg. like is -95.85 over 145 frames.
LOG (gmm-acc-stats-ali[5.5]:main():gmm-acc-stats-ali.cc:105) Processed 10250 utterances; for utterance CM05_B3_C1_M6 avg. like is -98.8974 over 116 frames.
LOG (gmm-acc-stats-ali[5.5]:main():gmm-acc-stats-ali.cc:105) Processed 10300 utterances; for utterance CM05_B3_CW10_M6 avg. like is -96.4834 over 87 frames.
LOG (gmm-acc-stats-ali[5.5]:main():gmm-acc-stats-ali.cc:105) Processed 10350 utterances; for utterance CM05_B3_CW1_M6 avg. like is -94.3439 over 96 frames.
LOG (gmm-acc-stats-ali[5.5]:main():gmm-acc-stats-ali.cc:105) Processed 10400 utterances; for utterance CM05_B3_CW29_M6 avg. like is -97.4375 over 103 frames.
LOG (gmm-acc-stats-ali[5.5]:main():gmm-acc-stats-ali.cc:105) Processed 10450 utterances; for utterance CM05_B3_CW38_M6 avg. like is -96.0243 over 100 frames.
LOG (gmm-acc-stats-ali[5.5]:main():gmm-acc-stats-ali.cc:105) Processed 10500 utterances; for utterance CM05_B3_CW47_M6 avg. like is -96.9722 over 90 frames.
LOG (gmm-acc-stats-ali[5.5]:main():gmm-acc-stats-ali.cc:105) Processed 10550 utterances; for utterance CM05_B3_CW56_M6 avg. like is -98.0031 over 104 frames.
LOG (gmm-acc-stats-ali[5.5]:main():gmm-acc-stats-ali.cc:105) Processed 10600 utterances; for utterance CM05_B3_CW65_M6 avg. like is -107.162 over 85 frames.
LOG (gmm-acc-stats-ali[5.5]:main():gmm-acc-stats-ali.cc:105) Processed 10650 utterances; for utterance CM05_B3_CW74_M6 avg. like is -101.724 over 95 frames.
LOG (gmm-acc-stats-ali[5.5]:main():gmm-acc-stats-ali.cc:105) Processed 10700 utterances; for utterance CM05_B3_CW83_M6 avg. like is -95.3697 over 119 frames.
LOG (gmm-acc-stats-ali[5.5]:main():gmm-acc-stats-ali.cc:105) Processed 10750 utterances; for utterance CM05_B3_CW92_M6 avg. like is -95.5555 over 90 frames.
LOG (gmm-acc-stats-ali[5.5]:main():gmm-acc-stats-ali.cc:105) Processed 10800 utterances; for utterance CM05_B3_D1_M6 avg. like is -96.7036 over 119 frames.
LOG (gmm-acc-stats-ali[5.5]:main():gmm-acc-stats-ali.cc:105) Processed 10850 utterances; for utterance CM05_B3_LB_M6 avg. like is -99.061 over 104 frames.
LOG (gmm-acc-stats-ali[5.5]:main():gmm-acc-stats-ali.cc:105) Processed 10900 utterances; for utterance CM05_B3_LL_M6 avg. like is -99.1382 over 115 frames.
LOG (gmm-acc-stats-ali[5.5]:main():gmm-acc-stats-ali.cc:105) Processed 10950 utterances; for utterance CM05_B3_LV_M6 avg. like is -100.374 over 102 frames.
LOG (gmm-acc-stats-ali[5.5]:main():gmm-acc-stats-ali.cc:105) Processed 11000 utterances; for utterance CM05_B3_UW14_M6 avg. like is -103.335 over 108 frames.
LOG (gmm-acc-stats-ali[5.5]:main():gmm-acc-stats-ali.cc:105) Processed 11050 utterances; for utterance CM05_B3_UW23_M6 avg. like is -102.513 over 134 frames.
LOG (gmm-acc-stats-ali[5.5]:main():gmm-acc-stats-ali.cc:105) Processed 11100 utterances; for utterance CM05_B3_UW32_M6 avg. like is -103.404 over 119 frames.
LOG (gmm-acc-stats-ali[5.5]:main():gmm-acc-stats-ali.cc:105) Processed 11150 utterances; for utterance CM05_B3_UW41_M6 avg. like is -98.995 over 132 frames.
LOG (gmm-acc-stats-ali[5.5]:main():gmm-acc-stats-ali.cc:105) Processed 11200 utterances; for utterance CM05_B3_UW50_M6 avg. like is -102.533 over 133 frames.
LOG (gmm-acc-stats-ali[5.5]:main():gmm-acc-stats-ali.cc:105) Processed 11250 utterances; for utterance CM05_B3_UW5_M6 avg. like is -100.896 over 93 frames.
LOG (gmm-acc-stats-ali[5.5]:main():gmm-acc-stats-ali.cc:105) Processed 11300 utterances; for utterance CM05_B3_UW69_M6 avg. like is -104.007 over 137 frames.
LOG (gmm-acc-stats-ali[5.5]:main():gmm-acc-stats-ali.cc:105) Processed 11350 utterances; for utterance CM05_B3_UW78_M6 avg. like is -101.315 over 119 frames.
LOG (gmm-acc-stats-ali[5.5]:main():gmm-acc-stats-ali.cc:105) Processed 11400 utterances; for utterance CM05_B3_UW87_M6 avg. like is -99.2922 over 104 frames.
LOG (gmm-acc-stats-ali[5.5]:main():gmm-acc-stats-ali.cc:105) Processed 11450 utterances; for utterance CM05_B3_UW96_M6 avg. like is -96.647 over 170 frames.
LOG (apply-cmvn[5.5]:main():apply-cmvn.cc:162) Applied cepstral mean normalization to 11472 utterances, errors on 0
LOG (gmm-acc-stats-ali[5.5]:main():gmm-acc-stats-ali.cc:112) Done 11472 files, 0 with errors.
LOG (gmm-acc-stats-ali[5.5]:main():gmm-acc-stats-ali.cc:115) Overall avg like per frame (Gaussian only) = -101.207 over 1652720 frames.
LOG (gmm-acc-stats-ali[5.5]:main():gmm-acc-stats-ali.cc:123) Written accs.
# Accounting: time=2 threads=1
# Ended (code 0) at Thu Mar 16 23:35:05 IST 2023, elapsed time 2 seconds
