# gmm-acc-stats-ali exp_dys_comb_vad/mono/36.mdl "ark,s,cs:apply-cmvn  --utt2spk=ark:data_dys_comb_vad/train_dys_pow_no_sil/split11/2/utt2spk scp:data_dys_comb_vad/train_dys_pow_no_sil/split11/2/cmvn.scp scp:data_dys_comb_vad/train_dys_pow_no_sil/split11/2/feats.scp ark:- | add-deltas  ark:- ark:- |" "ark:gunzip -c exp_dys_comb_vad/mono/ali.2.gz|" exp_dys_comb_vad/mono/36.2.acc 
# Started at Thu Mar 16 23:40:30 IST 2023
#
gmm-acc-stats-ali exp_dys_comb_vad/mono/36.mdl 'ark,s,cs:apply-cmvn  --utt2spk=ark:data_dys_comb_vad/train_dys_pow_no_sil/split11/2/utt2spk scp:data_dys_comb_vad/train_dys_pow_no_sil/split11/2/cmvn.scp scp:data_dys_comb_vad/train_dys_pow_no_sil/split11/2/feats.scp ark:- | add-deltas  ark:- ark:- |' 'ark:gunzip -c exp_dys_comb_vad/mono/ali.2.gz|' exp_dys_comb_vad/mono/36.2.acc 
add-deltas ark:- ark:- 
apply-cmvn --utt2spk=ark:data_dys_comb_vad/train_dys_pow_no_sil/split11/2/utt2spk scp:data_dys_comb_vad/train_dys_pow_no_sil/split11/2/cmvn.scp scp:data_dys_comb_vad/train_dys_pow_no_sil/split11/2/feats.scp ark:- 
LOG (gmm-acc-stats-ali[5.5]:main():gmm-acc-stats-ali.cc:105) Processed 50 utterances; for utterance CF04_B1_C19_M8 avg. like is -100.741 over 113 frames.
LOG (gmm-acc-stats-ali[5.5]:main():gmm-acc-stats-ali.cc:105) Processed 100 utterances; for utterance CF04_B1_CW100_M8 avg. like is -102.943 over 110 frames.
LOG (gmm-acc-stats-ali[5.5]:main():gmm-acc-stats-ali.cc:105) Processed 150 utterances; for utterance CF04_B1_CW19_M8 avg. like is -99.3044 over 127 frames.
LOG (gmm-acc-stats-ali[5.5]:main():gmm-acc-stats-ali.cc:105) Processed 200 utterances; for utterance CF04_B1_CW28_M8 avg. like is -102.033 over 141 frames.
LOG (gmm-acc-stats-ali[5.5]:main():gmm-acc-stats-ali.cc:105) Processed 250 utterances; for utterance CF04_B1_CW37_M8 avg. like is -106.369 over 133 frames.
LOG (gmm-acc-stats-ali[5.5]:main():gmm-acc-stats-ali.cc:105) Processed 300 utterances; for utterance CF04_B1_CW46_M8 avg. like is -88.9644 over 147 frames.
LOG (gmm-acc-stats-ali[5.5]:main():gmm-acc-stats-ali.cc:105) Processed 350 utterances; for utterance CF04_B1_CW55_M8 avg. like is -91.3995 over 151 frames.
LOG (gmm-acc-stats-ali[5.5]:main():gmm-acc-stats-ali.cc:105) Processed 400 utterances; for utterance CF04_B1_CW64_M8 avg. like is -104.161 over 134 frames.
LOG (gmm-acc-stats-ali[5.5]:main():gmm-acc-stats-ali.cc:105) Processed 450 utterances; for utterance CF04_B1_CW73_M8 avg. like is -107.697 over 139 frames.
LOG (gmm-acc-stats-ali[5.5]:main():gmm-acc-stats-ali.cc:105) Processed 500 utterances; for utterance CF04_B1_CW82_M8 avg. like is -91.3757 over 144 frames.
LOG (gmm-acc-stats-ali[5.5]:main():gmm-acc-stats-ali.cc:105) Processed 550 utterances; for utterance CF04_B1_CW91_M8 avg. like is -97.944 over 135 frames.
LOG (gmm-acc-stats-ali[5.5]:main():gmm-acc-stats-ali.cc:105) Processed 600 utterances; for utterance CF04_B1_D0_M8 avg. like is -96.1586 over 190 frames.
LOG (gmm-acc-stats-ali[5.5]:main():gmm-acc-stats-ali.cc:105) Processed 650 utterances; for utterance CF04_B1_LA_M8 avg. like is -90.8417 over 152 frames.
LOG (gmm-acc-stats-ali[5.5]:main():gmm-acc-stats-ali.cc:105) Processed 700 utterances; for utterance CF04_B1_LK_M8 avg. like is -91.3543 over 151 frames.
LOG (gmm-acc-stats-ali[5.5]:main():gmm-acc-stats-ali.cc:105) Processed 750 utterances; for utterance CF04_B1_LU_M8 avg. like is -89.7143 over 163 frames.
LOG (gmm-acc-stats-ali[5.5]:main():gmm-acc-stats-ali.cc:105) Processed 800 utterances; for utterance CF04_B1_UW13_M8 avg. like is -98.7011 over 166 frames.
LOG (gmm-acc-stats-ali[5.5]:main():gmm-acc-stats-ali.cc:105) Processed 850 utterances; for utterance CF04_B1_UW22_M8 avg. like is -101.506 over 174 frames.
LOG (gmm-acc-stats-ali[5.5]:main():gmm-acc-stats-ali.cc:105) Processed 900 utterances; for utterance CF04_B1_UW31_M8 avg. like is -98.883 over 151 frames.
LOG (gmm-acc-stats-ali[5.5]:main():gmm-acc-stats-ali.cc:105) Processed 950 utterances; for utterance CF04_B1_UW40_M8 avg. like is -103.524 over 137 frames.
LOG (gmm-acc-stats-ali[5.5]:main():gmm-acc-stats-ali.cc:105) Processed 1000 utterances; for utterance CF04_B1_UW4_M8 avg. like is -97.1834 over 188 frames.
LOG (gmm-acc-stats-ali[5.5]:main():gmm-acc-stats-ali.cc:105) Processed 1050 utterances; for utterance CF04_B1_UW59_M8 avg. like is -102.642 over 143 frames.
LOG (gmm-acc-stats-ali[5.5]:main():gmm-acc-stats-ali.cc:105) Processed 1100 utterances; for utterance CF04_B1_UW68_M8 avg. like is -99.5184 over 175 frames.
LOG (gmm-acc-stats-ali[5.5]:main():gmm-acc-stats-ali.cc:105) Processed 1150 utterances; for utterance CF04_B1_UW77_M8 avg. like is -91.5547 over 160 frames.
LOG (gmm-acc-stats-ali[5.5]:main():gmm-acc-stats-ali.cc:105) Processed 1200 utterances; for utterance CF04_B1_UW86_M8 avg. like is -98.5819 over 133 frames.
LOG (gmm-acc-stats-ali[5.5]:main():gmm-acc-stats-ali.cc:105) Processed 1250 utterances; for utterance CF04_B1_UW95_M8 avg. like is -93.6882 over 155 frames.
LOG (gmm-acc-stats-ali[5.5]:main():gmm-acc-stats-ali.cc:105) Processed 1300 utterances; for utterance CF04_B2_C14_M8 avg. like is -98.9104 over 160 frames.
LOG (gmm-acc-stats-ali[5.5]:main():gmm-acc-stats-ali.cc:105) Processed 1350 utterances; for utterance CF04_B2_C5_M8 avg. like is -98.5012 over 170 frames.
LOG (gmm-acc-stats-ali[5.5]:main():gmm-acc-stats-ali.cc:105) Processed 1400 utterances; for utterance CF04_B2_CW14_M8 avg. like is -95.9578 over 139 frames.
LOG (gmm-acc-stats-ali[5.5]:main():gmm-acc-stats-ali.cc:105) Processed 1450 utterances; for utterance CF04_B2_CW23_M8 avg. like is -99.8842 over 146 frames.
LOG (gmm-acc-stats-ali[5.5]:main():gmm-acc-stats-ali.cc:105) Processed 1500 utterances; for utterance CF04_B2_CW32_M8 avg. like is -100.845 over 122 frames.
LOG (gmm-acc-stats-ali[5.5]:main():gmm-acc-stats-ali.cc:105) Processed 1550 utterances; for utterance CF04_B2_CW41_M8 avg. like is -101.538 over 151 frames.
LOG (gmm-acc-stats-ali[5.5]:main():gmm-acc-stats-ali.cc:105) Processed 1600 utterances; for utterance CF04_B2_CW50_M8 avg. like is -100.096 over 149 frames.
LOG (gmm-acc-stats-ali[5.5]:main():gmm-acc-stats-ali.cc:105) Processed 1650 utterances; for utterance CF04_B2_CW5_M8 avg. like is -100.45 over 134 frames.
LOG (gmm-acc-stats-ali[5.5]:main():gmm-acc-stats-ali.cc:105) Processed 1700 utterances; for utterance CF04_B2_CW6_M3 avg. like is -97.1143 over 141 frames.
LOG (gmm-acc-stats-ali[5.5]:main():gmm-acc-stats-ali.cc:105) Processed 1750 utterances; for utterance CF04_B2_CW79_M3 avg. like is -94.765 over 146 frames.
LOG (gmm-acc-stats-ali[5.5]:main():gmm-acc-stats-ali.cc:105) Processed 1800 utterances; for utterance CF04_B2_CW88_M3 avg. like is -90.7753 over 153 frames.
LOG (gmm-acc-stats-ali[5.5]:main():gmm-acc-stats-ali.cc:105) Processed 1850 utterances; for utterance CF04_B2_CW97_M3 avg. like is -96.0714 over 136 frames.
LOG (gmm-acc-stats-ali[5.5]:main():gmm-acc-stats-ali.cc:105) Processed 1900 utterances; for utterance CF04_B2_D6_M3 avg. like is -100.045 over 132 frames.
LOG (gmm-acc-stats-ali[5.5]:main():gmm-acc-stats-ali.cc:105) Processed 1950 utterances; for utterance CF04_B2_LG_M3 avg. like is -96.4923 over 155 frames.
LOG (gmm-acc-stats-ali[5.5]:main():gmm-acc-stats-ali.cc:105) Processed 2000 utterances; for utterance CF04_B2_LQ_M3 avg. like is -94.3888 over 140 frames.
LOG (gmm-acc-stats-ali[5.5]:main():gmm-acc-stats-ali.cc:105) Processed 2050 utterances; for utterance CF04_B2_UW100_M3 avg. like is -94.5274 over 138 frames.
LOG (gmm-acc-stats-ali[5.5]:main():gmm-acc-stats-ali.cc:105) Processed 2100 utterances; for utterance CF04_B2_UW19_M3 avg. like is -95.6792 over 186 frames.
LOG (gmm-acc-stats-ali[5.5]:main():gmm-acc-stats-ali.cc:105) Processed 2150 utterances; for utterance CF04_B2_UW28_M3 avg. like is -92.7705 over 161 frames.
LOG (gmm-acc-stats-ali[5.5]:main():gmm-acc-stats-ali.cc:105) Processed 2200 utterances; for utterance CF04_B2_UW37_M3 avg. like is -91.2823 over 212 frames.
LOG (gmm-acc-stats-ali[5.5]:main():gmm-acc-stats-ali.cc:105) Processed 2250 utterances; for utterance CF04_B2_UW46_M3 avg. like is -90.5669 over 175 frames.
LOG (gmm-acc-stats-ali[5.5]:main():gmm-acc-stats-ali.cc:105) Processed 2300 utterances; for utterance CF04_B2_UW55_M3 avg. like is -98.3872 over 123 frames.
LOG (gmm-acc-stats-ali[5.5]:main():gmm-acc-stats-ali.cc:105) Processed 2350 utterances; for utterance CF04_B2_UW64_M3 avg. like is -97.7075 over 152 frames.
LOG (gmm-acc-stats-ali[5.5]:main():gmm-acc-stats-ali.cc:105) Processed 2400 utterances; for utterance CF04_B2_UW73_M3 avg. like is -98.9325 over 147 frames.
LOG (gmm-acc-stats-ali[5.5]:main():gmm-acc-stats-ali.cc:105) Processed 2450 utterances; for utterance CF04_B2_UW82_M3 avg. like is -95.1977 over 150 frames.
LOG (gmm-acc-stats-ali[5.5]:main():gmm-acc-stats-ali.cc:105) Processed 2500 utterances; for utterance CF04_B2_UW91_M3 avg. like is -96.4226 over 153 frames.
LOG (gmm-acc-stats-ali[5.5]:main():gmm-acc-stats-ali.cc:105) Processed 2550 utterances; for utterance CF04_B3_C10_M3 avg. like is -90.541 over 145 frames.
LOG (gmm-acc-stats-ali[5.5]:main():gmm-acc-stats-ali.cc:105) Processed 2600 utterances; for utterance CF04_B3_C1_M3 avg. like is -90.3646 over 184 frames.
LOG (gmm-acc-stats-ali[5.5]:main():gmm-acc-stats-ali.cc:105) Processed 2650 utterances; for utterance CF04_B3_CW10_M3 avg. like is -99.9539 over 139 frames.
LOG (gmm-acc-stats-ali[5.5]:main():gmm-acc-stats-ali.cc:105) Processed 2700 utterances; for utterance CF04_B3_CW1_M3 avg. like is -88.9654 over 125 frames.
LOG (gmm-acc-stats-ali[5.5]:main():gmm-acc-stats-ali.cc:105) Processed 2750 utterances; for utterance CF04_B3_CW29_M3 avg. like is -93.9007 over 143 frames.
LOG (gmm-acc-stats-ali[5.5]:main():gmm-acc-stats-ali.cc:105) Processed 2800 utterances; for utterance CF04_B3_CW38_M3 avg. like is -94.6912 over 144 frames.
LOG (gmm-acc-stats-ali[5.5]:main():gmm-acc-stats-ali.cc:105) Processed 2850 utterances; for utterance CF04_B3_CW47_M3 avg. like is -94.7646 over 172 frames.
LOG (gmm-acc-stats-ali[5.5]:main():gmm-acc-stats-ali.cc:105) Processed 2900 utterances; for utterance CF04_B3_CW56_M3 avg. like is -100.108 over 148 frames.
LOG (gmm-acc-stats-ali[5.5]:main():gmm-acc-stats-ali.cc:105) Processed 2950 utterances; for utterance CF04_B3_CW65_M3 avg. like is -106.994 over 159 frames.
LOG (gmm-acc-stats-ali[5.5]:main():gmm-acc-stats-ali.cc:105) Processed 3000 utterances; for utterance CF04_B3_CW74_M3 avg. like is -96.8288 over 149 frames.
LOG (gmm-acc-stats-ali[5.5]:main():gmm-acc-stats-ali.cc:105) Processed 3050 utterances; for utterance CF04_B3_CW83_M3 avg. like is -96.6421 over 138 frames.
LOG (gmm-acc-stats-ali[5.5]:main():gmm-acc-stats-ali.cc:105) Processed 3100 utterances; for utterance CF04_B3_CW92_M3 avg. like is -98.7779 over 148 frames.
LOG (gmm-acc-stats-ali[5.5]:main():gmm-acc-stats-ali.cc:105) Processed 3150 utterances; for utterance CF04_B3_D1_M3 avg. like is -97.4913 over 125 frames.
LOG (gmm-acc-stats-ali[5.5]:main():gmm-acc-stats-ali.cc:105) Processed 3200 utterances; for utterance CF04_B3_LB_M3 avg. like is -90.4902 over 170 frames.
LOG (gmm-acc-stats-ali[5.5]:main():gmm-acc-stats-ali.cc:105) Processed 3250 utterances; for utterance CF04_B3_LL_M3 avg. like is -88.2016 over 155 frames.
LOG (gmm-acc-stats-ali[5.5]:main():gmm-acc-stats-ali.cc:105) Processed 3300 utterances; for utterance CF04_B3_LV_M3 avg. like is -98.7281 over 166 frames.
LOG (gmm-acc-stats-ali[5.5]:main():gmm-acc-stats-ali.cc:105) Processed 3350 utterances; for utterance CF04_B3_UW14_M3 avg. like is -93.529 over 182 frames.
LOG (gmm-acc-stats-ali[5.5]:main():gmm-acc-stats-ali.cc:105) Processed 3400 utterances; for utterance CF04_B3_UW23_M5 avg. like is -92.0551 over 184 frames.
LOG (gmm-acc-stats-ali[5.5]:main():gmm-acc-stats-ali.cc:105) Processed 3450 utterances; for utterance CF04_B3_UW32_M5 avg. like is -99.3241 over 199 frames.
LOG (gmm-acc-stats-ali[5.5]:main():gmm-acc-stats-ali.cc:105) Processed 3500 utterances; for utterance CF04_B3_UW41_M5 avg. like is -100.167 over 215 frames.
LOG (gmm-acc-stats-ali[5.5]:main():gmm-acc-stats-ali.cc:105) Processed 3550 utterances; for utterance CF04_B3_UW50_M5 avg. like is -95.6415 over 169 frames.
LOG (gmm-acc-stats-ali[5.5]:main():gmm-acc-stats-ali.cc:105) Processed 3600 utterances; for utterance CF04_B3_UW5_M5 avg. like is -99.8425 over 137 frames.
LOG (gmm-acc-stats-ali[5.5]:main():gmm-acc-stats-ali.cc:105) Processed 3650 utterances; for utterance CF04_B3_UW69_M5 avg. like is -95.7107 over 195 frames.
LOG (gmm-acc-stats-ali[5.5]:main():gmm-acc-stats-ali.cc:105) Processed 3700 utterances; for utterance CF04_B3_UW78_M5 avg. like is -92.591 over 172 frames.
LOG (gmm-acc-stats-ali[5.5]:main():gmm-acc-stats-ali.cc:105) Processed 3750 utterances; for utterance CF04_B3_UW87_M5 avg. like is -91.8955 over 184 frames.
LOG (gmm-acc-stats-ali[5.5]:main():gmm-acc-stats-ali.cc:105) Processed 3800 utterances; for utterance CF04_B3_UW96_M5 avg. like is -91.25 over 181 frames.
LOG (gmm-acc-stats-ali[5.5]:main():gmm-acc-stats-ali.cc:105) Processed 3850 utterances; for utterance CM04_B1_C15_M5 avg. like is -102.465 over 122 frames.
LOG (gmm-acc-stats-ali[5.5]:main():gmm-acc-stats-ali.cc:105) Processed 3900 utterances; for utterance CM04_B1_C6_M5 avg. like is -90.2745 over 151 frames.
LOG (gmm-acc-stats-ali[5.5]:main():gmm-acc-stats-ali.cc:105) Processed 3950 utterances; for utterance CM04_B1_CW15_M5 avg. like is -97.4025 over 116 frames.
LOG (gmm-acc-stats-ali[5.5]:main():gmm-acc-stats-ali.cc:105) Processed 4000 utterances; for utterance CM04_B1_CW24_M5 avg. like is -99.3957 over 161 frames.
LOG (gmm-acc-stats-ali[5.5]:main():gmm-acc-stats-ali.cc:105) Processed 4050 utterances; for utterance CM04_B1_CW33_M5 avg. like is -102.956 over 127 frames.
LOG (gmm-acc-stats-ali[5.5]:main():gmm-acc-stats-ali.cc:105) Processed 4100 utterances; for utterance CM04_B1_CW42_M5 avg. like is -92.0976 over 143 frames.
LOG (gmm-acc-stats-ali[5.5]:main():gmm-acc-stats-ali.cc:105) Processed 4150 utterances; for utterance CM04_B1_CW51_M5 avg. like is -106.242 over 126 frames.
LOG (gmm-acc-stats-ali[5.5]:main():gmm-acc-stats-ali.cc:105) Processed 4200 utterances; for utterance CM04_B1_CW60_M5 avg. like is -103.745 over 137 frames.
LOG (gmm-acc-stats-ali[5.5]:main():gmm-acc-stats-ali.cc:105) Processed 4250 utterances; for utterance CM04_B1_CW6_M5 avg. like is -102.916 over 126 frames.
LOG (gmm-acc-stats-ali[5.5]:main():gmm-acc-stats-ali.cc:105) Processed 4300 utterances; for utterance CM04_B1_CW79_M5 avg. like is -97.6643 over 138 frames.
LOG (gmm-acc-stats-ali[5.5]:main():gmm-acc-stats-ali.cc:105) Processed 4350 utterances; for utterance CM04_B1_CW88_M5 avg. like is -95.3791 over 115 frames.
LOG (gmm-acc-stats-ali[5.5]:main():gmm-acc-stats-ali.cc:105) Processed 4400 utterances; for utterance CM04_B1_CW97_M5 avg. like is -94.7812 over 122 frames.
LOG (gmm-acc-stats-ali[5.5]:main():gmm-acc-stats-ali.cc:105) Processed 4450 utterances; for utterance CM04_B1_D6_M5 avg. like is -103.219 over 109 frames.
LOG (gmm-acc-stats-ali[5.5]:main():gmm-acc-stats-ali.cc:105) Processed 4500 utterances; for utterance CM04_B1_LG_M5 avg. like is -90.9022 over 144 frames.
LOG (gmm-acc-stats-ali[5.5]:main():gmm-acc-stats-ali.cc:105) Processed 4550 utterances; for utterance CM04_B1_LQ_M5 avg. like is -91.9838 over 144 frames.
LOG (gmm-acc-stats-ali[5.5]:main():gmm-acc-stats-ali.cc:105) Processed 4600 utterances; for utterance CM04_B1_UW100_M5 avg. like is -90.1495 over 151 frames.
LOG (gmm-acc-stats-ali[5.5]:main():gmm-acc-stats-ali.cc:105) Processed 4650 utterances; for utterance CM04_B1_UW19_M5 avg. like is -91.9071 over 181 frames.
LOG (gmm-acc-stats-ali[5.5]:main():gmm-acc-stats-ali.cc:105) Processed 4700 utterances; for utterance CM04_B1_UW28_M5 avg. like is -112.159 over 152 frames.
LOG (gmm-acc-stats-ali[5.5]:main():gmm-acc-stats-ali.cc:105) Processed 4750 utterances; for utterance CM04_B1_UW37_M5 avg. like is -93.6444 over 173 frames.
LOG (gmm-acc-stats-ali[5.5]:main():gmm-acc-stats-ali.cc:105) Processed 4800 utterances; for utterance CM04_B1_UW46_M5 avg. like is -93.6775 over 186 frames.
LOG (gmm-acc-stats-ali[5.5]:main():gmm-acc-stats-ali.cc:105) Processed 4850 utterances; for utterance CM04_B1_UW55_M5 avg. like is -91.0451 over 174 frames.
LOG (gmm-acc-stats-ali[5.5]:main():gmm-acc-stats-ali.cc:105) Processed 4900 utterances; for utterance CM04_B1_UW64_M5 avg. like is -90.1589 over 160 frames.
LOG (gmm-acc-stats-ali[5.5]:main():gmm-acc-stats-ali.cc:105) Processed 4950 utterances; for utterance CM04_B1_UW73_M5 avg. like is -110.048 over 131 frames.
LOG (gmm-acc-stats-ali[5.5]:main():gmm-acc-stats-ali.cc:105) Processed 5000 utterances; for utterance CM04_B1_UW82_M6 avg. like is -103.489 over 133 frames.
LOG (gmm-acc-stats-ali[5.5]:main():gmm-acc-stats-ali.cc:105) Processed 5050 utterances; for utterance CM04_B1_UW91_M6 avg. like is -94.4314 over 154 frames.
LOG (gmm-acc-stats-ali[5.5]:main():gmm-acc-stats-ali.cc:105) Processed 5100 utterances; for utterance CM04_B2_C10_M6 avg. like is -95.998 over 165 frames.
LOG (gmm-acc-stats-ali[5.5]:main():gmm-acc-stats-ali.cc:105) Processed 5150 utterances; for utterance CM04_B2_C1_M6 avg. like is -92.0158 over 137 frames.
LOG (gmm-acc-stats-ali[5.5]:main():gmm-acc-stats-ali.cc:105) Processed 5200 utterances; for utterance CM04_B2_CW10_M6 avg. like is -100.47 over 105 frames.
LOG (gmm-acc-stats-ali[5.5]:main():gmm-acc-stats-ali.cc:105) Processed 5250 utterances; for utterance CM04_B2_CW1_M6 avg. like is -90.7063 over 137 frames.
LOG (gmm-acc-stats-ali[5.5]:main():gmm-acc-stats-ali.cc:105) Processed 5300 utterances; for utterance CM04_B2_CW29_M6 avg. like is -94.9034 over 108 frames.
LOG (gmm-acc-stats-ali[5.5]:main():gmm-acc-stats-ali.cc:105) Processed 5350 utterances; for utterance CM04_B2_CW38_M6 avg. like is -97.9258 over 118 frames.
LOG (gmm-acc-stats-ali[5.5]:main():gmm-acc-stats-ali.cc:105) Processed 5400 utterances; for utterance CM04_B2_CW47_M6 avg. like is -98.2561 over 108 frames.
LOG (gmm-acc-stats-ali[5.5]:main():gmm-acc-stats-ali.cc:105) Processed 5450 utterances; for utterance CM04_B2_CW56_M6 avg. like is -96.3397 over 124 frames.
LOG (gmm-acc-stats-ali[5.5]:main():gmm-acc-stats-ali.cc:105) Processed 5500 utterances; for utterance CM04_B2_CW65_M6 avg. like is -97.8302 over 149 frames.
LOG (gmm-acc-stats-ali[5.5]:main():gmm-acc-stats-ali.cc:105) Processed 5550 utterances; for utterance CM04_B2_CW74_M6 avg. like is -96.9868 over 117 frames.
LOG (gmm-acc-stats-ali[5.5]:main():gmm-acc-stats-ali.cc:105) Processed 5600 utterances; for utterance CM04_B2_CW83_M6 avg. like is -100.219 over 151 frames.
LOG (gmm-acc-stats-ali[5.5]:main():gmm-acc-stats-ali.cc:105) Processed 5650 utterances; for utterance CM04_B2_CW92_M6 avg. like is -97.883 over 104 frames.
LOG (gmm-acc-stats-ali[5.5]:main():gmm-acc-stats-ali.cc:105) Processed 5700 utterances; for utterance CM04_B2_D1_M6 avg. like is -93.7934 over 146 frames.
LOG (gmm-acc-stats-ali[5.5]:main():gmm-acc-stats-ali.cc:105) Processed 5750 utterances; for utterance CM04_B2_LB_M6 avg. like is -91.6243 over 137 frames.
LOG (gmm-acc-stats-ali[5.5]:main():gmm-acc-stats-ali.cc:105) Processed 5800 utterances; for utterance CM04_B2_LL_M6 avg. like is -95.8379 over 121 frames.
LOG (gmm-acc-stats-ali[5.5]:main():gmm-acc-stats-ali.cc:105) Processed 5850 utterances; for utterance CM04_B2_LV_M6 avg. like is -91.6103 over 135 frames.
LOG (gmm-acc-stats-ali[5.5]:main():gmm-acc-stats-ali.cc:105) Processed 5900 utterances; for utterance CM04_B2_UW14_M6 avg. like is -91.1962 over 128 frames.
LOG (gmm-acc-stats-ali[5.5]:main():gmm-acc-stats-ali.cc:105) Processed 5950 utterances; for utterance CM04_B2_UW23_M6 avg. like is -98.9491 over 145 frames.
LOG (gmm-acc-stats-ali[5.5]:main():gmm-acc-stats-ali.cc:105) Processed 6000 utterances; for utterance CM04_B2_UW32_M6 avg. like is -92.1428 over 180 frames.
LOG (gmm-acc-stats-ali[5.5]:main():gmm-acc-stats-ali.cc:105) Processed 6050 utterances; for utterance CM04_B2_UW41_M6 avg. like is -90.8685 over 140 frames.
LOG (gmm-acc-stats-ali[5.5]:main():gmm-acc-stats-ali.cc:105) Processed 6100 utterances; for utterance CM04_B2_UW50_M6 avg. like is -89.8499 over 216 frames.
LOG (gmm-acc-stats-ali[5.5]:main():gmm-acc-stats-ali.cc:105) Processed 6150 utterances; for utterance CM04_B2_UW5_M6 avg. like is -93.2331 over 165 frames.
LOG (gmm-acc-stats-ali[5.5]:main():gmm-acc-stats-ali.cc:105) Processed 6200 utterances; for utterance CM04_B2_UW69_M6 avg. like is -89.3082 over 155 frames.
LOG (gmm-acc-stats-ali[5.5]:main():gmm-acc-stats-ali.cc:105) Processed 6250 utterances; for utterance CM04_B2_UW78_M6 avg. like is -92.849 over 168 frames.
LOG (gmm-acc-stats-ali[5.5]:main():gmm-acc-stats-ali.cc:105) Processed 6300 utterances; for utterance CM04_B2_UW87_M6 avg. like is -103.512 over 170 frames.
LOG (gmm-acc-stats-ali[5.5]:main():gmm-acc-stats-ali.cc:105) Processed 6350 utterances; for utterance CM04_B2_UW96_M6 avg. like is -88.8718 over 164 frames.
LOG (gmm-acc-stats-ali[5.5]:main():gmm-acc-stats-ali.cc:105) Processed 6400 utterances; for utterance CM04_B3_C15_M6 avg. like is -104.064 over 120 frames.
LOG (gmm-acc-stats-ali[5.5]:main():gmm-acc-stats-ali.cc:105) Processed 6450 utterances; for utterance CM04_B3_C6_M6 avg. like is -94.0929 over 117 frames.
LOG (gmm-acc-stats-ali[5.5]:main():gmm-acc-stats-ali.cc:105) Processed 6500 utterances; for utterance CM04_B3_CW15_M6 avg. like is -98.181 over 158 frames.
LOG (gmm-acc-stats-ali[5.5]:main():gmm-acc-stats-ali.cc:105) Processed 6550 utterances; for utterance CM04_B3_CW24_M6 avg. like is -93.3922 over 117 frames.
LOG (gmm-acc-stats-ali[5.5]:main():gmm-acc-stats-ali.cc:105) Processed 6600 utterances; for utterance CM04_B3_CW33_M6 avg. like is -97.9636 over 143 frames.
LOG (gmm-acc-stats-ali[5.5]:main():gmm-acc-stats-ali.cc:105) Processed 6650 utterances; for utterance CM04_B3_CW42_M6 avg. like is -87.3343 over 145 frames.
LOG (gmm-acc-stats-ali[5.5]:main():gmm-acc-stats-ali.cc:105) Processed 6700 utterances; for utterance CM04_B3_CW51_M6 avg. like is -89.7044 over 104 frames.
LOG (gmm-acc-stats-ali[5.5]:main():gmm-acc-stats-ali.cc:105) Processed 6750 utterances; for utterance CM04_B3_CW60_M6 avg. like is -95.5451 over 107 frames.
LOG (gmm-acc-stats-ali[5.5]:main():gmm-acc-stats-ali.cc:105) Processed 6800 utterances; for utterance CM04_B3_CW6_M6 avg. like is -96.9101 over 148 frames.
LOG (gmm-acc-stats-ali[5.5]:main():gmm-acc-stats-ali.cc:105) Processed 6850 utterances; for utterance CM04_B3_CW79_M6 avg. like is -90.0875 over 123 frames.
LOG (gmm-acc-stats-ali[5.5]:main():gmm-acc-stats-ali.cc:105) Processed 6900 utterances; for utterance CM04_B3_CW88_M6 avg. like is -99.0812 over 116 frames.
LOG (gmm-acc-stats-ali[5.5]:main():gmm-acc-stats-ali.cc:105) Processed 6950 utterances; for utterance CM04_B3_CW97_M6 avg. like is -88.8093 over 106 frames.
LOG (gmm-acc-stats-ali[5.5]:main():gmm-acc-stats-ali.cc:105) Processed 7000 utterances; for utterance CM04_B3_D6_M6 avg. like is -103.979 over 118 frames.
LOG (gmm-acc-stats-ali[5.5]:main():gmm-acc-stats-ali.cc:105) Processed 7050 utterances; for utterance CM04_B3_LG_M6 avg. like is -100.717 over 117 frames.
LOG (gmm-acc-stats-ali[5.5]:main():gmm-acc-stats-ali.cc:105) Processed 7100 utterances; for utterance CM04_B3_LQ_M6 avg. like is -93.3056 over 153 frames.
LOG (gmm-acc-stats-ali[5.5]:main():gmm-acc-stats-ali.cc:105) Processed 7150 utterances; for utterance CM04_B3_UW100_M6 avg. like is -95.2739 over 138 frames.
LOG (gmm-acc-stats-ali[5.5]:main():gmm-acc-stats-ali.cc:105) Processed 7200 utterances; for utterance CM04_B3_UW19_M6 avg. like is -92.6252 over 136 frames.
LOG (gmm-acc-stats-ali[5.5]:main():gmm-acc-stats-ali.cc:105) Processed 7250 utterances; for utterance CM04_B3_UW28_M6 avg. like is -91.2494 over 135 frames.
LOG (gmm-acc-stats-ali[5.5]:main():gmm-acc-stats-ali.cc:105) Processed 7300 utterances; for utterance CM04_B3_UW37_M6 avg. like is -99.2486 over 113 frames.
LOG (gmm-acc-stats-ali[5.5]:main():gmm-acc-stats-ali.cc:105) Processed 7350 utterances; for utterance CM04_B3_UW46_M6 avg. like is -95.3427 over 193 frames.
LOG (gmm-acc-stats-ali[5.5]:main():gmm-acc-stats-ali.cc:105) Processed 7400 utterances; for utterance CM04_B3_UW55_M6 avg. like is -88.7433 over 164 frames.
LOG (gmm-acc-stats-ali[5.5]:main():gmm-acc-stats-ali.cc:105) Processed 7450 utterances; for utterance CM04_B3_UW64_M6 avg. like is -93.7859 over 139 frames.
LOG (gmm-acc-stats-ali[5.5]:main():gmm-acc-stats-ali.cc:105) Processed 7500 utterances; for utterance CM04_B3_UW73_M6 avg. like is -96.4913 over 155 frames.
LOG (gmm-acc-stats-ali[5.5]:main():gmm-acc-stats-ali.cc:105) Processed 7550 utterances; for utterance CM04_B3_UW82_M6 avg. like is -90.6425 over 183 frames.
LOG (gmm-acc-stats-ali[5.5]:main():gmm-acc-stats-ali.cc:105) Processed 7600 utterances; for utterance CM04_B3_UW91_M6 avg. like is -92.5417 over 131 frames.
LOG (gmm-acc-stats-ali[5.5]:main():gmm-acc-stats-ali.cc:105) Processed 7650 utterances; for utterance CM05_B1_C10_M6 avg. like is -86.5256 over 130 frames.
LOG (gmm-acc-stats-ali[5.5]:main():gmm-acc-stats-ali.cc:105) Processed 7700 utterances; for utterance CM05_B1_C1_M6 avg. like is -89.7486 over 122 frames.
LOG (gmm-acc-stats-ali[5.5]:main():gmm-acc-stats-ali.cc:105) Processed 7750 utterances; for utterance CM05_B1_CW10_M6 avg. like is -97.8341 over 93 frames.
LOG (gmm-acc-stats-ali[5.5]:main():gmm-acc-stats-ali.cc:105) Processed 7800 utterances; for utterance CM05_B1_CW1_M6 avg. like is -93.4082 over 123 frames.
LOG (gmm-acc-stats-ali[5.5]:main():gmm-acc-stats-ali.cc:105) Processed 7850 utterances; for utterance CM05_B1_CW29_M6 avg. like is -100.676 over 108 frames.
LOG (gmm-acc-stats-ali[5.5]:main():gmm-acc-stats-ali.cc:105) Processed 7900 utterances; for utterance CM05_B1_CW38_M6 avg. like is -89.8718 over 121 frames.
LOG (gmm-acc-stats-ali[5.5]:main():gmm-acc-stats-ali.cc:105) Processed 7950 utterances; for utterance CM05_B1_CW47_M6 avg. like is -95.5697 over 105 frames.
LOG (gmm-acc-stats-ali[5.5]:main():gmm-acc-stats-ali.cc:105) Processed 8000 utterances; for utterance CM05_B1_CW56_M6 avg. like is -91.5068 over 119 frames.
LOG (gmm-acc-stats-ali[5.5]:main():gmm-acc-stats-ali.cc:105) Processed 8050 utterances; for utterance CM05_B1_CW65_M6 avg. like is -88.3792 over 123 frames.
LOG (gmm-acc-stats-ali[5.5]:main():gmm-acc-stats-ali.cc:105) Processed 8100 utterances; for utterance CM05_B1_CW74_M6 avg. like is -92.2897 over 108 frames.
LOG (gmm-acc-stats-ali[5.5]:main():gmm-acc-stats-ali.cc:105) Processed 8150 utterances; for utterance CM05_B1_CW83_M6 avg. like is -88.5065 over 101 frames.
LOG (gmm-acc-stats-ali[5.5]:main():gmm-acc-stats-ali.cc:105) Processed 8200 utterances; for utterance CM05_B1_CW92_M6 avg. like is -87.8417 over 95 frames.
LOG (gmm-acc-stats-ali[5.5]:main():gmm-acc-stats-ali.cc:105) Processed 8250 utterances; for utterance CM05_B1_D1_M6 avg. like is -88.4545 over 131 frames.
LOG (gmm-acc-stats-ali[5.5]:main():gmm-acc-stats-ali.cc:105) Processed 8300 utterances; for utterance CM05_B1_LB_M6 avg. like is -92.514 over 119 frames.
LOG (gmm-acc-stats-ali[5.5]:main():gmm-acc-stats-ali.cc:105) Processed 8350 utterances; for utterance CM05_B1_LL_M6 avg. like is -105.344 over 107 frames.
LOG (gmm-acc-stats-ali[5.5]:main():gmm-acc-stats-ali.cc:105) Processed 8400 utterances; for utterance CM05_B1_LV_M6 avg. like is -101.645 over 105 frames.
LOG (gmm-acc-stats-ali[5.5]:main():gmm-acc-stats-ali.cc:105) Processed 8450 utterances; for utterance CM05_B1_UW14_M6 avg. like is -96.5132 over 119 frames.
LOG (gmm-acc-stats-ali[5.5]:main():gmm-acc-stats-ali.cc:105) Processed 8500 utterances; for utterance CM05_B1_UW23_M6 avg. like is -98.6673 over 140 frames.
LOG (gmm-acc-stats-ali[5.5]:main():gmm-acc-stats-ali.cc:105) Processed 8550 utterances; for utterance CM05_B1_UW32_M6 avg. like is -97.1788 over 112 frames.
LOG (gmm-acc-stats-ali[5.5]:main():gmm-acc-stats-ali.cc:105) Processed 8600 utterances; for utterance CM05_B1_UW41_M6 avg. like is -99.1554 over 137 frames.
LOG (gmm-acc-stats-ali[5.5]:main():gmm-acc-stats-ali.cc:105) Processed 8650 utterances; for utterance CM05_B1_UW50_M6 avg. like is -97.7797 over 128 frames.
LOG (gmm-acc-stats-ali[5.5]:main():gmm-acc-stats-ali.cc:105) Processed 8700 utterances; for utterance CM05_B1_UW5_M6 avg. like is -100.235 over 154 frames.
LOG (gmm-acc-stats-ali[5.5]:main():gmm-acc-stats-ali.cc:105) Processed 8750 utterances; for utterance CM05_B1_UW69_M6 avg. like is -93.4495 over 138 frames.
LOG (gmm-acc-stats-ali[5.5]:main():gmm-acc-stats-ali.cc:105) Processed 8800 utterances; for utterance CM05_B1_UW78_M6 avg. like is -94.4648 over 156 frames.
LOG (gmm-acc-stats-ali[5.5]:main():gmm-acc-stats-ali.cc:105) Processed 8850 utterances; for utterance CM05_B1_UW87_M6 avg. like is -97.5317 over 94 frames.
LOG (gmm-acc-stats-ali[5.5]:main():gmm-acc-stats-ali.cc:105) Processed 8900 utterances; for utterance CM05_B1_UW96_M6 avg. like is -93.5592 over 123 frames.
LOG (gmm-acc-stats-ali[5.5]:main():gmm-acc-stats-ali.cc:105) Processed 8950 utterances; for utterance CM05_B2_C15_M6 avg. like is -97.3835 over 94 frames.
LOG (gmm-acc-stats-ali[5.5]:main():gmm-acc-stats-ali.cc:105) Processed 9000 utterances; for utterance CM05_B2_C6_M6 avg. like is -94.1614 over 117 frames.
LOG (gmm-acc-stats-ali[5.5]:main():gmm-acc-stats-ali.cc:105) Processed 9050 utterances; for utterance CM05_B2_CW15_M6 avg. like is -92.3923 over 85 frames.
LOG (gmm-acc-stats-ali[5.5]:main():gmm-acc-stats-ali.cc:105) Processed 9100 utterances; for utterance CM05_B2_CW24_M6 avg. like is -95.9393 over 108 frames.
LOG (gmm-acc-stats-ali[5.5]:main():gmm-acc-stats-ali.cc:105) Processed 9150 utterances; for utterance CM05_B2_CW33_M6 avg. like is -94.9328 over 116 frames.
LOG (gmm-acc-stats-ali[5.5]:main():gmm-acc-stats-ali.cc:105) Processed 9200 utterances; for utterance CM05_B2_CW42_M6 avg. like is -90.951 over 100 frames.
LOG (gmm-acc-stats-ali[5.5]:main():gmm-acc-stats-ali.cc:105) Processed 9250 utterances; for utterance CM05_B2_CW51_M6 avg. like is -95.4769 over 82 frames.
LOG (gmm-acc-stats-ali[5.5]:main():gmm-acc-stats-ali.cc:105) Processed 9300 utterances; for utterance CM05_B2_CW60_M6 avg. like is -90.5527 over 95 frames.
LOG (gmm-acc-stats-ali[5.5]:main():gmm-acc-stats-ali.cc:105) Processed 9350 utterances; for utterance CM05_B2_CW6_M6 avg. like is -93.6756 over 81 frames.
LOG (gmm-acc-stats-ali[5.5]:main():gmm-acc-stats-ali.cc:105) Processed 9400 utterances; for utterance CM05_B2_CW79_M6 avg. like is -91.3365 over 118 frames.
LOG (gmm-acc-stats-ali[5.5]:main():gmm-acc-stats-ali.cc:105) Processed 9450 utterances; for utterance CM05_B2_CW88_M6 avg. like is -91.7177 over 89 frames.
LOG (gmm-acc-stats-ali[5.5]:main():gmm-acc-stats-ali.cc:105) Processed 9500 utterances; for utterance CM05_B2_CW97_M6 avg. like is -91.2746 over 103 frames.
LOG (gmm-acc-stats-ali[5.5]:main():gmm-acc-stats-ali.cc:105) Processed 9550 utterances; for utterance CM05_B2_D6_M6 avg. like is -94.806 over 130 frames.
LOG (gmm-acc-stats-ali[5.5]:main():gmm-acc-stats-ali.cc:105) Processed 9600 utterances; for utterance CM05_B2_LG_M6 avg. like is -91.9614 over 137 frames.
LOG (gmm-acc-stats-ali[5.5]:main():gmm-acc-stats-ali.cc:105) Processed 9650 utterances; for utterance CM05_B2_LQ_M6 avg. like is -100.641 over 113 frames.
LOG (gmm-acc-stats-ali[5.5]:main():gmm-acc-stats-ali.cc:105) Processed 9700 utterances; for utterance CM05_B2_UW100_M6 avg. like is -88.8693 over 93 frames.
LOG (gmm-acc-stats-ali[5.5]:main():gmm-acc-stats-ali.cc:105) Processed 9750 utterances; for utterance CM05_B2_UW19_M6 avg. like is -93.9969 over 126 frames.
LOG (gmm-acc-stats-ali[5.5]:main():gmm-acc-stats-ali.cc:105) Processed 9800 utterances; for utterance CM05_B2_UW28_M6 avg. like is -97.5251 over 103 frames.
LOG (gmm-acc-stats-ali[5.5]:main():gmm-acc-stats-ali.cc:105) Processed 9850 utterances; for utterance CM05_B2_UW37_M6 avg. like is -94.2032 over 133 frames.
LOG (gmm-acc-stats-ali[5.5]:main():gmm-acc-stats-ali.cc:105) Processed 9900 utterances; for utterance CM05_B2_UW46_M6 avg. like is -97.9507 over 108 frames.
LOG (gmm-acc-stats-ali[5.5]:main():gmm-acc-stats-ali.cc:105) Processed 9950 utterances; for utterance CM05_B2_UW55_M6 avg. like is -88.9772 over 97 frames.
LOG (gmm-acc-stats-ali[5.5]:main():gmm-acc-stats-ali.cc:105) Processed 10000 utterances; for utterance CM05_B2_UW64_M6 avg. like is -91.522 over 106 frames.
LOG (gmm-acc-stats-ali[5.5]:main():gmm-acc-stats-ali.cc:105) Processed 10050 utterances; for utterance CM05_B2_UW73_M6 avg. like is -95.8115 over 116 frames.
LOG (gmm-acc-stats-ali[5.5]:main():gmm-acc-stats-ali.cc:105) Processed 10100 utterances; for utterance CM05_B2_UW82_M6 avg. like is -91.6652 over 127 frames.
LOG (gmm-acc-stats-ali[5.5]:main():gmm-acc-stats-ali.cc:105) Processed 10150 utterances; for utterance CM05_B2_UW91_M6 avg. like is -92.7392 over 103 frames.
LOG (gmm-acc-stats-ali[5.5]:main():gmm-acc-stats-ali.cc:105) Processed 10200 utterances; for utterance CM05_B3_C10_M6 avg. like is -89.1143 over 145 frames.
LOG (gmm-acc-stats-ali[5.5]:main():gmm-acc-stats-ali.cc:105) Processed 10250 utterances; for utterance CM05_B3_C1_M6 avg. like is -90.3059 over 116 frames.
LOG (gmm-acc-stats-ali[5.5]:main():gmm-acc-stats-ali.cc:105) Processed 10300 utterances; for utterance CM05_B3_CW10_M6 avg. like is -89.1729 over 87 frames.
LOG (gmm-acc-stats-ali[5.5]:main():gmm-acc-stats-ali.cc:105) Processed 10350 utterances; for utterance CM05_B3_CW1_M6 avg. like is -86.5121 over 96 frames.
LOG (gmm-acc-stats-ali[5.5]:main():gmm-acc-stats-ali.cc:105) Processed 10400 utterances; for utterance CM05_B3_CW29_M6 avg. like is -89.5216 over 103 frames.
LOG (gmm-acc-stats-ali[5.5]:main():gmm-acc-stats-ali.cc:105) Processed 10450 utterances; for utterance CM05_B3_CW38_M6 avg. like is -88.9689 over 100 frames.
LOG (gmm-acc-stats-ali[5.5]:main():gmm-acc-stats-ali.cc:105) Processed 10500 utterances; for utterance CM05_B3_CW47_M6 avg. like is -90.2755 over 90 frames.
LOG (gmm-acc-stats-ali[5.5]:main():gmm-acc-stats-ali.cc:105) Processed 10550 utterances; for utterance CM05_B3_CW56_M6 avg. like is -90.1843 over 104 frames.
LOG (gmm-acc-stats-ali[5.5]:main():gmm-acc-stats-ali.cc:105) Processed 10600 utterances; for utterance CM05_B3_CW65_M6 avg. like is -96.802 over 85 frames.
LOG (gmm-acc-stats-ali[5.5]:main():gmm-acc-stats-ali.cc:105) Processed 10650 utterances; for utterance CM05_B3_CW74_M6 avg. like is -93.3072 over 95 frames.
LOG (gmm-acc-stats-ali[5.5]:main():gmm-acc-stats-ali.cc:105) Processed 10700 utterances; for utterance CM05_B3_CW83_M6 avg. like is -87.1451 over 119 frames.
LOG (gmm-acc-stats-ali[5.5]:main():gmm-acc-stats-ali.cc:105) Processed 10750 utterances; for utterance CM05_B3_CW92_M6 avg. like is -87.2748 over 90 frames.
LOG (gmm-acc-stats-ali[5.5]:main():gmm-acc-stats-ali.cc:105) Processed 10800 utterances; for utterance CM05_B3_D1_M6 avg. like is -92.0576 over 119 frames.
LOG (gmm-acc-stats-ali[5.5]:main():gmm-acc-stats-ali.cc:105) Processed 10850 utterances; for utterance CM05_B3_LB_M6 avg. like is -90.4569 over 104 frames.
LOG (gmm-acc-stats-ali[5.5]:main():gmm-acc-stats-ali.cc:105) Processed 10900 utterances; for utterance CM05_B3_LL_M6 avg. like is -93.2913 over 115 frames.
LOG (gmm-acc-stats-ali[5.5]:main():gmm-acc-stats-ali.cc:105) Processed 10950 utterances; for utterance CM05_B3_LV_M6 avg. like is -93.1415 over 102 frames.
LOG (gmm-acc-stats-ali[5.5]:main():gmm-acc-stats-ali.cc:105) Processed 11000 utterances; for utterance CM05_B3_UW14_M6 avg. like is -97.6763 over 108 frames.
LOG (gmm-acc-stats-ali[5.5]:main():gmm-acc-stats-ali.cc:105) Processed 11050 utterances; for utterance CM05_B3_UW23_M6 avg. like is -95.2016 over 134 frames.
LOG (gmm-acc-stats-ali[5.5]:main():gmm-acc-stats-ali.cc:105) Processed 11100 utterances; for utterance CM05_B3_UW32_M6 avg. like is -97.8754 over 119 frames.
LOG (gmm-acc-stats-ali[5.5]:main():gmm-acc-stats-ali.cc:105) Processed 11150 utterances; for utterance CM05_B3_UW41_M6 avg. like is -94.0718 over 132 frames.
LOG (gmm-acc-stats-ali[5.5]:main():gmm-acc-stats-ali.cc:105) Processed 11200 utterances; for utterance CM05_B3_UW50_M6 avg. like is -94.3145 over 133 frames.
LOG (gmm-acc-stats-ali[5.5]:main():gmm-acc-stats-ali.cc:105) Processed 11250 utterances; for utterance CM05_B3_UW5_M6 avg. like is -93.1426 over 93 frames.
LOG (gmm-acc-stats-ali[5.5]:main():gmm-acc-stats-ali.cc:105) Processed 11300 utterances; for utterance CM05_B3_UW69_M6 avg. like is -96.6821 over 137 frames.
LOG (gmm-acc-stats-ali[5.5]:main():gmm-acc-stats-ali.cc:105) Processed 11350 utterances; for utterance CM05_B3_UW78_M6 avg. like is -95.223 over 119 frames.
LOG (gmm-acc-stats-ali[5.5]:main():gmm-acc-stats-ali.cc:105) Processed 11400 utterances; for utterance CM05_B3_UW87_M6 avg. like is -92.2643 over 104 frames.
LOG (gmm-acc-stats-ali[5.5]:main():gmm-acc-stats-ali.cc:105) Processed 11450 utterances; for utterance CM05_B3_UW96_M6 avg. like is -90.2752 over 170 frames.
LOG (apply-cmvn[5.5]:main():apply-cmvn.cc:162) Applied cepstral mean normalization to 11472 utterances, errors on 0
LOG (gmm-acc-stats-ali[5.5]:main():gmm-acc-stats-ali.cc:112) Done 11472 files, 0 with errors.
LOG (gmm-acc-stats-ali[5.5]:main():gmm-acc-stats-ali.cc:115) Overall avg like per frame (Gaussian only) = -94.9367 over 1652720 frames.
LOG (gmm-acc-stats-ali[5.5]:main():gmm-acc-stats-ali.cc:123) Written accs.
# Accounting: time=3 threads=1
# Ended (code 0) at Thu Mar 16 23:40:33 IST 2023, elapsed time 3 seconds
