# gmm-acc-stats-ali exp_dys_comb_vad/mono/32.mdl "ark,s,cs:apply-cmvn  --utt2spk=ark:data_dys_comb_vad/train_dys_pow_no_sil/split11/9/utt2spk scp:data_dys_comb_vad/train_dys_pow_no_sil/split11/9/cmvn.scp scp:data_dys_comb_vad/train_dys_pow_no_sil/split11/9/feats.scp ark:- | add-deltas  ark:- ark:- |" "ark:gunzip -c exp_dys_comb_vad/mono/ali.9.gz|" exp_dys_comb_vad/mono/32.9.acc 
# Started at Thu Mar 16 23:40:03 IST 2023
#
gmm-acc-stats-ali exp_dys_comb_vad/mono/32.mdl 'ark,s,cs:apply-cmvn  --utt2spk=ark:data_dys_comb_vad/train_dys_pow_no_sil/split11/9/utt2spk scp:data_dys_comb_vad/train_dys_pow_no_sil/split11/9/cmvn.scp scp:data_dys_comb_vad/train_dys_pow_no_sil/split11/9/feats.scp ark:- | add-deltas  ark:- ark:- |' 'ark:gunzip -c exp_dys_comb_vad/mono/ali.9.gz|' exp_dys_comb_vad/mono/32.9.acc 
add-deltas ark:- ark:- 
apply-cmvn --utt2spk=ark:data_dys_comb_vad/train_dys_pow_no_sil/split11/9/utt2spk scp:data_dys_comb_vad/train_dys_pow_no_sil/split11/9/cmvn.scp scp:data_dys_comb_vad/train_dys_pow_no_sil/split11/9/feats.scp ark:- 
LOG (gmm-acc-stats-ali[5.5]:main():gmm-acc-stats-ali.cc:105) Processed 50 utterances; for utterance M09_B1_C19_M8 avg. like is -96.2317 over 137 frames.
LOG (gmm-acc-stats-ali[5.5]:main():gmm-acc-stats-ali.cc:105) Processed 100 utterances; for utterance M09_B1_CW100_M8 avg. like is -95.9443 over 93 frames.
LOG (gmm-acc-stats-ali[5.5]:main():gmm-acc-stats-ali.cc:105) Processed 150 utterances; for utterance M09_B1_CW19_M8 avg. like is -93.861 over 75 frames.
LOG (gmm-acc-stats-ali[5.5]:main():gmm-acc-stats-ali.cc:105) Processed 200 utterances; for utterance M09_B1_CW28_M8 avg. like is -96.3705 over 89 frames.
LOG (gmm-acc-stats-ali[5.5]:main():gmm-acc-stats-ali.cc:105) Processed 250 utterances; for utterance M09_B1_CW37_M8 avg. like is -91.6373 over 113 frames.
LOG (gmm-acc-stats-ali[5.5]:main():gmm-acc-stats-ali.cc:105) Processed 300 utterances; for utterance M09_B1_CW46_M8 avg. like is -93.6337 over 116 frames.
LOG (gmm-acc-stats-ali[5.5]:main():gmm-acc-stats-ali.cc:105) Processed 350 utterances; for utterance M09_B1_CW55_M8 avg. like is -92.8361 over 125 frames.
LOG (gmm-acc-stats-ali[5.5]:main():gmm-acc-stats-ali.cc:105) Processed 400 utterances; for utterance M09_B1_CW64_M8 avg. like is -101.033 over 89 frames.
LOG (gmm-acc-stats-ali[5.5]:main():gmm-acc-stats-ali.cc:105) Processed 450 utterances; for utterance M09_B1_CW73_M8 avg. like is -98.0931 over 99 frames.
LOG (gmm-acc-stats-ali[5.5]:main():gmm-acc-stats-ali.cc:105) Processed 500 utterances; for utterance M09_B1_CW82_M8 avg. like is -94.4074 over 99 frames.
LOG (gmm-acc-stats-ali[5.5]:main():gmm-acc-stats-ali.cc:105) Processed 550 utterances; for utterance M09_B1_CW91_M8 avg. like is -92.6945 over 122 frames.
LOG (gmm-acc-stats-ali[5.5]:main():gmm-acc-stats-ali.cc:105) Processed 600 utterances; for utterance M09_B1_D0_M8 avg. like is -105.748 over 99 frames.
LOG (gmm-acc-stats-ali[5.5]:main():gmm-acc-stats-ali.cc:105) Processed 650 utterances; for utterance M09_B1_LA_M8 avg. like is -98.9205 over 101 frames.
LOG (gmm-acc-stats-ali[5.5]:main():gmm-acc-stats-ali.cc:105) Processed 700 utterances; for utterance M09_B1_LK_M8 avg. like is -99.3679 over 106 frames.
LOG (gmm-acc-stats-ali[5.5]:main():gmm-acc-stats-ali.cc:105) Processed 750 utterances; for utterance M09_B1_LU_M8 avg. like is -97.9082 over 102 frames.
LOG (gmm-acc-stats-ali[5.5]:main():gmm-acc-stats-ali.cc:105) Processed 800 utterances; for utterance M09_B1_UW13_M8 avg. like is -97.7495 over 150 frames.
LOG (gmm-acc-stats-ali[5.5]:main():gmm-acc-stats-ali.cc:105) Processed 850 utterances; for utterance M09_B1_UW22_M8 avg. like is -101.643 over 93 frames.
LOG (gmm-acc-stats-ali[5.5]:main():gmm-acc-stats-ali.cc:105) Processed 900 utterances; for utterance M09_B1_UW31_M8 avg. like is -97.7356 over 113 frames.
LOG (gmm-acc-stats-ali[5.5]:main():gmm-acc-stats-ali.cc:105) Processed 950 utterances; for utterance M09_B1_UW40_M8 avg. like is -95.372 over 121 frames.
LOG (gmm-acc-stats-ali[5.5]:main():gmm-acc-stats-ali.cc:105) Processed 1000 utterances; for utterance M09_B1_UW4_M8 avg. like is -100.597 over 77 frames.
LOG (gmm-acc-stats-ali[5.5]:main():gmm-acc-stats-ali.cc:105) Processed 1050 utterances; for utterance M09_B1_UW59_M8 avg. like is -98.4411 over 208 frames.
LOG (gmm-acc-stats-ali[5.5]:main():gmm-acc-stats-ali.cc:105) Processed 1100 utterances; for utterance M09_B1_UW68_M8 avg. like is -98.1559 over 132 frames.
LOG (gmm-acc-stats-ali[5.5]:main():gmm-acc-stats-ali.cc:105) Processed 1150 utterances; for utterance M09_B1_UW77_M8 avg. like is -98.8249 over 114 frames.
LOG (gmm-acc-stats-ali[5.5]:main():gmm-acc-stats-ali.cc:105) Processed 1200 utterances; for utterance M09_B1_UW86_M8 avg. like is -95.771 over 81 frames.
LOG (gmm-acc-stats-ali[5.5]:main():gmm-acc-stats-ali.cc:105) Processed 1250 utterances; for utterance M09_B1_UW95_M8 avg. like is -93.7048 over 98 frames.
LOG (gmm-acc-stats-ali[5.5]:main():gmm-acc-stats-ali.cc:105) Processed 1300 utterances; for utterance M09_B3_C14_M8 avg. like is -91.9374 over 122 frames.
LOG (gmm-acc-stats-ali[5.5]:main():gmm-acc-stats-ali.cc:105) Processed 1350 utterances; for utterance M09_B3_C5_M8 avg. like is -93.2139 over 79 frames.
LOG (gmm-acc-stats-ali[5.5]:main():gmm-acc-stats-ali.cc:105) Processed 1400 utterances; for utterance M09_B3_CW14_M8 avg. like is -95.3678 over 101 frames.
LOG (gmm-acc-stats-ali[5.5]:main():gmm-acc-stats-ali.cc:105) Processed 1450 utterances; for utterance M09_B3_CW23_M8 avg. like is -99.7061 over 98 frames.
LOG (gmm-acc-stats-ali[5.5]:main():gmm-acc-stats-ali.cc:105) Processed 1500 utterances; for utterance M09_B3_CW32_M8 avg. like is -94.1854 over 85 frames.
LOG (gmm-acc-stats-ali[5.5]:main():gmm-acc-stats-ali.cc:105) Processed 1550 utterances; for utterance M09_B3_CW41_M8 avg. like is -95.8513 over 85 frames.
LOG (gmm-acc-stats-ali[5.5]:main():gmm-acc-stats-ali.cc:105) Processed 1600 utterances; for utterance M09_B3_CW50_M8 avg. like is -92.1787 over 89 frames.
LOG (gmm-acc-stats-ali[5.5]:main():gmm-acc-stats-ali.cc:105) Processed 1650 utterances; for utterance M09_B3_CW5_M8 avg. like is -93.5984 over 98 frames.
LOG (gmm-acc-stats-ali[5.5]:main():gmm-acc-stats-ali.cc:105) Processed 1700 utterances; for utterance M09_B3_CW69_M8 avg. like is -93.6489 over 114 frames.
LOG (gmm-acc-stats-ali[5.5]:main():gmm-acc-stats-ali.cc:105) Processed 1750 utterances; for utterance M09_B3_CW78_M8 avg. like is -92.6902 over 141 frames.
LOG (gmm-acc-stats-ali[5.5]:main():gmm-acc-stats-ali.cc:105) Processed 1800 utterances; for utterance M09_B3_CW87_M8 avg. like is -100.193 over 86 frames.
LOG (gmm-acc-stats-ali[5.5]:main():gmm-acc-stats-ali.cc:105) Processed 1850 utterances; for utterance M09_B3_CW96_M8 avg. like is -89.7345 over 146 frames.
LOG (gmm-acc-stats-ali[5.5]:main():gmm-acc-stats-ali.cc:105) Processed 1900 utterances; for utterance M09_B3_D5_M8 avg. like is -99.8903 over 90 frames.
LOG (gmm-acc-stats-ali[5.5]:main():gmm-acc-stats-ali.cc:105) Processed 1950 utterances; for utterance M09_B3_LF_M8 avg. like is -96.7236 over 114 frames.
LOG (gmm-acc-stats-ali[5.5]:main():gmm-acc-stats-ali.cc:105) Processed 2000 utterances; for utterance M09_B3_LP_M8 avg. like is -93.5945 over 105 frames.
LOG (gmm-acc-stats-ali[5.5]:main():gmm-acc-stats-ali.cc:105) Processed 2050 utterances; for utterance M09_B3_LZ_M8 avg. like is -92.5849 over 90 frames.
LOG (gmm-acc-stats-ali[5.5]:main():gmm-acc-stats-ali.cc:105) Processed 2100 utterances; for utterance M09_B3_UW18_M8 avg. like is -101.499 over 75 frames.
LOG (gmm-acc-stats-ali[5.5]:main():gmm-acc-stats-ali.cc:105) Processed 2150 utterances; for utterance M09_B3_UW27_M8 avg. like is -91.9607 over 114 frames.
LOG (gmm-acc-stats-ali[5.5]:main():gmm-acc-stats-ali.cc:105) Processed 2200 utterances; for utterance M09_B3_UW36_M8 avg. like is -97.8641 over 97 frames.
LOG (gmm-acc-stats-ali[5.5]:main():gmm-acc-stats-ali.cc:105) Processed 2250 utterances; for utterance M09_B3_UW45_M8 avg. like is -99.1605 over 137 frames.
LOG (gmm-acc-stats-ali[5.5]:main():gmm-acc-stats-ali.cc:105) Processed 2300 utterances; for utterance M09_B3_UW54_M8 avg. like is -94.5113 over 108 frames.
LOG (gmm-acc-stats-ali[5.5]:main():gmm-acc-stats-ali.cc:105) Processed 2350 utterances; for utterance M09_B3_UW63_M8 avg. like is -99.2452 over 130 frames.
LOG (gmm-acc-stats-ali[5.5]:main():gmm-acc-stats-ali.cc:105) Processed 2400 utterances; for utterance M09_B3_UW72_M8 avg. like is -101.014 over 87 frames.
LOG (gmm-acc-stats-ali[5.5]:main():gmm-acc-stats-ali.cc:105) Processed 2450 utterances; for utterance M09_B3_UW81_M8 avg. like is -99.0108 over 146 frames.
LOG (gmm-acc-stats-ali[5.5]:main():gmm-acc-stats-ali.cc:105) Processed 2500 utterances; for utterance M09_B3_UW90_M8 avg. like is -91.409 over 81 frames.
LOG (gmm-acc-stats-ali[5.5]:main():gmm-acc-stats-ali.cc:105) Processed 2550 utterances; for utterance M09_B3_UW9_M8 avg. like is -98.083 over 116 frames.
LOG (gmm-acc-stats-ali[5.5]:main():gmm-acc-stats-ali.cc:105) Processed 2600 utterances; for utterance M10_B1_C19_M8 avg. like is -110.978 over 67 frames.
LOG (gmm-acc-stats-ali[5.5]:main():gmm-acc-stats-ali.cc:105) Processed 2650 utterances; for utterance M10_B1_CW100_M8 avg. like is -102.216 over 70 frames.
LOG (gmm-acc-stats-ali[5.5]:main():gmm-acc-stats-ali.cc:105) Processed 2700 utterances; for utterance M10_B1_CW19_M8 avg. like is -93.6829 over 81 frames.
LOG (gmm-acc-stats-ali[5.5]:main():gmm-acc-stats-ali.cc:105) Processed 2750 utterances; for utterance M10_B1_CW28_M8 avg. like is -93.2323 over 79 frames.
LOG (gmm-acc-stats-ali[5.5]:main():gmm-acc-stats-ali.cc:105) Processed 2800 utterances; for utterance M10_B1_CW37_M8 avg. like is -100.958 over 80 frames.
LOG (gmm-acc-stats-ali[5.5]:main():gmm-acc-stats-ali.cc:105) Processed 2850 utterances; for utterance M10_B1_CW46_M8 avg. like is -97.3286 over 84 frames.
LOG (gmm-acc-stats-ali[5.5]:main():gmm-acc-stats-ali.cc:105) Processed 2900 utterances; for utterance M10_B1_CW55_M8 avg. like is -95.9921 over 87 frames.
LOG (gmm-acc-stats-ali[5.5]:main():gmm-acc-stats-ali.cc:105) Processed 2950 utterances; for utterance M10_B1_CW64_M8 avg. like is -104.29 over 85 frames.
LOG (gmm-acc-stats-ali[5.5]:main():gmm-acc-stats-ali.cc:105) Processed 3000 utterances; for utterance M10_B1_CW73_M8 avg. like is -101.849 over 81 frames.
LOG (gmm-acc-stats-ali[5.5]:main():gmm-acc-stats-ali.cc:105) Processed 3050 utterances; for utterance M10_B1_CW82_M8 avg. like is -98.1878 over 78 frames.
LOG (gmm-acc-stats-ali[5.5]:main():gmm-acc-stats-ali.cc:105) Processed 3100 utterances; for utterance M10_B1_CW91_M8 avg. like is -97.899 over 84 frames.
LOG (gmm-acc-stats-ali[5.5]:main():gmm-acc-stats-ali.cc:105) Processed 3150 utterances; for utterance M10_B1_D0_M8 avg. like is -101.364 over 94 frames.
LOG (gmm-acc-stats-ali[5.5]:main():gmm-acc-stats-ali.cc:105) Processed 3200 utterances; for utterance M10_B1_LA_M8 avg. like is -102.176 over 80 frames.
LOG (gmm-acc-stats-ali[5.5]:main():gmm-acc-stats-ali.cc:105) Processed 3250 utterances; for utterance M10_B1_LK_M8 avg. like is -95.1059 over 105 frames.
LOG (gmm-acc-stats-ali[5.5]:main():gmm-acc-stats-ali.cc:105) Processed 3300 utterances; for utterance M10_B1_LU_M8 avg. like is -96.7211 over 96 frames.
LOG (gmm-acc-stats-ali[5.5]:main():gmm-acc-stats-ali.cc:105) Processed 3350 utterances; for utterance M10_B1_UW13_M8 avg. like is -102.259 over 73 frames.
LOG (gmm-acc-stats-ali[5.5]:main():gmm-acc-stats-ali.cc:105) Processed 3400 utterances; for utterance M10_B1_UW22_M8 avg. like is -100.572 over 56 frames.
LOG (gmm-acc-stats-ali[5.5]:main():gmm-acc-stats-ali.cc:105) Processed 3450 utterances; for utterance M10_B1_UW31_M8 avg. like is -98.7757 over 76 frames.
LOG (gmm-acc-stats-ali[5.5]:main():gmm-acc-stats-ali.cc:105) Processed 3500 utterances; for utterance M10_B1_UW40_M8 avg. like is -95.308 over 64 frames.
LOG (gmm-acc-stats-ali[5.5]:main():gmm-acc-stats-ali.cc:105) Processed 3550 utterances; for utterance M10_B1_UW4_M8 avg. like is -109.74 over 84 frames.
LOG (gmm-acc-stats-ali[5.5]:main():gmm-acc-stats-ali.cc:105) Processed 3600 utterances; for utterance M10_B1_UW59_M8 avg. like is -97.7876 over 70 frames.
LOG (gmm-acc-stats-ali[5.5]:main():gmm-acc-stats-ali.cc:105) Processed 3650 utterances; for utterance M10_B1_UW68_M8 avg. like is -102.831 over 101 frames.
LOG (gmm-acc-stats-ali[5.5]:main():gmm-acc-stats-ali.cc:105) Processed 3700 utterances; for utterance M10_B1_UW77_M8 avg. like is -95.9339 over 85 frames.
LOG (gmm-acc-stats-ali[5.5]:main():gmm-acc-stats-ali.cc:105) Processed 3750 utterances; for utterance M10_B1_UW86_M8 avg. like is -101.395 over 75 frames.
LOG (gmm-acc-stats-ali[5.5]:main():gmm-acc-stats-ali.cc:105) Processed 3800 utterances; for utterance M10_B1_UW95_M8 avg. like is -98.6509 over 91 frames.
LOG (gmm-acc-stats-ali[5.5]:main():gmm-acc-stats-ali.cc:105) Processed 3850 utterances; for utterance M10_B3_C14_M8 avg. like is -98.8689 over 67 frames.
LOG (gmm-acc-stats-ali[5.5]:main():gmm-acc-stats-ali.cc:105) Processed 3900 utterances; for utterance M10_B3_C5_M8 avg. like is -94.956 over 76 frames.
LOG (gmm-acc-stats-ali[5.5]:main():gmm-acc-stats-ali.cc:105) Processed 3950 utterances; for utterance M10_B3_CW14_M8 avg. like is -93.9321 over 86 frames.
LOG (gmm-acc-stats-ali[5.5]:main():gmm-acc-stats-ali.cc:105) Processed 4000 utterances; for utterance M10_B3_CW23_M8 avg. like is -97.4107 over 70 frames.
LOG (gmm-acc-stats-ali[5.5]:main():gmm-acc-stats-ali.cc:105) Processed 4050 utterances; for utterance M10_B3_CW32_M8 avg. like is -106.828 over 89 frames.
LOG (gmm-acc-stats-ali[5.5]:main():gmm-acc-stats-ali.cc:105) Processed 4100 utterances; for utterance M10_B3_CW41_M8 avg. like is -97.5582 over 107 frames.
LOG (gmm-acc-stats-ali[5.5]:main():gmm-acc-stats-ali.cc:105) Processed 4150 utterances; for utterance M10_B3_CW50_M8 avg. like is -91.92 over 113 frames.
LOG (gmm-acc-stats-ali[5.5]:main():gmm-acc-stats-ali.cc:105) Processed 4200 utterances; for utterance M10_B3_CW5_M8 avg. like is -94.828 over 75 frames.
LOG (gmm-acc-stats-ali[5.5]:main():gmm-acc-stats-ali.cc:105) Processed 4250 utterances; for utterance M10_B3_CW69_M8 avg. like is -94.7209 over 83 frames.
LOG (gmm-acc-stats-ali[5.5]:main():gmm-acc-stats-ali.cc:105) Processed 4300 utterances; for utterance M10_B3_CW78_M8 avg. like is -91.7562 over 86 frames.
LOG (gmm-acc-stats-ali[5.5]:main():gmm-acc-stats-ali.cc:105) Processed 4350 utterances; for utterance M10_B3_CW87_M8 avg. like is -94.1066 over 89 frames.
LOG (gmm-acc-stats-ali[5.5]:main():gmm-acc-stats-ali.cc:105) Processed 4400 utterances; for utterance M10_B3_CW96_M8 avg. like is -92.0423 over 63 frames.
LOG (gmm-acc-stats-ali[5.5]:main():gmm-acc-stats-ali.cc:105) Processed 4450 utterances; for utterance M10_B3_D5_M8 avg. like is -96.071 over 56 frames.
LOG (gmm-acc-stats-ali[5.5]:main():gmm-acc-stats-ali.cc:105) Processed 4500 utterances; for utterance M10_B3_LF_M8 avg. like is -98.7499 over 105 frames.
LOG (gmm-acc-stats-ali[5.5]:main():gmm-acc-stats-ali.cc:105) Processed 4550 utterances; for utterance M10_B3_LP_M8 avg. like is -93.1852 over 71 frames.
LOG (gmm-acc-stats-ali[5.5]:main():gmm-acc-stats-ali.cc:105) Processed 4600 utterances; for utterance M10_B3_LZ_M8 avg. like is -95.3135 over 106 frames.
LOG (gmm-acc-stats-ali[5.5]:main():gmm-acc-stats-ali.cc:105) Processed 4650 utterances; for utterance M10_B3_UW18_M8 avg. like is -95.3985 over 68 frames.
LOG (gmm-acc-stats-ali[5.5]:main():gmm-acc-stats-ali.cc:105) Processed 4700 utterances; for utterance M10_B3_UW27_M8 avg. like is -96.4888 over 77 frames.
LOG (gmm-acc-stats-ali[5.5]:main():gmm-acc-stats-ali.cc:105) Processed 4750 utterances; for utterance M10_B3_UW36_M8 avg. like is -92.9936 over 80 frames.
LOG (gmm-acc-stats-ali[5.5]:main():gmm-acc-stats-ali.cc:105) Processed 4800 utterances; for utterance M10_B3_UW45_M8 avg. like is -96.5386 over 77 frames.
LOG (gmm-acc-stats-ali[5.5]:main():gmm-acc-stats-ali.cc:105) Processed 4850 utterances; for utterance M10_B3_UW54_M8 avg. like is -97.0501 over 92 frames.
LOG (gmm-acc-stats-ali[5.5]:main():gmm-acc-stats-ali.cc:105) Processed 4900 utterances; for utterance M10_B3_UW63_M8 avg. like is -98.7305 over 76 frames.
LOG (gmm-acc-stats-ali[5.5]:main():gmm-acc-stats-ali.cc:105) Processed 4950 utterances; for utterance M10_B3_UW72_M8 avg. like is -96.779 over 94 frames.
LOG (gmm-acc-stats-ali[5.5]:main():gmm-acc-stats-ali.cc:105) Processed 5000 utterances; for utterance M10_B3_UW81_M8 avg. like is -98.4402 over 97 frames.
LOG (gmm-acc-stats-ali[5.5]:main():gmm-acc-stats-ali.cc:105) Processed 5050 utterances; for utterance M10_B3_UW90_M8 avg. like is -94.535 over 77 frames.
LOG (apply-cmvn[5.5]:main():apply-cmvn.cc:162) Applied cepstral mean normalization to 5100 utterances, errors on 0
LOG (gmm-acc-stats-ali[5.5]:main():gmm-acc-stats-ali.cc:105) Processed 5100 utterances; for utterance M10_B3_UW9_M8 avg. like is -100.795 over 100 frames.
LOG (gmm-acc-stats-ali[5.5]:main():gmm-acc-stats-ali.cc:112) Done 5100 files, 0 with errors.
LOG (gmm-acc-stats-ali[5.5]:main():gmm-acc-stats-ali.cc:115) Overall avg like per frame (Gaussian only) = -97.0601 over 485132 frames.
LOG (gmm-acc-stats-ali[5.5]:main():gmm-acc-stats-ali.cc:123) Written accs.
# Accounting: time=1 threads=1
# Ended (code 0) at Thu Mar 16 23:40:04 IST 2023, elapsed time 1 seconds
